2026-02-27T22:51:39.1774579Z ##[group]Run swift test --filter PostgresNioTests
2026-02-27T22:51:39.1774954Z [36;1mswift test --filter PostgresNioTests[0m
2026-02-27T22:51:39.1827026Z shell: /usr/bin/bash -e {0}
2026-02-27T22:51:39.1827255Z env:
2026-02-27T22:51:39.1827420Z   PG_TEST_HOST: 127.0.0.1
2026-02-27T22:51:39.1827642Z   PG_TEST_DB: PostgresNioTestDb
2026-02-27T22:51:39.1827858Z   PG_TEST_USER: pguser
2026-02-27T22:51:39.1828051Z   PG_TEST_PASS: pgPass123
2026-02-27T22:51:39.1828237Z ##[endgroup]
2026-02-27T22:51:41.2119010Z Fetching https://github.com/apple/swift-atomics.git
2026-02-27T22:51:41.2120222Z Fetching https://github.com/apple/swift-log.git
2026-02-27T22:51:41.2120807Z Fetching https://github.com/apple/swift-nio-ssl.git
2026-02-27T22:51:41.2121297Z [1/1820] Fetching swift-atomics
2026-02-27T22:51:41.2319916Z [1821/7910] Fetching swift-atomics, swift-log
2026-02-27T22:51:41.3674647Z [7911/23252] Fetching swift-atomics, swift-log, swift-nio-ssl
2026-02-27T22:51:41.3903054Z Fetched https://github.com/apple/swift-log.git from cache (0.37s)
2026-02-27T22:51:41.3926790Z Fetching https://github.com/apple/swift-system.git
2026-02-27T22:51:41.3994101Z [3355/17162] Fetching swift-atomics, swift-nio-ssl
2026-02-27T22:51:41.6350132Z [9186/22745] Fetching swift-atomics, swift-nio-ssl, swift-system
2026-02-27T22:51:41.7537402Z Fetched https://github.com/apple/swift-system.git from cache (0.36s)
2026-02-27T22:51:41.7558680Z Fetching https://github.com/apple/swift-asn1.git
2026-02-27T22:51:41.7818009Z [13174/17162] Fetching swift-atomics, swift-nio-ssl
2026-02-27T22:51:41.8866778Z [17163/18922] Fetching swift-atomics, swift-nio-ssl, swift-asn1
2026-02-27T22:51:41.9611166Z Fetched https://github.com/apple/swift-asn1.git from cache (0.21s)
2026-02-27T22:51:41.9637645Z Fetching https://github.com/apple/swift-collections.git
2026-02-27T22:51:42.1670433Z [1/20166] Fetching swift-collections
2026-02-27T22:51:42.4559823Z Fetched https://github.com/apple/swift-atomics.git from cache (1.43s)
2026-02-27T22:51:42.4588142Z Fetching https://github.com/swiftlang/swift-docc-symbolkit
2026-02-27T22:51:42.4782842Z Fetched https://github.com/apple/swift-nio-ssl.git from cache (1.46s)
2026-02-27T22:51:42.4805505Z Fetching https://github.com/apple/swift-docc-plugin.git
2026-02-27T22:51:42.6069196Z [16538/22337] Fetching swift-collections, swift-docc-plugin
2026-02-27T22:51:42.6647058Z [19436/26001] Fetching swift-collections, swift-docc-plugin, swift-docc-symbolkit
2026-02-27T22:51:42.7571854Z Fetched https://github.com/apple/swift-docc-plugin.git from cache (0.28s)
2026-02-27T22:51:42.7616637Z Fetching https://github.com/apple/swift-nio.git
2026-02-27T22:51:42.8014545Z Fetched https://github.com/swiftlang/swift-docc-symbolkit from cache (0.34s)
2026-02-27T22:51:42.8052257Z Fetching https://github.com/apple/swift-crypto.git
2026-02-27T22:51:43.0404536Z Fetched https://github.com/apple/swift-collections.git from cache (1.08s)
2026-02-27T22:51:43.2844800Z [1/82545] Fetching swift-nio
2026-02-27T22:51:43.3699576Z [3303/99783] Fetching swift-nio, swift-crypto
2026-02-27T22:51:44.7880785Z Fetched https://github.com/apple/swift-crypto.git from cache (1.98s)
2026-02-27T22:51:44.7980223Z [58607/82545] Fetching swift-nio
2026-02-27T22:51:47.2381326Z Fetched https://github.com/apple/swift-nio.git from cache (4.48s)
2026-02-27T22:51:47.2382832Z Computing version for https://github.com/apple/swift-docc-plugin.git
2026-02-27T22:51:48.8632351Z Computed https://github.com/apple/swift-docc-plugin.git at 1.4.6 (1.62s)
2026-02-27T22:51:48.8637977Z Computing version for https://github.com/apple/swift-crypto.git
2026-02-27T22:51:50.1424820Z Computed https://github.com/apple/swift-crypto.git at 3.15.1 (1.28s)
2026-02-27T22:51:50.1430651Z Computing version for https://github.com/apple/swift-log.git
2026-02-27T22:51:50.5066224Z Computed https://github.com/apple/swift-log.git at 1.10.1 (0.36s)
2026-02-27T22:51:50.5070873Z Computing version for https://github.com/apple/swift-nio-ssl.git
2026-02-27T22:51:50.8837385Z Computed https://github.com/apple/swift-nio-ssl.git at 2.36.0 (0.38s)
2026-02-27T22:51:50.8842809Z Computing version for https://github.com/apple/swift-nio.git
2026-02-27T22:51:51.4861192Z Computed https://github.com/apple/swift-nio.git at 2.95.0 (0.60s)
2026-02-27T22:51:51.4868464Z Computing version for https://github.com/swiftlang/swift-docc-symbolkit
2026-02-27T22:51:51.8792489Z Computed https://github.com/swiftlang/swift-docc-symbolkit at 1.0.0 (0.39s)
2026-02-27T22:51:51.8797553Z Computing version for https://github.com/apple/swift-asn1.git
2026-02-27T22:51:53.2598795Z Computed https://github.com/apple/swift-asn1.git at 1.5.1 (1.38s)
2026-02-27T22:51:53.2602739Z Computing version for https://github.com/apple/swift-system.git
2026-02-27T22:51:53.6504071Z Computed https://github.com/apple/swift-system.git at 1.6.4 (0.39s)
2026-02-27T22:51:53.6507014Z Computing version for https://github.com/apple/swift-collections.git
2026-02-27T22:51:54.1542122Z Computed https://github.com/apple/swift-collections.git at 1.3.0 (0.50s)
2026-02-27T22:51:54.1544997Z Computing version for https://github.com/apple/swift-atomics.git
2026-02-27T22:51:54.4913018Z Computed https://github.com/apple/swift-atomics.git at 1.3.0 (0.34s)
2026-02-27T22:51:54.5753499Z Creating working copy for https://github.com/swiftlang/swift-docc-symbolkit
2026-02-27T22:51:54.6284122Z Working copy of https://github.com/swiftlang/swift-docc-symbolkit resolved at 1.0.0
2026-02-27T22:51:54.6367517Z Creating working copy for https://github.com/apple/swift-asn1.git
2026-02-27T22:51:54.6812606Z Working copy of https://github.com/apple/swift-asn1.git resolved at 1.5.1
2026-02-27T22:51:54.6895930Z Creating working copy for https://github.com/apple/swift-docc-plugin.git
2026-02-27T22:51:54.7356705Z Working copy of https://github.com/apple/swift-docc-plugin.git resolved at 1.4.6
2026-02-27T22:51:54.7440984Z Creating working copy for https://github.com/apple/swift-system.git
2026-02-27T22:51:54.7789885Z Working copy of https://github.com/apple/swift-system.git resolved at 1.6.4
2026-02-27T22:51:54.7878349Z Creating working copy for https://github.com/apple/swift-nio.git
2026-02-27T22:51:54.9330652Z Working copy of https://github.com/apple/swift-nio.git resolved at 2.95.0
2026-02-27T22:51:54.9416923Z Creating working copy for https://github.com/apple/swift-atomics.git
2026-02-27T22:51:54.9872298Z Working copy of https://github.com/apple/swift-atomics.git resolved at 1.3.0
2026-02-27T22:51:54.9954387Z Creating working copy for https://github.com/apple/swift-log.git
2026-02-27T22:51:55.0258308Z Working copy of https://github.com/apple/swift-log.git resolved at 1.10.1
2026-02-27T22:51:55.0342557Z Creating working copy for https://github.com/apple/swift-nio-ssl.git
2026-02-27T22:51:55.1886281Z Working copy of https://github.com/apple/swift-nio-ssl.git resolved at 2.36.0
2026-02-27T22:51:55.1973019Z Creating working copy for https://github.com/apple/swift-collections.git
2026-02-27T22:51:55.3454010Z Working copy of https://github.com/apple/swift-collections.git resolved at 1.3.0
2026-02-27T22:51:55.3542244Z Creating working copy for https://github.com/apple/swift-crypto.git
2026-02-27T22:51:55.6007496Z Working copy of https://github.com/apple/swift-crypto.git resolved at 3.15.1
2026-02-27T22:52:04.9322831Z [1/1] Compiling plugin Swift-DocC
2026-02-27T22:52:08.8619559Z [2/2] Compiling plugin Swift-DocC Preview
2026-02-27T22:52:08.8620541Z Building for debugging...
2026-02-27T22:52:09.1752723Z [2/839] Write sources
2026-02-27T22:52:09.1945408Z [26/839] Compiling CNIOWindows shim.c
2026-02-27T22:52:09.1953179Z [27/839] Compiling CNIOWindows WSAStartup.c
2026-02-27T22:52:09.2030528Z [28/839] Compiling _AtomicsShims.c
2026-02-27T22:52:09.2131272Z [29/839] Compiling CNIOWASI CNIOWASI.c
2026-02-27T22:52:09.2181346Z [30/839] Compiling CNIOPosix event_loop_id.c
2026-02-27T22:52:09.2199273Z [31/839] Compiling CNIOOpenBSD shim.c
2026-02-27T22:52:09.2345181Z [32/839] Compiling CNIODarwin shim.c
2026-02-27T22:52:09.2353005Z [33/839] Compiling CNIOLinux liburing_shims.c
2026-02-27T22:52:09.2693846Z [34/839] Compiling fiat_p256_adx_sqr.S
2026-02-27T22:52:09.3133550Z [35/839] Compiling fiat_p256_adx_mul.S
2026-02-27T22:52:09.3591666Z [36/839] Compiling fiat_curve25519_adx_square.S
2026-02-27T22:52:09.3834456Z [37/839] Compiling CNIOLinux shim.c
2026-02-27T22:52:09.4003896Z [38/839] Compiling fiat_curve25519_adx_mul.S
2026-02-27T22:52:09.4630843Z [39/839] Write swift-version-B948D857FCC5015.txt
2026-02-27T22:52:09.5692049Z [40/839] Compiling CNIOBoringSSLShims shims.c
2026-02-27T22:52:11.9277871Z [41/843] Compiling tls_record.cc
2026-02-27T22:52:11.9332240Z [42/843] Compiling tls_method.cc
2026-02-27T22:52:12.1961256Z [43/849] Compiling tls13_server.cc
2026-02-27T22:52:13.4340599Z [45/863] Emitting module InternalCollectionsUtilities
2026-02-27T22:52:14.3220627Z [46/867] Compiling _NIOBase64 Base64.swift
2026-02-27T22:52:14.3222661Z [47/867] Emitting module _NIOBase64
2026-02-27T22:52:14.3437751Z [48/868] Compiling InternalCollectionsUtilities UnsafeBufferPointer+Extras.swift
2026-02-27T22:52:14.3439185Z [49/868] Compiling InternalCollectionsUtilities UnsafeMutableBufferPointer+Extras.swift
2026-02-27T22:52:14.3440772Z [50/868] Compiling InternalCollectionsUtilities UnsafeMutableRawBufferPointer+Extras.swift
2026-02-27T22:52:14.3441979Z [51/868] Compiling InternalCollectionsUtilities UnsafeRawBufferPointer+Extras.swift
2026-02-27T22:52:14.4031083Z [52/868] Compiling _NIODataStructures _TinyArray.swift
2026-02-27T22:52:14.4149565Z [53/868] Compiling InternalCollectionsUtilities FixedWidthInteger+roundUpToPowerOfTwo.swift
2026-02-27T22:52:14.4155659Z [54/868] Compiling InternalCollectionsUtilities Integer rank.swift
2026-02-27T22:52:14.4191627Z [55/868] Compiling InternalCollectionsUtilities UInt+first and last set bit.swift
2026-02-27T22:52:14.4192805Z [56/868] Compiling InternalCollectionsUtilities UInt+reversed.swift
2026-02-27T22:52:14.4193827Z [57/868] Compiling InternalCollectionsUtilities _UnsafeBitSet+Index.swift
2026-02-27T22:52:14.4269104Z [58/868] Compiling InternalCollectionsUtilities Debugging.swift
2026-02-27T22:52:14.4275353Z [59/868] Compiling InternalCollectionsUtilities Descriptions.swift
2026-02-27T22:52:14.4281218Z [60/868] Compiling InternalCollectionsUtilities LifetimeOverride.swift
2026-02-27T22:52:14.4286887Z [61/868] Compiling InternalCollectionsUtilities RandomAccessCollection+Offsets.swift
2026-02-27T22:52:14.4292945Z [62/868] Compiling InternalCollectionsUtilities _UnsafeBitSet+_Word.swift
2026-02-27T22:52:14.4298461Z [63/868] Compiling InternalCollectionsUtilities _UnsafeBitSet.swift
2026-02-27T22:52:14.4304213Z [64/868] Compiling InternalCollectionsUtilities _SortedCollection.swift
2026-02-27T22:52:14.4310304Z [65/868] Compiling InternalCollectionsUtilities _UniqueCollection.swift
2026-02-27T22:52:14.5493802Z [67/869] Wrapping AST for _NIOBase64 for debugging
2026-02-27T22:52:15.0860775Z [69/882] Emitting module Logging
2026-02-27T22:52:15.1021877Z [70/883] Emitting module _NIODataStructures
2026-02-27T22:52:15.1022764Z [71/883] Compiling _NIODataStructures Heap.swift
2026-02-27T22:52:15.1023443Z [72/883] Compiling _NIODataStructures PriorityQueue.swift
2026-02-27T22:52:15.4098779Z [74/884] Compiling Logging MetadataProvider.swift
2026-02-27T22:52:15.5167724Z [74/884] Wrapping AST for InternalCollectionsUtilities for debugging
2026-02-27T22:52:15.6423332Z [75/884] Wrapping AST for _NIODataStructures for debugging
2026-02-27T22:52:16.0644748Z [77/884] Compiling Logging Locks.swift
2026-02-27T22:52:16.0645900Z [78/884] Compiling Logging LogHandler.swift
2026-02-27T22:52:16.0651750Z [79/884] Compiling Logging Logging.swift
2026-02-27T22:52:16.2506925Z [81/885] Compiling DequeModule Deque+Testing.swift
2026-02-27T22:52:16.2552627Z [82/885] Compiling DequeModule Deque._Storage.swift
2026-02-27T22:52:16.2553753Z [83/885] Compiling DequeModule Deque._UnsafeHandle.swift
2026-02-27T22:52:16.2557767Z [84/885] Compiling DequeModule Deque.swift
2026-02-27T22:52:16.2560361Z [85/885] Compiling DequeModule Deque+Equatable.swift
2026-02-27T22:52:16.2561059Z [86/885] Compiling DequeModule Deque+ExpressibleByArrayLiteral.swift
2026-02-27T22:52:16.2561768Z [87/885] Compiling DequeModule Deque+Extras.swift
2026-02-27T22:52:16.2562678Z [88/885] Compiling DequeModule Deque+Hashable.swift
2026-02-27T22:52:16.2563225Z [89/885] Compiling DequeModule Deque+Codable.swift
2026-02-27T22:52:16.2563782Z [90/885] Compiling DequeModule Deque+Collection.swift
2026-02-27T22:52:16.2564406Z [91/885] Compiling DequeModule Deque+CustomReflectable.swift
2026-02-27T22:52:16.2565082Z [92/885] Compiling DequeModule Deque+Descriptions.swift
2026-02-27T22:52:16.2702582Z [93/889] Emitting module DequeModule
2026-02-27T22:52:16.3533348Z [93/889] Wrapping AST for Logging for debugging
2026-02-27T22:52:16.6687873Z [94/889] Compiling tls13_enc.cc
2026-02-27T22:52:16.7751116Z [96/889] Compiling DequeModule _DequeBuffer.swift
2026-02-27T22:52:16.7752911Z [97/889] Compiling DequeModule _DequeBufferHeader.swift
2026-02-27T22:52:16.7753775Z [98/889] Compiling DequeModule _DequeSlot.swift
2026-02-27T22:52:16.7754614Z [99/889] Compiling DequeModule _UnsafeWrappedBuffer.swift
2026-02-27T22:52:17.4606758Z [100/890] Compiling tls13_client.cc
2026-02-27T22:52:17.5613074Z [101/890] Wrapping AST for DequeModule for debugging
2026-02-27T22:52:18.0730254Z [102/890] Compiling tls13_both.cc
2026-02-27T22:52:18.2088431Z [103/890] Compiling t1_enc.cc
2026-02-27T22:52:18.7548421Z [104/890] Compiling ssl_x509.cc
2026-02-27T22:52:19.1387922Z [105/890] Compiling ssl_versions.cc
2026-02-27T22:52:19.6071888Z [106/890] Compiling ssl_transcript.cc
2026-02-27T22:52:19.7637664Z [107/890] Compiling ssl_stat.cc
2026-02-27T22:52:20.5738461Z [108/890] Compiling ssl_session.cc
2026-02-27T22:52:20.8078263Z [109/890] Compiling ssl_privkey.cc
2026-02-27T22:52:21.5400343Z [110/890] Compiling ssl_key_share.cc
2026-02-27T22:52:21.8718191Z [111/890] Compiling ssl_lib.cc
2026-02-27T22:52:22.1898273Z [112/890] Compiling ssl_file.cc
2026-02-27T22:52:22.5561128Z [113/890] Compiling ssl_credential.cc
2026-02-27T22:52:23.2018012Z [114/890] Compiling ssl_cipher.cc
2026-02-27T22:52:23.6077930Z [115/890] Compiling ssl_cert.cc
2026-02-27T22:52:23.7288321Z [116/890] Compiling ssl_buffer.cc
2026-02-27T22:52:24.1818363Z [117/890] Compiling ssl_asn1.cc
2026-02-27T22:52:24.8158031Z [118/890] Compiling ssl_aead_ctx.cc
2026-02-27T22:52:25.1658037Z [119/890] Compiling s3_pkt.cc
2026-02-27T22:52:25.3788107Z [120/890] Compiling s3_lib.cc
2026-02-27T22:52:25.8327535Z [121/890] Compiling s3_both.cc
2026-02-27T22:52:26.7760486Z [122/890] Compiling handshake_server.cc
2026-02-27T22:52:27.0191141Z [123/890] Compiling handshake_client.cc
2026-02-27T22:52:27.1368052Z [124/890] Compiling handshake.cc
2026-02-27T22:52:27.6729577Z [125/890] Compiling handoff.cc
2026-02-27T22:52:28.7958920Z [126/890] Compiling encrypted_client_hello.cc
2026-02-27T22:52:28.8069491Z [127/890] Compiling dtls_record.cc
2026-02-27T22:52:28.8528534Z [128/890] Compiling extensions.cc
2026-02-27T22:52:29.3148111Z [129/890] Compiling dtls_method.cc
2026-02-27T22:52:30.3418155Z [130/890] Compiling d1_srtp.cc
2026-02-27T22:52:30.3928254Z [131/890] Compiling d1_pkt.cc
2026-02-27T22:52:30.4454255Z [132/890] Compiling md5-x86_64-linux.S
2026-02-27T22:52:30.4943972Z [133/890] Compiling md5-x86_64-apple.S
2026-02-27T22:52:30.5433659Z [134/890] Compiling md5-586-linux.S
2026-02-27T22:52:30.5888525Z [135/890] Compiling d1_lib.cc
2026-02-27T22:52:30.5933073Z [136/890] Compiling md5-586-apple.S
2026-02-27T22:52:30.7004169Z [137/890] Compiling chacha20_poly1305_x86_64-linux.S
2026-02-27T22:52:30.7496122Z [138/890] Compiling chacha20_poly1305_x86_64-apple.S
2026-02-27T22:52:30.7984340Z [139/890] Compiling chacha20_poly1305_armv8-win.S
2026-02-27T22:52:30.8493320Z [140/890] Compiling chacha20_poly1305_armv8-linux.S
2026-02-27T22:52:30.9096883Z [141/890] Compiling chacha20_poly1305_armv8-apple.S
2026-02-27T22:52:30.9677430Z [142/890] Compiling chacha-x86_64-linux.S
2026-02-27T22:52:30.9740949Z [143/890] Compiling err_data.cc
2026-02-27T22:52:31.0302573Z [144/890] Compiling chacha-x86_64-apple.S
2026-02-27T22:52:31.0573730Z [145/890] Compiling chacha-x86-linux.S
2026-02-27T22:52:31.0756426Z [146/890] Compiling chacha-x86-apple.S
2026-02-27T22:52:31.1154126Z [147/890] Compiling chacha-armv8-win.S
2026-02-27T22:52:31.1573588Z [148/890] Compiling chacha-armv8-apple.S
2026-02-27T22:52:31.1725153Z [149/890] Compiling chacha-armv8-linux.S
2026-02-27T22:52:31.1928603Z [150/890] Compiling d1_both.cc
2026-02-27T22:52:31.2012597Z [151/890] Compiling chacha-armv4-linux.S
2026-02-27T22:52:31.2484982Z [152/890] Compiling aes128gcmsiv-x86_64-apple.S
2026-02-27T22:52:31.2592788Z [153/890] Compiling x86_64-mont5-linux.S
2026-02-27T22:52:31.2665438Z [154/890] Compiling bio_ssl.cc
2026-02-27T22:52:31.2743168Z [155/890] Compiling aes128gcmsiv-x86_64-linux.S
2026-02-27T22:52:31.3123822Z [156/890] Compiling x86_64-mont5-apple.S
2026-02-27T22:52:31.3152564Z [157/890] Compiling x86-mont-linux.S
2026-02-27T22:52:31.3203284Z [158/890] Compiling x86_64-mont-linux.S
2026-02-27T22:52:31.3314111Z [159/890] Compiling x86_64-mont-apple.S
2026-02-27T22:52:31.3613520Z [160/890] Compiling x86-mont-apple.S
2026-02-27T22:52:31.3640608Z [161/890] Compiling vpaes-x86_64-linux.S
2026-02-27T22:52:31.3646772Z [162/890] Compiling vpaes-x86_64-apple.S
2026-02-27T22:52:31.4043660Z [163/890] Compiling vpaes-x86-linux.S
2026-02-27T22:52:31.4173245Z [164/890] Compiling vpaes-armv8-win.S
2026-02-27T22:52:31.4252283Z [165/890] Compiling vpaes-armv8-linux.S
2026-02-27T22:52:31.4272579Z [166/890] Compiling vpaes-x86-apple.S
2026-02-27T22:52:31.4623886Z [167/890] Compiling vpaes-armv7-linux.S
2026-02-27T22:52:31.4693569Z [168/890] Compiling vpaes-armv8-apple.S
2026-02-27T22:52:31.4746342Z [169/890] Compiling sha512-x86_64-apple.S
2026-02-27T22:52:31.5113777Z [170/890] Compiling sha512-x86_64-linux.S
2026-02-27T22:52:31.5160464Z [171/890] Compiling sha512-armv8-linux.S
2026-02-27T22:52:31.5241135Z [172/890] Compiling sha512-armv8-win.S
2026-02-27T22:52:31.5544353Z [173/890] Compiling sha512-armv8-apple.S
2026-02-27T22:52:31.5653271Z [174/890] Compiling sha512-armv4-linux.S
2026-02-27T22:52:31.5702967Z [175/890] Compiling sha512-586-linux.S
2026-02-27T22:52:31.5811659Z [176/890] Compiling sha512-586-apple.S
2026-02-27T22:52:31.6108865Z [177/890] Compiling sha256-x86_64-apple.S
2026-02-27T22:52:31.6233637Z [178/890] Compiling sha256-armv8-win.S
2026-02-27T22:52:31.6363476Z [179/890] Compiling sha256-x86_64-linux.S
2026-02-27T22:52:31.6472853Z [180/890] Compiling sha256-armv8-linux.S
2026-02-27T22:52:31.6881814Z [181/890] Compiling sha256-armv8-apple.S
2026-02-27T22:52:31.7013644Z [182/890] Compiling sha256-armv4-linux.S
2026-02-27T22:52:31.7194809Z [183/890] Compiling sha256-586-apple.S
2026-02-27T22:52:31.7350999Z [184/890] Compiling sha256-586-linux.S
2026-02-27T22:52:31.7723634Z [185/890] Compiling sha1-x86_64-apple.S
2026-02-27T22:52:31.7759491Z [186/890] Compiling sha1-x86_64-linux.S
2026-02-27T22:52:31.7844001Z [187/890] Compiling sha1-armv8-linux.S
2026-02-27T22:52:31.7984760Z [188/890] Compiling sha1-armv8-win.S
2026-02-27T22:52:31.8191985Z [189/890] Compiling sha1-armv8-apple.S
2026-02-27T22:52:31.8381137Z [190/890] Compiling sha1-586-linux.S
2026-02-27T22:52:31.8407801Z [191/890] Compiling sha1-armv4-large-linux.S
2026-02-27T22:52:31.8460600Z [192/890] Compiling sha1-586-apple.S
2026-02-27T22:52:31.8772356Z [193/890] Compiling rsaz-avx2-apple.S
2026-02-27T22:52:31.8894874Z [194/890] Compiling rdrand-x86_64-apple.S
2026-02-27T22:52:31.9013054Z [195/890] Compiling rsaz-avx2-linux.S
2026-02-27T22:52:31.9132692Z [196/890] Compiling rdrand-x86_64-linux.S
2026-02-27T22:52:31.9281491Z [197/890] Compiling p256_beeu-x86_64-asm-linux.S
2026-02-27T22:52:31.9487240Z [198/890] Compiling p256_beeu-armv8-asm-win.S
2026-02-27T22:52:31.9544488Z [199/890] Compiling p256_beeu-x86_64-asm-apple.S
2026-02-27T22:52:31.9720858Z [200/890] Compiling p256_beeu-armv8-asm-apple.S
2026-02-27T22:52:31.9903582Z [201/890] Compiling p256_beeu-armv8-asm-linux.S
2026-02-27T22:52:32.0173118Z [202/890] Compiling p256-armv8-asm-win.S
2026-02-27T22:52:32.0231007Z [203/890] Compiling p256-x86_64-asm-apple.S
2026-02-27T22:52:32.0342958Z [204/890] Compiling p256-armv8-asm-linux.S
2026-02-27T22:52:32.0480933Z [205/890] Compiling p256-x86_64-asm-linux.S
2026-02-27T22:52:32.0703694Z [206/890] Compiling p256-armv8-asm-apple.S
2026-02-27T22:52:32.0795288Z [207/890] Compiling ghashv8-armv8-win.S
2026-02-27T22:52:32.0884952Z [208/890] Compiling ghashv8-armv8-linux.S
2026-02-27T22:52:32.1141569Z [209/890] Compiling ghashv8-armv8-apple.S
2026-02-27T22:52:32.1192886Z [210/890] Compiling ghashv8-armv7-linux.S
2026-02-27T22:52:32.1343766Z [211/890] Compiling ghash-x86_64-linux.S
2026-02-27T22:52:32.1623688Z [212/890] Compiling ghash-x86_64-apple.S
2026-02-27T22:52:32.1722943Z [213/890] Compiling ghash-x86-apple.S
2026-02-27T22:52:32.1857678Z [214/890] Compiling ghash-x86-linux.S
2026-02-27T22:52:32.1890719Z [215/890] Compiling ghash-ssse3-x86_64-linux.S
2026-02-27T22:52:32.2103556Z [216/890] Compiling ghash-ssse3-x86_64-apple.S
2026-02-27T22:52:32.2171777Z [217/890] Compiling ghash-ssse3-x86-linux.S
2026-02-27T22:52:32.2523570Z [218/890] Compiling ghash-neon-armv8-linux.S
2026-02-27T22:52:32.2528775Z [218/890] Compiling ghash-neon-armv8-win.S
2026-02-27T22:52:32.2572447Z [220/890] Compiling ghash-ssse3-x86-apple.S
2026-02-27T22:52:32.2802600Z [221/890] Compiling ghash-neon-armv8-apple.S
2026-02-27T22:52:32.3010777Z [222/890] Compiling ghash-armv4-linux.S
2026-02-27T22:52:32.3167156Z [223/890] Compiling co-586-linux.S
2026-02-27T22:52:32.3211089Z [224/890] Compiling co-586-apple.S
2026-02-27T22:52:32.3339987Z [225/890] Compiling bsaes-armv7-linux.S
2026-02-27T22:52:32.3410641Z [226/890] Compiling bn-armv8-win.S
2026-02-27T22:52:32.3694369Z [227/890] Compiling bn-armv8-linux.S
2026-02-27T22:52:32.3814800Z [228/890] Compiling bn-armv8-apple.S
2026-02-27T22:52:32.3875317Z [229/890] Compiling bn-586-apple.S
2026-02-27T22:52:32.3875805Z [229/890] Compiling bn-586-linux.S
2026-02-27T22:52:32.4333324Z [231/890] Compiling armv8-mont-win.S
2026-02-27T22:52:32.4393017Z [232/890] Compiling armv8-mont-apple.S
2026-02-27T22:52:32.4433468Z [233/890] Compiling armv8-mont-linux.S
2026-02-27T22:52:32.4462512Z [234/890] Compiling armv4-mont-linux.S
2026-02-27T22:52:32.4757361Z [235/890] Compiling aesv8-gcm-armv8-win.S
2026-02-27T22:52:32.5010953Z [236/890] Compiling aesv8-gcm-armv8-linux.S
2026-02-27T22:52:32.5022439Z [237/890] Compiling aesv8-gcm-armv8-apple.S
2026-02-27T22:52:32.5187804Z [238/890] Compiling aesv8-armv8-linux.S
2026-02-27T22:52:32.5193492Z [239/890] Compiling aesv8-armv8-win.S
2026-02-27T22:52:32.5563842Z [240/890] Compiling aesv8-armv7-linux.S
2026-02-27T22:52:32.5621299Z [241/890] Compiling aesv8-armv8-apple.S
2026-02-27T22:52:32.5722630Z [242/890] Compiling aesni-x86_64-linux.S
2026-02-27T22:52:32.5953425Z [243/890] Compiling aesni-x86_64-apple.S
2026-02-27T22:52:32.6173806Z [244/890] Compiling aesni-x86-linux.S
2026-02-27T22:52:32.6237055Z [245/890] Compiling aesni-x86-apple.S
2026-02-27T22:52:32.6363711Z [246/890] Compiling aesni-gcm-x86_64-linux.S
2026-02-27T22:52:32.6442447Z [247/890] Compiling aesni-gcm-x86_64-apple.S
2026-02-27T22:52:32.6713708Z [248/890] Compiling aes-gcm-avx2-x86_64-apple.S
2026-02-27T22:52:32.6904487Z [249/890] Compiling aes-gcm-avx10-x86_64-linux.S
2026-02-27T22:52:32.7007716Z [250/890] Compiling aes-gcm-avx2-x86_64-linux.S
2026-02-27T22:52:32.7040779Z [251/890] Compiling aes-gcm-avx10-x86_64-apple.S
2026-02-27T22:52:33.6227786Z [252/890] Compiling x_x509a.cc
2026-02-27T22:52:33.7157579Z [253/890] Compiling x_spki.cc
2026-02-27T22:52:33.7572069Z [254/890] Compiling x_x509.cc
2026-02-27T22:52:34.0241286Z [255/890] Compiling x_val.cc
2026-02-27T22:52:34.5166726Z [256/890] Compiling x_pubkey.cc
2026-02-27T22:52:34.5466575Z [257/890] Compiling x_sig.cc
2026-02-27T22:52:34.9717884Z [258/890] Compiling x_req.cc
2026-02-27T22:52:35.2236352Z [259/890] Compiling x_exten.cc
2026-02-27T22:52:35.3655304Z [260/890] Compiling x_name.cc
2026-02-27T22:52:35.7447868Z [261/890] Compiling x_crl.cc
2026-02-27T22:52:36.0474763Z [262/890] Compiling x_all.cc
2026-02-27T22:52:36.0696061Z [263/890] Compiling x_attrib.cc
2026-02-27T22:52:36.6287623Z [264/890] Compiling x_algor.cc
2026-02-27T22:52:36.7977590Z [265/890] Compiling x509spki.cc
2026-02-27T22:52:37.0166640Z [266/890] Compiling x509name.cc
2026-02-27T22:52:37.0903534Z [267/890] Compiling x509rset.cc
2026-02-27T22:52:37.8700133Z [268/890] Compiling x509_v3.cc
2026-02-27T22:52:37.9243528Z [269/890] Compiling x509cset.cc
2026-02-27T22:52:37.9253977Z [270/890] Compiling x509_vpm.cc
2026-02-27T22:52:38.0906722Z [271/890] Compiling x509_vfy.cc
2026-02-27T22:52:38.9086516Z [272/890] Compiling x509_txt.cc
2026-02-27T22:52:39.0346932Z [273/890] Compiling x509_req.cc
2026-02-27T22:52:39.0458015Z [274/890] Compiling x509_set.cc
2026-02-27T22:52:39.1401585Z [275/890] Compiling x509_trs.cc
2026-02-27T22:52:39.8017544Z [276/890] Compiling x509_obj.cc
2026-02-27T22:52:39.9706896Z [277/890] Compiling x509_def.cc
2026-02-27T22:52:39.9886506Z [278/890] Compiling x509_ext.cc
2026-02-27T22:52:40.0129558Z [279/890] Compiling x509_lu.cc
2026-02-27T22:52:40.6197553Z [280/890] Compiling x509_d2.cc
2026-02-27T22:52:40.8607209Z [281/890] Compiling x509.cc
2026-02-27T22:52:40.8908855Z [282/890] Compiling x509_att.cc
2026-02-27T22:52:40.9027019Z [283/890] Compiling x509_cmp.cc
2026-02-27T22:52:41.6157723Z [284/890] Compiling v3_utl.cc
2026-02-27T22:52:41.7637302Z [285/890] Compiling v3_prn.cc
2026-02-27T22:52:41.7649234Z [286/890] Compiling v3_skey.cc
2026-02-27T22:52:41.8728942Z [287/890] Compiling v3_purp.cc
2026-02-27T22:52:42.5287751Z [288/890] Compiling v3_pmaps.cc
2026-02-27T22:52:42.5709140Z [289/890] Compiling v3_ocsp.cc
2026-02-27T22:52:42.6737416Z [290/890] Compiling v3_pcons.cc
2026-02-27T22:52:42.8208080Z [291/890] Compiling v3_ncons.cc
2026-02-27T22:52:43.3929459Z [292/890] Compiling v3_int.cc
2026-02-27T22:52:43.4547727Z [293/890] Compiling v3_lib.cc
2026-02-27T22:52:43.5937530Z [294/890] Compiling v3_info.cc
2026-02-27T22:52:43.7189546Z [295/890] Compiling v3_ia5.cc
2026-02-27T22:52:44.3107724Z [296/890] Compiling v3_genn.cc
2026-02-27T22:52:44.3667443Z [297/890] Compiling v3_extku.cc
2026-02-27T22:52:44.5067530Z [298/890] Compiling v3_enum.cc
2026-02-27T22:52:44.6818146Z [299/890] Compiling v3_crld.cc
2026-02-27T22:52:45.2338122Z [300/890] Compiling v3_cpols.cc
2026-02-27T22:52:45.2987392Z [301/890] Compiling v3_conf.cc
2026-02-27T22:52:45.3957385Z [302/890] Compiling v3_bitst.cc
2026-02-27T22:52:45.6087905Z [303/890] Compiling v3_bcons.cc
2026-02-27T22:52:46.1547530Z [304/890] Compiling v3_alt.cc
2026-02-27T22:52:46.2227302Z [305/890] Compiling v3_akeya.cc
2026-02-27T22:52:46.3518554Z [306/890] Compiling v3_akey.cc
2026-02-27T22:52:46.5401026Z [307/890] Compiling t_x509a.cc
2026-02-27T22:52:47.0740204Z [308/890] Compiling t_x509.cc
2026-02-27T22:52:47.1340110Z [309/890] Compiling t_req.cc
2026-02-27T22:52:47.1987429Z [310/890] Compiling t_crl.cc
2026-02-27T22:52:47.4698001Z [311/890] Compiling rsa_pss.cc
2026-02-27T22:52:47.7506488Z [312/890] Compiling i2d_pr.cc
2026-02-27T22:52:47.9698737Z [313/890] Compiling name_print.cc
2026-02-27T22:52:48.0137752Z [314/890] Compiling policy.cc
2026-02-27T22:52:48.3927457Z [315/890] Compiling by_file.cc
2026-02-27T22:52:48.6967623Z [316/890] Compiling by_dir.cc
2026-02-27T22:52:48.9128064Z [317/890] Compiling asn1_gen.cc
2026-02-27T22:52:48.9197367Z [318/890] Compiling algorithm.cc
2026-02-27T22:52:49.3018130Z [319/890] Compiling a_verify.cc
2026-02-27T22:52:49.5777445Z [320/890] Compiling voprf.cc
2026-02-27T22:52:49.5896602Z [321/890] Compiling a_sign.cc
2026-02-27T22:52:49.7417354Z [322/890] Compiling a_digest.cc
2026-02-27T22:52:49.9808782Z [323/890] Compiling trust_token.cc
2026-02-27T22:52:50.0058560Z [324/890] Compiling thread_win.cc
2026-02-27T22:52:50.1749033Z [325/890] Compiling thread_pthread.cc
2026-02-27T22:52:50.2789129Z [326/890] Compiling pmbtoken.cc
2026-02-27T22:52:50.3606223Z [327/890] Compiling thread.cc
2026-02-27T22:52:50.3796422Z [328/890] Compiling thread_none.cc
2026-02-27T22:52:50.6286726Z [329/890] Compiling stack.cc
2026-02-27T22:52:50.8156786Z [330/890] Compiling siphash.cc
2026-02-27T22:52:50.8225012Z [331/890] Compiling slhdsa.cc
2026-02-27T22:52:50.9390631Z [332/890] Compiling spake2plus.cc
2026-02-27T22:52:50.9916001Z [333/890] Compiling sha512.cc
2026-02-27T22:52:51.1906493Z [334/890] Compiling sha256.cc
2026-02-27T22:52:51.2055640Z [335/890] Compiling sha1.cc
2026-02-27T22:52:51.3946115Z [336/890] Compiling rsa_extra.cc
2026-02-27T22:52:51.4055165Z [337/890] Compiling rsa_print.cc
2026-02-27T22:52:51.7316400Z [338/890] Compiling rsa_crypt.cc
2026-02-27T22:52:51.7566079Z [339/890] Compiling rc4.cc
2026-02-27T22:52:51.7677812Z [340/890] Compiling rsa_asn1.cc
2026-02-27T22:52:51.8241735Z [341/890] Compiling refcount.cc
2026-02-27T22:52:52.1099601Z [342/890] Compiling trusty.cc
2026-02-27T22:52:52.1566418Z [343/890] Compiling windows.cc
2026-02-27T22:52:52.2036489Z [344/890] Compiling rand.cc
2026-02-27T22:52:52.2166209Z [345/890] Compiling urandom.cc
2026-02-27T22:52:52.5156207Z [346/890] Compiling ios.cc
2026-02-27T22:52:52.5325539Z [347/890] Compiling passive.cc
2026-02-27T22:52:52.5555029Z [348/890] Compiling getentropy.cc
2026-02-27T22:52:52.6596554Z [349/890] Compiling forkunsafe.cc
2026-02-27T22:52:52.8815288Z [350/890] Compiling deterministic.cc
2026-02-27T22:52:52.9215683Z [351/890] Compiling poly1305_arm_asm.S
2026-02-27T22:52:52.9608840Z [352/890] Compiling fork_detect.cc
2026-02-27T22:52:53.0946462Z [353/890] Compiling pool.cc
2026-02-27T22:52:53.2446778Z [354/890] Compiling poly1305_vec.cc
2026-02-27T22:52:53.3386605Z [355/890] Compiling poly1305_arm.cc
2026-02-27T22:52:53.3686427Z [356/890] Compiling poly1305.cc
2026-02-27T22:52:54.0618025Z [357/890] Compiling pkcs8_x509.cc
2026-02-27T22:52:54.1637667Z [358/890] Compiling pkcs8.cc
2026-02-27T22:52:54.2430123Z [359/890] Compiling p5_pbev2.cc
2026-02-27T22:52:54.2768124Z [360/890] Compiling pkcs7_x509.cc
2026-02-27T22:52:54.5586279Z [361/890] Compiling pkcs7.cc
2026-02-27T22:52:55.0047341Z [362/890] Compiling pem_xaux.cc
2026-02-27T22:52:55.0757369Z [363/890] Compiling pem_x509.cc
2026-02-27T22:52:55.1317883Z [364/890] Compiling pem_pkey.cc
2026-02-27T22:52:55.4807532Z [365/890] Compiling pem_pk8.cc
2026-02-27T22:52:55.8497294Z [366/890] Compiling pem_oth.cc
2026-02-27T22:52:55.9957533Z [367/890] Compiling pem_info.cc
2026-02-27T22:52:56.0116827Z [368/890] Compiling pem_lib.cc
2026-02-27T22:52:56.3826476Z [369/890] Compiling obj_xref.cc
2026-02-27T22:52:56.3934948Z [370/890] Compiling mlkem.cc
2026-02-27T22:52:56.4217072Z [371/890] Compiling pem_all.cc
2026-02-27T22:52:56.7246994Z [372/890] Compiling obj.cc
2026-02-27T22:52:56.7314717Z [373/890] Compiling mldsa.cc
2026-02-27T22:52:56.8547535Z [374/890] Compiling mem.cc
2026-02-27T22:52:56.8630414Z [375/890] Compiling md5.cc
2026-02-27T22:52:57.1695575Z [376/890] Compiling lhash.cc
2026-02-27T22:52:57.1724332Z [377/890] Compiling md4.cc
2026-02-27T22:52:57.2754082Z [378/890] Compiling poly_rq_mul.S
2026-02-27T22:52:57.2993350Z [379/890] Compiling fips_shared_support.cc
2026-02-27T22:52:57.4276344Z [380/890] Compiling kyber.cc
2026-02-27T22:52:57.5288170Z [381/890] Compiling hrss.cc
2026-02-27T22:52:57.7977564Z [382/890] Compiling hpke.cc
2026-02-27T22:52:57.8536255Z [383/890] Compiling ex_data.cc
2026-02-27T22:52:57.9786312Z [384/890] Compiling sign.cc
2026-02-27T22:52:58.2946803Z [385/890] Compiling scrypt.cc
2026-02-27T22:52:58.4425799Z [386/890] Compiling print.cc
2026-02-27T22:52:58.4455605Z [387/890] Compiling pbkdf.cc
2026-02-27T22:52:58.8757150Z [388/890] Compiling p_x25519_asn1.cc
2026-02-27T22:52:58.8929077Z [389/890] Compiling p_x25519.cc
2026-02-27T22:52:59.0457319Z [390/890] Compiling p_rsa_asn1.cc
2026-02-27T22:52:59.5039519Z [391/890] Compiling p_hkdf.cc
2026-02-27T22:52:59.5317623Z [392/890] Compiling p_rsa.cc
2026-02-27T22:52:59.6277497Z [393/890] Compiling p_ed25519_asn1.cc
2026-02-27T22:52:59.9466657Z [394/890] Compiling p_ed25519.cc
2026-02-27T22:53:00.1006848Z [395/890] Compiling p_ec_asn1.cc
2026-02-27T22:53:00.1767239Z [396/890] Compiling p_ec.cc
2026-02-27T22:53:00.5947879Z [397/890] Compiling p_dh_asn1.cc
2026-02-27T22:53:00.6505802Z [398/890] Compiling p_dh.cc
2026-02-27T22:53:00.6531684Z [399/890] Compiling p_dsa_asn1.cc
2026-02-27T22:53:01.0136015Z [400/890] Compiling bcm.cc
2026-02-27T22:53:01.0456714Z [401/890] Compiling evp_ctx.cc
2026-02-27T22:53:01.1906441Z [402/890] Compiling evp.cc
2026-02-27T22:53:01.3796236Z [403/890] Compiling evp_asn1.cc
2026-02-27T22:53:01.5326106Z [404/890] Compiling engine.cc
2026-02-27T22:53:01.5435407Z [405/890] Compiling err.cc
2026-02-27T22:53:01.8007206Z [406/890] Compiling ecdsa_asn1.cc
2026-02-27T22:53:01.8676794Z [407/890] Compiling ecdh.cc
2026-02-27T22:53:02.0325679Z [408/890] Compiling ec_derive.cc
2026-02-27T22:53:02.0355393Z [409/890] Compiling hash_to_curve.cc
2026-02-27T22:53:02.4077351Z [410/890] Compiling ec_asn1.cc
2026-02-27T22:53:02.4506432Z [411/890] Compiling dsa_asn1.cc
2026-02-27T22:53:02.5806192Z [412/890] Compiling dsa.cc
2026-02-27T22:53:02.6559565Z [413/890] Compiling digest_extra.cc
2026-02-27T22:53:02.8909146Z [414/890] Compiling params.cc
2026-02-27T22:53:03.0116556Z [415/890] Compiling dh_asn1.cc
2026-02-27T22:53:03.1037787Z [416/890] Compiling des.cc
2026-02-27T22:53:03.1433677Z [417/890] Compiling x25519-asm-arm.S
2026-02-27T22:53:03.1987229Z [418/890] Compiling spake25519.cc
2026-02-27T22:53:03.5756094Z [419/890] Compiling crypto.cc
2026-02-27T22:53:03.6336860Z [420/890] Compiling cpu_intel.cc
2026-02-27T22:53:03.7576402Z [421/890] Compiling curve25519.cc
2026-02-27T22:53:03.9887428Z [422/890] Compiling cpu_arm_linux.cc
2026-02-27T22:53:04.0308146Z [423/890] Compiling curve25519_64_adx.cc
2026-02-27T22:53:04.0506199Z [424/890] Compiling cpu_arm_freebsd.cc
2026-02-27T22:53:04.1756409Z [425/890] Compiling cpu_aarch64_win.cc
2026-02-27T22:53:04.3876314Z [426/890] Compiling cpu_aarch64_openbsd.cc
2026-02-27T22:53:04.3965556Z [427/890] Compiling cpu_aarch64_sysreg.cc
2026-02-27T22:53:04.4553874Z [428/890] Compiling cpu_aarch64_linux.cc
2026-02-27T22:53:04.5926101Z [429/890] Compiling cpu_aarch64_fuchsia.cc
2026-02-27T22:53:04.7956843Z [430/890] Compiling cpu_aarch64_apple.cc
2026-02-27T22:53:04.9086467Z [431/890] Compiling conf.cc
2026-02-27T22:53:04.9305535Z [432/890] Compiling tls_cbc.cc
2026-02-27T22:53:05.0226441Z [433/890] Compiling get_cipher.cc
2026-02-27T22:53:05.2787266Z [434/890] Compiling e_tls.cc
2026-02-27T22:53:05.3466818Z [435/890] Compiling e_rc4.cc
2026-02-27T22:53:05.3936759Z [436/890] Compiling e_rc2.cc
2026-02-27T22:53:05.4566356Z [437/890] Compiling e_null.cc
2026-02-27T22:53:05.7284766Z [438/890] Compiling e_des.cc
2026-02-27T22:53:05.7959500Z [439/890] Compiling e_chacha20poly1305.cc
2026-02-27T22:53:05.8777073Z [440/890] Compiling e_aesgcmsiv.cc
2026-02-27T22:53:05.9086416Z [441/890] Compiling e_aesctrhmac.cc
2026-02-27T22:53:06.0765795Z [442/890] Compiling derive_key.cc
2026-02-27T22:53:06.2191365Z [443/890] Compiling chacha.cc
2026-02-27T22:53:06.3346656Z [444/890] Compiling unicode.cc
2026-02-27T22:53:06.5946635Z [445/890] Compiling cbs.cc
2026-02-27T22:53:06.6506521Z [446/890] Compiling cbb.cc
2026-02-27T22:53:06.6956518Z [447/890] Compiling ber.cc
2026-02-27T22:53:06.8587309Z [448/890] Compiling asn1_compat.cc
2026-02-27T22:53:07.0278034Z [449/890] Compiling buf.cc
2026-02-27T22:53:07.1626165Z [450/890] Compiling bn_asn1.cc
2026-02-27T22:53:07.2436961Z [451/890] Compiling convert.cc
2026-02-27T22:53:07.2836161Z [452/890] Compiling blake2.cc
2026-02-27T22:53:07.5146961Z [453/890] Compiling socket_helper.cc
2026-02-27T22:53:07.5966418Z [454/890] Compiling socket.cc
2026-02-27T22:53:07.6426408Z [455/890] Compiling printf.cc
2026-02-27T22:53:07.7566936Z [456/890] Compiling pair.cc
2026-02-27T22:53:07.9820605Z [457/890] Compiling hexdump.cc
2026-02-27T22:53:08.0775516Z [458/890] Compiling file.cc
2026-02-27T22:53:08.1086415Z [459/890] Compiling fd.cc
2026-02-27T22:53:08.1576835Z [460/890] Compiling errno.cc
2026-02-27T22:53:08.4846805Z [461/890] Compiling connect.cc
2026-02-27T22:53:08.5556292Z [462/890] Compiling bio_mem.cc
2026-02-27T22:53:08.5935875Z [463/890] Compiling base64.cc
2026-02-27T22:53:08.6296616Z [464/890] Compiling bio.cc
2026-02-27T22:53:09.0401316Z [465/890] Compiling tasn_typ.cc
2026-02-27T22:53:09.0856066Z [466/890] Compiling tasn_fre.cc
2026-02-27T22:53:09.1137111Z [467/890] Compiling tasn_utl.cc
2026-02-27T22:53:09.2047353Z [468/890] Compiling tasn_new.cc
2026-02-27T22:53:09.5636826Z [469/890] Compiling tasn_enc.cc
2026-02-27T22:53:09.5955745Z [470/890] Compiling posix_time.cc
2026-02-27T22:53:09.6396324Z [471/890] Compiling f_string.cc
2026-02-27T22:53:09.7478120Z [472/890] Compiling tasn_dec.cc
2026-02-27T22:53:09.9998241Z [473/890] Compiling f_int.cc
2026-02-27T22:53:10.0185789Z [474/890] Compiling asn_pack.cc
2026-02-27T22:53:10.0746260Z [475/890] Compiling asn1_par.cc
2026-02-27T22:53:10.3597102Z [476/890] Compiling asn1_lib.cc
2026-02-27T22:53:10.5505362Z [477/890] Compiling a_utctm.cc
2026-02-27T22:53:10.5665947Z [478/890] Compiling a_type.cc
2026-02-27T22:53:10.6182893Z [479/890] Compiling a_time.cc
2026-02-27T22:53:10.9755183Z [480/890] Compiling a_strnid.cc
2026-02-27T22:53:10.9945939Z [481/890] Compiling a_octet.cc
2026-02-27T22:53:11.1587250Z [482/890] Compiling a_strex.cc
2026-02-27T22:53:11.2167355Z [483/890] Compiling a_object.cc
2026-02-27T22:53:11.5286981Z [484/890] Compiling a_mbstr.cc
2026-02-27T22:53:11.6078429Z [485/890] Compiling a_i2d_fp.cc
2026-02-27T22:53:11.6296216Z [486/890] Compiling a_int.cc
2026-02-27T22:53:11.7686996Z [487/890] Compiling a_gentm.cc
2026-02-27T22:53:11.9676264Z [488/890] Compiling a_dup.cc
2026-02-27T22:53:12.0358121Z [489/890] Compiling a_d2i_fp.cc
2026-02-27T22:53:12.1619471Z [490/890] Compiling a_bool.cc
2026-02-27T22:53:12.2677900Z [491/890] Compiling a_bitstr.cc
2026-02-27T22:53:12.3145619Z [492/890] Compiling fiat_p256_adx_sqr.S
2026-02-27T22:53:12.3614298Z [493/890] Compiling fiat_p256_adx_mul.S
2026-02-27T22:53:12.4087003Z [494/890] Compiling fiat_curve25519_adx_square.S
2026-02-27T22:53:12.4573883Z [495/890] Compiling fiat_curve25519_adx_mul.S
2026-02-27T22:53:12.4977194Z [496/890] Compiling CCryptoBoringSSLShims shims.c
2026-02-27T22:53:12.5044003Z [497/890] Compiling md5-x86_64-linux.S
2026-02-27T22:53:12.5433661Z [498/890] Compiling md5-x86_64-apple.S
2026-02-27T22:53:12.5472898Z [499/890] Compiling md5-586-linux.S
2026-02-27T22:53:12.5863843Z [500/890] Compiling md5-586-apple.S
2026-02-27T22:53:12.6944644Z [501/890] Compiling chacha20_poly1305_x86_64-linux.S
2026-02-27T22:53:12.7464047Z [502/890] Compiling chacha20_poly1305_x86_64-apple.S
2026-02-27T22:53:12.7953917Z [503/890] Compiling chacha20_poly1305_armv8-win.S
2026-02-27T22:53:12.8453903Z [504/890] Compiling chacha20_poly1305_armv8-linux.S
2026-02-27T22:53:12.8606246Z [505/890] Compiling err_data.cc
2026-02-27T22:53:12.8924024Z [506/890] Compiling chacha20_poly1305_armv8-apple.S
2026-02-27T22:53:12.9143790Z [507/890] Compiling chacha-x86_64-linux.S
2026-02-27T22:53:12.9354613Z [508/890] Compiling chacha-x86_64-apple.S
2026-02-27T22:53:12.9594573Z [509/890] Compiling chacha-x86-linux.S
2026-02-27T22:53:12.9784099Z [510/890] Compiling chacha-x86-apple.S
2026-02-27T22:53:13.0044226Z [511/890] Compiling chacha-armv8-win.S
2026-02-27T22:53:13.0234131Z [512/890] Compiling chacha-armv8-linux.S
2026-02-27T22:53:13.0484220Z [513/890] Compiling chacha-armv8-apple.S
2026-02-27T22:53:13.0694229Z [514/890] Compiling chacha-armv4-linux.S
2026-02-27T22:53:13.1074858Z [515/890] Compiling aes128gcmsiv-x86_64-linux.S
2026-02-27T22:53:13.1184085Z [516/890] Compiling aes128gcmsiv-x86_64-apple.S
2026-02-27T22:53:13.1663861Z [517/890] Compiling x86_64-mont5-apple.S
2026-02-27T22:53:13.1703617Z [518/890] Compiling x86_64-mont5-linux.S
2026-02-27T22:53:13.2154098Z [519/890] Compiling x86_64-mont-apple.S
2026-02-27T22:53:13.2175840Z [520/890] Compiling x86_64-mont-linux.S
2026-02-27T22:53:13.2605646Z [521/890] Compiling x86-mont-apple.S
2026-02-27T22:53:13.2617916Z [522/890] Compiling x86-mont-linux.S
2026-02-27T22:53:13.3075628Z [523/890] Compiling vpaes-x86_64-apple.S
2026-02-27T22:53:13.3077888Z [523/890] Compiling vpaes-x86_64-linux.S
2026-02-27T22:53:13.3515096Z [525/890] Compiling vpaes-x86-apple.S
2026-02-27T22:53:13.3515922Z [525/890] Compiling vpaes-x86-linux.S
2026-02-27T22:53:13.3974288Z [527/890] Compiling vpaes-armv8-win.S
2026-02-27T22:53:13.3975039Z [527/890] Compiling vpaes-armv8-linux.S
2026-02-27T22:53:13.4410503Z [529/890] Compiling vpaes-armv8-apple.S
2026-02-27T22:53:13.4433055Z [530/890] Compiling vpaes-armv7-linux.S
2026-02-27T22:53:13.4884122Z [531/890] Compiling sha512-x86_64-apple.S
2026-02-27T22:53:13.4983953Z [532/890] Compiling sha512-x86_64-linux.S
2026-02-27T22:53:13.5344341Z [533/890] Compiling sha512-armv8-win.S
2026-02-27T22:53:13.5444382Z [534/890] Compiling sha512-armv8-linux.S
2026-02-27T22:53:13.5804128Z [535/890] Compiling sha512-armv8-apple.S
2026-02-27T22:53:13.5914385Z [536/890] Compiling sha512-armv4-linux.S
2026-02-27T22:53:13.6264265Z [537/890] Compiling sha512-586-linux.S
2026-02-27T22:53:13.6374078Z [538/890] Compiling sha512-586-apple.S
2026-02-27T22:53:13.6843813Z [539/890] Compiling sha256-x86_64-apple.S
2026-02-27T22:53:13.6913570Z [540/890] Compiling sha256-x86_64-linux.S
2026-02-27T22:53:13.7303679Z [541/890] Compiling sha256-armv8-win.S
2026-02-27T22:53:13.7333160Z [542/890] Compiling sha256-armv8-linux.S
2026-02-27T22:53:13.7335826Z [542/890] Compiling c-nioatomics.c
2026-02-27T22:53:13.7763532Z [544/890] Compiling sha256-armv8-apple.S
2026-02-27T22:53:13.7764121Z [544/890] Compiling sha256-586-linux.S
2026-02-27T22:53:13.7766085Z [544/890] Compiling sha256-armv4-linux.S
2026-02-27T22:53:13.8198602Z [547/890] Compiling sha256-586-apple.S
2026-02-27T22:53:13.8230397Z [547/890] Compiling sha1-x86_64-apple.S
2026-02-27T22:53:13.8475180Z [549/890] Compiling sha1-x86_64-linux.S
2026-02-27T22:53:13.8623828Z [550/890] Compiling sha1-armv8-linux.S
2026-02-27T22:53:13.8632458Z [551/890] Compiling sha1-armv8-win.S
2026-02-27T22:53:13.8903811Z [552/890] Compiling sha1-armv8-apple.S
2026-02-27T22:53:13.9061106Z [553/890] Compiling sha1-586-linux.S
2026-02-27T22:53:13.9062803Z [554/890] Compiling sha1-armv4-large-linux.S
2026-02-27T22:53:13.9343803Z [555/890] Compiling sha1-586-apple.S
2026-02-27T22:53:13.9503665Z [556/890] Compiling rsaz-avx2-apple.S
2026-02-27T22:53:13.9584025Z [557/890] Compiling rsaz-avx2-linux.S
2026-02-27T22:53:13.9765367Z [558/890] Compiling rdrand-x86_64-linux.S
2026-02-27T22:53:13.9945024Z [559/890] Compiling rdrand-x86_64-apple.S
2026-02-27T22:53:14.0043930Z [560/890] Compiling p256_beeu-x86_64-asm-linux.S
2026-02-27T22:53:14.0195248Z [561/890] Compiling p256_beeu-x86_64-asm-apple.S
2026-02-27T22:53:14.0396107Z [562/890] Compiling p256_beeu-armv8-asm-win.S
2026-02-27T22:53:14.0476942Z [563/890] Compiling p256_beeu-armv8-asm-linux.S
2026-02-27T22:53:14.0624944Z [564/890] Compiling p256_beeu-armv8-asm-apple.S
2026-02-27T22:53:14.0923702Z [565/890] Compiling p256-x86_64-asm-apple.S
2026-02-27T22:53:14.1033424Z [566/890] Compiling p256-x86_64-asm-linux.S
2026-02-27T22:53:14.1093058Z [567/890] Compiling p256-armv8-asm-win.S
2026-02-27T22:53:14.1364034Z [568/890] Compiling p256-armv8-asm-linux.S
2026-02-27T22:53:14.1390768Z [569/890] Compiling c-atomics.c
2026-02-27T22:53:14.1481633Z [570/890] Compiling p256-armv8-asm-apple.S
2026-02-27T22:53:14.1523073Z [571/890] Compiling ghashv8-armv8-win.S
2026-02-27T22:53:14.1787551Z [572/890] Compiling ghashv8-armv8-apple.S
2026-02-27T22:53:14.1804118Z [573/890] Compiling ghashv8-armv8-linux.S
2026-02-27T22:53:14.1955120Z [574/890] Compiling ghashv8-armv7-linux.S
2026-02-27T22:53:14.2196263Z [575/890] Compiling ghash-x86_64-apple.S
2026-02-27T22:53:14.2272805Z [576/890] Compiling ghash-x86_64-linux.S
2026-02-27T22:53:14.2393421Z [577/890] Compiling ghash-x86-linux.S
2026-02-27T22:53:14.2623529Z [578/890] Compiling ghash-x86-apple.S
2026-02-27T22:53:14.2713627Z [579/890] Compiling ghash-ssse3-x86_64-linux.S
2026-02-27T22:53:14.2823500Z [580/890] Compiling ghash-ssse3-x86_64-apple.S
2026-02-27T22:53:14.3033909Z [581/890] Compiling ghash-ssse3-x86-linux.S
2026-02-27T22:53:14.3143281Z [582/890] Compiling ghash-ssse3-x86-apple.S
2026-02-27T22:53:14.3253589Z [583/890] Compiling ghash-neon-armv8-win.S
2026-02-27T22:53:14.3453612Z [584/890] Compiling ghash-neon-armv8-linux.S
2026-02-27T22:53:14.3573485Z [585/890] Compiling ghash-neon-armv8-apple.S
2026-02-27T22:53:14.3683355Z [586/890] Compiling ghash-armv4-linux.S
2026-02-27T22:53:14.3875074Z [587/890] Compiling co-586-linux.S
2026-02-27T22:53:14.4006817Z [588/895] Compiling co-586-apple.S
2026-02-27T22:53:14.4303115Z [589/896] Compiling bsaes-armv7-linux.S
2026-02-27T22:53:14.4604601Z [590/896] Compiling bn-armv8-win.S
2026-02-27T22:53:14.5076466Z [591/896] Compiling bn-armv8-linux.S
2026-02-27T22:53:14.5103570Z [592/896] Compiling bn-armv8-apple.S
2026-02-27T22:53:14.5448374Z [593/896] Compiling bn-586-linux.S
2026-02-27T22:53:14.5642518Z [594/896] Compiling armv8-mont-win.S
2026-02-27T22:53:14.5712979Z [595/896] Compiling bn-586-apple.S
2026-02-27T22:53:14.6000826Z [596/896] Compiling armv8-mont-linux.S
2026-02-27T22:53:14.6445641Z [597/896] Compiling armv8-mont-apple.S
2026-02-27T22:53:14.6453000Z [598/896] Compiling armv4-mont-linux.S
2026-02-27T22:53:14.6688751Z [599/896] Compiling aesv8-gcm-armv8-win.S
2026-02-27T22:53:14.7163098Z [600/896] Compiling aesv8-gcm-armv8-apple.S
2026-02-27T22:53:14.7390658Z [601/896] Compiling aesv8-gcm-armv8-linux.S
2026-02-27T22:53:14.7554116Z [602/896] Compiling aesv8-armv8-win.S
2026-02-27T22:53:14.7913666Z [603/896] Compiling aesv8-armv8-linux.S
2026-02-27T22:53:14.8172824Z [604/896] Compiling aesv8-armv8-apple.S
2026-02-27T22:53:14.8273444Z [605/896] Compiling aesv8-armv7-linux.S
2026-02-27T22:53:14.8975178Z [606/896] Compiling aesni-x86_64-apple.S
2026-02-27T22:53:14.8976149Z [606/896] Compiling aesni-x86_64-linux.S
2026-02-27T22:53:14.9054781Z [608/896] Compiling aesni-x86-linux.S
2026-02-27T22:53:14.9573759Z [609/896] Compiling aesni-gcm-x86_64-linux.S
2026-02-27T22:53:14.9712742Z [611/896] Compiling NIOConcurrencyHelpers NIOLockedValueBox.swift
2026-02-27T22:53:14.9718463Z [612/896] Compiling NIOConcurrencyHelpers NIOThreadPoolWorkAvailable.swift
2026-02-27T22:53:14.9781254Z [612/897] Compiling aesni-x86-apple.S
2026-02-27T22:53:14.9934917Z [613/897] Compiling aesni-gcm-x86_64-apple.S
2026-02-27T22:53:15.0414820Z [614/897] Compiling aes-gcm-avx512-x86_64-apple.S
2026-02-27T22:53:15.0628023Z [615/897] Compiling aes-gcm-avx512-x86_64-linux.S
2026-02-27T22:53:15.1014544Z [616/897] Compiling aes-gcm-avx2-x86_64-linux.S
2026-02-27T22:53:15.1258427Z [617/897] Compiling aes-gcm-avx2-x86_64-apple.S
2026-02-27T22:53:15.5384876Z [619/897] Compiling NIOConcurrencyHelpers NIOAtomic.swift
2026-02-27T22:53:15.5390024Z [620/897] Compiling NIOConcurrencyHelpers NIOLock.swift
2026-02-27T22:53:15.5442241Z [621/897] Emitting module NIOConcurrencyHelpers
2026-02-27T22:53:15.5447701Z [622/897] Compiling NIOConcurrencyHelpers lock.swift
2026-02-27T22:53:15.6080776Z [623/897] Compiling NIOConcurrencyHelpers atomics.swift
2026-02-27T22:53:15.6955582Z [623/898] Compiling xwing.cc
2026-02-27T22:53:15.8203286Z [625/898] Wrapping AST for NIOConcurrencyHelpers for debugging
2026-02-27T22:53:16.0891684Z [626/898] Compiling x_x509a.cc
2026-02-27T22:53:16.2686304Z [627/898] Compiling x_x509.cc
2026-02-27T22:53:16.6389217Z [628/898] Compiling x_spki.cc
2026-02-27T22:53:16.6787201Z [629/898] Compiling x_sig.cc
2026-02-27T22:53:17.0267502Z [630/898] Compiling x_req.cc
2026-02-27T22:53:17.2907738Z [631/898] Compiling x_pubkey.cc
2026-02-27T22:53:17.5637614Z [632/898] Compiling x_exten.cc
2026-02-27T22:53:17.5810475Z [633/898] Compiling x_name.cc
2026-02-27T22:53:17.9750657Z [634/898] Compiling x_crl.cc
2026-02-27T22:53:18.1797595Z [635/898] Compiling x_attrib.cc
2026-02-27T22:53:18.5517952Z [636/898] Compiling x_all.cc
2026-02-27T22:53:18.6307762Z [637/898] Compiling x_algor.cc
2026-02-27T22:53:18.7977600Z [638/898] Compiling x509spki.cc
2026-02-27T22:53:19.0917340Z [639/898] Compiling x509rset.cc
2026-02-27T22:53:19.4973674Z [640/898] Compiling x509name.cc
2026-02-27T22:53:19.5519538Z [641/898] Compiling x509cset.cc
2026-02-27T22:53:19.7288436Z [642/898] Compiling x509_vpm.cc
2026-02-27T22:53:20.0907309Z [643/898] Compiling x509_vfy.cc
2026-02-27T22:53:20.3817324Z [644/898] Compiling x509_txt.cc
2026-02-27T22:53:20.4267659Z [645/898] Compiling x509_v3.cc
2026-02-27T22:53:20.6438137Z [646/898] Compiling x509_trs.cc
2026-02-27T22:53:21.0130505Z [647/898] Compiling x509_set.cc
2026-02-27T22:53:21.3333632Z [648/898] Compiling x509_obj.cc
2026-02-27T22:53:21.3360935Z [649/898] Compiling x509_req.cc
2026-02-27T22:53:21.6207551Z [650/898] Compiling x509_lu.cc
2026-02-27T22:53:21.9610176Z [651/898] Compiling x509_ext.cc
2026-02-27T22:53:22.1739174Z [652/898] Compiling x509_def.cc
2026-02-27T22:53:22.1765423Z [653/898] Compiling x509_d2.cc
2026-02-27T22:53:22.5569259Z [654/898] Compiling x509_cmp.cc
2026-02-27T22:53:22.8837113Z [655/898] Compiling x509_att.cc
2026-02-27T22:53:23.0027249Z [656/898] Compiling x509.cc
2026-02-27T22:53:23.1707290Z [657/898] Compiling v3_utl.cc
2026-02-27T22:53:23.4820898Z [658/898] Compiling v3_skey.cc
2026-02-27T22:53:23.8287004Z [659/898] Compiling v3_purp.cc
2026-02-27T22:53:23.8547129Z [660/898] Compiling v3_prn.cc
2026-02-27T22:53:24.0649228Z [661/898] Compiling v3_pmaps.cc
2026-02-27T22:53:24.3677562Z [662/898] Compiling v3_pcons.cc
2026-02-27T22:53:24.7437352Z [663/898] Compiling v3_ocsp.cc
2026-02-27T22:53:24.8017826Z [664/898] Compiling v3_ncons.cc
2026-02-27T22:53:24.9977316Z [665/898] Compiling v3_lib.cc
2026-02-27T22:53:25.2739283Z [666/898] Compiling v3_int.cc
2026-02-27T22:53:25.7236715Z [667/898] Compiling v3_ia5.cc
2026-02-27T22:53:25.7467266Z [668/898] Compiling v3_info.cc
2026-02-27T22:53:25.9147639Z [669/898] Compiling v3_genn.cc
2026-02-27T22:53:26.1940756Z [670/898] Compiling v3_extku.cc
2026-02-27T22:53:26.6127342Z [671/898] Compiling v3_enum.cc
2026-02-27T22:53:26.6867161Z [672/898] Compiling v3_crld.cc
2026-02-27T22:53:26.8707707Z [673/898] Compiling v3_cpols.cc
2026-02-27T22:53:27.2123637Z [674/898] Compiling v3_conf.cc
2026-02-27T22:53:27.5757461Z [675/898] Compiling v3_bitst.cc
2026-02-27T22:53:27.6077360Z [676/898] Compiling v3_bcons.cc
2026-02-27T22:53:27.7900095Z [677/898] Compiling v3_alt.cc
2026-02-27T22:53:28.1267914Z [678/898] Compiling v3_akeya.cc
2026-02-27T22:53:28.4896970Z [679/898] Compiling v3_akey.cc
2026-02-27T22:53:28.5206836Z [680/898] Compiling t_x509a.cc
2026-02-27T22:53:28.6857917Z [681/898] Compiling t_x509.cc
2026-02-27T22:53:29.0498018Z [682/898] Compiling t_req.cc
2026-02-27T22:53:29.3360434Z [683/898] Compiling t_crl.cc
2026-02-27T22:53:29.4527097Z [684/898] Compiling rsa_pss.cc
2026-02-27T22:53:29.6297552Z [685/898] Compiling policy.cc
2026-02-27T22:53:29.8876932Z [686/898] Compiling i2d_pr.cc
2026-02-27T22:53:29.8976663Z [687/898] Compiling name_print.cc
2026-02-27T22:53:30.3791567Z [688/898] Compiling by_file.cc
2026-02-27T22:53:30.6127381Z [689/898] Compiling by_dir.cc
2026-02-27T22:53:30.7857800Z [690/898] Compiling algorithm.cc
2026-02-27T22:53:30.8488092Z [691/898] Compiling asn1_gen.cc
2026-02-27T22:53:31.3021037Z [692/898] Compiling a_verify.cc
2026-02-27T22:53:31.5190767Z [693/898] Compiling voprf.cc
2026-02-27T22:53:31.5997127Z [694/898] Compiling a_sign.cc
2026-02-27T22:53:31.6298724Z [695/898] Compiling a_digest.cc
2026-02-27T22:53:32.0785053Z [696/898] Compiling thread_pthread.cc
2026-02-27T22:53:32.0814102Z [697/898] Compiling thread_win.cc
2026-02-27T22:53:32.1648629Z [698/898] Compiling trust_token.cc
2026-02-27T22:53:32.2504053Z [699/898] Compiling pmbtoken.cc
2026-02-27T22:53:32.4416217Z [700/898] Compiling thread.cc
2026-02-27T22:53:32.4916677Z [701/898] Compiling thread_none.cc
2026-02-27T22:53:32.6159490Z [702/898] Compiling stack.cc
2026-02-27T22:53:32.9095838Z [703/898] Compiling slhdsa.cc
2026-02-27T22:53:32.9107288Z [704/898] Compiling siphash.cc
2026-02-27T22:53:32.9274100Z [705/898] Compiling spake2plus.cc
2026-02-27T22:53:32.9756529Z [706/898] Compiling sha512.cc
2026-02-27T22:53:33.2715788Z [707/898] Compiling sha1.cc
2026-02-27T22:53:33.2794946Z [708/898] Compiling sha256.cc
2026-02-27T22:53:33.3545677Z [709/898] Compiling rsa_print.cc
2026-02-27T22:53:33.3604386Z [710/898] Compiling rsa_extra.cc
2026-02-27T22:53:33.7177766Z [711/898] Compiling rc4.cc
2026-02-27T22:53:33.7798503Z [712/898] Compiling refcount.cc
2026-02-27T22:53:33.8499630Z [713/898] Compiling rsa_crypt.cc
2026-02-27T22:53:34.1426236Z [714/898] Compiling windows.cc
2026-02-27T22:53:34.2165991Z [715/898] Compiling trusty.cc
2026-02-27T22:53:34.2347639Z [716/898] Compiling rsa_asn1.cc
2026-02-27T22:53:34.2378044Z [717/898] Compiling urandom.cc
2026-02-27T22:53:34.5511115Z [718/898] Compiling rand.cc
2026-02-27T22:53:34.6130240Z [719/898] Compiling ios.cc
2026-02-27T22:53:34.6495365Z [720/898] Compiling getentropy.cc
2026-02-27T22:53:34.6615617Z [721/898] Compiling passive.cc
2026-02-27T22:53:34.9946376Z [722/898] Compiling forkunsafe.cc
2026-02-27T22:53:35.0075911Z [723/898] Compiling deterministic.cc
2026-02-27T22:53:35.0462260Z [724/898] Compiling poly1305_arm_asm.S
2026-02-27T22:53:35.0555701Z [725/898] Compiling fork_detect.cc
2026-02-27T22:53:35.2048443Z [726/898] Compiling pool.cc
2026-02-27T22:53:35.4477553Z [727/898] Compiling poly1305_arm.cc
2026-02-27T22:53:35.4725616Z [728/898] Compiling poly1305.cc
2026-02-27T22:53:35.5658625Z [729/898] Compiling poly1305_vec.cc
2026-02-27T22:53:36.2107696Z [730/898] Compiling pkcs8_x509.cc
2026-02-27T22:53:36.3667729Z [731/898] Compiling p5_pbev2.cc
2026-02-27T22:53:36.3736700Z [732/898] Compiling pkcs8.cc
2026-02-27T22:53:36.5327604Z [733/898] Compiling pkcs7_x509.cc
2026-02-27T22:53:36.8115119Z [734/898] Compiling pkcs7.cc
2026-02-27T22:53:37.2297342Z [735/898] Compiling pem_x509.cc
2026-02-27T22:53:37.2315494Z [736/898] Compiling pem_xaux.cc
2026-02-27T22:53:37.4057356Z [737/898] Compiling pem_pkey.cc
2026-02-27T22:53:37.6587696Z [738/898] Compiling pem_pk8.cc
2026-02-27T22:53:38.0590837Z [739/898] Compiling pem_oth.cc
2026-02-27T22:53:38.1891740Z [740/898] Compiling pem_lib.cc
2026-02-27T22:53:38.2519402Z [741/898] Compiling pem_info.cc
2026-02-27T22:53:38.5733032Z [742/898] Compiling obj_xref.cc
2026-02-27T22:53:38.5821200Z [743/898] Compiling pem_all.cc
2026-02-27T22:53:38.6216139Z [744/898] Compiling mlkem.cc
2026-02-27T22:53:38.9545688Z [745/898] Compiling mldsa.cc
2026-02-27T22:53:39.0257702Z [746/898] Compiling mem.cc
2026-02-27T22:53:39.0560620Z [747/898] Compiling obj.cc
2026-02-27T22:53:39.1506430Z [748/898] Compiling md5.cc
2026-02-27T22:53:39.4596358Z [749/898] Compiling lhash.cc
2026-02-27T22:53:39.4926474Z [750/898] Compiling md4.cc
2026-02-27T22:53:39.5674111Z [751/898] Compiling poly_rq_mul.S
2026-02-27T22:53:39.6126414Z [752/898] Compiling kyber.cc
2026-02-27T22:53:39.6374360Z [753/898] Compiling fips_shared_support.cc
2026-02-27T22:53:39.9766360Z [754/898] Compiling fuzzer_mode.cc
2026-02-27T22:53:40.0541141Z [755/898] Compiling hrss.cc
2026-02-27T22:53:40.1330425Z [756/898] Compiling hpke.cc
2026-02-27T22:53:40.4347292Z [757/898] Compiling ex_data.cc
2026-02-27T22:53:40.6295982Z [758/898] Compiling scrypt.cc
2026-02-27T22:53:40.6502103Z [759/898] Compiling sign.cc
2026-02-27T22:53:41.0197246Z [760/898] Compiling print.cc
2026-02-27T22:53:41.1038018Z [761/898] Compiling pbkdf.cc
2026-02-27T22:53:41.2307205Z [762/898] Compiling p_x25519_asn1.cc
2026-02-27T22:53:41.5943805Z [763/898] Compiling p_x25519.cc
2026-02-27T22:53:41.7227315Z [764/898] Compiling p_rsa_asn1.cc
2026-02-27T22:53:41.9637588Z [765/898] Compiling p_rsa.cc
2026-02-27T22:53:42.1887261Z [766/898] Compiling p_hkdf.cc
2026-02-27T22:53:42.3517462Z [767/898] Compiling p_ed25519_asn1.cc
2026-02-27T22:53:42.5556765Z [768/898] Compiling p_ed25519.cc
2026-02-27T22:53:42.8537696Z [769/898] Compiling p_ec_asn1.cc
2026-02-27T22:53:42.9777465Z [770/898] Compiling p_ec.cc
2026-02-27T22:53:43.1576566Z [771/898] Compiling p_dsa_asn1.cc
2026-02-27T22:53:43.4537470Z [772/898] Compiling p_dh_asn1.cc
2026-02-27T22:53:43.5797870Z [773/898] Compiling p_dh.cc
2026-02-27T22:53:43.7186475Z [774/898] Compiling evp_ctx.cc
2026-02-27T22:53:44.1416118Z [775/898] Compiling err.cc
2026-02-27T22:53:44.1796673Z [776/898] Compiling evp.cc
2026-02-27T22:53:44.2897919Z [777/898] Compiling evp_asn1.cc
2026-02-27T22:53:44.5636057Z [778/898] Compiling engine.cc
2026-02-27T22:53:44.6456510Z [779/898] Compiling ecdsa_p1363.cc
2026-02-27T22:53:44.9847889Z [780/898] Compiling ecdsa_asn1.cc
2026-02-27T22:53:44.9854489Z [780/898] Compiling ecdh.cc
2026-02-27T22:53:45.2387499Z [782/898] Compiling hash_to_curve.cc
2026-02-27T22:53:45.4890988Z [783/898] Compiling ec_derive.cc
2026-02-27T22:53:45.7707361Z [784/898] Compiling ec_asn1.cc
2026-02-27T22:53:45.9109044Z [785/898] Compiling dsa_asn1.cc
2026-02-27T22:53:46.0335980Z [786/898] Compiling dsa.cc
2026-02-27T22:53:46.4087396Z [787/898] Compiling digest_extra.cc
2026-02-27T22:53:46.5106906Z [788/898] Compiling params.cc
2026-02-27T22:53:46.5916854Z [789/898] Compiling dh_asn1.cc
2026-02-27T22:53:46.9206720Z [790/898] Compiling des.cc
2026-02-27T22:53:47.2527117Z [791/898] Compiling spake25519.cc
2026-02-27T22:53:47.2923231Z [792/898] Compiling x25519-asm-arm.S
2026-02-27T22:53:47.6206591Z [793/898] Compiling curve25519.cc
2026-02-27T22:53:47.6597575Z [794/898] Compiling curve25519_64_adx.cc
2026-02-27T22:53:47.6956300Z [795/898] Compiling crypto.cc
2026-02-27T22:53:48.0215617Z [796/898] Compiling cpu_arm_linux.cc
2026-02-27T22:53:48.0496649Z [797/898] Compiling cpu_intel.cc
2026-02-27T22:53:48.1117708Z [798/898] Compiling cpu_arm_freebsd.cc
2026-02-27T22:53:48.3885959Z [799/898] Compiling cpu_aarch64_win.cc
2026-02-27T22:53:48.4521324Z [800/898] Compiling cpu_aarch64_sysreg.cc
2026-02-27T22:53:48.4717004Z [801/898] Compiling cpu_aarch64_openbsd.cc
2026-02-27T22:53:48.7565802Z [802/898] Compiling cpu_aarch64_linux.cc
2026-02-27T22:53:48.8672784Z [803/898] Compiling cpu_aarch64_fuchsia.cc
2026-02-27T22:53:48.8907585Z [804/898] Compiling cpu_aarch64_apple.cc
2026-02-27T22:53:49.2075907Z [805/898] Compiling conf.cc
2026-02-27T22:53:49.3766522Z [806/898] Compiling tls_cbc.cc
2026-02-27T22:53:49.5985607Z [807/898] Compiling get_cipher.cc
2026-02-27T22:53:49.7608022Z [808/898] Compiling cms.cc
2026-02-27T22:53:49.8596798Z [809/898] Compiling e_tls.cc
2026-02-27T22:53:50.0048157Z [810/898] Compiling e_rc4.cc
2026-02-27T22:53:50.2376823Z [811/898] Compiling e_rc2.cc
2026-02-27T22:53:50.3076853Z [812/898] Compiling e_null.cc
2026-02-27T22:53:50.4226681Z [813/898] Compiling e_des.cc
2026-02-27T22:53:50.7137005Z [814/898] Compiling e_chacha20poly1305.cc
2026-02-27T22:53:50.7906771Z [815/898] Compiling e_aesgcmsiv.cc
2026-02-27T22:53:50.8395807Z [816/898] Compiling e_aeseax.cc
2026-02-27T22:53:51.1662408Z [817/898] Compiling e_aesctrhmac.cc
2026-02-27T22:53:51.1684573Z [818/898] Compiling derive_key.cc
2026-02-27T22:53:51.2476676Z [819/898] Compiling chacha.cc
2026-02-27T22:53:51.7156757Z [820/898] Compiling unicode.cc
2026-02-27T22:53:51.8206838Z [821/898] Compiling cbb.cc
2026-02-27T22:53:51.8287148Z [822/898] Compiling cbs.cc
2026-02-27T22:53:52.2747263Z [823/898] Compiling ber.cc
2026-02-27T22:53:52.2976225Z [824/898] Compiling buf.cc
2026-02-27T22:53:52.4127485Z [825/898] Compiling asn1_compat.cc
2026-02-27T22:53:52.6466763Z [826/898] Compiling sqrt.cc
2026-02-27T22:53:52.7696488Z [827/898] Compiling exponentiation.cc
2026-02-27T22:53:52.8566878Z [828/898] Compiling div.cc
2026-02-27T22:53:53.2186247Z [829/898] Compiling bn_asn1.cc
2026-02-27T22:53:53.2867486Z [830/898] Compiling convert.cc
2026-02-27T22:53:53.5167448Z [831/898] Compiling blake2.cc
2026-02-27T22:53:53.6125433Z [832/898] Compiling printf.cc
2026-02-27T22:53:53.7707079Z [833/898] Compiling pair.cc
2026-02-27T22:53:53.8671457Z [834/898] Compiling bcm.cc
2026-02-27T22:53:53.9926727Z [835/898] Compiling hexdump.cc
2026-02-27T22:53:54.0311665Z [836/898] Compiling file.cc
2026-02-27T22:53:54.2627014Z [837/898] Compiling fd.cc
2026-02-27T22:53:54.3397123Z [838/898] Compiling errno.cc
2026-02-27T22:53:54.4817672Z [839/898] Compiling bio_mem.cc
2026-02-27T22:53:54.5948054Z [840/898] Compiling bio.cc
2026-02-27T22:53:54.7646562Z [841/898] Compiling base64.cc
2026-02-27T22:53:54.9668311Z [842/898] Compiling tasn_utl.cc
2026-02-27T22:53:54.9704556Z [843/898] Compiling tasn_typ.cc
2026-02-27T22:53:55.1901257Z [844/898] Compiling tasn_new.cc
2026-02-27T22:53:55.2216472Z [845/898] Compiling tasn_fre.cc
2026-02-27T22:53:55.4966777Z [846/898] Compiling tasn_enc.cc
2026-02-27T22:53:55.6356631Z [847/898] Compiling posix_time.cc
2026-02-27T22:53:55.6416521Z [848/898] Compiling tasn_dec.cc
2026-02-27T22:53:55.6474512Z [849/898] Compiling f_string.cc
2026-02-27T22:53:55.9343895Z [850/898] Compiling f_int.cc
2026-02-27T22:53:56.0668784Z [851/898] Compiling asn1_par.cc
2026-02-27T22:53:56.0741424Z [852/898] Compiling asn_pack.cc
2026-02-27T22:53:56.2711529Z [853/898] Compiling asn1_lib.cc
2026-02-27T22:53:56.4776033Z [854/898] Compiling a_utctm.cc
2026-02-27T22:53:56.6426865Z [855/898] Compiling a_time.cc
2026-02-27T22:53:56.6906790Z [856/898] Compiling a_type.cc
2026-02-27T22:53:57.0774524Z [857/898] Compiling a_strnid.cc
2026-02-27T22:53:57.0871724Z [858/898] Compiling a_octet.cc
2026-02-27T22:53:57.1267207Z [859/898] Compiling a_strex.cc
2026-02-27T22:53:57.3540409Z [860/898] Compiling a_object.cc
2026-02-27T22:53:57.5858481Z [861/898] Compiling a_i2d_fp.cc
2026-02-27T22:53:57.6457382Z [862/898] Compiling a_mbstr.cc
2026-02-27T22:53:57.6985976Z [863/898] Compiling a_int.cc
2026-02-27T22:53:57.9121533Z [864/898] Compiling a_gentm.cc
2026-02-27T22:53:58.0167541Z [865/898] Compiling a_dup.cc
2026-02-27T22:53:58.0766599Z [866/898] Compiling a_d2i_fp.cc
2026-02-27T22:53:58.0776420Z [867/898] Write sources
2026-02-27T22:53:58.2482550Z [868/898] Compiling a_bool.cc
2026-02-27T22:53:58.3472940Z [869/898] Compiling aes.cc
2026-02-27T22:53:58.4096766Z [870/914] Compiling a_bitstr.cc
2026-02-27T22:53:58.8724291Z [872/921] Compiling Atomics AtomicValue.swift
2026-02-27T22:53:58.8725487Z [873/921] Compiling Atomics AtomicMemoryOrderings.swift
2026-02-27T22:53:58.8726289Z [874/921] Compiling Atomics DoubleWord.swift
2026-02-27T22:53:58.8726996Z [875/921] Compiling Atomics ManagedAtomic.swift
2026-02-27T22:53:58.8727793Z [876/921] Compiling Atomics ManagedAtomicLazyReference.swift
2026-02-27T22:53:59.4419032Z [877/925] Compiling Atomics UnsafeAtomic.swift
2026-02-27T22:53:59.4420333Z [878/925] Compiling Atomics UnsafeAtomicLazyReference.swift
2026-02-27T22:53:59.4441223Z [879/925] Compiling Atomics IntegerOperations.swift
2026-02-27T22:53:59.4442377Z [880/925] Compiling Atomics Unmanaged extensions.swift
2026-02-27T22:53:59.9827859Z [881/925] Compiling CryptoBoringWrapper ArbitraryPrecisionInteger.swift
2026-02-27T22:53:59.9834321Z [882/925] Compiling CryptoBoringWrapper FiniteFieldArithmeticContext.swift
2026-02-27T22:53:59.9840816Z [883/925] Compiling CryptoBoringWrapper BoringSSLAEAD.swift
2026-02-27T22:53:59.9846678Z [884/925] Compiling CryptoBoringWrapper CryptoKitErrors_boring.swift
2026-02-27T22:53:59.9847955Z [885/925] Compiling CryptoBoringWrapper EllipticCurve.swift
2026-02-27T22:54:00.3473792Z [886/925] Emitting module Atomics
2026-02-27T22:54:00.3475114Z [887/925] Compiling CryptoBoringWrapper EllipticCurvePoint.swift
2026-02-27T22:54:00.3475742Z [888/925] Compiling Atomics RawRepresentable.swift
2026-02-27T22:54:00.3476579Z [889/925] Compiling Atomics AtomicBool.swift
2026-02-27T22:54:00.3477094Z [890/925] Compiling Atomics IntegerConformances.swift
2026-02-27T22:54:00.3477656Z [891/925] Compiling Atomics PointerConformances.swift
2026-02-27T22:54:00.5045872Z [892/926] Wrapping AST for Atomics for debugging
2026-02-27T22:54:01.7151157Z [894/981] Emitting module CryptoBoringWrapper
2026-02-27T22:54:02.0313948Z [895/982] Compiling CryptoBoringWrapper RandomBytes.swift
2026-02-27T22:54:04.0145712Z [896/982] Compiling NIOCore AsyncChannel.swift
2026-02-27T22:54:04.0146665Z [897/982] Compiling NIOCore AsyncChannelHandler.swift
2026-02-27T22:54:04.0178284Z [898/982] Compiling NIOCore AddressedEnvelope.swift
2026-02-27T22:54:04.0184722Z [899/982] Compiling NIOCore AsyncAwaitSupport.swift
2026-02-27T22:54:04.0777836Z [900/982] Compiling NIOCore AsyncChannelInboundStream.swift
2026-02-27T22:54:04.0783624Z [901/982] Compiling NIOCore AsyncChannelOutboundWriter.swift
2026-02-27T22:54:04.4123250Z [902/983] Wrapping AST for CryptoBoringWrapper for debugging
2026-02-27T22:54:07.0323053Z [904/1044] Compiling Crypto ECDSASignature.swift
2026-02-27T22:54:07.0323964Z [905/1044] Compiling Crypto PEMDocument.swift
2026-02-27T22:54:07.0324636Z [906/1044] Compiling Crypto HPKE-Errors.swift
2026-02-27T22:54:07.0326056Z [907/1044] Compiling Crypto HPKE.swift
2026-02-27T22:54:07.0326695Z [908/1044] Compiling Crypto HPKE-Context.swift
2026-02-27T22:54:07.0327342Z [909/1044] Compiling Crypto HPKE-KeySchedule.swift
2026-02-27T22:54:07.0328497Z [910/1044] Compiling Crypto HPKE-Modes.swift
2026-02-27T22:54:07.0329093Z [911/1044] Compiling Crypto Insecure.swift
2026-02-27T22:54:07.0329882Z [912/1044] Compiling Crypto Insecure_HashFunctions.swift
2026-02-27T22:54:07.0330571Z [913/1044] Compiling Crypto KEM.swift
2026-02-27T22:54:07.0331131Z [914/1044] Compiling Crypto ECDH_boring.swift
2026-02-27T22:54:07.0331667Z [915/1044] Compiling Crypto DH.swift
2026-02-27T22:54:07.0332957Z [916/1044] Compiling Crypto ECDH.swift
2026-02-27T22:54:07.0333554Z [917/1044] Compiling Crypto HKDF.swift
2026-02-27T22:54:07.0334091Z [918/1044] Compiling Crypto AESWrap.swift
2026-02-27T22:54:07.0334673Z [919/1044] Compiling Crypto AESWrap_boring.swift
2026-02-27T22:54:07.0335295Z [920/1044] Compiling Crypto Ed25519_boring.swift
2026-02-27T22:54:07.0335944Z [921/1044] Compiling Crypto NISTCurvesKeys_boring.swift
2026-02-27T22:54:07.4752418Z [922/1061] Emitting module Crypto
2026-02-27T22:54:09.0814751Z [923/1081] Compiling Crypto PKCS8PrivateKey.swift
2026-02-27T22:54:09.0840423Z [924/1081] Compiling Crypto SEC1PrivateKey.swift
2026-02-27T22:54:09.0841034Z [925/1081] Compiling Crypto SubjectPublicKeyInfo.swift
2026-02-27T22:54:09.0841606Z [926/1081] Compiling Crypto CryptoError_boring.swift
2026-02-27T22:54:09.0843129Z [927/1081] Compiling Crypto CryptoKitErrors.swift
2026-02-27T22:54:09.0844241Z [928/1081] Compiling Crypto Digest_boring.swift
2026-02-27T22:54:09.0845573Z [929/1081] Compiling Crypto Digest.swift
2026-02-27T22:54:09.0846314Z [930/1081] Compiling Crypto Digests.swift
2026-02-27T22:54:09.0846874Z [931/1081] Compiling Crypto HashFunctions.swift
2026-02-27T22:54:09.0930549Z [932/1081] Compiling Crypto HashFunctions_SHA2.swift
2026-02-27T22:54:09.0931109Z [933/1081] Compiling Crypto HPKE-AEAD.swift
2026-02-27T22:54:09.0931578Z [934/1081] Compiling Crypto HPKE-Ciphersuite.swift
2026-02-27T22:54:09.0932074Z [935/1081] Compiling Crypto HPKE-KDF.swift
2026-02-27T22:54:09.0932632Z [936/1081] Compiling Crypto HPKE-KexKeyDerivation.swift
2026-02-27T22:54:09.0933292Z [937/1081] Compiling NIOCore NIOCoreSendableMetatype.swift
2026-02-27T22:54:09.0933956Z [938/1081] Compiling NIOCore NIODecodedAsyncSequence.swift
2026-02-27T22:54:09.0934550Z [939/1081] Compiling NIOCore NIOLoopBound.swift
2026-02-27T22:54:09.0935163Z [940/1081] Compiling NIOCore NIOPooledRecvBufferAllocator.swift
2026-02-27T22:54:09.0935839Z [941/1081] Compiling NIOCore NIOScheduledCallback.swift
2026-02-27T22:54:09.0936387Z [942/1081] Compiling NIOCore NIOSendable.swift
2026-02-27T22:54:10.1891124Z [959/1081] Compiling Crypto X25519Keys_boring.swift
2026-02-27T22:54:10.1896457Z [960/1081] Compiling Crypto Curve25519.swift
2026-02-27T22:54:10.1901995Z [961/1081] Compiling Crypto Ed25519Keys.swift
2026-02-27T22:54:10.1902948Z [962/1081] Compiling Crypto NISTCurvesKeys.swift
2026-02-27T22:54:11.1861501Z [963/1081] Compiling Crypto AES-GCM.swift
2026-02-27T22:54:11.1866931Z [964/1081] Compiling Crypto AES-GCM_boring.swift
2026-02-27T22:54:11.1891441Z [965/1081] Compiling Crypto ChaChaPoly_boring.swift
2026-02-27T22:54:11.1896684Z [966/1081] Compiling Crypto ChaChaPoly.swift
2026-02-27T22:54:11.1901961Z [967/1081] Compiling Crypto Cipher.swift
2026-02-27T22:54:11.1907368Z [968/1081] Compiling Crypto Nonces.swift
2026-02-27T22:54:11.1908311Z [969/1081] Compiling Crypto ASN1.swift
2026-02-27T22:54:11.1909118Z [970/1081] Compiling Crypto ASN1Any.swift
2026-02-27T22:54:11.1909854Z [971/1081] Compiling Crypto ASN1BitString.swift
2026-02-27T22:54:11.1911291Z [972/1081] Compiling Crypto ASN1Boolean.swift
2026-02-27T22:54:11.1911810Z [973/1081] Compiling Crypto ASN1Identifier.swift
2026-02-27T22:54:11.1913765Z [974/1081] Compiling Crypto ASN1Integer.swift
2026-02-27T22:54:11.1914224Z [975/1081] Compiling Crypto ASN1Null.swift
2026-02-27T22:54:11.1914649Z [976/1081] Compiling Crypto ASN1OctetString.swift
2026-02-27T22:54:11.1915094Z [977/1081] Compiling Crypto ASN1Strings.swift
2026-02-27T22:54:11.1915529Z [978/1081] Compiling Crypto ArraySliceBigint.swift
2026-02-27T22:54:11.1916031Z [979/1081] Compiling Crypto GeneralizedTime.swift
2026-02-27T22:54:11.1916767Z [980/1081] Compiling Crypto ObjectIdentifier.swift
2026-02-27T22:54:11.2667019Z [989/1081] Compiling Crypto X25519Keys.swift
2026-02-27T22:54:11.2669426Z [990/1081] Compiling Crypto SymmetricKeys.swift
2026-02-27T22:54:11.2670276Z [991/1081] Compiling Crypto HMAC.swift
2026-02-27T22:54:11.2671016Z [992/1081] Compiling Crypto MACFunctions.swift
2026-02-27T22:54:11.2671848Z [993/1081] Compiling Crypto MessageAuthenticationCode.swift
2026-02-27T22:54:11.2672484Z [994/1081] Compiling Crypto AES.swift
2026-02-27T22:54:11.2672987Z [995/1081] Compiling Crypto ECDSASignature_boring.swift
2026-02-27T22:54:11.2673525Z [996/1081] Compiling Crypto ECDSA_boring.swift
2026-02-27T22:54:11.2673995Z [997/1081] Compiling Crypto EdDSA_boring.swift
2026-02-27T22:54:11.2674452Z [998/1081] Compiling Crypto ECDSA.swift
2026-02-27T22:54:11.2674871Z [999/1081] Compiling Crypto Ed25519.swift
2026-02-27T22:54:11.6623742Z [1011/1081] Compiling Crypto Signature.swift
2026-02-27T22:54:11.6624379Z [1012/1081] Compiling Crypto CryptoKitErrors_boring.swift
2026-02-27T22:54:11.6624935Z [1013/1081] Compiling Crypto RNG_boring.swift
2026-02-27T22:54:11.6625427Z [1014/1081] Compiling Crypto SafeCompare_boring.swift
2026-02-27T22:54:11.6625967Z [1015/1081] Compiling Crypto Zeroization_boring.swift
2026-02-27T22:54:11.6626483Z [1016/1081] Compiling Crypto PrettyBytes.swift
2026-02-27T22:54:11.6626961Z [1017/1081] Compiling Crypto SafeCompare.swift
2026-02-27T22:54:11.6627429Z [1018/1081] Compiling Crypto SecureBytes.swift
2026-02-27T22:54:11.6627893Z [1019/1081] Compiling Crypto Zeroization.swift
2026-02-27T22:54:11.8166956Z [1020/1082] Wrapping AST for Crypto for debugging
2026-02-27T22:54:12.1072471Z [1022/1082] Emitting module NIOCore
2026-02-27T22:54:13.3487269Z [1059/1083] Wrapping AST for NIOCore for debugging
2026-02-27T22:54:14.4062682Z [1061/1140] Compiling NIOPosix IntegerTypes.swift
2026-02-27T22:54:14.4075704Z [1062/1140] Compiling NIOPosix Linux.swift
2026-02-27T22:54:14.4160477Z [1063/1140] Compiling NIOPosix LinuxCPUSet.swift
2026-02-27T22:54:14.4736355Z [1064/1142] Emitting module SQLNioCore
2026-02-27T22:54:14.6227213Z [1065/1142] Compiling NIOPosix LinuxUring.swift
2026-02-27T22:54:14.6234687Z [1066/1142] Compiling NIOPosix MultiThreadedEventLoopGroup.swift
2026-02-27T22:54:14.6240836Z [1067/1142] Compiling NIOPosix NIOPosixSendableMetatype.swift
2026-02-27T22:54:14.9101305Z [1068/1142] Emitting module NIOEmbedded
2026-02-27T22:54:16.1181426Z [1069/1142] Compiling NIOEmbedded AsyncTestingEventLoop.swift
2026-02-27T22:54:16.1182935Z [1070/1142] Compiling NIOEmbedded Embedded.swift
2026-02-27T22:54:16.1183742Z [1071/1142] Compiling NIOEmbedded AsyncTestingChannel.swift
2026-02-27T22:54:16.2695608Z [1072/1143] Compiling NIOPosix HappyEyeballs.swift
2026-02-27T22:54:16.2720390Z [1073/1143] Compiling NIOPosix IO.swift
2026-02-27T22:54:16.2720988Z [1074/1143] Compiling NIOPosix IntegerBitPacking.swift
2026-02-27T22:54:16.4042792Z [1076/1143] Compiling SQLNioCore SQLRowDecoder.swift
2026-02-27T22:54:16.4048114Z [1077/1143] Compiling SQLNioCore SQLValue.swift
2026-02-27T22:54:16.6192197Z [1078/1144] Wrapping AST for NIOEmbedded for debugging
2026-02-27T22:54:16.6822949Z [1079/1144] Wrapping AST for SQLNioCore for debugging
2026-02-27T22:54:17.0471031Z [1081/1146] Emitting module SQLNioCoreTests
2026-02-27T22:54:17.2344678Z [1082/1146] Emitting module NIOPosix
2026-02-27T22:54:17.4381145Z [1083/1159] Compiling SQLNioCoreTests SQLNioCoreTests.swift
2026-02-27T22:54:17.7993428Z [1084/1160] Wrapping AST for SQLNioCoreTests for debugging
2026-02-27T22:54:18.5298750Z [1086/1160] Compiling NIOPosix PipePair.swift
2026-02-27T22:54:18.5308738Z [1087/1160] Compiling NIOPosix Pool.swift
2026-02-27T22:54:18.5315214Z [1088/1160] Compiling NIOPosix PosixSingletons+ConcurrencyTakeOver.swift
2026-02-27T22:54:18.5321841Z [1089/1160] Compiling NIOPosix PosixSingletons.swift
2026-02-27T22:54:18.5332056Z [1090/1160] Compiling NIOPosix RawSocketBootstrap.swift
2026-02-27T22:54:18.5338088Z [1091/1160] Compiling NIOPosix Resolver.swift
2026-02-27T22:54:18.5344702Z [1092/1160] Compiling NIOPosix Selectable.swift
2026-02-27T22:54:18.5351126Z [1093/1160] Compiling NIOPosix SelectableChannel.swift
2026-02-27T22:54:18.5363916Z [1094/1160] Compiling NIOPosix SelectableEventLoop.swift
2026-02-27T22:54:18.5365111Z [1095/1160] Compiling NIOPosix SelectorEpoll.swift
2026-02-27T22:54:18.5366146Z [1096/1160] Compiling NIOPosix SelectorGeneric.swift
2026-02-27T22:54:18.5367523Z [1097/1160] Compiling NIOPosix SelectorKqueue.swift
2026-02-27T22:54:18.5368617Z [1098/1160] Compiling NIOPosix SelectorUring.swift
2026-02-27T22:54:18.5369950Z [1099/1160] Compiling NIOPosix SelectorWSAPoll.swift
2026-02-27T22:54:19.5642438Z [1111/1160] Compiling NIOPosix PendingDatagramWritesManager.swift
2026-02-27T22:54:19.5643808Z [1112/1160] Compiling NIOPosix PendingWritesManager.swift
2026-02-27T22:54:19.5644347Z [1113/1160] Compiling NIOPosix PipeChannel.swift
2026-02-27T22:54:19.5644873Z [1114/1160] Compiling NIOPosix BSDSocketAPICommon.swift
2026-02-27T22:54:19.5645459Z [1115/1160] Compiling NIOPosix BSDSocketAPIPosix.swift
2026-02-27T22:54:19.5646021Z [1116/1160] Compiling NIOPosix BSDSocketAPIWindows.swift
2026-02-27T22:54:19.5646552Z [1117/1160] Compiling NIOPosix BaseSocket.swift
2026-02-27T22:54:19.5647227Z [1118/1160] Compiling NIOPosix BaseSocketChannel+AccessibleTransport.swift
2026-02-27T22:54:19.5648074Z [1119/1160] Compiling NIOPosix BaseSocketChannel+SocketOptionProvider.swift
2026-02-27T22:54:19.5648793Z [1120/1160] Compiling NIOPosix BaseSocketChannel.swift
2026-02-27T22:54:19.5649406Z [1121/1160] Compiling NIOPosix BaseStreamSocketChannel.swift
2026-02-27T22:54:19.5650149Z [1122/1160] Compiling NIOPosix Bootstrap.swift
2026-02-27T22:54:19.5650643Z [1123/1160] Compiling NIOPosix ControlMessage.swift
2026-02-27T22:54:19.5651235Z [1124/1160] Compiling NIOPosix DatagramVectorReadManager.swift
2026-02-27T22:54:19.5651813Z [1125/1160] Compiling NIOPosix Errors+Any.swift
2026-02-27T22:54:19.5652312Z [1126/1160] Compiling NIOPosix FileDescriptor.swift
2026-02-27T22:54:19.5652869Z [1127/1160] Compiling NIOPosix GetaddrinfoResolver.swift
2026-02-27T22:54:19.6749062Z [1128/1160] Compiling NIOPosix ServerSocket.swift
2026-02-27T22:54:19.6753421Z [1129/1160] Compiling NIOPosix Socket.swift
2026-02-27T22:54:19.6755008Z [1130/1160] Compiling NIOPosix SocketChannel.swift
2026-02-27T22:54:19.6756641Z [1131/1160] Compiling NIOPosix SocketProtocols.swift
2026-02-27T22:54:19.6758328Z [1132/1160] Compiling NIOPosix StructuredConcurrencyHelpers.swift
2026-02-27T22:54:19.6759973Z [1133/1160] Compiling NIOPosix System.swift
2026-02-27T22:54:19.6761140Z [1134/1160] Compiling NIOPosix Thread.swift
2026-02-27T22:54:19.6761673Z [1135/1160] Compiling NIOPosix ThreadPosix.swift
2026-02-27T22:54:19.6762223Z [1136/1160] Compiling NIOPosix ThreadWindows.swift
2026-02-27T22:54:19.6762773Z [1137/1160] Compiling NIOPosix Utilities.swift
2026-02-27T22:54:19.6763251Z [1138/1160] Compiling NIOPosix VsockAddress.swift
2026-02-27T22:54:19.6763628Z [1139/1160] Compiling NIOPosix VsockChannelEvents.swift
2026-02-27T22:54:19.6763993Z [1140/1160] Compiling NIOPosix Windows.swift
2026-02-27T22:54:19.8343083Z [1141/1161] Wrapping AST for NIOPosix for debugging
2026-02-27T22:54:20.1156777Z [1143/1167] Compiling NIO Exports.swift
2026-02-27T22:54:20.1157364Z [1144/1167] Emitting module NIO
2026-02-27T22:54:20.3860503Z [1146/1168] Compiling SQLiteNio SQLiteConnectionPool.swift
2026-02-27T22:54:20.4206227Z [1146/1168] Wrapping AST for NIO for debugging
2026-02-27T22:54:20.8182778Z [1148/1173] Emitting module SQLiteNio
2026-02-27T22:54:20.8190453Z [1149/1173] Compiling SQLiteNio SQLiteBackup.swift
2026-02-27T22:54:20.8202684Z [1150/1173] Compiling SQLiteNio SQLiteConnection.swift
2026-02-27T22:54:20.8994374Z [1151/1174] Compiling NIOTLS ProtocolNegotiationHandlerStateMachine.swift
2026-02-27T22:54:21.0262686Z [1152/1175] Wrapping AST for SQLiteNio for debugging
2026-02-27T22:54:21.0601378Z [1154/1175] Compiling NIOTLS TLSEvents.swift
2026-02-27T22:54:21.1138598Z [1155/1175] Compiling NIOTLS ApplicationProtocolNegotiationHandler.swift
2026-02-27T22:54:21.1140460Z [1156/1175] Compiling NIOTLS NIOTypedApplicationProtocolNegotiationHandler.swift
2026-02-27T22:54:21.1141905Z [1157/1175] Compiling NIOTLS SNIHandler.swift
2026-02-27T22:54:21.1142624Z [1158/1175] Emitting module NIOTLS
2026-02-27T22:54:21.2683875Z [1159/1178] Wrapping AST for NIOTLS for debugging
2026-02-27T22:54:23.5225622Z [1161/1203] Emitting module SQLiteNioTests
2026-02-27T22:54:23.5233250Z [1162/1203] Compiling SQLiteNioTests SQLiteNioTests.swift
2026-02-27T22:54:23.7844514Z [1163/1204] Wrapping AST for SQLiteNioTests for debugging
2026-02-27T22:54:23.9279129Z [1165/1204] Compiling NIOSSL SSLContext.swift
2026-02-27T22:54:23.9282473Z [1166/1204] Compiling NIOSSL SSLErrors.swift
2026-02-27T22:54:23.9285340Z [1167/1204] Compiling NIOSSL SSLInit.swift
2026-02-27T22:54:23.9288095Z [1168/1204] Compiling NIOSSL SSLPKCS12Bundle.swift
2026-02-27T22:54:23.9288661Z [1169/1204] Compiling NIOSSL SSLPrivateKey.swift
2026-02-27T22:54:23.9289212Z [1170/1204] Compiling NIOSSL SSLPublicKey.swift
2026-02-27T22:54:23.9290068Z [1171/1204] Compiling NIOSSL SecurityFrameworkCertificateVerification.swift
2026-02-27T22:54:23.9290895Z [1172/1204] Compiling NIOSSL String+unsafeUninitializedCapacity.swift
2026-02-27T22:54:23.9291492Z [1173/1204] Emitting module NIOSSL
2026-02-27T22:54:23.9291927Z [1174/1204] Compiling NIOSSL AndroidCABundle.swift
2026-02-27T22:54:23.9292422Z [1175/1204] Compiling NIOSSL ByteBufferBIO.swift
2026-02-27T22:54:23.9292922Z [1176/1204] Compiling NIOSSL CustomPrivateKey.swift
2026-02-27T22:54:23.9293516Z [1177/1204] Compiling NIOSSL IdentityVerification.swift
2026-02-27T22:54:23.9294042Z [1178/1204] Compiling NIOSSL LinuxCABundle.swift
2026-02-27T22:54:23.9294593Z [1179/1204] Compiling NIOSSL NIOSSLClientHandler.swift
2026-02-27T22:54:23.9295195Z [1180/1204] Compiling NIOSSL NIOSSLHandler+Configuration.swift
2026-02-27T22:54:23.9295832Z [1181/1204] Compiling NIOSSL NIOSSLHandler.swift
2026-02-27T22:54:23.9932565Z [1182/1212] Compiling NIOSSL NIOSSLServerHandler.swift
2026-02-27T22:54:23.9934819Z [1183/1212] Compiling NIOSSL ObjectIdentifier.swift
2026-02-27T22:54:23.9935354Z [1184/1212] Compiling NIOSSL PosixPort.swift
2026-02-27T22:54:23.9935791Z [1185/1212] Compiling NIOSSL SSLCallbacks.swift
2026-02-27T22:54:23.9936240Z [1186/1212] Compiling NIOSSL SSLCertificate.swift
2026-02-27T22:54:23.9936773Z [1187/1212] Compiling NIOSSL SSLCertificateExtensions.swift
2026-02-27T22:54:23.9937356Z [1188/1212] Compiling NIOSSL SSLCertificateName.swift
2026-02-27T22:54:23.9938197Z [1189/1212] Compiling NIOSSL SSLConnection.swift
2026-02-27T22:54:25.2835549Z [1190/1212] Compiling NIOSSL SubjectAlternativeName.swift
2026-02-27T22:54:25.2836273Z [1191/1212] Compiling NIOSSL NIOSSLSecureBytes.swift
2026-02-27T22:54:25.2837135Z [1192/1212] Compiling NIOSSL RNG.swift
2026-02-27T22:54:25.2837490Z [1193/1212] Compiling NIOSSL SafeCompare.swift
2026-02-27T22:54:25.2837802Z [1194/1212] Compiling NIOSSL Zeroization.swift
2026-02-27T22:54:25.2838091Z [1195/1212] Compiling NIOSSL TLSConfiguration.swift
2026-02-27T22:54:25.2838475Z [1196/1212] Compiling NIOSSL UniversalBootstrapSupport.swift
2026-02-27T22:54:25.2838853Z [1197/1212] Compiling NIOSSL UnsafeKeyAndChainTarget.swift
2026-02-27T22:54:25.4606614Z [1198/1213] Wrapping AST for NIOSSL for debugging
2026-02-27T22:54:26.4940946Z [1200/1239] Emitting module MSSQLNio
2026-02-27T22:54:27.2275870Z [1201/1242] Emitting module MySQLNio
2026-02-27T22:54:27.3425870Z [1202/1243] Compiling MySQLNio MySQLBackup.swift
2026-02-27T22:54:27.3426991Z [1203/1243] Compiling MySQLNio MySQLBulkInsert.swift
2026-02-27T22:54:27.3427921Z [1204/1243] Compiling MSSQLNio MSSQLConnectionPool.swift
2026-02-27T22:54:27.3428763Z [1205/1243] Compiling MSSQLNio MSSQLProcResult.swift
2026-02-27T22:54:27.5221387Z [1206/1244] Compiling MySQLNio MySQLDecoder.swift
2026-02-27T22:54:28.0561034Z [1207/1244] Compiling MSSQLNio TDSLogin7.swift
2026-02-27T22:54:28.0601865Z /home/runner/work/sql-nio/sql-nio/Sources/MSSQLNio/TDS/TDSPacket.swift:74:17: warning: immutable value 'win' was never used; consider replacing with '_' or removing it
2026-02-27T22:54:28.0603663Z 72 |             let spid:    UInt16 = buffer.readInteger(endianness: .big),
2026-02-27T22:54:28.0604322Z 73 |             let pid:     UInt8  = buffer.readInteger(),
2026-02-27T22:54:28.0604862Z 74 |             let win:     UInt8  = buffer.readInteger()
2026-02-27T22:54:28.0605900Z    |                 `- warning: immutable value 'win' was never used; consider replacing with '_' or removing it
2026-02-27T22:54:28.0606719Z 75 |         else { throw TDSError.incomplete }
2026-02-27T22:54:28.0607725Z 76 | 
2026-02-27T22:54:28.0608213Z [1208/1244] Compiling MSSQLNio TDSMessages.swift
2026-02-27T22:54:28.0609574Z /home/runner/work/sql-nio/sql-nio/Sources/MSSQLNio/TDS/TDSPacket.swift:74:17: warning: immutable value 'win' was never used; consider replacing with '_' or removing it
2026-02-27T22:54:28.0611314Z 72 |             let spid:    UInt16 = buffer.readInteger(endianness: .big),
2026-02-27T22:54:28.0612128Z 73 |             let pid:     UInt8  = buffer.readInteger(),
2026-02-27T22:54:28.0612787Z 74 |             let win:     UInt8  = buffer.readInteger()
2026-02-27T22:54:28.0613684Z    |                 `- warning: immutable value 'win' was never used; consider replacing with '_' or removing it
2026-02-27T22:54:28.0614585Z 75 |         else { throw TDSError.incomplete }
2026-02-27T22:54:28.0615123Z 76 | 
2026-02-27T22:54:28.0688569Z [1209/1244] Compiling MSSQLNio TDSPacket.swift
2026-02-27T22:54:28.0742670Z /home/runner/work/sql-nio/sql-nio/Sources/MSSQLNio/TDS/TDSPacket.swift:74:17: warning: immutable value 'win' was never used; consider replacing with '_' or removing it
2026-02-27T22:54:28.0744183Z 72 |             let spid:    UInt16 = buffer.readInteger(endianness: .big),
2026-02-27T22:54:28.0744917Z 73 |             let pid:     UInt8  = buffer.readInteger(),
2026-02-27T22:54:28.0745555Z 74 |             let win:     UInt8  = buffer.readInteger()
2026-02-27T22:54:28.0746437Z    |                 `- warning: immutable value 'win' was never used; consider replacing with '_' or removing it
2026-02-27T22:54:28.0747350Z 75 |         else { throw TDSError.incomplete }
2026-02-27T22:54:28.0747856Z 76 | 
2026-02-27T22:54:28.0855199Z [1210/1244] Compiling MSSQLNio TDSPreLogin.swift
2026-02-27T22:54:28.0856440Z /home/runner/work/sql-nio/sql-nio/Sources/MSSQLNio/TDS/TDSPacket.swift:74:17: warning: immutable value 'win' was never used; consider replacing with '_' or removing it
2026-02-27T22:54:28.0857762Z 72 |             let spid:    UInt16 = buffer.readInteger(endianness: .big),
2026-02-27T22:54:28.0858673Z 73 |             let pid:     UInt8  = buffer.readInteger(),
2026-02-27T22:54:28.0859203Z 74 |             let win:     UInt8  = buffer.readInteger()
2026-02-27T22:54:28.0860169Z    |                 `- warning: immutable value 'win' was never used; consider replacing with '_' or removing it
2026-02-27T22:54:28.0860960Z 75 |         else { throw TDSError.incomplete }
2026-02-27T22:54:28.0861371Z 76 | 
2026-02-27T22:54:28.1779435Z [1211/1244] Compiling MSSQLNio TDSRPCProcRequest.swift
2026-02-27T22:54:28.1780405Z [1212/1244] Compiling MSSQLNio TDSRPCRequest.swift
2026-02-27T22:54:28.1810803Z [1213/1244] Compiling MSSQLNio TDSTLSFramer.swift
2026-02-27T22:54:28.3045453Z [1214/1244] Compiling PostgresNio PostgresMessages.swift
2026-02-27T22:54:28.5960168Z [1215/1244] Emitting module PostgresNio
2026-02-27T22:54:28.6020640Z [1216/1244] Compiling MySQLNio MySQLConnection.swift
2026-02-27T22:54:28.6022817Z /home/runner/work/sql-nio/sql-nio/Sources/PostgresNio/PostgresConnection.swift:121:13: warning: conformance of 'ByteToMessageHandler<Decoder>' to 'Sendable' is unavailable; this is an error in the Swift 6 language mode
2026-02-27T22:54:28.6024756Z 119 |         bridge = b
2026-02-27T22:54:28.6025448Z 120 |         try await channel.pipeline.addHandlers([
2026-02-27T22:54:28.6026423Z 121 |             ByteToMessageHandler(PGFramingHandler()),
2026-02-27T22:54:28.6027763Z     |             `- warning: conformance of 'ByteToMessageHandler<Decoder>' to 'Sendable' is unavailable; this is an error in the Swift 6 language mode
2026-02-27T22:54:28.6029405Z 122 |             b,
2026-02-27T22:54:28.6030254Z 123 |         ]).get()
2026-02-27T22:54:28.6030666Z 
2026-02-27T22:54:28.6032012Z /home/runner/work/sql-nio/sql-nio/.build/checkouts/swift-nio/Sources/NIOCore/Codec.swift:507:1: note: conformance of 'ByteToMessageHandler<Decoder>' to 'Sendable' has been explicitly marked unavailable here
2026-02-27T22:54:28.6033862Z 505 | 
2026-02-27T22:54:28.6034355Z 506 | @available(*, unavailable)
2026-02-27T22:54:28.6034979Z 507 | extension ByteToMessageHandler: Sendable {}
2026-02-27T22:54:28.6036045Z     | `- note: conformance of 'ByteToMessageHandler<Decoder>' to 'Sendable' has been explicitly marked unavailable here
2026-02-27T22:54:28.6037049Z 508 | 
2026-02-27T22:54:28.6037594Z 509 | // MARK: ByteToMessageHandler: Test Helpers
2026-02-27T22:54:28.6038433Z 
2026-02-27T22:54:28.6040054Z /home/runner/work/sql-nio/sql-nio/Sources/PostgresNio/PostgresConnection.swift:140:47: warning: conformance of 'NIOSSLClientHandler' to 'Sendable' is unavailable; this is an error in the Swift 6 language mode
2026-02-27T22:54:28.6041899Z 138 |         let sslHandler = try NIOSSLClientHandler(context: sslContext,
2026-02-27T22:54:28.6042775Z 139 |                                                   serverHostname: config.host)
2026-02-27T22:54:28.6043704Z 140 |         try await channel.pipeline.addHandler(sslHandler, position: .first).get()
2026-02-27T22:54:28.6045121Z     |                                               `- warning: conformance of 'NIOSSLClientHandler' to 'Sendable' is unavailable; this is an error in the Swift 6 language mode
2026-02-27T22:54:28.6046280Z 141 |     }
2026-02-27T22:54:28.6046682Z 142 | 
2026-02-27T22:54:28.6046986Z 
2026-02-27T22:54:28.6048321Z /home/runner/work/sql-nio/sql-nio/.build/checkouts/swift-nio-ssl/Sources/NIOSSL/NIOSSLClientHandler.swift:294:1: note: conformance of 'NIOSSLClientHandler' to 'Sendable' has been explicitly marked unavailable here
2026-02-27T22:54:28.6050175Z 292 | #if compiler(<6.2)
2026-02-27T22:54:28.6050683Z 293 | @available(*, unavailable)
2026-02-27T22:54:28.6051260Z 294 | extension NIOSSLClientHandler: Sendable {}
2026-02-27T22:54:28.6052254Z     | `- note: conformance of 'NIOSSLClientHandler' to 'Sendable' has been explicitly marked unavailable here
2026-02-27T22:54:28.6053176Z 295 | #endif
2026-02-27T22:54:28.6053586Z 296 | 
2026-02-27T22:54:28.6671347Z [1217/1244] Compiling MySQLNio MySQLConnectionPool.swift
2026-02-27T22:54:28.6678334Z /home/runner/work/sql-nio/sql-nio/Sources/PostgresNio/PostgresConnection.swift:121:13: warning: conformance of 'ByteToMessageHandler<Decoder>' to 'Sendable' is unavailable; this is an error in the Swift 6 language mode
2026-02-27T22:54:28.6684603Z 119 |         bridge = b
2026-02-27T22:54:28.6689544Z 120 |         try await channel.pipeline.addHandlers([
2026-02-27T22:54:28.6696586Z 121 |             ByteToMessageHandler(PGFramingHandler()),
2026-02-27T22:54:28.6700039Z     |             `- warning: conformance of 'ByteToMessageHandler<Decoder>' to 'Sendable' is unavailable; this is an error in the Swift 6 language mode
2026-02-27T22:54:28.6704025Z 122 |             b,
2026-02-27T22:54:28.6707256Z 123 |         ]).get()
2026-02-27T22:54:28.6710062Z 
2026-02-27T22:54:28.6712788Z /home/runner/work/sql-nio/sql-nio/.build/checkouts/swift-nio/Sources/NIOCore/Codec.swift:507:1: note: conformance of 'ByteToMessageHandler<Decoder>' to 'Sendable' has been explicitly marked unavailable here
2026-02-27T22:54:28.6734982Z 505 | 
2026-02-27T22:54:28.6735310Z 506 | @available(*, unavailable)
2026-02-27T22:54:28.6735782Z 507 | extension ByteToMessageHandler: Sendable {}
2026-02-27T22:54:28.6736733Z     | `- note: conformance of 'ByteToMessageHandler<Decoder>' to 'Sendable' has been explicitly marked unavailable here
2026-02-27T22:54:28.6737608Z 508 | 
2026-02-27T22:54:28.6737940Z 509 | // MARK: ByteToMessageHandler: Test Helpers
2026-02-27T22:54:28.6738291Z 
2026-02-27T22:54:28.6740116Z /home/runner/work/sql-nio/sql-nio/Sources/PostgresNio/PostgresConnection.swift:140:47: warning: conformance of 'NIOSSLClientHandler' to 'Sendable' is unavailable; this is an error in the Swift 6 language mode
2026-02-27T22:54:28.6741827Z 138 |         let sslHandler = try NIOSSLClientHandler(context: sslContext,
2026-02-27T22:54:28.6742553Z 139 |                                                   serverHostname: config.host)
2026-02-27T22:54:28.6743274Z 140 |         try await channel.pipeline.addHandler(sslHandler, position: .first).get()
2026-02-27T22:54:28.6744331Z     |                                               `- warning: conformance of 'NIOSSLClientHandler' to 'Sendable' is unavailable; this is an error in the Swift 6 language mode
2026-02-27T22:54:28.6745169Z 141 |     }
2026-02-27T22:54:28.6745386Z 142 | 
2026-02-27T22:54:28.6745516Z 
2026-02-27T22:54:28.6746564Z /home/runner/work/sql-nio/sql-nio/.build/checkouts/swift-nio-ssl/Sources/NIOSSL/NIOSSLClientHandler.swift:294:1: note: conformance of 'NIOSSLClientHandler' to 'Sendable' has been explicitly marked unavailable here
2026-02-27T22:54:28.6748102Z 292 | #if compiler(<6.2)
2026-02-27T22:54:28.6748471Z 293 | @available(*, unavailable)
2026-02-27T22:54:28.6748933Z 294 | extension NIOSSLClientHandler: Sendable {}
2026-02-27T22:54:28.6750003Z     | `- note: conformance of 'NIOSSLClientHandler' to 'Sendable' has been explicitly marked unavailable here
2026-02-27T22:54:28.6750816Z 295 | #endif
2026-02-27T22:54:28.6751073Z 296 | 
2026-02-27T22:54:28.8610682Z /home/runner/work/sql-nio/sql-nio/Sources/MySQLNio/MySQLConnection.swift:101:13: warning: conformance of 'ByteToMessageHandler<Decoder>' to 'Sendable' is unavailable; this is an error in the Swift 6 language mode
2026-02-27T22:54:28.8661474Z  99 |         bridge = b
2026-02-27T22:54:28.8720510Z 100 |         try await channel.pipeline.addHandlers([
2026-02-27T22:54:28.8721180Z 101 |             ByteToMessageHandler(MySQLFramingHandler()),
2026-02-27T22:54:28.8722336Z     |             `- warning: conformance of 'ByteToMessageHandler<Decoder>' to 'Sendable' is unavailable; this is an error in the Swift 6 language mode
2026-02-27T22:54:28.8723431Z 102 |             b,
2026-02-27T22:54:28.8723744Z 103 |         ]).get()
2026-02-27T22:54:28.8723945Z 
2026-02-27T22:54:28.8725114Z /home/runner/work/sql-nio/sql-nio/.build/checkouts/swift-nio/Sources/NIOCore/Codec.swift:507:1: note: conformance of 'ByteToMessageHandler<Decoder>' to 'Sendable' has been explicitly marked unavailable here
2026-02-27T22:54:28.8726985Z 505 | 
2026-02-27T22:54:28.8727270Z 506 | @available(*, unavailable)
2026-02-27T22:54:28.8727729Z 507 | extension ByteToMessageHandler: Sendable {}
2026-02-27T22:54:28.8728662Z     | `- note: conformance of 'ByteToMessageHandler<Decoder>' to 'Sendable' has been explicitly marked unavailable here
2026-02-27T22:54:28.8729536Z 508 | 
2026-02-27T22:54:28.8730063Z 509 | // MARK: ByteToMessageHandler: Test Helpers
2026-02-27T22:54:28.8730421Z 
2026-02-27T22:54:28.8731552Z /home/runner/work/sql-nio/sql-nio/Sources/MySQLNio/MySQLConnection.swift:157:47: warning: conformance of 'NIOSSLClientHandler' to 'Sendable' is unavailable; this is an error in the Swift 6 language mode
2026-02-27T22:54:28.8733306Z 155 |         let sni = config.host.first?.isNumber == false ? config.host : nil
2026-02-27T22:54:28.8734485Z 156 |         let sslHandler = try NIOSSLClientHandler(context: sslContext, serverHostname: sni)
2026-02-27T22:54:28.8735667Z 157 |         try await channel.pipeline.addHandler(sslHandler, position: .first).get()
2026-02-27T22:54:28.8737150Z     |                                               `- warning: conformance of 'NIOSSLClientHandler' to 'Sendable' is unavailable; this is an error in the Swift 6 language mode
2026-02-27T22:54:28.8738383Z 158 |     }
2026-02-27T22:54:28.8738681Z 159 | 
2026-02-27T22:54:28.8738972Z 
2026-02-27T22:54:28.8740535Z /home/runner/work/sql-nio/sql-nio/.build/checkouts/swift-nio-ssl/Sources/NIOSSL/NIOSSLClientHandler.swift:294:1: note: conformance of 'NIOSSLClientHandler' to 'Sendable' has been explicitly marked unavailable here
2026-02-27T22:54:28.8742256Z 292 | #if compiler(<6.2)
2026-02-27T22:54:28.8742588Z 293 | @available(*, unavailable)
2026-02-27T22:54:28.8743036Z 294 | extension NIOSSLClientHandler: Sendable {}
2026-02-27T22:54:28.8743902Z     | `- note: conformance of 'NIOSSLClientHandler' to 'Sendable' has been explicitly marked unavailable here
2026-02-27T22:54:28.8744706Z 295 | #endif
2026-02-27T22:54:28.8744982Z 296 | 
2026-02-27T22:54:28.9770091Z /home/runner/work/sql-nio/sql-nio/Sources/MySQLNio/MySQLConnection.swift:101:13: warning: conformance of 'ByteToMessageHandler<Decoder>' to 'Sendable' is unavailable; this is an error in the Swift 6 language mode
2026-02-27T22:54:28.9772092Z  99 |         bridge = b
2026-02-27T22:54:28.9772820Z 100 |         try await channel.pipeline.addHandlers([
2026-02-27T22:54:28.9773725Z 101 |             ByteToMessageHandler(MySQLFramingHandler()),
2026-02-27T22:54:28.9774878Z     |             `- warning: conformance of 'ByteToMessageHandler<Decoder>' to 'Sendable' is unavailable; this is an error in the Swift 6 language mode
2026-02-27T22:54:28.9775943Z 102 |             b,
2026-02-27T22:54:28.9776260Z 103 |         ]).get()
2026-02-27T22:54:28.9776459Z 
2026-02-27T22:54:28.9777620Z /home/runner/work/sql-nio/sql-nio/.build/checkouts/swift-nio/Sources/NIOCore/Codec.swift:507:1: note: conformance of 'ByteToMessageHandler<Decoder>' to 'Sendable' has been explicitly marked unavailable here
2026-02-27T22:54:28.9779062Z 505 | 
2026-02-27T22:54:28.9779358Z 506 | @available(*, unavailable)
2026-02-27T22:54:28.9780016Z 507 | extension ByteToMessageHandler: Sendable {}
2026-02-27T22:54:28.9780964Z     | `- note: conformance of 'ByteToMessageHandler<Decoder>' to 'Sendable' has been explicitly marked unavailable here
2026-02-27T22:54:28.9781830Z 508 | 
2026-02-27T22:54:28.9782176Z 509 | // MARK: ByteToMessageHandler: Test Helpers
2026-02-27T22:54:28.9782518Z 
2026-02-27T22:54:28.9783645Z /home/runner/work/sql-nio/sql-nio/Sources/MySQLNio/MySQLConnection.swift:157:47: warning: conformance of 'NIOSSLClientHandler' to 'Sendable' is unavailable; this is an error in the Swift 6 language mode
2026-02-27T22:54:28.9785307Z 155 |         let sni = config.host.first?.isNumber == false ? config.host : nil
2026-02-27T22:54:28.9786245Z 156 |         let sslHandler = try NIOSSLClientHandler(context: sslContext, serverHostname: sni)
2026-02-27T22:54:28.9787244Z 157 |         try await channel.pipeline.addHandler(sslHandler, position: .first).get()
2026-02-27T22:54:28.9789011Z     |                                               `- warning: conformance of 'NIOSSLClientHandler' to 'Sendable' is unavailable; this is an error in the Swift 6 language mode
2026-02-27T22:54:28.9790254Z 158 |     }
2026-02-27T22:54:28.9790550Z 159 | 
2026-02-27T22:54:28.9790708Z 
2026-02-27T22:54:28.9791958Z /home/runner/work/sql-nio/sql-nio/.build/checkouts/swift-nio-ssl/Sources/NIOSSL/NIOSSLClientHandler.swift:294:1: note: conformance of 'NIOSSLClientHandler' to 'Sendable' has been explicitly marked unavailable here
2026-02-27T22:54:28.9793544Z 292 | #if compiler(<6.2)
2026-02-27T22:54:28.9793939Z 293 | @available(*, unavailable)
2026-02-27T22:54:28.9794385Z 294 | extension NIOSSLClientHandler: Sendable {}
2026-02-27T22:54:28.9795255Z     | `- note: conformance of 'NIOSSLClientHandler' to 'Sendable' has been explicitly marked unavailable here
2026-02-27T22:54:28.9796058Z 295 | #endif
2026-02-27T22:54:28.9796332Z 296 | 
2026-02-27T22:54:29.0464318Z [1222/1245] Wrapping AST for PostgresNio for debugging
2026-02-27T22:54:29.1625736Z [1224/1248] Compiling MySQLNio MySQLMessages.swift
2026-02-27T22:54:29.4904605Z [1225/1249] Wrapping AST for MySQLNio for debugging
2026-02-27T22:54:29.5917460Z [1227/1249] Compiling PostgresNioTests PostgresNioTests.swift
2026-02-27T22:54:31.1000550Z [1230/1252] Compiling MSSQLNio TDSDecoder.swift
2026-02-27T22:54:31.1001316Z [1231/1252] Compiling MSSQLNio TDSHandler.swift
2026-02-27T22:54:31.1003332Z /home/runner/work/sql-nio/sql-nio/Sources/MSSQLNio/MSSQLConnection.swift:121:23: warning: capture of 'bootstrap' with non-sendable type 'ClientBootstrap' in a `@Sendable` closure; this is an error in the Swift 6 language mode
2026-02-27T22:54:31.1005611Z 119 | 
2026-02-27T22:54:31.1006300Z 120 |         let channel = try await mssqlWithTimeout(configuration.connectTimeout) {
2026-02-27T22:54:31.1007243Z 121 |             try await bootstrap.connect(host: configuration.host,
2026-02-27T22:54:31.1008608Z     |                       `- warning: capture of 'bootstrap' with non-sendable type 'ClientBootstrap' in a `@Sendable` closure; this is an error in the Swift 6 language mode
2026-02-27T22:54:31.1010282Z 122 |                                         port: configuration.port).get()
2026-02-27T22:54:31.1010936Z 123 |         }
2026-02-27T22:54:31.1011256Z 
2026-02-27T22:54:31.1012352Z /home/runner/work/sql-nio/sql-nio/.build/checkouts/swift-nio/Sources/NIOPosix/Bootstrap.swift:810:20: note: class 'ClientBootstrap' does not conform to the 'Sendable' protocol
2026-02-27T22:54:31.1013790Z  808 | ///
2026-02-27T22:54:31.1014689Z  809 | /// The connected `SocketChannel` will operate on `ByteBuffer` as inbound and on `IOData` as outbound messages.
2026-02-27T22:54:31.1015970Z  810 | public final class ClientBootstrap: NIOClientTCPBootstrapProtocol {
2026-02-27T22:54:31.1017180Z      |                    `- note: class 'ClientBootstrap' does not conform to the 'Sendable' protocol
2026-02-27T22:54:31.1018179Z  811 |     private let group: EventLoopGroup
2026-02-27T22:54:31.1019051Z  812 |     private var protocolHandlers: Optional<@Sendable () -> [ChannelHandler]>
2026-02-27T22:54:31.1020450Z 
2026-02-27T22:54:31.1021875Z /home/runner/work/sql-nio/sql-nio/Sources/MSSQLNio/MSSQLConnection.swift:148:13: warning: conformance of 'ByteToMessageHandler<Decoder>' to 'Sendable' is unavailable; this is an error in the Swift 6 language mode
2026-02-27T22:54:31.1023647Z 146 |         try await channel.pipeline.addHandlers([
2026-02-27T22:54:31.1024276Z 147 |             tlsFramer,
2026-02-27T22:54:31.1024895Z 148 |             ByteToMessageHandler(TDSFramingHandler()),
2026-02-27T22:54:31.1026138Z     |             `- warning: conformance of 'ByteToMessageHandler<Decoder>' to 'Sendable' is unavailable; this is an error in the Swift 6 language mode
2026-02-27T22:54:31.1027459Z 149 |             b,
2026-02-27T22:54:31.1027955Z 150 |         ]).get()
2026-02-27T22:54:31.1028337Z 
2026-02-27T22:54:31.1029620Z /home/runner/work/sql-nio/sql-nio/.build/checkouts/swift-nio/Sources/NIOCore/Codec.swift:507:1: note: conformance of 'ByteToMessageHandler<Decoder>' to 'Sendable' has been explicitly marked unavailable here
2026-02-27T22:54:31.1031790Z 505 | 
2026-02-27T22:54:31.1032281Z 506 | @available(*, unavailable)
2026-02-27T22:54:31.1032885Z 507 | extension ByteToMessageHandler: Sendable {}
2026-02-27T22:54:31.1033942Z     | `- note: conformance of 'ByteToMessageHandler<Decoder>' to 'Sendable' has been explicitly marked unavailable here
2026-02-27T22:54:31.1034928Z 508 | 
2026-02-27T22:54:31.1035339Z 509 | // MARK: ByteToMessageHandler: Test Helpers
2026-02-27T22:54:31.1035776Z 
2026-02-27T22:54:31.1036988Z /home/runner/work/sql-nio/sql-nio/Sources/MSSQLNio/MSSQLConnection.swift:228:47: warning: conformance of 'NIOSSLClientHandler' to 'Sendable' is unavailable; this is an error in the Swift 6 language mode
2026-02-27T22:54:31.1039832Z 226 |         // Because the channel is already active, NIOSSLClientHandler's handlerAdded()
2026-02-27T22:54:31.1040709Z 227 |         // triggers the TLS handshake automatically.
2026-02-27T22:54:31.1041523Z 228 |         try await channel.pipeline.addHandler(sslHandler, position: .after(tlsFramer)).get()
2026-02-27T22:54:31.1042881Z     |                                               `- warning: conformance of 'NIOSSLClientHandler' to 'Sendable' is unavailable; this is an error in the Swift 6 language mode
2026-02-27T22:54:31.1044224Z 229 |         try await channel.pipeline.addHandler(tracker,    position: .after(sslHandler)).get()
2026-02-27T22:54:31.1044945Z 230 | 
2026-02-27T22:54:31.1045285Z 
2026-02-27T22:54:31.1046512Z /home/runner/work/sql-nio/sql-nio/.build/checkouts/swift-nio-ssl/Sources/NIOSSL/NIOSSLClientHandler.swift:294:1: note: conformance of 'NIOSSLClientHandler' to 'Sendable' has been explicitly marked unavailable here
2026-02-27T22:54:31.1047999Z 292 | #if compiler(<6.2)
2026-02-27T22:54:31.1048348Z 293 | @available(*, unavailable)
2026-02-27T22:54:31.1048769Z 294 | extension NIOSSLClientHandler: Sendable {}
2026-02-27T22:54:31.1049601Z     | `- note: conformance of 'NIOSSLClientHandler' to 'Sendable' has been explicitly marked unavailable here
2026-02-27T22:54:31.1050565Z 295 | #endif
2026-02-27T22:54:31.1050823Z 296 | 
2026-02-27T22:54:31.1050964Z 
2026-02-27T22:54:31.1052356Z /home/runner/work/sql-nio/sql-nio/Sources/MSSQLNio/MSSQLConnection.swift:229:76: warning: conformance of 'NIOSSLClientHandler' to 'Sendable' is unavailable; this is an error in the Swift 6 language mode; this is an error in the Swift 6 language mode
2026-02-27T22:54:31.1054243Z 227 |         // triggers the TLS handshake automatically.
2026-02-27T22:54:31.1055058Z 228 |         try await channel.pipeline.addHandler(sslHandler, position: .after(tlsFramer)).get()
2026-02-27T22:54:31.1056123Z 229 |         try await channel.pipeline.addHandler(tracker,    position: .after(sslHandler)).get()
2026-02-27T22:54:31.1057820Z     |                                                                            `- warning: conformance of 'NIOSSLClientHandler' to 'Sendable' is unavailable; this is an error in the Swift 6 language mode; this is an error in the Swift 6 language mode
2026-02-27T22:54:31.1059152Z 230 | 
2026-02-27T22:54:31.1059857Z 231 |         // Wait for TLS handshake to complete (tracker fulfils promise + deactivates framer)
2026-02-27T22:54:31.1060444Z 
2026-02-27T22:54:31.1061655Z /home/runner/work/sql-nio/sql-nio/.build/checkouts/swift-nio-ssl/Sources/NIOSSL/NIOSSLClientHandler.swift:294:1: note: conformance of 'NIOSSLClientHandler' to 'Sendable' has been explicitly marked unavailable here
2026-02-27T22:54:31.1063183Z 292 | #if compiler(<6.2)
2026-02-27T22:54:31.1063524Z 293 | @available(*, unavailable)
2026-02-27T22:54:31.1063955Z 294 | extension NIOSSLClientHandler: Sendable {}
2026-02-27T22:54:31.1064793Z     | `- note: conformance of 'NIOSSLClientHandler' to 'Sendable' has been explicitly marked unavailable here
2026-02-27T22:54:31.1065581Z 295 | #endif
2026-02-27T22:54:31.1065829Z 296 | 
2026-02-27T22:54:31.4015494Z /home/runner/work/sql-nio/sql-nio/Sources/MSSQLNio/MSSQLConnection.swift:121:23: warning: capture of 'bootstrap' with non-sendable type 'ClientBootstrap' in a `@Sendable` closure; this is an error in the Swift 6 language mode
2026-02-27T22:54:31.4017606Z 119 | 
2026-02-27T22:54:31.4018105Z 120 |         let channel = try await mssqlWithTimeout(configuration.connectTimeout) {
2026-02-27T22:54:31.4018900Z 121 |             try await bootstrap.connect(host: configuration.host,
2026-02-27T22:54:31.4020326Z     |                       `- warning: capture of 'bootstrap' with non-sendable type 'ClientBootstrap' in a `@Sendable` closure; this is an error in the Swift 6 language mode
2026-02-27T22:54:31.4021566Z 122 |                                         port: configuration.port).get()
2026-02-27T22:54:31.4022067Z 123 |         }
2026-02-27T22:54:31.4022240Z 
2026-02-27T22:54:31.4023202Z /home/runner/work/sql-nio/sql-nio/.build/checkouts/swift-nio/Sources/NIOPosix/Bootstrap.swift:810:20: note: class 'ClientBootstrap' does not conform to the 'Sendable' protocol
2026-02-27T22:54:31.4024432Z  808 | ///
2026-02-27T22:54:31.4025126Z  809 | /// The connected `SocketChannel` will operate on `ByteBuffer` as inbound and on `IOData` as outbound messages.
2026-02-27T22:54:31.4026228Z  810 | public final class ClientBootstrap: NIOClientTCPBootstrapProtocol {
2026-02-27T22:54:31.4027095Z      |                    `- note: class 'ClientBootstrap' does not conform to the 'Sendable' protocol
2026-02-27T22:54:31.4027796Z  811 |     private let group: EventLoopGroup
2026-02-27T22:54:31.4028458Z  812 |     private var protocolHandlers: Optional<@Sendable () -> [ChannelHandler]>
2026-02-27T22:54:31.4029191Z 
2026-02-27T22:54:31.4030519Z /home/runner/work/sql-nio/sql-nio/Sources/MSSQLNio/MSSQLConnection.swift:148:13: warning: conformance of 'ByteToMessageHandler<Decoder>' to 'Sendable' is unavailable; this is an error in the Swift 6 language mode
2026-02-27T22:54:31.4032086Z 146 |         try await channel.pipeline.addHandlers([
2026-02-27T22:54:31.4032564Z 147 |             tlsFramer,
2026-02-27T22:54:31.4032988Z 148 |             ByteToMessageHandler(TDSFramingHandler()),
2026-02-27T22:54:31.4034069Z     |             `- warning: conformance of 'ByteToMessageHandler<Decoder>' to 'Sendable' is unavailable; this is an error in the Swift 6 language mode
2026-02-27T22:54:31.4035052Z 149 |             b,
2026-02-27T22:54:31.4035335Z 150 |         ]).get()
2026-02-27T22:54:31.4035520Z 
2026-02-27T22:54:31.4036654Z /home/runner/work/sql-nio/sql-nio/.build/checkouts/swift-nio/Sources/NIOCore/Codec.swift:507:1: note: conformance of 'ByteToMessageHandler<Decoder>' to 'Sendable' has been explicitly marked unavailable here
2026-02-27T22:54:31.4038069Z 505 | 
2026-02-27T22:54:31.4038337Z 506 | @available(*, unavailable)
2026-02-27T22:54:31.4038757Z 507 | extension ByteToMessageHandler: Sendable {}
2026-02-27T22:54:31.4059926Z     | `- note: conformance of 'ByteToMessageHandler<Decoder>' to 'Sendable' has been explicitly marked unavailable here
2026-02-27T22:54:31.4060872Z 508 | 
2026-02-27T22:54:31.4061204Z 509 | // MARK: ByteToMessageHandler: Test Helpers
2026-02-27T22:54:31.4061566Z 
2026-02-27T22:54:31.4062715Z /home/runner/work/sql-nio/sql-nio/Sources/MSSQLNio/MSSQLConnection.swift:228:47: warning: conformance of 'NIOSSLClientHandler' to 'Sendable' is unavailable; this is an error in the Swift 6 language mode
2026-02-27T22:54:31.4064390Z 226 |         // Because the channel is already active, NIOSSLClientHandler's handlerAdded()
2026-02-27T22:54:31.4065166Z 227 |         // triggers the TLS handshake automatically.
2026-02-27T22:54:31.4065963Z 228 |         try await channel.pipeline.addHandler(sslHandler, position: .after(tlsFramer)).get()
2026-02-27T22:54:31.4067316Z     |                                               `- warning: conformance of 'NIOSSLClientHandler' to 'Sendable' is unavailable; this is an error in the Swift 6 language mode
2026-02-27T22:54:31.4068663Z 229 |         try await channel.pipeline.addHandler(tracker,    position: .after(sslHandler)).get()
2026-02-27T22:54:31.4069373Z 230 | 
2026-02-27T22:54:31.4069882Z 
2026-02-27T22:54:31.4071110Z /home/runner/work/sql-nio/sql-nio/.build/checkouts/swift-nio-ssl/Sources/NIOSSL/NIOSSLClientHandler.swift:294:1: note: conformance of 'NIOSSLClientHandler' to 'Sendable' has been explicitly marked unavailable here
2026-02-27T22:54:31.4072635Z 292 | #if compiler(<6.2)
2026-02-27T22:54:31.4072971Z 293 | @available(*, unavailable)
2026-02-27T22:54:31.4073395Z 294 | extension NIOSSLClientHandler: Sendable {}
2026-02-27T22:54:31.4074220Z     | `- note: conformance of 'NIOSSLClientHandler' to 'Sendable' has been explicitly marked unavailable here
2026-02-27T22:54:31.4075002Z 295 | #endif
2026-02-27T22:54:31.4075243Z 296 | 
2026-02-27T22:54:31.4075386Z 
2026-02-27T22:54:31.4076756Z /home/runner/work/sql-nio/sql-nio/Sources/MSSQLNio/MSSQLConnection.swift:229:76: warning: conformance of 'NIOSSLClientHandler' to 'Sendable' is unavailable; this is an error in the Swift 6 language mode; this is an error in the Swift 6 language mode
2026-02-27T22:54:31.4078509Z 227 |         // triggers the TLS handshake automatically.
2026-02-27T22:54:31.4079302Z 228 |         try await channel.pipeline.addHandler(sslHandler, position: .after(tlsFramer)).get()
2026-02-27T22:54:31.4080473Z 229 |         try await channel.pipeline.addHandler(tracker,    position: .after(sslHandler)).get()
2026-02-27T22:54:31.4082140Z     |                                                                            `- warning: conformance of 'NIOSSLClientHandler' to 'Sendable' is unavailable; this is an error in the Swift 6 language mode; this is an error in the Swift 6 language mode
2026-02-27T22:54:31.4111876Z 230 | 
2026-02-27T22:54:31.4112460Z 231 |         // Wait for TLS handshake to complete (tracker fulfils promise + deactivates framer)
2026-02-27T22:54:31.4113059Z 
2026-02-27T22:54:31.4114289Z /home/runner/work/sql-nio/sql-nio/.build/checkouts/swift-nio-ssl/Sources/NIOSSL/NIOSSLClientHandler.swift:294:1: note: conformance of 'NIOSSLClientHandler' to 'Sendable' has been explicitly marked unavailable here
2026-02-27T22:54:31.4115808Z 292 | #if compiler(<6.2)
2026-02-27T22:54:31.4116142Z 293 | @available(*, unavailable)
2026-02-27T22:54:31.4116569Z 294 | extension NIOSSLClientHandler: Sendable {}
2026-02-27T22:54:31.4117399Z     | `- note: conformance of 'NIOSSLClientHandler' to 'Sendable' has been explicitly marked unavailable here
2026-02-27T22:54:31.4118173Z 295 | #endif
2026-02-27T22:54:31.4118422Z 296 | 
2026-02-27T22:54:31.7681973Z /home/runner/work/sql-nio/sql-nio/Sources/MSSQLNio/MSSQLConnection.swift:121:23: warning: capture of 'bootstrap' with non-sendable type 'ClientBootstrap' in a `@Sendable` closure; this is an error in the Swift 6 language mode
2026-02-27T22:54:31.7683946Z 119 | 
2026-02-27T22:54:31.7684478Z 120 |         let channel = try await mssqlWithTimeout(configuration.connectTimeout) {
2026-02-27T22:54:31.7685264Z 121 |             try await bootstrap.connect(host: configuration.host,
2026-02-27T22:54:31.7686631Z     |                       `- warning: capture of 'bootstrap' with non-sendable type 'ClientBootstrap' in a `@Sendable` closure; this is an error in the Swift 6 language mode
2026-02-27T22:54:31.7688018Z 122 |                                         port: configuration.port).get()
2026-02-27T22:54:31.7688642Z 123 |         }
2026-02-27T22:54:31.7688836Z 
2026-02-27T22:54:31.7689924Z /home/runner/work/sql-nio/sql-nio/.build/checkouts/swift-nio/Sources/NIOPosix/Bootstrap.swift:810:20: note: class 'ClientBootstrap' does not conform to the 'Sendable' protocol
2026-02-27T22:54:31.7691295Z  808 | ///
2026-02-27T22:54:31.7692040Z  809 | /// The connected `SocketChannel` will operate on `ByteBuffer` as inbound and on `IOData` as outbound messages.
2026-02-27T22:54:31.7693239Z  810 | public final class ClientBootstrap: NIOClientTCPBootstrapProtocol {
2026-02-27T22:54:31.7694264Z      |                    `- note: class 'ClientBootstrap' does not conform to the 'Sendable' protocol
2026-02-27T22:54:31.7695152Z  811 |     private let group: EventLoopGroup
2026-02-27T22:54:31.7695926Z  812 |     private var protocolHandlers: Optional<@Sendable () -> [ChannelHandler]>
2026-02-27T22:54:31.7697052Z 
2026-02-27T22:54:31.7698421Z /home/runner/work/sql-nio/sql-nio/Sources/MSSQLNio/MSSQLConnection.swift:148:13: warning: conformance of 'ByteToMessageHandler<Decoder>' to 'Sendable' is unavailable; this is an error in the Swift 6 language mode
2026-02-27T22:54:31.7700157Z 146 |         try await channel.pipeline.addHandlers([
2026-02-27T22:54:31.7700797Z 147 |             tlsFramer,
2026-02-27T22:54:31.7701226Z 148 |             ByteToMessageHandler(TDSFramingHandler()),
2026-02-27T22:54:31.7702396Z     |             `- warning: conformance of 'ByteToMessageHandler<Decoder>' to 'Sendable' is unavailable; this is an error in the Swift 6 language mode
2026-02-27T22:54:31.7703530Z 149 |             b,
2026-02-27T22:54:31.7703859Z 150 |         ]).get()
2026-02-27T22:54:31.7704148Z 
2026-02-27T22:54:31.7705441Z /home/runner/work/sql-nio/sql-nio/.build/checkouts/swift-nio/Sources/NIOCore/Codec.swift:507:1: note: conformance of 'ByteToMessageHandler<Decoder>' to 'Sendable' has been explicitly marked unavailable here
2026-02-27T22:54:31.7706856Z 505 | 
2026-02-27T22:54:31.7707116Z 506 | @available(*, unavailable)
2026-02-27T22:54:31.7707502Z 507 | extension ByteToMessageHandler: Sendable {}
2026-02-27T22:54:31.7708363Z     | `- note: conformance of 'ByteToMessageHandler<Decoder>' to 'Sendable' has been explicitly marked unavailable here
2026-02-27T22:54:31.7709189Z 508 | 
2026-02-27T22:54:31.7709509Z 509 | // MARK: ByteToMessageHandler: Test Helpers
2026-02-27T22:54:31.7710312Z 
2026-02-27T22:54:31.7711432Z /home/runner/work/sql-nio/sql-nio/Sources/MSSQLNio/MSSQLConnection.swift:228:47: warning: conformance of 'NIOSSLClientHandler' to 'Sendable' is unavailable; this is an error in the Swift 6 language mode
2026-02-27T22:54:31.7713102Z 226 |         // Because the channel is already active, NIOSSLClientHandler's handlerAdded()
2026-02-27T22:54:31.7713843Z 227 |         // triggers the TLS handshake automatically.
2026-02-27T22:54:31.7714626Z 228 |         try await channel.pipeline.addHandler(sslHandler, position: .after(tlsFramer)).get()
2026-02-27T22:54:31.7715971Z     |                                               `- warning: conformance of 'NIOSSLClientHandler' to 'Sendable' is unavailable; this is an error in the Swift 6 language mode
2026-02-27T22:54:31.7717302Z 229 |         try await channel.pipeline.addHandler(tracker,    position: .after(sslHandler)).get()
2026-02-27T22:54:31.7718013Z 230 | 
2026-02-27T22:54:31.7718174Z 
2026-02-27T22:54:31.7719372Z /home/runner/work/sql-nio/sql-nio/.build/checkouts/swift-nio-ssl/Sources/NIOSSL/NIOSSLClientHandler.swift:294:1: note: conformance of 'NIOSSLClientHandler' to 'Sendable' has been explicitly marked unavailable here
2026-02-27T22:54:31.7721019Z 292 | #if compiler(<6.2)
2026-02-27T22:54:31.7721362Z 293 | @available(*, unavailable)
2026-02-27T22:54:31.7721781Z 294 | extension NIOSSLClientHandler: Sendable {}
2026-02-27T22:54:31.7722593Z     | `- note: conformance of 'NIOSSLClientHandler' to 'Sendable' has been explicitly marked unavailable here
2026-02-27T22:54:31.7723361Z 295 | #endif
2026-02-27T22:54:31.7723606Z 296 | 
2026-02-27T22:54:31.7723750Z 
2026-02-27T22:54:31.7725139Z /home/runner/work/sql-nio/sql-nio/Sources/MSSQLNio/MSSQLConnection.swift:229:76: warning: conformance of 'NIOSSLClientHandler' to 'Sendable' is unavailable; this is an error in the Swift 6 language mode; this is an error in the Swift 6 language mode
2026-02-27T22:54:31.7726848Z 227 |         // triggers the TLS handshake automatically.
2026-02-27T22:54:31.7727631Z 228 |         try await channel.pipeline.addHandler(sslHandler, position: .after(tlsFramer)).get()
2026-02-27T22:54:31.7728678Z 229 |         try await channel.pipeline.addHandler(tracker,    position: .after(sslHandler)).get()
2026-02-27T22:54:31.7751501Z     |                                                                            `- warning: conformance of 'NIOSSLClientHandler' to 'Sendable' is unavailable; this is an error in the Swift 6 language mode; this is an error in the Swift 6 language mode
2026-02-27T22:54:31.7753625Z 230 | 
2026-02-27T22:54:31.7754581Z 231 |         // Wait for TLS handshake to complete (tracker fulfils promise + deactivates framer)
2026-02-27T22:54:31.7756884Z 
2026-02-27T22:54:31.7758533Z /home/runner/work/sql-nio/sql-nio/.build/checkouts/swift-nio-ssl/Sources/NIOSSL/NIOSSLClientHandler.swift:294:1: note: conformance of 'NIOSSLClientHandler' to 'Sendable' has been explicitly marked unavailable here
2026-02-27T22:54:31.7761128Z 292 | #if compiler(<6.2)
2026-02-27T22:54:31.7761481Z 293 | @available(*, unavailable)
2026-02-27T22:54:31.7761908Z 294 | extension NIOSSLClientHandler: Sendable {}
2026-02-27T22:54:31.7762729Z     | `- note: conformance of 'NIOSSLClientHandler' to 'Sendable' has been explicitly marked unavailable here
2026-02-27T22:54:31.7763508Z 295 | #endif
2026-02-27T22:54:31.7763764Z 296 | 
2026-02-27T22:54:32.2537990Z /home/runner/work/sql-nio/sql-nio/Sources/MSSQLNio/MSSQLConnection.swift:121:23: warning: capture of 'bootstrap' with non-sendable type 'ClientBootstrap' in a `@Sendable` closure; this is an error in the Swift 6 language mode
2026-02-27T22:54:32.2544658Z 119 | 
2026-02-27T22:54:32.2549392Z 120 |         let channel = try await mssqlWithTimeout(configuration.connectTimeout) {
2026-02-27T22:54:32.2554836Z 121 |             try await bootstrap.connect(host: configuration.host,
2026-02-27T22:54:32.2561946Z     |                       `- warning: capture of 'bootstrap' with non-sendable type 'ClientBootstrap' in a `@Sendable` closure; this is an error in the Swift 6 language mode
2026-02-27T22:54:32.2566381Z 122 |                                         port: configuration.port).get()
2026-02-27T22:54:32.2568772Z 123 |         }
2026-02-27T22:54:32.2570751Z 
2026-02-27T22:54:32.2573251Z /home/runner/work/sql-nio/sql-nio/.build/checkouts/swift-nio/Sources/NIOPosix/Bootstrap.swift:810:20: note: class 'ClientBootstrap' does not conform to the 'Sendable' protocol
2026-02-27T22:54:32.2576317Z  808 | ///
2026-02-27T22:54:32.2613103Z  809 | /// The connected `SocketChannel` will operate on `ByteBuffer` as inbound and on `IOData` as outbound messages.
2026-02-27T22:54:32.2614261Z  810 | public final class ClientBootstrap: NIOClientTCPBootstrapProtocol {
2026-02-27T22:54:32.2615184Z      |                    `- note: class 'ClientBootstrap' does not conform to the 'Sendable' protocol
2026-02-27T22:54:32.2615933Z  811 |     private let group: EventLoopGroup
2026-02-27T22:54:32.2616617Z  812 |     private var protocolHandlers: Optional<@Sendable () -> [ChannelHandler]>
2026-02-27T22:54:32.2617170Z 
2026-02-27T22:54:32.2618384Z /home/runner/work/sql-nio/sql-nio/Sources/MSSQLNio/MSSQLConnection.swift:148:13: warning: conformance of 'ByteToMessageHandler<Decoder>' to 'Sendable' is unavailable; this is an error in the Swift 6 language mode
2026-02-27T22:54:32.2620176Z 146 |         try await channel.pipeline.addHandlers([
2026-02-27T22:54:32.2620673Z 147 |             tlsFramer,
2026-02-27T22:54:32.2621119Z 148 |             ByteToMessageHandler(TDSFramingHandler()),
2026-02-27T22:54:32.2622230Z     |             `- warning: conformance of 'ByteToMessageHandler<Decoder>' to 'Sendable' is unavailable; this is an error in the Swift 6 language mode
2026-02-27T22:54:32.2623238Z 149 |             b,
2026-02-27T22:54:32.2623533Z 150 |         ]).get()
2026-02-27T22:54:32.2623728Z 
2026-02-27T22:54:32.2624863Z /home/runner/work/sql-nio/sql-nio/.build/checkouts/swift-nio/Sources/NIOCore/Codec.swift:507:1: note: conformance of 'ByteToMessageHandler<Decoder>' to 'Sendable' has been explicitly marked unavailable here
2026-02-27T22:54:32.2626306Z 505 | 
2026-02-27T22:54:32.2626589Z 506 | @available(*, unavailable)
2026-02-27T22:54:32.2627040Z 507 | extension ByteToMessageHandler: Sendable {}
2026-02-27T22:54:32.2627964Z     | `- note: conformance of 'ByteToMessageHandler<Decoder>' to 'Sendable' has been explicitly marked unavailable here
2026-02-27T22:54:32.2628816Z 508 | 
2026-02-27T22:54:32.2629135Z 509 | // MARK: ByteToMessageHandler: Test Helpers
2026-02-27T22:54:32.2629895Z 
2026-02-27T22:54:32.2631023Z /home/runner/work/sql-nio/sql-nio/Sources/MSSQLNio/MSSQLConnection.swift:228:47: warning: conformance of 'NIOSSLClientHandler' to 'Sendable' is unavailable; this is an error in the Swift 6 language mode
2026-02-27T22:54:32.2632693Z 226 |         // Because the channel is already active, NIOSSLClientHandler's handlerAdded()
2026-02-27T22:54:32.2633448Z 227 |         // triggers the TLS handshake automatically.
2026-02-27T22:54:32.2634253Z 228 |         try await channel.pipeline.addHandler(sslHandler, position: .after(tlsFramer)).get()
2026-02-27T22:54:32.2635609Z     |                                               `- warning: conformance of 'NIOSSLClientHandler' to 'Sendable' is unavailable; this is an error in the Swift 6 language mode
2026-02-27T22:54:32.2636972Z 229 |         try await channel.pipeline.addHandler(tracker,    position: .after(sslHandler)).get()
2026-02-27T22:54:32.2637724Z 230 | 
2026-02-27T22:54:32.2637871Z 
2026-02-27T22:54:32.2639097Z /home/runner/work/sql-nio/sql-nio/.build/checkouts/swift-nio-ssl/Sources/NIOSSL/NIOSSLClientHandler.swift:294:1: note: conformance of 'NIOSSLClientHandler' to 'Sendable' has been explicitly marked unavailable here
2026-02-27T22:54:32.2693856Z 292 | #if compiler(<6.2)
2026-02-27T22:54:32.2698500Z 293 | @available(*, unavailable)
2026-02-27T22:54:32.2707159Z 294 | extension NIOSSLClientHandler: Sendable {}
2026-02-27T22:54:32.2716338Z     | `- note: conformance of 'NIOSSLClientHandler' to 'Sendable' has been explicitly marked unavailable here
2026-02-27T22:54:32.2721977Z 295 | #endif
2026-02-27T22:54:32.2722259Z 296 | 
2026-02-27T22:54:32.2722414Z 
2026-02-27T22:54:32.2723822Z /home/runner/work/sql-nio/sql-nio/Sources/MSSQLNio/MSSQLConnection.swift:229:76: warning: conformance of 'NIOSSLClientHandler' to 'Sendable' is unavailable; this is an error in the Swift 6 language mode; this is an error in the Swift 6 language mode
2026-02-27T22:54:32.2725582Z 227 |         // triggers the TLS handshake automatically.
2026-02-27T22:54:32.2726442Z 228 |         try await channel.pipeline.addHandler(sslHandler, position: .after(tlsFramer)).get()
2026-02-27T22:54:32.2727530Z 229 |         try await channel.pipeline.addHandler(tracker,    position: .after(sslHandler)).get()
2026-02-27T22:54:32.2729253Z     |                                                                            `- warning: conformance of 'NIOSSLClientHandler' to 'Sendable' is unavailable; this is an error in the Swift 6 language mode; this is an error in the Swift 6 language mode
2026-02-27T22:54:32.2730864Z 230 | 
2026-02-27T22:54:32.2731411Z 231 |         // Wait for TLS handshake to complete (tracker fulfils promise + deactivates framer)
2026-02-27T22:54:32.2732034Z 
2026-02-27T22:54:32.2733280Z /home/runner/work/sql-nio/sql-nio/.build/checkouts/swift-nio-ssl/Sources/NIOSSL/NIOSSLClientHandler.swift:294:1: note: conformance of 'NIOSSLClientHandler' to 'Sendable' has been explicitly marked unavailable here
2026-02-27T22:54:32.2734849Z 292 | #if compiler(<6.2)
2026-02-27T22:54:32.2735241Z 293 | @available(*, unavailable)
2026-02-27T22:54:32.2735700Z 294 | extension NIOSSLClientHandler: Sendable {}
2026-02-27T22:54:32.2736566Z     | `- note: conformance of 'NIOSSLClientHandler' to 'Sendable' has been explicitly marked unavailable here
2026-02-27T22:54:32.2737400Z 295 | #endif
2026-02-27T22:54:32.2737665Z 296 | 
2026-02-27T22:54:32.7727295Z [1236/1253] Wrapping AST for MSSQLNio for debugging
2026-02-27T22:54:32.7760185Z [1238/1263] Emitting module MSSQLNioTests
2026-02-27T22:54:32.7760771Z [1239/1265] Compiling MSSQLNioTests TestDatabase.swift
2026-02-27T22:54:32.7761379Z [1240/1265] Compiling MSSQLNioTests TestValueHelpers.swift
2026-02-27T22:54:33.7700878Z [1241/1265] Compiling PostgresNioTests PostgresIntegrationTests.swift
2026-02-27T22:54:33.7702999Z /home/runner/work/sql-nio/sql-nio/Tests/PostgresNioTests/PostgresIntegrationTests.swift:1458:42: warning: mutation of captured var 'notices' in concurrently-executing code; this is an error in the Swift 6 language mode
2026-02-27T22:54:33.7705408Z 1456 |             try await PGTestDatabase.withConnection { conn in
2026-02-27T22:54:33.7706187Z 1457 |                 var notices: [String] = []
2026-02-27T22:54:33.7706899Z 1458 |                 conn.onNotice = { msg in notices.append(msg) }
2026-02-27T22:54:33.7708217Z      |                                          `- warning: mutation of captured var 'notices' in concurrently-executing code; this is an error in the Swift 6 language mode
2026-02-27T22:54:33.7709489Z 1459 | 
2026-02-27T22:54:33.7710191Z 1460 |                 // PostgreSQL RAISE NOTICE generates a notice message
2026-02-27T22:54:33.7773803Z [1242/1265] Emitting module PostgresNioTests
2026-02-27T22:54:33.9883294Z [1243/1266] Wrapping AST for PostgresNioTests for debugging
2026-02-27T22:54:34.0279951Z [1245/1266] Compiling MSSQLNioTests MSSQLNewFeatureTests.swift
2026-02-27T22:54:34.0285219Z /home/runner/work/sql-nio/sql-nio/Tests/MSSQLNioTests/MSSQLNioTests.swift:9:13: warning: variable 'allocator' was never mutated; consider changing to 'let' constant
2026-02-27T22:54:34.0287936Z  7 | 
2026-02-27T22:54:34.0293038Z  8 |     func testHeaderRoundtrip() throws {
2026-02-27T22:54:34.0295144Z  9 |         var allocator = ByteBufferAllocator()
2026-02-27T22:54:34.0302248Z    |             `- warning: variable 'allocator' was never mutated; consider changing to 'let' constant
2026-02-27T22:54:34.0304902Z 10 |         var buf = allocator.buffer(capacity: 8)
2026-02-27T22:54:34.0307141Z 11 | 
2026-02-27T22:54:34.0335913Z [1246/1266] Compiling MSSQLNioTests MSSQLNioTests.swift
2026-02-27T22:54:34.0345228Z /home/runner/work/sql-nio/sql-nio/Tests/MSSQLNioTests/MSSQLNioTests.swift:9:13: warning: variable 'allocator' was never mutated; consider changing to 'let' constant
2026-02-27T22:54:34.0346417Z  7 | 
2026-02-27T22:54:34.0346716Z  8 |     func testHeaderRoundtrip() throws {
2026-02-27T22:54:34.0347186Z  9 |         var allocator = ByteBufferAllocator()
2026-02-27T22:54:34.0347935Z    |             `- warning: variable 'allocator' was never mutated; consider changing to 'let' constant
2026-02-27T22:54:34.0348715Z 10 |         var buf = allocator.buffer(capacity: 8)
2026-02-27T22:54:34.0349147Z 11 | 
2026-02-27T22:54:34.0360341Z [1247/1266] Compiling MSSQLNioTests MSSQLQueryTests.swift
2026-02-27T22:54:34.0366197Z /home/runner/work/sql-nio/sql-nio/Tests/MSSQLNioTests/MSSQLNioTests.swift:9:13: warning: variable 'allocator' was never mutated; consider changing to 'let' constant
2026-02-27T22:54:34.0367389Z  7 | 
2026-02-27T22:54:34.0367681Z  8 |     func testHeaderRoundtrip() throws {
2026-02-27T22:54:34.0368163Z  9 |         var allocator = ByteBufferAllocator()
2026-02-27T22:54:34.0368903Z    |             `- warning: variable 'allocator' was never mutated; consider changing to 'let' constant
2026-02-27T22:54:34.0369864Z 10 |         var buf = allocator.buffer(capacity: 8)
2026-02-27T22:54:34.0370300Z 11 | 
2026-02-27T22:54:34.7163104Z [1248/1266] Compiling MSSQLNioTests MSSQLStoredProcTests.swift
2026-02-27T22:54:34.7164302Z [1249/1266] Compiling MSSQLNioTests NTLMTests.swift
2026-02-27T22:54:34.7165147Z [1250/1266] Compiling MSSQLNioTests SQLClientCompatTests.swift
2026-02-27T22:54:34.7165881Z [1251/1266] Compiling MSSQLNioTests MSSQLAdvancedFeatureTests.swift
2026-02-27T22:54:34.7166582Z [1252/1266] Compiling MSSQLNioTests MSSQLDataTypeTests.swift
2026-02-27T22:54:34.7167201Z [1253/1266] Compiling MSSQLNioTests MSSQLErrorTests.swift
2026-02-27T22:54:34.7885298Z [1255/1267] Compiling MySQLNioTests MySQLNioTests.swift
2026-02-27T22:54:34.7886078Z [1256/1267] Compiling MySQLNioTests MySQLIntegrationTests.swift
2026-02-27T22:54:34.7886642Z [1257/1267] Emitting module MySQLNioTests
2026-02-27T22:54:34.8502919Z [1257/1268] Wrapping AST for MSSQLNioTests for debugging
2026-02-27T22:54:34.9065497Z [1259/1268] /home/runner/work/sql-nio/sql-nio/.build/x86_64-unknown-linux-gnu/debug/sql-nioPackageDiscoveredTests.derived/all-discovered-tests.swift
2026-02-27T22:54:34.9067724Z [1260/1268] Write sources
2026-02-27T22:54:34.9565750Z [1261/1268] Wrapping AST for MySQLNioTests for debugging
2026-02-27T22:54:36.1094204Z [1263/1274] Compiling sql_nioPackageDiscoveredTests PostgresNioTests.swift
2026-02-27T22:54:36.1095501Z [1264/1274] Compiling sql_nioPackageDiscoveredTests SQLNioCoreTests.swift
2026-02-27T22:54:36.1096335Z [1265/1274] Compiling sql_nioPackageDiscoveredTests MSSQLNioTests.swift
2026-02-27T22:54:36.1097109Z [1266/1274] Compiling sql_nioPackageDiscoveredTests MySQLNioTests.swift
2026-02-27T22:54:36.1097818Z [1267/1274] Emitting module sql_nioPackageDiscoveredTests
2026-02-27T22:54:36.1098471Z [1268/1274] Compiling sql_nioPackageDiscoveredTests SQLiteNioTests.swift
2026-02-27T22:54:36.2385068Z [1269/1275] Compiling sql_nioPackageDiscoveredTests all-discovered-tests.swift
2026-02-27T22:54:36.3081804Z [1270/1276] /home/runner/work/sql-nio/sql-nio/.build/x86_64-unknown-linux-gnu/debug/sql-nioPackageTests.derived/runner.swift
2026-02-27T22:54:36.3083250Z [1271/1276] Write sources
2026-02-27T22:54:36.3648390Z [1272/1276] Wrapping AST for sql-nioPackageDiscoveredTests for debugging
2026-02-27T22:54:37.6297616Z [1274/1278] Emitting module sql_nioPackageTests
2026-02-27T22:54:37.6298247Z [1275/1278] Compiling sql_nioPackageTests runner.swift
2026-02-27T22:54:37.8097207Z [1276/1279] Wrapping AST for sql-nioPackageTests for debugging
2026-02-27T22:54:37.8109356Z [1277/1279] Write Objects.LinkFileList
2026-02-27T22:54:38.8356487Z [1278/1279] Linking sql-nioPackageTests.xctest
2026-02-27T22:54:38.8421532Z Build complete! (177.83s)
2026-02-27T22:54:40.2274941Z Test Suite 'Selected tests' started at 2026-02-27 22:54:38.908
2026-02-27T22:54:40.2275881Z Test Suite 'PGAdvancedQueryTests' started at 2026-02-27 22:54:38.909
2026-02-27T22:54:40.2277107Z Test Case 'PGAdvancedQueryTests.testBetweenClause' started at 2026-02-27 22:54:38.909
2026-02-27T22:54:40.2279565Z /home/runner/work/sql-nio/sql-nio/Tests/PostgresNioTests/PostgresIntegrationTests.swift:1145: error: PGAdvancedQueryTests.testBetweenClause : failed - Unexpected error: Server error 0: relation "employees" does not exist
2026-02-27T22:54:40.2281952Z Test Case 'PGAdvancedQueryTests.testBetweenClause' failed (0.108 seconds)
2026-02-27T22:54:40.2283067Z Test Case 'PGAdvancedQueryTests.testCTEQuery' started at 2026-02-27 22:54:39.018
2026-02-27T22:54:40.2285208Z /home/runner/work/sql-nio/sql-nio/Tests/PostgresNioTests/PostgresIntegrationTests.swift:1060: error: PGAdvancedQueryTests.testCTEQuery : failed - Unexpected error: Server error 0: relation "employees" does not exist
2026-02-27T22:54:40.2287307Z Test Case 'PGAdvancedQueryTests.testCTEQuery' failed (0.095 seconds)
2026-02-27T22:54:40.2288361Z Test Case 'PGAdvancedQueryTests.testCaseExpression' started at 2026-02-27 22:54:39.112
2026-02-27T22:54:40.2290455Z /home/runner/work/sql-nio/sql-nio/Tests/PostgresNioTests/PostgresIntegrationTests.swift:1092: error: PGAdvancedQueryTests.testCaseExpression : failed - Unexpected error: Server error 0: relation "employees" does not exist
2026-02-27T22:54:40.2292231Z Test Case 'PGAdvancedQueryTests.testCaseExpression' failed (0.095 seconds)
2026-02-27T22:54:40.2293333Z Test Case 'PGAdvancedQueryTests.testInClause' started at 2026-02-27 22:54:39.207
2026-02-27T22:54:40.2295144Z /home/runner/work/sql-nio/sql-nio/Tests/PostgresNioTests/PostgresIntegrationTests.swift:1132: error: PGAdvancedQueryTests.testInClause : failed - Unexpected error: Server error 0: relation "departments" does not exist
2026-02-27T22:54:40.2296887Z Test Case 'PGAdvancedQueryTests.testInClause' failed (0.097 seconds)
2026-02-27T22:54:40.2297754Z Test Case 'PGAdvancedQueryTests.testLikePattern' started at 2026-02-27 22:54:39.304
2026-02-27T22:54:40.2299599Z /home/runner/work/sql-nio/sql-nio/Tests/PostgresNioTests/PostgresIntegrationTests.swift:1120: error: PGAdvancedQueryTests.testLikePattern : failed - Unexpected error: Server error 0: relation "employees" does not exist
2026-02-27T22:54:40.2301640Z Test Case 'PGAdvancedQueryTests.testLikePattern' failed (0.094 seconds)
2026-02-27T22:54:40.2302568Z Test Case 'PGAdvancedQueryTests.testStringConcatenation' started at 2026-02-27 22:54:39.398
2026-02-27T22:54:40.2303906Z Test Case 'PGAdvancedQueryTests.testStringConcatenation' passed (0.098 seconds)
2026-02-27T22:54:40.2304907Z Test Case 'PGAdvancedQueryTests.testSubquery' started at 2026-02-27 22:54:39.496
2026-02-27T22:54:40.2306791Z /home/runner/work/sql-nio/sql-nio/Tests/PostgresNioTests/PostgresIntegrationTests.swift:1044: error: PGAdvancedQueryTests.testSubquery : failed - Unexpected error: Server error 0: relation "employees" does not exist
2026-02-27T22:54:40.2308531Z Test Case 'PGAdvancedQueryTests.testSubquery' failed (0.094 seconds)
2026-02-27T22:54:40.2309370Z Test Case 'PGAdvancedQueryTests.testWindowFunction' started at 2026-02-27 22:54:39.590
2026-02-27T22:54:40.2311319Z /home/runner/work/sql-nio/sql-nio/Tests/PostgresNioTests/PostgresIntegrationTests.swift:1075: error: PGAdvancedQueryTests.testWindowFunction : failed - Unexpected error: Server error 0: relation "employees" does not exist
2026-02-27T22:54:40.2312370Z Test Case 'PGAdvancedQueryTests.testWindowFunction' failed (0.095 seconds)
2026-02-27T22:54:40.2312846Z Test Suite 'PGAdvancedQueryTests' failed at 2026-02-27 22:54:39.685
2026-02-27T22:54:40.2313278Z 	 Executed 8 tests, with 7 failures (0 unexpected) in 0.775 (0.775) seconds
2026-02-27T22:54:40.2313679Z Test Suite 'PGBackupTests' started at 2026-02-27 22:54:39.685
2026-02-27T22:54:40.2314139Z Test Case 'PGBackupTests.testDumpAndRestoreRoundTrip' started at 2026-02-27 22:54:39.685
2026-02-27T22:54:40.2314954Z Test Case 'PGBackupTests.testDumpAndRestoreRoundTrip' passed (0.125 seconds)
2026-02-27T22:54:40.2315453Z Test Case 'PGBackupTests.testDumpHandlesNulls' started at 2026-02-27 22:54:39.810
2026-02-27T22:54:40.2315919Z Test Case 'PGBackupTests.testDumpHandlesNulls' passed (0.107 seconds)
2026-02-27T22:54:40.2316363Z Test Case 'PGBackupTests.testDumpToFile' started at 2026-02-27 22:54:39.917
2026-02-27T22:54:40.2316788Z Test Case 'PGBackupTests.testDumpToFile' passed (0.109 seconds)
2026-02-27T22:54:40.2317204Z Test Case 'PGBackupTests.testLogicalDump' started at 2026-02-27 22:54:40.026
2026-02-27T22:54:40.2317633Z Test Case 'PGBackupTests.testLogicalDump' passed (0.107 seconds)
2026-02-27T22:54:40.2318000Z Test Suite 'PGBackupTests' passed at 2026-02-27 22:54:40.133
2026-02-27T22:54:40.2318374Z 	 Executed 4 tests, with 0 failures (0 unexpected) in 0.448 (0.448) seconds
2026-02-27T22:54:40.2318771Z Test Suite 'PGBasicQueryTests' started at 2026-02-27 22:54:40.133
2026-02-27T22:54:40.2319227Z Test Case 'PGBasicQueryTests.testSelectBoolFalse' started at 2026-02-27 22:54:40.133
2026-02-27T22:54:40.2319973Z Test Case 'PGBasicQueryTests.testSelectBoolFalse' passed (0.094 seconds)
2026-02-27T22:54:42.0038092Z Test Case 'PGBasicQueryTests.testSelectBoolTrue' started at 2026-02-27 22:54:40.227
2026-02-27T22:54:42.0041605Z Test Case 'PGBasicQueryTests.testSelectBoolTrue' passed (0.095 seconds)
2026-02-27T22:54:42.0042780Z Test Case 'PGBasicQueryTests.testSelectCurrentTimestamp' started at 2026-02-27 22:54:40.322
2026-02-27T22:54:42.0043914Z Test Case 'PGBasicQueryTests.testSelectCurrentTimestamp' passed (0.096 seconds)
2026-02-27T22:54:42.0044872Z Test Case 'PGBasicQueryTests.testSelectEmptyResult' started at 2026-02-27 22:54:40.418
2026-02-27T22:54:42.0045827Z Test Case 'PGBasicQueryTests.testSelectEmptyResult' passed (0.094 seconds)
2026-02-27T22:54:42.0046737Z Test Case 'PGBasicQueryTests.testSelectFloat' started at 2026-02-27 22:54:40.513
2026-02-27T22:54:42.0047652Z Test Case 'PGBasicQueryTests.testSelectFloat' passed (0.096 seconds)
2026-02-27T22:54:42.0048613Z Test Case 'PGBasicQueryTests.testSelectMultipleColumns' started at 2026-02-27 22:54:40.608
2026-02-27T22:54:42.0049567Z Test Case 'PGBasicQueryTests.testSelectMultipleColumns' passed (0.095 seconds)
2026-02-27T22:54:42.0050633Z Test Case 'PGBasicQueryTests.testSelectMultipleRows' started at 2026-02-27 22:54:40.704
2026-02-27T22:54:42.0051508Z Test Case 'PGBasicQueryTests.testSelectMultipleRows' passed (0.095 seconds)
2026-02-27T22:54:42.0052387Z Test Case 'PGBasicQueryTests.testSelectNull' started at 2026-02-27 22:54:40.799
2026-02-27T22:54:42.0053820Z Test Case 'PGBasicQueryTests.testSelectNull' passed (0.093 seconds)
2026-02-27T22:54:42.0054752Z Test Case 'PGBasicQueryTests.testSelectScalarInt' started at 2026-02-27 22:54:40.892
2026-02-27T22:54:42.0055737Z Test Case 'PGBasicQueryTests.testSelectScalarInt' passed (0.093 seconds)
2026-02-27T22:54:42.0056591Z Test Case 'PGBasicQueryTests.testSelectScalarString' started at 2026-02-27 22:54:40.985
2026-02-27T22:54:42.0057282Z Test Case 'PGBasicQueryTests.testSelectScalarString' passed (0.093 seconds)
2026-02-27T22:54:42.0058098Z Test Suite 'PGBasicQueryTests' passed at 2026-02-27 22:54:41.078
2026-02-27T22:54:42.0058838Z 	 Executed 10 tests, with 0 failures (0 unexpected) in 0.945 (0.945) seconds
2026-02-27T22:54:42.0059604Z Test Suite 'PGBulkInsertTests' started at 2026-02-27 22:54:41.078
2026-02-27T22:54:42.0060684Z Test Case 'PGBulkInsertTests.testBulkInsertDicts' started at 2026-02-27 22:54:41.078
2026-02-27T22:54:42.0062023Z /home/runner/work/sql-nio/sql-nio/Tests/PostgresNioTests/PostgresIntegrationTests.swift:1419: error: PGBulkInsertTests.testBulkInsertDicts : failed - Unexpected error: Server error 0: relation "departments" does not exist
2026-02-27T22:54:42.0063414Z Test Case 'PGBulkInsertTests.testBulkInsertDicts' failed (0.095 seconds)
2026-02-27T22:54:42.0064040Z Test Case 'PGBulkInsertTests.testBulkInsertEmpty' started at 2026-02-27 22:54:41.173
2026-02-27T22:54:42.0064647Z Test Case 'PGBulkInsertTests.testBulkInsertEmpty' passed (0.093 seconds)
2026-02-27T22:54:42.0065372Z Test Case 'PGBulkInsertTests.testBulkInsertRows' started at 2026-02-27 22:54:41.266
2026-02-27T22:54:42.0066419Z /home/runner/work/sql-nio/sql-nio/Tests/PostgresNioTests/PostgresIntegrationTests.swift:1396: error: PGBulkInsertTests.testBulkInsertRows : failed - Unexpected error: Server error 0: relation "departments" does not exist
2026-02-27T22:54:42.0067519Z Test Case 'PGBulkInsertTests.testBulkInsertRows' failed (0.101 seconds)
2026-02-27T22:54:42.0067939Z Test Suite 'PGBulkInsertTests' failed at 2026-02-27 22:54:41.367
2026-02-27T22:54:42.0068506Z 	 Executed 3 tests, with 2 failures (0 unexpected) in 0.289 (0.289) seconds
2026-02-27T22:54:42.0069241Z Test Suite 'PGConcurrencyTests' started at 2026-02-27 22:54:41.367
2026-02-27T22:54:42.0070305Z Test Case 'PGConcurrencyTests.testConcurrentConnections' started at 2026-02-27 22:54:41.367
2026-02-27T22:54:42.0071086Z Test Case 'PGConcurrencyTests.testConcurrentConnections' passed (0.26 seconds)
2026-02-27T22:54:42.0071979Z Test Case 'PGConcurrencyTests.testSequentialQueriesOnSameConnection' started at 2026-02-27 22:54:41.627
2026-02-27T22:54:42.0072999Z Test Case 'PGConcurrencyTests.testSequentialQueriesOnSameConnection' passed (0.099 seconds)
2026-02-27T22:54:42.0073617Z Test Suite 'PGConcurrencyTests' passed at 2026-02-27 22:54:41.726
2026-02-27T22:54:42.0074028Z 	 Executed 2 tests, with 0 failures (0 unexpected) in 0.359 (0.359) seconds
2026-02-27T22:54:42.0074427Z Test Suite 'PGConnectionTests' started at 2026-02-27 22:54:41.726
2026-02-27T22:54:42.0074872Z Test Case 'PGConnectionTests.testBasicConnect' started at 2026-02-27 22:54:41.726
2026-02-27T22:54:42.0075341Z Test Case 'PGConnectionTests.testBasicConnect' passed (0.093 seconds)
2026-02-27T22:54:42.0075885Z Test Case 'PGConnectionTests.testConnectWithWrongPasswordFails' started at 2026-02-27 22:54:41.819
2026-02-27T22:54:42.0076504Z Test Case 'PGConnectionTests.testConnectWithWrongPasswordFails' passed (0.091 seconds)
2026-02-27T22:54:42.0077087Z Test Case 'PGConnectionTests.testConnectionClosedThrows' started at 2026-02-27 22:54:41.910
2026-02-27T22:54:42.0077636Z Test Case 'PGConnectionTests.testConnectionClosedThrows' passed (0.093 seconds)
2026-02-27T22:54:42.0078077Z Test Suite 'PGConnectionTests' passed at 2026-02-27 22:54:42.003
2026-02-27T22:54:42.0078466Z 	 Executed 3 tests, with 0 failures (0 unexpected) in 0.277 (0.277) seconds
2026-02-27T22:54:42.0078843Z Test Suite 'PGDMLTests' started at 2026-02-27 22:54:42.003
2026-02-27T22:54:43.0498758Z Test Case 'PGDMLTests.testDelete' started at 2026-02-27 22:54:42.003
2026-02-27T22:54:43.0502062Z /home/runner/work/sql-nio/sql-nio/Tests/PostgresNioTests/PostgresIntegrationTests.swift:668: error: PGDMLTests.testDelete : failed - Unexpected error: Server error 0: relation "departments" does not exist
2026-02-27T22:54:43.0503278Z Test Case 'PGDMLTests.testDelete' failed (0.094 seconds)
2026-02-27T22:54:43.0503970Z Test Case 'PGDMLTests.testInsertAndSelect' started at 2026-02-27 22:54:42.098
2026-02-27T22:54:43.0505765Z /home/runner/work/sql-nio/sql-nio/Tests/PostgresNioTests/PostgresIntegrationTests.swift:602: error: PGDMLTests.testInsertAndSelect : failed - Unexpected error: Server error 0: relation "departments" does not exist
2026-02-27T22:54:43.0507179Z Test Case 'PGDMLTests.testInsertAndSelect' failed (0.093 seconds)
2026-02-27T22:54:43.0507814Z Test Case 'PGDMLTests.testInsertReturning' started at 2026-02-27 22:54:42.191
2026-02-27T22:54:43.0508772Z /home/runner/work/sql-nio/sql-nio/Tests/PostgresNioTests/PostgresIntegrationTests.swift:703: error: PGDMLTests.testInsertReturning : failed - Unexpected error: Server error 0: relation "departments" does not exist
2026-02-27T22:54:43.0509958Z Test Case 'PGDMLTests.testInsertReturning' failed (0.095 seconds)
2026-02-27T22:54:43.0510427Z Test Case 'PGDMLTests.testInsertWithParameters' started at 2026-02-27 22:54:42.286
2026-02-27T22:54:43.0511752Z /home/runner/work/sql-nio/sql-nio/Tests/PostgresNioTests/PostgresIntegrationTests.swift:623: error: PGDMLTests.testInsertWithParameters : failed - Unexpected error: Server error 0: relation "departments" does not exist
2026-02-27T22:54:43.0513799Z Test Case 'PGDMLTests.testInsertWithParameters' failed (0.093 seconds)
2026-02-27T22:54:43.0514679Z Test Case 'PGDMLTests.testMultipleRowsAffected' started at 2026-02-27 22:54:42.379
2026-02-27T22:54:43.0516499Z /home/runner/work/sql-nio/sql-nio/Tests/PostgresNioTests/PostgresIntegrationTests.swift:686: error: PGDMLTests.testMultipleRowsAffected : failed - Unexpected error: Server error 0: relation "departments" does not exist
2026-02-27T22:54:43.0518569Z Test Case 'PGDMLTests.testMultipleRowsAffected' failed (0.094 seconds)
2026-02-27T22:54:43.0519271Z Test Case 'PGDMLTests.testUpdate' started at 2026-02-27 22:54:42.473
2026-02-27T22:54:43.0520465Z /home/runner/work/sql-nio/sql-nio/Tests/PostgresNioTests/PostgresIntegrationTests.swift:643: error: PGDMLTests.testUpdate : failed - Unexpected error: Server error 0: relation "departments" does not exist
2026-02-27T22:54:43.0521484Z Test Case 'PGDMLTests.testUpdate' failed (0.096 seconds)
2026-02-27T22:54:43.0522060Z Test Suite 'PGDMLTests' failed at 2026-02-27 22:54:42.568
2026-02-27T22:54:43.0522448Z 	 Executed 6 tests, with 6 failures (0 unexpected) in 0.565 (0.565) seconds
2026-02-27T22:54:43.0522966Z Test Suite 'PGDataTypeTests' started at 2026-02-27 22:54:42.568
2026-02-27T22:54:43.0523389Z Test Case 'PGDataTypeTests.testBigintType' started at 2026-02-27 22:54:42.568
2026-02-27T22:54:43.0524357Z /home/runner/work/sql-nio/sql-nio/Tests/PostgresNioTests/PostgresIntegrationTests.swift:327: error: PGDataTypeTests.testBigintType : failed - Unexpected error: Server error 0: relation "type_samples" does not exist
2026-02-27T22:54:43.0525299Z Test Case 'PGDataTypeTests.testBigintType' failed (0.107 seconds)
2026-02-27T22:54:43.0525751Z Test Case 'PGDataTypeTests.testBoolType' started at 2026-02-27 22:54:42.675
2026-02-27T22:54:43.0526711Z /home/runner/work/sql-nio/sql-nio/Tests/PostgresNioTests/PostgresIntegrationTests.swift:295: error: PGDataTypeTests.testBoolType : failed - Unexpected error: Server error 0: relation "type_samples" does not exist
2026-02-27T22:54:43.0527628Z Test Case 'PGDataTypeTests.testBoolType' failed (0.094 seconds)
2026-02-27T22:54:43.0528039Z Test Case 'PGDataTypeTests.testDateType' started at 2026-02-27 22:54:42.769
2026-02-27T22:54:43.0528971Z /home/runner/work/sql-nio/sql-nio/Tests/PostgresNioTests/PostgresIntegrationTests.swift:392: error: PGDataTypeTests.testDateType : failed - Unexpected error: Server error 0: relation "type_samples" does not exist
2026-02-27T22:54:43.0530304Z Test Case 'PGDataTypeTests.testDateType' failed (0.094 seconds)
2026-02-27T22:54:43.0530723Z Test Case 'PGDataTypeTests.testFloat4Type' started at 2026-02-27 22:54:42.863
2026-02-27T22:54:43.0532063Z /home/runner/work/sql-nio/sql-nio/Tests/PostgresNioTests/PostgresIntegrationTests.swift:337: error: PGDataTypeTests.testFloat4Type : failed - Unexpected error: Server error 0: relation "type_samples" does not exist
2026-02-27T22:54:43.0533302Z Test Case 'PGDataTypeTests.testFloat4Type' failed (0.093 seconds)
2026-02-27T22:54:43.0533747Z Test Case 'PGDataTypeTests.testFloat8Type' started at 2026-02-27 22:54:42.956
2026-02-27T22:54:43.0534708Z /home/runner/work/sql-nio/sql-nio/Tests/PostgresNioTests/PostgresIntegrationTests.swift:348: error: PGDataTypeTests.testFloat8Type : failed - Unexpected error: Server error 0: relation "type_samples" does not exist
2026-02-27T22:54:43.0535652Z Test Case 'PGDataTypeTests.testFloat8Type' failed (0.093 seconds)
2026-02-27T22:54:43.9887414Z Test Case 'PGDataTypeTests.testIntType' started at 2026-02-27 22:54:43.050
2026-02-27T22:54:43.9890149Z /home/runner/work/sql-nio/sql-nio/Tests/PostgresNioTests/PostgresIntegrationTests.swift:317: error: PGDataTypeTests.testIntType : failed - Unexpected error: Server error 0: relation "type_samples" does not exist
2026-02-27T22:54:43.9892606Z Test Case 'PGDataTypeTests.testIntType' failed (0.095 seconds)
2026-02-27T22:54:43.9894110Z Test Case 'PGDataTypeTests.testNullableColumn' started at 2026-02-27 22:54:43.145
2026-02-27T22:54:43.9898326Z /home/runner/work/sql-nio/sql-nio/Tests/PostgresNioTests/PostgresIntegrationTests.swift:434: error: PGDataTypeTests.testNullableColumn : failed - Unexpected error: Server error 0: relation "type_samples" does not exist
2026-02-27T22:54:43.9901522Z Test Case 'PGDataTypeTests.testNullableColumn' failed (0.096 seconds)
2026-02-27T22:54:43.9902405Z Test Case 'PGDataTypeTests.testNumericType' started at 2026-02-27 22:54:43.241
2026-02-27T22:54:43.9904096Z /home/runner/work/sql-nio/sql-nio/Tests/PostgresNioTests/PostgresIntegrationTests.swift:359: error: PGDataTypeTests.testNumericType : failed - Unexpected error: Server error 0: relation "type_samples" does not exist
2026-02-27T22:54:43.9905101Z Test Case 'PGDataTypeTests.testNumericType' failed (0.092 seconds)
2026-02-27T22:54:43.9905587Z Test Case 'PGDataTypeTests.testSmallintType' started at 2026-02-27 22:54:43.334
2026-02-27T22:54:43.9906604Z /home/runner/work/sql-nio/sql-nio/Tests/PostgresNioTests/PostgresIntegrationTests.swift:305: error: PGDataTypeTests.testSmallintType : failed - Unexpected error: Server error 0: relation "type_samples" does not exist
2026-02-27T22:54:43.9907572Z Test Case 'PGDataTypeTests.testSmallintType' failed (0.093 seconds)
2026-02-27T22:54:43.9908033Z Test Case 'PGDataTypeTests.testTextType' started at 2026-02-27 22:54:43.427
2026-02-27T22:54:43.9909003Z /home/runner/work/sql-nio/sql-nio/Tests/PostgresNioTests/PostgresIntegrationTests.swift:372: error: PGDataTypeTests.testTextType : failed - Unexpected error: Server error 0: relation "type_samples" does not exist
2026-02-27T22:54:43.9910577Z Test Case 'PGDataTypeTests.testTextType' failed (0.094 seconds)
2026-02-27T22:54:43.9911410Z Test Case 'PGDataTypeTests.testTimestampType' started at 2026-02-27 22:54:43.521
2026-02-27T22:54:43.9913287Z /home/runner/work/sql-nio/sql-nio/Tests/PostgresNioTests/PostgresIntegrationTests.swift:409: error: PGDataTypeTests.testTimestampType : failed - Unexpected error: Server error 0: relation "type_samples" does not exist
2026-02-27T22:54:43.9915079Z Test Case 'PGDataTypeTests.testTimestampType' failed (0.093 seconds)
2026-02-27T22:54:43.9915925Z Test Case 'PGDataTypeTests.testUUIDType' started at 2026-02-27 22:54:43.614
2026-02-27T22:54:43.9917073Z /home/runner/work/sql-nio/sql-nio/Tests/PostgresNioTests/PostgresIntegrationTests.swift:422: error: PGDataTypeTests.testUUIDType : failed - Unexpected error: Server error 0: relation "type_samples" does not exist
2026-02-27T22:54:43.9918238Z Test Case 'PGDataTypeTests.testUUIDType' failed (0.093 seconds)
2026-02-27T22:54:43.9918678Z Test Case 'PGDataTypeTests.testVarcharType' started at 2026-02-27 22:54:43.707
2026-02-27T22:54:43.9919860Z /home/runner/work/sql-nio/sql-nio/Tests/PostgresNioTests/PostgresIntegrationTests.swift:382: error: PGDataTypeTests.testVarcharType : failed - Unexpected error: Server error 0: relation "type_samples" does not exist
2026-02-27T22:54:43.9920809Z Test Case 'PGDataTypeTests.testVarcharType' failed (0.094 seconds)
2026-02-27T22:54:43.9921208Z Test Suite 'PGDataTypeTests' failed at 2026-02-27 22:54:43.801
2026-02-27T22:54:43.9921599Z 	 Executed 13 tests, with 13 failures (0 unexpected) in 1.232 (1.232) seconds
2026-02-27T22:54:43.9922011Z Test Suite 'PGDecodableTests' started at 2026-02-27 22:54:43.801
2026-02-27T22:54:43.9922469Z Test Case 'PGDecodableTests.testDecodeMultipleRows' started at 2026-02-27 22:54:43.801
2026-02-27T22:54:43.9923510Z /home/runner/work/sql-nio/sql-nio/Tests/PostgresNioTests/PostgresIntegrationTests.swift:983: error: PGDecodableTests.testDecodeMultipleRows : failed - Unexpected error: Server error 0: relation "departments" does not exist
2026-02-27T22:54:43.9924522Z Test Case 'PGDecodableTests.testDecodeMultipleRows' failed (0.093 seconds)
2026-02-27T22:54:43.9925010Z Test Case 'PGDecodableTests.testDecodeStruct' started at 2026-02-27 22:54:43.894
2026-02-27T22:54:43.9926036Z /home/runner/work/sql-nio/sql-nio/Tests/PostgresNioTests/PostgresIntegrationTests.swift:970: error: PGDecodableTests.testDecodeStruct : failed - Unexpected error: Server error 0: relation "departments" does not exist
2026-02-27T22:54:43.9927119Z Test Case 'PGDecodableTests.testDecodeStruct' failed (0.094 seconds)
2026-02-27T22:54:43.9927514Z Test Suite 'PGDecodableTests' failed at 2026-02-27 22:54:43.988
2026-02-27T22:54:43.9927910Z 	 Executed 2 tests, with 2 failures (0 unexpected) in 0.187 (0.187) seconds
2026-02-27T22:54:43.9928295Z Test Suite 'PGErrorTests' started at 2026-02-27 22:54:43.988
2026-02-27T22:54:45.6756840Z Test Case 'PGErrorTests.testConnectionRecoveryAfterError' started at 2026-02-27 22:54:43.988
2026-02-27T22:54:45.6758435Z Test Case 'PGErrorTests.testConnectionRecoveryAfterError' passed (0.095 seconds)
2026-02-27T22:54:45.6759945Z Test Case 'PGErrorTests.testDivisionByZeroThrows' started at 2026-02-27 22:54:44.083
2026-02-27T22:54:45.6761041Z Test Case 'PGErrorTests.testDivisionByZeroThrows' passed (0.094 seconds)
2026-02-27T22:54:45.6762129Z Test Case 'PGErrorTests.testForeignKeyViolation' started at 2026-02-27 22:54:44.177
2026-02-27T22:54:45.6763300Z Test Case 'PGErrorTests.testForeignKeyViolation' passed (0.094 seconds)
2026-02-27T22:54:45.6764349Z Test Case 'PGErrorTests.testInvalidSQLThrows' started at 2026-02-27 22:54:44.270
2026-02-27T22:54:45.6765374Z Test Case 'PGErrorTests.testInvalidSQLThrows' passed (0.093 seconds)
2026-02-27T22:54:45.6766424Z Test Case 'PGErrorTests.testTableNotFoundThrows' started at 2026-02-27 22:54:44.363
2026-02-27T22:54:45.6767472Z Test Case 'PGErrorTests.testTableNotFoundThrows' passed (0.093 seconds)
2026-02-27T22:54:45.6768668Z Test Case 'PGErrorTests.testUniqueConstraintViolation' started at 2026-02-27 22:54:44.456
2026-02-27T22:54:45.6769988Z Test Case 'PGErrorTests.testUniqueConstraintViolation' passed (0.093 seconds)
2026-02-27T22:54:45.6770828Z Test Suite 'PGErrorTests' passed at 2026-02-27 22:54:44.550
2026-02-27T22:54:45.6771560Z 	 Executed 6 tests, with 0 failures (0 unexpected) in 0.562 (0.562) seconds
2026-02-27T22:54:45.6772291Z Test Suite 'PGFunctionTests' started at 2026-02-27 22:54:44.550
2026-02-27T22:54:45.6773108Z Test Case 'PGFunctionTests.testBuiltinMathFunctions' started at 2026-02-27 22:54:44.550
2026-02-27T22:54:45.6774029Z Test Case 'PGFunctionTests.testBuiltinMathFunctions' passed (0.095 seconds)
2026-02-27T22:54:45.6774997Z Test Case 'PGFunctionTests.testBuiltinStringFunctions' started at 2026-02-27 22:54:44.644
2026-02-27T22:54:45.6775977Z Test Case 'PGFunctionTests.testBuiltinStringFunctions' passed (0.094 seconds)
2026-02-27T22:54:45.6777240Z Test Case 'PGFunctionTests.testCountFunction' started at 2026-02-27 22:54:44.739
2026-02-27T22:54:45.6779122Z /home/runner/work/sql-nio/sql-nio/Tests/PostgresNioTests/PostgresIntegrationTests.swift:904: error: PGFunctionTests.testCountFunction : failed - Unexpected error: Server error 0: function get_employee_count(integer) does not exist
2026-02-27T22:54:45.6781094Z Test Case 'PGFunctionTests.testCountFunction' failed (0.093 seconds)
2026-02-27T22:54:45.6782041Z Test Case 'PGFunctionTests.testFunctionWithTableColumn' started at 2026-02-27 22:54:44.832
2026-02-27T22:54:45.6784171Z /home/runner/work/sql-nio/sql-nio/Tests/PostgresNioTests/PostgresIntegrationTests.swift:891: error: PGFunctionTests.testFunctionWithTableColumn : failed - Unexpected error: Server error 0: function get_department_budget(integer) does not exist
2026-02-27T22:54:45.6786323Z Test Case 'PGFunctionTests.testFunctionWithTableColumn' failed (0.093 seconds)
2026-02-27T22:54:45.6799337Z Test Case 'PGFunctionTests.testScalarFunction' started at 2026-02-27 22:54:44.925
2026-02-27T22:54:45.6800883Z /home/runner/work/sql-nio/sql-nio/Tests/PostgresNioTests/PostgresIntegrationTests.swift:881: error: PGFunctionTests.testScalarFunction : failed - Unexpected error: Server error 0: function add_numbers(integer, integer) does not exist
2026-02-27T22:54:45.6801957Z Test Case 'PGFunctionTests.testScalarFunction' failed (0.094 seconds)
2026-02-27T22:54:45.6802369Z Test Suite 'PGFunctionTests' failed at 2026-02-27 22:54:45.018
2026-02-27T22:54:45.6803010Z 	 Executed 5 tests, with 3 failures (0 unexpected) in 0.469 (0.469) seconds
2026-02-27T22:54:45.6803427Z Test Suite 'PGNoticeTests' started at 2026-02-27 22:54:45.018
2026-02-27T22:54:45.6803878Z Test Case 'PGNoticeTests.testNoNoticeWithoutCallback' started at 2026-02-27 22:54:45.018
2026-02-27T22:54:45.6804417Z Test Case 'PGNoticeTests.testNoNoticeWithoutCallback' passed (0.094 seconds)
2026-02-27T22:54:45.6804908Z Test Case 'PGNoticeTests.testNoticeCallback' started at 2026-02-27 22:54:45.112
2026-02-27T22:54:45.6805362Z Test Case 'PGNoticeTests.testNoticeCallback' passed (0.094 seconds)
2026-02-27T22:54:45.6805745Z Test Suite 'PGNoticeTests' passed at 2026-02-27 22:54:45.206
2026-02-27T22:54:45.6806118Z 	 Executed 2 tests, with 0 failures (0 unexpected) in 0.187 (0.187) seconds
2026-02-27T22:54:45.6806534Z Test Suite 'PGParameterizedTests' started at 2026-02-27 22:54:45.206
2026-02-27T22:54:45.6806998Z Test Case 'PGParameterizedTests.testBoolParameter' started at 2026-02-27 22:54:45.206
2026-02-27T22:54:45.6807514Z Test Case 'PGParameterizedTests.testBoolParameter' passed (0.094 seconds)
2026-02-27T22:54:45.6808013Z Test Case 'PGParameterizedTests.testFloatParameter' started at 2026-02-27 22:54:45.300
2026-02-27T22:54:45.6808516Z Test Case 'PGParameterizedTests.testFloatParameter' passed (0.094 seconds)
2026-02-27T22:54:45.6809010Z Test Case 'PGParameterizedTests.testIntParameter' started at 2026-02-27 22:54:45.394
2026-02-27T22:54:45.6809497Z Test Case 'PGParameterizedTests.testIntParameter' passed (0.094 seconds)
2026-02-27T22:54:45.6810183Z Test Case 'PGParameterizedTests.testNullParameter' started at 2026-02-27 22:54:45.488
2026-02-27T22:54:45.6810682Z Test Case 'PGParameterizedTests.testNullParameter' passed (0.094 seconds)
2026-02-27T22:54:45.6811208Z Test Case 'PGParameterizedTests.testSpecialCharInString' started at 2026-02-27 22:54:45.582
2026-02-27T22:54:46.9769491Z Test Case 'PGParameterizedTests.testSpecialCharInString' passed (0.094 seconds)
2026-02-27T22:54:46.9770796Z Test Case 'PGParameterizedTests.testStringParameter' started at 2026-02-27 22:54:45.676
2026-02-27T22:54:46.9771973Z Test Case 'PGParameterizedTests.testStringParameter' passed (0.095 seconds)
2026-02-27T22:54:46.9772942Z Test Suite 'PGParameterizedTests' passed at 2026-02-27 22:54:45.770
2026-02-27T22:54:46.9773791Z 	 Executed 6 tests, with 0 failures (0 unexpected) in 0.564 (0.564) seconds
2026-02-27T22:54:46.9774644Z Test Suite 'PGPoolTests' started at 2026-02-27 22:54:45.770
2026-02-27T22:54:46.9775519Z Test Case 'PGPoolTests.testAcquireRelease' started at 2026-02-27 22:54:45.770
2026-02-27T22:54:46.9777988Z Test Case 'PGPoolTests.testAcquireRelease' passed (0.094 seconds)
2026-02-27T22:54:46.9779019Z Test Case 'PGPoolTests.testConcurrentPoolConnections' started at 2026-02-27 22:54:45.864
2026-02-27T22:54:46.9780332Z Test Case 'PGPoolTests.testConcurrentPoolConnections' passed (0.175 seconds)
2026-02-27T22:54:46.9781331Z Test Case 'PGPoolTests.testPoolClosed' started at 2026-02-27 22:54:46.039
2026-02-27T22:54:46.9782215Z Test Case 'PGPoolTests.testPoolClosed' passed (0.001 seconds)
2026-02-27T22:54:46.9783065Z Test Case 'PGPoolTests.testPoolReusesConnections' started at 2026-02-27 22:54:46.040
2026-02-27T22:54:46.9783948Z Test Case 'PGPoolTests.testPoolReusesConnections' passed (0.096 seconds)
2026-02-27T22:54:46.9784761Z Test Case 'PGPoolTests.testWithConnection' started at 2026-02-27 22:54:46.136
2026-02-27T22:54:46.9785535Z Test Case 'PGPoolTests.testWithConnection' passed (0.093 seconds)
2026-02-27T22:54:46.9786203Z Test Suite 'PGPoolTests' passed at 2026-02-27 22:54:46.229
2026-02-27T22:54:46.9786859Z 	 Executed 5 tests, with 0 failures (0 unexpected) in 0.459 (0.459) seconds
2026-02-27T22:54:46.9787586Z Test Suite 'PGQueryMultiTests' started at 2026-02-27 22:54:46.229
2026-02-27T22:54:46.9788438Z Test Case 'PGQueryMultiTests.testQueryMultiFromTables' started at 2026-02-27 22:54:46.229
2026-02-27T22:54:46.9790623Z /home/runner/work/sql-nio/sql-nio/Tests/PostgresNioTests/PostgresIntegrationTests.swift:1251: error: PGQueryMultiTests.testQueryMultiFromTables : failed - Unexpected error: Server error 0: relation "departments" does not exist
2026-02-27T22:54:46.9792777Z Test Case 'PGQueryMultiTests.testQueryMultiFromTables' failed (0.093 seconds)
2026-02-27T22:54:46.9793902Z Test Case 'PGQueryMultiTests.testQueryMultiMixedStatements' started at 2026-02-27 22:54:46.322
2026-02-27T22:54:46.9795919Z /home/runner/work/sql-nio/sql-nio/Tests/PostgresNioTests/PostgresIntegrationTests.swift:1265: error: PGQueryMultiTests.testQueryMultiMixedStatements : failed - Unexpected error: Server error 0: relation "departments" does not exist
2026-02-27T22:54:46.9797874Z Test Case 'PGQueryMultiTests.testQueryMultiMixedStatements' failed (0.093 seconds)
2026-02-27T22:54:46.9798874Z Test Case 'PGQueryMultiTests.testQueryMultiSingle' started at 2026-02-27 22:54:46.416
2026-02-27T22:54:46.9799601Z Test Case 'PGQueryMultiTests.testQueryMultiSingle' passed (0.093 seconds)
2026-02-27T22:54:46.9800447Z Test Case 'PGQueryMultiTests.testQueryMultiTwoResultSets' started at 2026-02-27 22:54:46.509
2026-02-27T22:54:46.9801166Z Test Case 'PGQueryMultiTests.testQueryMultiTwoResultSets' passed (0.094 seconds)
2026-02-27T22:54:46.9801628Z Test Suite 'PGQueryMultiTests' failed at 2026-02-27 22:54:46.603
2026-02-27T22:54:46.9802034Z 	 Executed 4 tests, with 2 failures (0 unexpected) in 0.374 (0.374) seconds
2026-02-27T22:54:46.9802445Z Test Suite 'PGTableQueryTests' started at 2026-02-27 22:54:46.603
2026-02-27T22:54:46.9802908Z Test Case 'PGTableQueryTests.testComplexJoinQuery' started at 2026-02-27 22:54:46.603
2026-02-27T22:54:46.9803932Z /home/runner/work/sql-nio/sql-nio/Tests/PostgresNioTests/PostgresIntegrationTests.swift:574: error: PGTableQueryTests.testComplexJoinQuery : failed - Unexpected error: Server error 0: relation "orders" does not exist
2026-02-27T22:54:46.9804915Z Test Case 'PGTableQueryTests.testComplexJoinQuery' failed (0.094 seconds)
2026-02-27T22:54:46.9805444Z Test Case 'PGTableQueryTests.testSelectActiveProducts' started at 2026-02-27 22:54:46.697
2026-02-27T22:54:46.9806537Z /home/runner/work/sql-nio/sql-nio/Tests/PostgresNioTests/PostgresIntegrationTests.swift:560: error: PGTableQueryTests.testSelectActiveProducts : failed - Unexpected error: Server error 0: relation "products" does not exist
2026-02-27T22:54:46.9807550Z Test Case 'PGTableQueryTests.testSelectActiveProducts' failed (0.093 seconds)
2026-02-27T22:54:46.9808082Z Test Case 'PGTableQueryTests.testSelectAllDepartments' started at 2026-02-27 22:54:46.790
2026-02-27T22:54:46.9809143Z /home/runner/work/sql-nio/sql-nio/Tests/PostgresNioTests/PostgresIntegrationTests.swift:458: error: PGTableQueryTests.testSelectAllDepartments : failed - Unexpected error: Server error 0: relation "departments" does not exist
2026-02-27T22:54:46.9810562Z Test Case 'PGTableQueryTests.testSelectAllDepartments' failed (0.094 seconds)
2026-02-27T22:54:46.9811089Z Test Case 'PGTableQueryTests.testSelectWithAggregate' started at 2026-02-27 22:54:46.883
2026-02-27T22:54:47.9234268Z /home/runner/work/sql-nio/sql-nio/Tests/PostgresNioTests/PostgresIntegrationTests.swift:502: error: PGTableQueryTests.testSelectWithAggregate : failed - Unexpected error: Server error 0: relation "employees" does not exist
2026-02-27T22:54:47.9236269Z Test Case 'PGTableQueryTests.testSelectWithAggregate' failed (0.093 seconds)
2026-02-27T22:54:47.9237226Z Test Case 'PGTableQueryTests.testSelectWithGroupBy' started at 2026-02-27 22:54:46.976
2026-02-27T22:54:47.9241688Z /home/runner/work/sql-nio/sql-nio/Tests/PostgresNioTests/PostgresIntegrationTests.swift:512: error: PGTableQueryTests.testSelectWithGroupBy : failed - Unexpected error: Server error 0: relation "employees" does not exist
2026-02-27T22:54:47.9243970Z Test Case 'PGTableQueryTests.testSelectWithGroupBy' failed (0.094 seconds)
2026-02-27T22:54:47.9245061Z Test Case 'PGTableQueryTests.testSelectWithJoin' started at 2026-02-27 22:54:47.070
2026-02-27T22:54:47.9247291Z /home/runner/work/sql-nio/sql-nio/Tests/PostgresNioTests/PostgresIntegrationTests.swift:483: error: PGTableQueryTests.testSelectWithJoin : failed - Unexpected error: Server error 0: relation "employees" does not exist
2026-02-27T22:54:47.9250045Z Test Case 'PGTableQueryTests.testSelectWithJoin' failed (0.093 seconds)
2026-02-27T22:54:47.9250940Z Test Case 'PGTableQueryTests.testSelectWithLimit' started at 2026-02-27 22:54:47.164
2026-02-27T22:54:47.9252759Z /home/runner/work/sql-nio/sql-nio/Tests/PostgresNioTests/PostgresIntegrationTests.swift:539: error: PGTableQueryTests.testSelectWithLimit : failed - Unexpected error: Server error 0: relation "products" does not exist
2026-02-27T22:54:47.9254562Z Test Case 'PGTableQueryTests.testSelectWithLimit' failed (0.093 seconds)
2026-02-27T22:54:47.9255531Z Test Case 'PGTableQueryTests.testSelectWithOrderByDesc' started at 2026-02-27 22:54:47.257
2026-02-27T22:54:47.9257516Z /home/runner/work/sql-nio/sql-nio/Tests/PostgresNioTests/PostgresIntegrationTests.swift:528: error: PGTableQueryTests.testSelectWithOrderByDesc : failed - Unexpected error: Server error 0: relation "employees" does not exist
2026-02-27T22:54:47.9259388Z Test Case 'PGTableQueryTests.testSelectWithOrderByDesc' failed (0.094 seconds)
2026-02-27T22:54:47.9260685Z Test Case 'PGTableQueryTests.testSelectWithParameterFilter' started at 2026-02-27 22:54:47.351
2026-02-27T22:54:47.9262791Z /home/runner/work/sql-nio/sql-nio/Tests/PostgresNioTests/PostgresIntegrationTests.swift:549: error: PGTableQueryTests.testSelectWithParameterFilter : failed - Unexpected error: Server error 0: relation "employees" does not exist
2026-02-27T22:54:47.9264774Z Test Case 'PGTableQueryTests.testSelectWithParameterFilter' failed (0.093 seconds)
2026-02-27T22:54:47.9265727Z Test Case 'PGTableQueryTests.testSelectWithWhere' started at 2026-02-27 22:54:47.444
2026-02-27T22:54:47.9267414Z /home/runner/work/sql-nio/sql-nio/Tests/PostgresNioTests/PostgresIntegrationTests.swift:472: error: PGTableQueryTests.testSelectWithWhere : failed - Unexpected error: Server error 0: relation "employees" does not exist
2026-02-27T22:54:47.9268541Z Test Case 'PGTableQueryTests.testSelectWithWhere' failed (0.094 seconds)
2026-02-27T22:54:47.9268972Z Test Suite 'PGTableQueryTests' failed at 2026-02-27 22:54:47.538
2026-02-27T22:54:47.9269376Z 	 Executed 10 tests, with 10 failures (0 unexpected) in 0.934 (0.934) seconds
2026-02-27T22:54:47.9270013Z Test Suite 'PGTransactionAPITests' started at 2026-02-27 22:54:47.538
2026-02-27T22:54:47.9270485Z Test Case 'PGTransactionAPITests.testBeginCommit' started at 2026-02-27 22:54:47.538
2026-02-27T22:54:47.9271512Z /home/runner/work/sql-nio/sql-nio/Tests/PostgresNioTests/PostgresIntegrationTests.swift:1165: error: PGTransactionAPITests.testBeginCommit : failed - Unexpected error: Server error 0: relation "departments" does not exist
2026-02-27T22:54:47.9272699Z Test Case 'PGTransactionAPITests.testBeginCommit' failed (0.097 seconds)
2026-02-27T22:54:47.9273196Z Test Case 'PGTransactionAPITests.testBeginRollback' started at 2026-02-27 22:54:47.634
2026-02-27T22:54:47.9274225Z /home/runner/work/sql-nio/sql-nio/Tests/PostgresNioTests/PostgresIntegrationTests.swift:1182: error: PGTransactionAPITests.testBeginRollback : failed - Unexpected error: Server error 0: relation "departments" does not exist
2026-02-27T22:54:47.9275229Z Test Case 'PGTransactionAPITests.testBeginRollback' failed (0.099 seconds)
2026-02-27T22:54:47.9275775Z Test Case 'PGTransactionAPITests.testWithTransactionCommit' started at 2026-02-27 22:54:47.734
2026-02-27T22:54:47.9276880Z /home/runner/work/sql-nio/sql-nio/Tests/PostgresNioTests/PostgresIntegrationTests.swift:1197: error: PGTransactionAPITests.testWithTransactionCommit : failed - Unexpected error: Server error 0: relation "departments" does not exist
2026-02-27T22:54:47.9277962Z Test Case 'PGTransactionAPITests.testWithTransactionCommit' failed (0.094 seconds)
2026-02-27T22:54:47.9278584Z Test Case 'PGTransactionAPITests.testWithTransactionRollbackOnError' started at 2026-02-27 22:54:47.828
2026-02-27T22:54:48.3164927Z /home/runner/work/sql-nio/sql-nio/Tests/PostgresNioTests/PostgresIntegrationTests.swift:1213: error: PGTransactionAPITests.testWithTransactionRollbackOnError : failed - Unexpected error: Server error 0: relation "departments" does not exist
2026-02-27T22:54:48.3166534Z Test Case 'PGTransactionAPITests.testWithTransactionRollbackOnError' failed (0.095 seconds)
2026-02-27T22:54:48.3167092Z Test Suite 'PGTransactionAPITests' failed at 2026-02-27 22:54:47.923
2026-02-27T22:54:48.3167530Z 	 Executed 4 tests, with 4 failures (0 unexpected) in 0.385 (0.385) seconds
2026-02-27T22:54:48.3167951Z Test Suite 'PGTransactionTests' started at 2026-02-27 22:54:47.923
2026-02-27T22:54:48.3168447Z Test Case 'PGTransactionTests.testCommitTransaction' started at 2026-02-27 22:54:47.923
2026-02-27T22:54:48.3169539Z /home/runner/work/sql-nio/sql-nio/Tests/PostgresNioTests/PostgresIntegrationTests.swift:728: error: PGTransactionTests.testCommitTransaction : failed - Unexpected error: Server error 0: relation "departments" does not exist
2026-02-27T22:54:48.3170955Z Test Case 'PGTransactionTests.testCommitTransaction' failed (0.094 seconds)
2026-02-27T22:54:48.3171518Z Test Case 'PGTransactionTests.testRollbackTransaction' started at 2026-02-27 22:54:48.018
2026-02-27T22:54:48.3172618Z /home/runner/work/sql-nio/sql-nio/Tests/PostgresNioTests/PostgresIntegrationTests.swift:746: error: PGTransactionTests.testRollbackTransaction : failed - Unexpected error: Server error 0: relation "departments" does not exist
2026-02-27T22:54:48.3173661Z Test Case 'PGTransactionTests.testRollbackTransaction' failed (0.094 seconds)
2026-02-27T22:54:48.3174217Z Test Case 'PGTransactionTests.testTransactionIsolation' started at 2026-02-27 22:54:48.111
2026-02-27T22:54:48.3175291Z /home/runner/work/sql-nio/sql-nio/Tests/PostgresNioTests/PostgresIntegrationTests.swift:761: error: PGTransactionTests.testTransactionIsolation : failed - Unexpected error: Server error 0: relation "departments" does not exist
2026-02-27T22:54:48.3176348Z Test Case 'PGTransactionTests.testTransactionIsolation' failed (0.186 seconds)
2026-02-27T22:54:48.3176799Z Test Suite 'PGTransactionTests' failed at 2026-02-27 22:54:48.297
2026-02-27T22:54:48.3177209Z 	 Executed 3 tests, with 3 failures (0 unexpected) in 0.374 (0.374) seconds
2026-02-27T22:54:48.3177626Z Test Suite 'PostgresDecoderTests' started at 2026-02-27 22:54:48.297
2026-02-27T22:54:48.3178131Z Test Case 'PostgresDecoderTests.testDecodeCommandComplete' started at 2026-02-27 22:54:48.297
2026-02-27T22:54:48.3178698Z Test Case 'PostgresDecoderTests.testDecodeCommandComplete' passed (0.0 seconds)
2026-02-27T22:54:48.3179416Z Test Case 'PostgresDecoderTests.testDecodeErrorResponse' started at 2026-02-27 22:54:48.297
2026-02-27T22:54:48.3180367Z Test Case 'PostgresDecoderTests.testDecodeErrorResponse' passed (0.0 seconds)
2026-02-27T22:54:48.3181263Z Test Case 'PostgresDecoderTests.testMD5PasswordHashing' started at 2026-02-27 22:54:48.298
2026-02-27T22:54:48.3182187Z Test Case 'PostgresDecoderTests.testMD5PasswordHashing' passed (0.001 seconds)
2026-02-27T22:54:48.3182996Z Test Suite 'PostgresDecoderTests' passed at 2026-02-27 22:54:48.298
2026-02-27T22:54:48.3183707Z 	 Executed 3 tests, with 0 failures (0 unexpected) in 0.001 (0.001) seconds
2026-02-27T22:54:48.3184426Z Test Suite 'PostgresFramingTests' started at 2026-02-27 22:54:48.298
2026-02-27T22:54:48.3185286Z Test Case 'PostgresFramingTests.testQueryMessageFormat' started at 2026-02-27 22:54:48.298
2026-02-27T22:54:48.3186263Z Test Case 'PostgresFramingTests.testQueryMessageFormat' passed (0.0 seconds)
2026-02-27T22:54:48.3187171Z Test Case 'PostgresFramingTests.testSSLRequestFormat' started at 2026-02-27 22:54:48.299
2026-02-27T22:54:48.3188034Z Test Case 'PostgresFramingTests.testSSLRequestFormat' passed (0.0 seconds)
2026-02-27T22:54:48.3189008Z Test Case 'PostgresFramingTests.testStartupMessageFormat' started at 2026-02-27 22:54:48.299
2026-02-27T22:54:48.3190176Z Test Case 'PostgresFramingTests.testStartupMessageFormat' passed (0.0 seconds)
2026-02-27T22:54:48.3191003Z Test Suite 'PostgresFramingTests' passed at 2026-02-27 22:54:48.299
2026-02-27T22:54:48.3191911Z 	 Executed 3 tests, with 0 failures (0 unexpected) in 0.0 (0.0) seconds
2026-02-27T22:54:48.3192309Z Test Suite 'Selected tests' failed at 2026-02-27 22:54:48.299
2026-02-27T22:54:48.3192694Z 	 Executed 102 tests, with 52 failures (0 unexpected) in 9.387 (9.387) seconds
2026-02-27T22:54:48.3193248Z ◇ Test run started.
2026-02-27T22:54:48.3193546Z ↳ Testing Library Version: 6.0.3 (18c42c19cac3faf)
2026-02-27T22:54:48.3193902Z ✔ Test run with 0 tests passed after 0.001 seconds.
2026-02-27T22:54:48.3213901Z ##[error]Process completed with exit code 1.
