2026-02-27T22:50:55.7408308Z Current runner version: '2.331.0'
2026-02-27T22:50:55.7432368Z ##[group]Runner Image Provisioner
2026-02-27T22:50:55.7433193Z Hosted Compute Agent
2026-02-27T22:50:55.7433790Z Version: 20260213.493
2026-02-27T22:50:55.7434424Z Commit: 5c115507f6dd24b8de37d8bbe0bb4509d0cc0fa3
2026-02-27T22:50:55.7435092Z Build Date: 2026-02-13T00:28:41Z
2026-02-27T22:50:55.7435839Z Worker ID: {25a67d6b-83f2-439f-ab55-9182dc3fce12}
2026-02-27T22:50:55.7436556Z Azure Region: westus
2026-02-27T22:50:55.7437065Z ##[endgroup]
2026-02-27T22:50:55.7438531Z ##[group]Operating System
2026-02-27T22:50:55.7439120Z Ubuntu
2026-02-27T22:50:55.7439601Z 24.04.3
2026-02-27T22:50:55.7440009Z LTS
2026-02-27T22:50:55.7440581Z ##[endgroup]
2026-02-27T22:50:55.7441373Z ##[group]Runner Image
2026-02-27T22:50:55.7441923Z Image: ubuntu-24.04
2026-02-27T22:50:55.7442527Z Version: 20260224.36.1
2026-02-27T22:50:55.7443682Z Included Software: https://github.com/actions/runner-images/blob/ubuntu24/20260224.36/images/ubuntu/Ubuntu2404-Readme.md
2026-02-27T22:50:55.7445174Z Image Release: https://github.com/actions/runner-images/releases/tag/ubuntu24%2F20260224.36
2026-02-27T22:50:55.7446057Z ##[endgroup]
2026-02-27T22:50:55.7447087Z ##[group]GITHUB_TOKEN Permissions
2026-02-27T22:50:55.7448865Z Contents: write
2026-02-27T22:50:55.7449423Z Metadata: read
2026-02-27T22:50:55.7450026Z ##[endgroup]
2026-02-27T22:50:55.7452269Z Secret source: Actions
2026-02-27T22:50:55.7453237Z Prepare workflow directory
2026-02-27T22:50:55.7872671Z Prepare all required actions
2026-02-27T22:50:55.7925379Z Getting action download info
2026-02-27T22:50:56.2188895Z Download action repository 'actions/checkout@v4' (SHA:34e114876b0b11c390a56381ad16ebd13914f8d5)
2026-02-27T22:50:56.3761129Z Download action repository 'swift-actions/setup-swift@v2' (SHA:7ca6abe6b3b0e8b5421b88be48feee39cbf52c6a)
2026-02-27T22:50:57.3011984Z Complete job name: Verify — MySQL tests
2026-02-27T22:50:57.3545432Z ##[group]Checking docker version
2026-02-27T22:50:57.3558705Z ##[command]/usr/bin/docker version --format '{{.Server.APIVersion}}'
2026-02-27T22:50:57.4735899Z '1.48'
2026-02-27T22:50:57.4745732Z Docker daemon API version: '1.48'
2026-02-27T22:50:57.4746542Z ##[command]/usr/bin/docker version --format '{{.Client.APIVersion}}'
2026-02-27T22:50:57.4923514Z '1.48'
2026-02-27T22:50:57.4938222Z Docker client API version: '1.48'
2026-02-27T22:50:57.4944117Z ##[endgroup]
2026-02-27T22:50:57.4947006Z ##[group]Clean up resources from previous jobs
2026-02-27T22:50:57.4952758Z ##[command]/usr/bin/docker ps --all --quiet --no-trunc --filter "label=383257"
2026-02-27T22:50:57.5107796Z ##[command]/usr/bin/docker network prune --force --filter "label=383257"
2026-02-27T22:50:57.5242120Z ##[endgroup]
2026-02-27T22:50:57.5242652Z ##[group]Create local container network
2026-02-27T22:50:57.5252858Z ##[command]/usr/bin/docker network create --label 383257 github_network_b6823284a1d6408f8e14bfc09aec4721
2026-02-27T22:50:57.5786082Z ab9b911683c2f64e65f3aa67b84ca921f7cf9b19285d64838410c90591ee0b61
2026-02-27T22:50:57.5806038Z ##[endgroup]
2026-02-27T22:50:57.5830534Z ##[group]Starting mysql service container
2026-02-27T22:50:57.5852104Z ##[command]/usr/bin/docker pull mysql:8
2026-02-27T22:50:58.4929255Z 8: Pulling from library/mysql
2026-02-27T22:50:58.7545637Z 74a8e4bbd9fe: Pulling fs layer
2026-02-27T22:50:58.7546443Z 3f7842d0a781: Pulling fs layer
2026-02-27T22:50:58.7547108Z 4e4b15845406: Pulling fs layer
2026-02-27T22:50:58.7547810Z dbf0818490ad: Pulling fs layer
2026-02-27T22:50:58.7548540Z 6f9c4bee9463: Pulling fs layer
2026-02-27T22:50:58.7549243Z 8166b6846f27: Pulling fs layer
2026-02-27T22:50:58.7549960Z c6cc6c694e6c: Pulling fs layer
2026-02-27T22:50:58.7550669Z 3cd5d964ef58: Pulling fs layer
2026-02-27T22:50:58.7551705Z eb385f68403e: Pulling fs layer
2026-02-27T22:50:58.7552455Z afb8ea084562: Pulling fs layer
2026-02-27T22:50:58.7553193Z c6cc6c694e6c: Waiting
2026-02-27T22:50:58.7553887Z 6f9c4bee9463: Waiting
2026-02-27T22:50:58.7554564Z dbf0818490ad: Waiting
2026-02-27T22:50:58.7555270Z 8166b6846f27: Waiting
2026-02-27T22:50:58.7556273Z eb385f68403e: Waiting
2026-02-27T22:50:58.7556935Z 3cd5d964ef58: Waiting
2026-02-27T22:50:58.7557584Z afb8ea084562: Waiting
2026-02-27T22:50:58.9904423Z 3f7842d0a781: Verifying Checksum
2026-02-27T22:50:58.9908912Z 3f7842d0a781: Download complete
2026-02-27T22:50:59.0069200Z 4e4b15845406: Verifying Checksum
2026-02-27T22:50:59.0075143Z 4e4b15845406: Download complete
2026-02-27T22:50:59.1397432Z 74a8e4bbd9fe: Verifying Checksum
2026-02-27T22:50:59.1399096Z 74a8e4bbd9fe: Download complete
2026-02-27T22:50:59.2400397Z 6f9c4bee9463: Verifying Checksum
2026-02-27T22:50:59.2411302Z 6f9c4bee9463: Download complete
2026-02-27T22:50:59.2585255Z dbf0818490ad: Download complete
2026-02-27T22:50:59.3811612Z 8166b6846f27: Verifying Checksum
2026-02-27T22:50:59.3813640Z 8166b6846f27: Download complete
2026-02-27T22:50:59.4954568Z 3cd5d964ef58: Verifying Checksum
2026-02-27T22:50:59.4955332Z 3cd5d964ef58: Download complete
2026-02-27T22:50:59.7339977Z afb8ea084562: Verifying Checksum
2026-02-27T22:50:59.7342139Z afb8ea084562: Download complete
2026-02-27T22:50:59.8849514Z c6cc6c694e6c: Verifying Checksum
2026-02-27T22:50:59.8850000Z c6cc6c694e6c: Download complete
2026-02-27T22:51:00.1456946Z eb385f68403e: Verifying Checksum
2026-02-27T22:51:00.1457450Z eb385f68403e: Download complete
2026-02-27T22:51:00.6128365Z 74a8e4bbd9fe: Pull complete
2026-02-27T22:51:01.1233058Z 3f7842d0a781: Pull complete
2026-02-27T22:51:01.1464684Z 4e4b15845406: Pull complete
2026-02-27T22:51:01.3582267Z dbf0818490ad: Pull complete
2026-02-27T22:51:01.3722672Z 6f9c4bee9463: Pull complete
2026-02-27T22:51:01.3827377Z 8166b6846f27: Pull complete
2026-02-27T22:51:02.2299385Z c6cc6c694e6c: Pull complete
2026-02-27T22:51:02.2431385Z 3cd5d964ef58: Pull complete
2026-02-27T22:51:10.3765953Z eb385f68403e: Pull complete
2026-02-27T22:51:10.3879414Z afb8ea084562: Pull complete
2026-02-27T22:51:10.3918681Z Digest: sha256:a2d126916bc2ba79a890a4bf62d305eb8b68fcbdd35c6e582d529df18faf5ebb
2026-02-27T22:51:10.3930155Z Status: Downloaded newer image for mysql:8
2026-02-27T22:51:10.3939295Z docker.io/library/mysql:8
2026-02-27T22:51:10.4000730Z ##[command]/usr/bin/docker create --name 24d4cda7779849c78e12e2e07f333e54_mysql8_5a36cc --label 383257 --network github_network_b6823284a1d6408f8e14bfc09aec4721 --network-alias mysql -p 3306:3306 --health-cmd "mysqladmin ping -u mysqluser -pmysqlPass123" --health-interval 5s --health-retries 15 -e "MYSQL_DATABASE=MySQLNioTestDb" -e "MYSQL_USER=mysqluser" -e "MYSQL_PASSWORD=mysqlPass123" -e "MYSQL_ROOT_PASSWORD=root" -e GITHUB_ACTIONS=true -e CI=true mysql:8
2026-02-27T22:51:10.4271442Z c555d6693e8af58c8aac39bea3349508b4a3f146cb7df5998b2798e7642e98d4
2026-02-27T22:51:10.4296678Z ##[command]/usr/bin/docker start c555d6693e8af58c8aac39bea3349508b4a3f146cb7df5998b2798e7642e98d4
2026-02-27T22:51:10.7300213Z c555d6693e8af58c8aac39bea3349508b4a3f146cb7df5998b2798e7642e98d4
2026-02-27T22:51:10.7322340Z ##[command]/usr/bin/docker ps --all --filter id=c555d6693e8af58c8aac39bea3349508b4a3f146cb7df5998b2798e7642e98d4 --filter status=running --no-trunc --format "{{.ID}} {{.Status}}"
2026-02-27T22:51:10.7461842Z c555d6693e8af58c8aac39bea3349508b4a3f146cb7df5998b2798e7642e98d4 Up Less than a second (health: starting)
2026-02-27T22:51:10.7482324Z ##[command]/usr/bin/docker port c555d6693e8af58c8aac39bea3349508b4a3f146cb7df5998b2798e7642e98d4
2026-02-27T22:51:10.7623250Z 3306/tcp -> 0.0.0.0:3306
2026-02-27T22:51:10.7623682Z 3306/tcp -> [::]:3306
2026-02-27T22:51:10.7684284Z ##[endgroup]
2026-02-27T22:51:10.7694944Z ##[group]Waiting for all services to be ready
2026-02-27T22:51:10.7708997Z ##[command]/usr/bin/docker inspect --format="{{if .Config.Healthcheck}}{{print .State.Health.Status}}{{end}}" c555d6693e8af58c8aac39bea3349508b4a3f146cb7df5998b2798e7642e98d4
2026-02-27T22:51:10.7856436Z starting
2026-02-27T22:51:10.7883762Z mysql service is starting, waiting 2 seconds before checking again.
2026-02-27T22:51:12.7884549Z ##[command]/usr/bin/docker inspect --format="{{if .Config.Healthcheck}}{{print .State.Health.Status}}{{end}}" c555d6693e8af58c8aac39bea3349508b4a3f146cb7df5998b2798e7642e98d4
2026-02-27T22:51:12.8010901Z starting
2026-02-27T22:51:12.8024535Z mysql service is starting, waiting 3 seconds before checking again.
2026-02-27T22:51:16.7605271Z ##[command]/usr/bin/docker inspect --format="{{if .Config.Healthcheck}}{{print .State.Health.Status}}{{end}}" c555d6693e8af58c8aac39bea3349508b4a3f146cb7df5998b2798e7642e98d4
2026-02-27T22:51:16.7731230Z healthy
2026-02-27T22:51:16.7747769Z mysql service is healthy.
2026-02-27T22:51:16.7748560Z ##[endgroup]
2026-02-27T22:51:16.8012014Z ##[group]Run actions/checkout@v4
2026-02-27T22:51:16.8012578Z with:
2026-02-27T22:51:16.8012761Z   repository: vkuttyp/sql-nio
2026-02-27T22:51:16.8013157Z   token: ***
2026-02-27T22:51:16.8013332Z   ssh-strict: true
2026-02-27T22:51:16.8013521Z   ssh-user: git
2026-02-27T22:51:16.8013711Z   persist-credentials: true
2026-02-27T22:51:16.8013923Z   clean: true
2026-02-27T22:51:16.8014112Z   sparse-checkout-cone-mode: true
2026-02-27T22:51:16.8014340Z   fetch-depth: 1
2026-02-27T22:51:16.8014535Z   fetch-tags: false
2026-02-27T22:51:16.8014713Z   show-progress: true
2026-02-27T22:51:16.8014896Z   lfs: false
2026-02-27T22:51:16.8015054Z   submodules: false
2026-02-27T22:51:16.8015239Z   set-safe-directory: true
2026-02-27T22:51:16.8015620Z ##[endgroup]
2026-02-27T22:51:16.9147468Z Syncing repository: vkuttyp/sql-nio
2026-02-27T22:51:16.9149476Z ##[group]Getting Git version info
2026-02-27T22:51:16.9150127Z Working directory is '/home/runner/work/sql-nio/sql-nio'
2026-02-27T22:51:16.9151484Z [command]/usr/bin/git version
2026-02-27T22:51:16.9228783Z git version 2.53.0
2026-02-27T22:51:16.9257254Z ##[endgroup]
2026-02-27T22:51:16.9281766Z Temporarily overriding HOME='/home/runner/work/_temp/0632707d-e535-4b6f-800f-9b514904a984' before making global git config changes
2026-02-27T22:51:16.9282609Z Adding repository directory to the temporary git global config as a safe directory
2026-02-27T22:51:16.9287580Z [command]/usr/bin/git config --global --add safe.directory /home/runner/work/sql-nio/sql-nio
2026-02-27T22:51:16.9332918Z Deleting the contents of '/home/runner/work/sql-nio/sql-nio'
2026-02-27T22:51:16.9336667Z ##[group]Initializing the repository
2026-02-27T22:51:16.9341289Z [command]/usr/bin/git init /home/runner/work/sql-nio/sql-nio
2026-02-27T22:51:16.9456391Z hint: Using 'master' as the name for the initial branch. This default branch name
2026-02-27T22:51:16.9457010Z hint: will change to "main" in Git 3.0. To configure the initial branch name
2026-02-27T22:51:16.9457591Z hint: to use in all of your new repositories, which will suppress this warning,
2026-02-27T22:51:16.9458004Z hint: call:
2026-02-27T22:51:16.9458196Z hint:
2026-02-27T22:51:16.9458462Z hint: 	git config --global init.defaultBranch <name>
2026-02-27T22:51:16.9458787Z hint:
2026-02-27T22:51:16.9459081Z hint: Names commonly chosen instead of 'master' are 'main', 'trunk' and
2026-02-27T22:51:16.9459625Z hint: 'development'. The just-created branch can be renamed via this command:
2026-02-27T22:51:16.9460042Z hint:
2026-02-27T22:51:16.9460244Z hint: 	git branch -m <name>
2026-02-27T22:51:16.9460472Z hint:
2026-02-27T22:51:16.9461164Z hint: Disable this message with "git config set advice.defaultBranchName false"
2026-02-27T22:51:16.9461859Z Initialized empty Git repository in /home/runner/work/sql-nio/sql-nio/.git/
2026-02-27T22:51:16.9476083Z [command]/usr/bin/git remote add origin https://github.com/vkuttyp/sql-nio
2026-02-27T22:51:16.9516089Z ##[endgroup]
2026-02-27T22:51:16.9516837Z ##[group]Disabling automatic garbage collection
2026-02-27T22:51:16.9522700Z [command]/usr/bin/git config --local gc.auto 0
2026-02-27T22:51:16.9553693Z ##[endgroup]
2026-02-27T22:51:16.9554251Z ##[group]Setting up auth
2026-02-27T22:51:16.9562011Z [command]/usr/bin/git config --local --name-only --get-regexp core\.sshCommand
2026-02-27T22:51:16.9595696Z [command]/usr/bin/git submodule foreach --recursive sh -c "git config --local --name-only --get-regexp 'core\.sshCommand' && git config --local --unset-all 'core.sshCommand' || :"
2026-02-27T22:51:17.0025151Z [command]/usr/bin/git config --local --name-only --get-regexp http\.https\:\/\/github\.com\/\.extraheader
2026-02-27T22:51:17.0059326Z [command]/usr/bin/git submodule foreach --recursive sh -c "git config --local --name-only --get-regexp 'http\.https\:\/\/github\.com\/\.extraheader' && git config --local --unset-all 'http.https://github.com/.extraheader' || :"
2026-02-27T22:51:17.0303437Z [command]/usr/bin/git config --local --name-only --get-regexp ^includeIf\.gitdir:
2026-02-27T22:51:17.0340439Z [command]/usr/bin/git submodule foreach --recursive git config --local --show-origin --name-only --get-regexp remote.origin.url
2026-02-27T22:51:17.0587083Z [command]/usr/bin/git config --local http.https://github.com/.extraheader AUTHORIZATION: basic ***
2026-02-27T22:51:17.0653454Z ##[endgroup]
2026-02-27T22:51:17.0654272Z ##[group]Fetching the repository
2026-02-27T22:51:17.0657727Z [command]/usr/bin/git -c protocol.version=2 fetch --no-tags --prune --no-recurse-submodules --depth=1 origin +2bda17def7f3c2f6e10788fa8790bfdc1697a7de:refs/tags/v1.0.3
2026-02-27T22:51:17.6649636Z From https://github.com/vkuttyp/sql-nio
2026-02-27T22:51:17.6651151Z  * [new ref]         2bda17def7f3c2f6e10788fa8790bfdc1697a7de -> v1.0.3
2026-02-27T22:51:17.6686436Z ##[endgroup]
2026-02-27T22:51:17.6687057Z ##[group]Determining the checkout info
2026-02-27T22:51:17.6689058Z ##[endgroup]
2026-02-27T22:51:17.6695700Z [command]/usr/bin/git sparse-checkout disable
2026-02-27T22:51:17.6742386Z [command]/usr/bin/git config --local --unset-all extensions.worktreeConfig
2026-02-27T22:51:17.6772276Z ##[group]Checking out the ref
2026-02-27T22:51:17.6776913Z [command]/usr/bin/git checkout --progress --force refs/tags/v1.0.3
2026-02-27T22:51:17.6886960Z Note: switching to 'refs/tags/v1.0.3'.
2026-02-27T22:51:17.6887772Z 
2026-02-27T22:51:17.6888279Z You are in 'detached HEAD' state. You can look around, make experimental
2026-02-27T22:51:17.6890418Z changes and commit them, and you can discard any commits you make in this
2026-02-27T22:51:17.6891756Z state without impacting any branches by switching back to a branch.
2026-02-27T22:51:17.6892578Z 
2026-02-27T22:51:17.6892965Z If you want to create a new branch to retain commits you create, you may
2026-02-27T22:51:17.6893799Z do so (now or later) by using -c with the switch command. Example:
2026-02-27T22:51:17.6894267Z 
2026-02-27T22:51:17.6894438Z   git switch -c <new-branch-name>
2026-02-27T22:51:17.6894747Z 
2026-02-27T22:51:17.6894920Z Or undo this operation with:
2026-02-27T22:51:17.6895212Z 
2026-02-27T22:51:17.6895342Z   git switch -
2026-02-27T22:51:17.6895536Z 
2026-02-27T22:51:17.6895902Z Turn off this advice by setting config variable advice.detachedHead to false
2026-02-27T22:51:17.6896482Z 
2026-02-27T22:51:17.6896970Z HEAD is now at 2bda17d fix: add @unchecked Sendable to all test classes for Swift 6 compatibility
2026-02-27T22:51:17.6898714Z ##[endgroup]
2026-02-27T22:51:17.6940946Z [command]/usr/bin/git log -1 --format=%H
2026-02-27T22:51:17.6967301Z 2bda17def7f3c2f6e10788fa8790bfdc1697a7de
2026-02-27T22:51:17.7148922Z ##[group]Run swift-actions/setup-swift@v2
2026-02-27T22:51:17.7149218Z with:
2026-02-27T22:51:17.7149390Z   swift-version: 6.0
2026-02-27T22:51:17.7149591Z ##[endgroup]
2026-02-27T22:51:18.0625255Z [command]/usr/bin/file /home/runner/work/_temp/0d9541f9-2ccc-4946-b7df-264be3613308
2026-02-27T22:51:18.1243293Z /home/runner/work/_temp/0d9541f9-2ccc-4946-b7df-264be3613308: PGP public key block Public-Key (old)
2026-02-27T22:51:18.1320399Z [command]/usr/bin/bash -c cat "/home/runner/work/_temp/0d9541f9-2ccc-4946-b7df-264be3613308" | gpg --import
2026-02-27T22:51:18.1737753Z gpg: directory '/home/runner/.gnupg' created
2026-02-27T22:51:18.1743139Z gpg: keybox '/home/runner/.gnupg/pubring.kbx' created
2026-02-27T22:51:18.1887492Z gpg: /home/runner/.gnupg/trustdb.gpg: trustdb created
2026-02-27T22:51:18.1889751Z gpg: key D441C977412B37AD: public key "Swift Automatic Signing Key #1 <swift-infrastructure@swift.org>" imported
2026-02-27T22:51:18.2317570Z gpg: key 9F597F4D21A56D5F: public key "Swift 2.2 Release Signing Key <swift-infrastructure@swift.org>" imported
2026-02-27T22:51:18.2329897Z gpg: key 63BC1CFE91D306C6: public key "Swift 3.x Release Signing Key <swift-infrastructure@swift.org>" imported
2026-02-27T22:51:18.2343597Z gpg: key EF5430F071E1B235: public key "Swift 4.x Release Signing Key <swift-infrastructure@swift.org>" imported
2026-02-27T22:51:18.2356642Z gpg: key 7638F1FB2B2B08C4: public key "Swift Automatic Signing Key #2 <swift-infrastructure@swift.org>" imported
2026-02-27T22:51:18.2369437Z gpg: key 925CC1CCED3D1561: public key "Swift 5.x Release Signing Key <swift-infrastructure@swift.org>" imported
2026-02-27T22:51:18.2382391Z gpg: key FAF6989E1BC16FEA: public key "Swift Automatic Signing Key #3 <swift-infrastructure@swift.org>" imported
2026-02-27T22:51:18.2418458Z gpg: key 925CC1CCED3D1561: "Swift 5.x Release Signing Key <swift-infrastructure@swift.org>" 1 new signature
2026-02-27T22:51:18.2432346Z gpg: key F167DF1ACF9CE069: public key "Swift Automatic Signing Key #4 <swift-infrastructure@forums.swift.org>" imported
2026-02-27T22:51:18.2445344Z gpg: key 925CC1CCED3D1561: "Swift 5.x Release Signing Key <swift-infrastructure@swift.org>" 1 new signature
2026-02-27T22:51:18.2458456Z gpg: key F167DF1ACF9CE069: "Swift Automatic Signing Key #4 <swift-infrastructure@forums.swift.org>" 1 new signature
2026-02-27T22:51:18.2473710Z gpg: key EF80A866B47A981F: public key "Swift 6.x Release Signing Key <swift-infrastructure@forums.swift.org>" imported
2026-02-27T22:51:18.2487757Z gpg: key F167DF1ACF9CE069: "Swift Automatic Signing Key #4 <swift-infrastructure@forums.swift.org>" 1 new signature
2026-02-27T22:51:18.2495370Z gpg: Total number processed: 13
2026-02-27T22:51:18.2495837Z gpg:               imported: 9
2026-02-27T22:51:18.2496210Z gpg:         new signatures: 4
2026-02-27T22:51:18.2529141Z [command]/usr/bin/gpg --keyserver hkp://keyserver.ubuntu.com --refresh-keys Swift
2026-02-27T22:51:18.3257165Z gpg: refreshing 9 keys from hkp://keyserver.ubuntu.com
2026-02-27T22:51:22.7795741Z gpg: key EF80A866B47A981F: "Swift 6.x Release Signing Key <swift-infrastructure@forums.swift.org>" not changed
2026-02-27T22:51:22.7806631Z gpg: key F167DF1ACF9CE069: "Swift Automatic Signing Key #4 <swift-infrastructure@forums.swift.org>" not changed
2026-02-27T22:51:22.7812076Z gpg: key FAF6989E1BC16FEA: "Swift Automatic Signing Key #3 <swift-infrastructure@swift.org>" not changed
2026-02-27T22:51:22.7823874Z gpg: key 925CC1CCED3D1561: "Swift 5.x Release Signing Key <swift-infrastructure@swift.org>" not changed
2026-02-27T22:51:22.7828069Z gpg: key 7638F1FB2B2B08C4: "Swift Automatic Signing Key #2 <swift-infrastructure@swift.org>" not changed
2026-02-27T22:51:22.7833902Z gpg: key EF5430F071E1B235: "Swift 4.x Release Signing Key <swift-infrastructure@swift.org>" not changed
2026-02-27T22:51:22.7839885Z gpg: key 63BC1CFE91D306C6: "Swift 3.x Release Signing Key <swift-infrastructure@swift.org>" not changed
2026-02-27T22:51:22.7847100Z gpg: key 9F597F4D21A56D5F: "Swift 2.2 Release Signing Key <swift-infrastructure@swift.org>" not changed
2026-02-27T22:51:22.7851736Z gpg: key D441C977412B37AD: "Swift Automatic Signing Key #1 <swift-infrastructure@swift.org>" not changed
2026-02-27T22:51:22.7852800Z gpg: Total number processed: 9
2026-02-27T22:51:22.7853201Z gpg:              unchanged: 9
2026-02-27T22:51:30.8451392Z [command]/usr/bin/gpg --verify /home/runner/work/_temp/12d13831-0af4-4289-bf56-1538de3a2835 /home/runner/work/_temp/777014f5-b191-47bf-9ae9-7772382b1eaa
2026-02-27T22:51:31.9844894Z gpg: Signature made Thu Dec 12 01:43:03 2024 UTC
2026-02-27T22:51:31.9845527Z gpg:                using RSA key EF80A866B47A981F
2026-02-27T22:51:31.9846384Z gpg: Good signature from "Swift 6.x Release Signing Key <swift-infrastructure@forums.swift.org>" [unknown]
2026-02-27T22:51:31.9849575Z gpg: WARNING: This key is not certified with a trusted signature!
2026-02-27T22:51:31.9850574Z gpg:          There is no indication that the signature belongs to the owner.
2026-02-27T22:51:31.9852152Z Primary key fingerprint: 52BB 7E3D E28A 71BE 22EC  05FF EF80 A866 B47A 981F
2026-02-27T22:51:31.9926527Z [command]/usr/bin/tar xz --warning=no-unknown-keyword --overwrite -C /home/runner/work/_temp/33361e0e-b45e-46e7-8f98-61cb6e37f07c -f /home/runner/work/_temp/777014f5-b191-47bf-9ae9-7772382b1eaa
2026-02-27T22:51:54.3880139Z [command]/opt/hostedtoolcache/swift-Ubuntu/6.0.3/x64/usr/bin/swift --version
2026-02-27T22:51:54.6127884Z Swift version 6.0.3 (swift-6.0.3-RELEASE)
2026-02-27T22:51:54.6128420Z Target: x86_64-unknown-linux-gnu
2026-02-27T22:51:54.6269034Z ##[group]Run sudo apt-get install -y libsqlite3-dev
2026-02-27T22:51:54.6269503Z [36;1msudo apt-get install -y libsqlite3-dev[0m
2026-02-27T22:51:54.6327798Z shell: /usr/bin/bash -e {0}
2026-02-27T22:51:54.6328048Z ##[endgroup]
2026-02-27T22:51:54.6658667Z Reading package lists...
2026-02-27T22:51:54.8704469Z Building dependency tree...
2026-02-27T22:51:54.8711862Z Reading state information...
2026-02-27T22:51:55.0618716Z libsqlite3-dev is already the newest version (3.45.1-1ubuntu2.5).
2026-02-27T22:51:55.0619594Z 0 upgraded, 0 newly installed, 0 to remove and 25 not upgraded.
2026-02-27T22:51:55.0695563Z ##[group]Run swift test --filter MySQLNioTests
2026-02-27T22:51:55.0695933Z [36;1mswift test --filter MySQLNioTests[0m
2026-02-27T22:51:55.0747921Z shell: /usr/bin/bash -e {0}
2026-02-27T22:51:55.0748155Z env:
2026-02-27T22:51:55.0748322Z   MYSQL_TEST_HOST: 127.0.0.1
2026-02-27T22:51:55.0748558Z   MYSQL_TEST_DB: MySQLNioTestDb
2026-02-27T22:51:55.0748782Z   MYSQL_TEST_USER: mysqluser
2026-02-27T22:51:55.0749004Z   MYSQL_TEST_PASS: mysqlPass123
2026-02-27T22:51:55.0749241Z ##[endgroup]
2026-02-27T22:51:58.1054967Z Fetching https://github.com/apple/swift-system.git
2026-02-27T22:51:58.1055709Z Fetching https://github.com/apple/swift-nio.git
2026-02-27T22:51:58.1056504Z Fetching https://github.com/apple/swift-nio-ssl.git
2026-02-27T22:51:58.1057130Z [1/5583] Fetching swift-system
2026-02-27T22:51:58.1057642Z [671/20925] Fetching swift-system, swift-nio-ssl
2026-02-27T22:51:58.3974832Z [8499/103470] Fetching swift-system, swift-nio-ssl, swift-nio
2026-02-27T22:51:59.4084209Z Fetched https://github.com/apple/swift-nio-ssl.git from cache (2.12s)
2026-02-27T22:51:59.4107131Z Fetching https://github.com/swiftlang/swift-docc-symbolkit
2026-02-27T22:51:59.5362652Z [41903/88128] Fetching swift-system, swift-nio
2026-02-27T22:52:00.1640187Z [67493/91792] Fetching swift-system, swift-nio, swift-docc-symbolkit
2026-02-27T22:52:00.3918283Z Fetched https://github.com/swiftlang/swift-docc-symbolkit from cache (0.98s)
2026-02-27T22:52:00.3941417Z Fetching https://github.com/apple/swift-log.git
2026-02-27T22:52:00.3978998Z [71798/88128] Fetching swift-system, swift-nio
2026-02-27T22:52:01.0185591Z [88129/94218] Fetching swift-system, swift-nio, swift-log
2026-02-27T22:52:01.4777429Z Fetched https://github.com/apple/swift-log.git from cache (1.08s)
2026-02-27T22:52:01.4833165Z Fetching https://github.com/apple/swift-crypto.git
2026-02-27T22:52:02.1785390Z [1/17238] Fetching swift-crypto
2026-02-27T22:52:02.6895129Z Fetched https://github.com/apple/swift-system.git from cache (5.40s)
2026-02-27T22:52:02.6924666Z Fetching https://github.com/apple/swift-collections.git
2026-02-27T22:52:02.7743345Z Fetched https://github.com/apple/swift-nio.git from cache (5.49s)
2026-02-27T22:52:02.7766994Z Fetching https://github.com/apple/swift-atomics.git
2026-02-27T22:52:03.3143094Z [17239/19058] Fetching swift-crypto, swift-atomics
2026-02-27T22:52:03.3278978Z [17312/39224] Fetching swift-crypto, swift-atomics, swift-collections
2026-02-27T22:52:03.5502545Z Fetched https://github.com/apple/swift-crypto.git from cache (2.07s)
2026-02-27T22:52:03.5518233Z [2926/21986] Fetching swift-atomics, swift-collections
2026-02-27T22:52:03.5524370Z Fetching https://github.com/apple/swift-asn1.git
2026-02-27T22:52:03.7035969Z Fetched https://github.com/apple/swift-atomics.git from cache (0.93s)
2026-02-27T22:52:03.7058726Z Fetching https://github.com/apple/swift-docc-plugin.git
2026-02-27T22:52:03.7801354Z [2017/20166] Fetching swift-collections
2026-02-27T22:52:04.1006566Z [20167/21926] Fetching swift-collections, swift-asn1
2026-02-27T22:52:04.2542059Z [20942/24097] Fetching swift-collections, swift-asn1, swift-docc-plugin
2026-02-27T22:52:04.3295767Z Fetched https://github.com/apple/swift-collections.git from cache (1.64s)
2026-02-27T22:52:04.3607289Z [1838/3931] Fetching swift-asn1, swift-docc-plugin
2026-02-27T22:52:04.4051617Z Fetched https://github.com/apple/swift-asn1.git from cache (0.85s)
2026-02-27T22:52:04.5498830Z [239/2171] Fetching swift-docc-plugin
2026-02-27T22:52:04.7258052Z Fetched https://github.com/apple/swift-docc-plugin.git from cache (1.02s)
2026-02-27T22:52:04.7260235Z Computing version for https://github.com/apple/swift-docc-plugin.git
2026-02-27T22:52:06.8576588Z Computed https://github.com/apple/swift-docc-plugin.git at 1.4.6 (2.13s)
2026-02-27T22:52:06.8583336Z Computing version for https://github.com/apple/swift-crypto.git
2026-02-27T22:52:08.1917681Z Computed https://github.com/apple/swift-crypto.git at 3.15.1 (1.33s)
2026-02-27T22:52:08.1924318Z Computing version for https://github.com/apple/swift-log.git
2026-02-27T22:52:08.5743111Z Computed https://github.com/apple/swift-log.git at 1.10.1 (0.38s)
2026-02-27T22:52:08.5747035Z Computing version for https://github.com/apple/swift-nio-ssl.git
2026-02-27T22:52:08.9704692Z Computed https://github.com/apple/swift-nio-ssl.git at 2.36.0 (0.40s)
2026-02-27T22:52:08.9708641Z Computing version for https://github.com/apple/swift-nio.git
2026-02-27T22:52:09.6045563Z Computed https://github.com/apple/swift-nio.git at 2.95.0 (0.63s)
2026-02-27T22:52:09.6053218Z Computing version for https://github.com/swiftlang/swift-docc-symbolkit
2026-02-27T22:52:10.0168044Z Computed https://github.com/swiftlang/swift-docc-symbolkit at 1.0.0 (0.41s)
2026-02-27T22:52:10.0173428Z Computing version for https://github.com/apple/swift-asn1.git
2026-02-27T22:52:11.4362715Z Computed https://github.com/apple/swift-asn1.git at 1.5.1 (1.42s)
2026-02-27T22:52:11.4370698Z Computing version for https://github.com/apple/swift-system.git
2026-02-27T22:52:11.8396151Z Computed https://github.com/apple/swift-system.git at 1.6.4 (0.40s)
2026-02-27T22:52:11.8398836Z Computing version for https://github.com/apple/swift-collections.git
2026-02-27T22:52:12.3612015Z Computed https://github.com/apple/swift-collections.git at 1.3.0 (0.52s)
2026-02-27T22:52:12.3614649Z Computing version for https://github.com/apple/swift-atomics.git
2026-02-27T22:52:12.7215113Z Computed https://github.com/apple/swift-atomics.git at 1.3.0 (0.36s)
2026-02-27T22:52:12.8038213Z Creating working copy for https://github.com/apple/swift-crypto.git
2026-02-27T22:52:13.0524672Z Working copy of https://github.com/apple/swift-crypto.git resolved at 3.15.1
2026-02-27T22:52:13.0624179Z Creating working copy for https://github.com/apple/swift-nio.git
2026-02-27T22:52:13.2105674Z Working copy of https://github.com/apple/swift-nio.git resolved at 2.95.0
2026-02-27T22:52:13.2199464Z Creating working copy for https://github.com/apple/swift-nio-ssl.git
2026-02-27T22:52:13.3764398Z Working copy of https://github.com/apple/swift-nio-ssl.git resolved at 2.36.0
2026-02-27T22:52:13.3895588Z Creating working copy for https://github.com/swiftlang/swift-docc-symbolkit
2026-02-27T22:52:13.4417541Z Working copy of https://github.com/swiftlang/swift-docc-symbolkit resolved at 1.0.0
2026-02-27T22:52:13.4507808Z Creating working copy for https://github.com/apple/swift-docc-plugin.git
2026-02-27T22:52:13.4976803Z Working copy of https://github.com/apple/swift-docc-plugin.git resolved at 1.4.6
2026-02-27T22:52:13.5067606Z Creating working copy for https://github.com/apple/swift-asn1.git
2026-02-27T22:52:13.5538012Z Working copy of https://github.com/apple/swift-asn1.git resolved at 1.5.1
2026-02-27T22:52:13.5626847Z Creating working copy for https://github.com/apple/swift-log.git
2026-02-27T22:52:13.5938072Z Working copy of https://github.com/apple/swift-log.git resolved at 1.10.1
2026-02-27T22:52:13.6025557Z Creating working copy for https://github.com/apple/swift-system.git
2026-02-27T22:52:13.6339453Z Working copy of https://github.com/apple/swift-system.git resolved at 1.6.4
2026-02-27T22:52:13.6427915Z Creating working copy for https://github.com/apple/swift-atomics.git
2026-02-27T22:52:13.6878497Z Working copy of https://github.com/apple/swift-atomics.git resolved at 1.3.0
2026-02-27T22:52:13.6969783Z Creating working copy for https://github.com/apple/swift-collections.git
2026-02-27T22:52:13.8469362Z Working copy of https://github.com/apple/swift-collections.git resolved at 1.3.0
2026-02-27T22:52:24.2927371Z [1/1] Compiling plugin Swift-DocC
2026-02-27T22:52:28.2725123Z [2/2] Compiling plugin Swift-DocC Preview
2026-02-27T22:52:28.2725652Z Building for debugging...
2026-02-27T22:52:28.3188066Z [2/839] Write sources
2026-02-27T22:52:28.3358356Z [26/839] Compiling CNIOWindows shim.c
2026-02-27T22:52:28.3364446Z [27/839] Compiling CNIOWindows WSAStartup.c
2026-02-27T22:52:28.3483331Z [28/839] Compiling _AtomicsShims.c
2026-02-27T22:52:28.3504737Z [29/839] Compiling CNIOWASI CNIOWASI.c
2026-02-27T22:52:28.3624842Z [30/839] Compiling CNIOPosix event_loop_id.c
2026-02-27T22:52:28.3642687Z [31/839] Compiling CNIOOpenBSD shim.c
2026-02-27T22:52:28.3780375Z [32/839] Compiling CNIODarwin shim.c
2026-02-27T22:52:28.3801727Z [33/839] Compiling CNIOLinux liburing_shims.c
2026-02-27T22:52:28.4245921Z [34/839] Compiling fiat_p256_adx_sqr.S
2026-02-27T22:52:28.4723876Z [35/839] Compiling fiat_p256_adx_mul.S
2026-02-27T22:52:28.5168006Z [36/839] Compiling fiat_curve25519_adx_square.S
2026-02-27T22:52:28.5626590Z [37/839] Compiling fiat_curve25519_adx_mul.S
2026-02-27T22:52:28.5863007Z [38/839] Compiling CNIOLinux shim.c
2026-02-27T22:52:28.6038711Z [39/839] Write swift-version-B948D857FCC5015.txt
2026-02-27T22:52:28.6982814Z [40/839] Compiling CNIOBoringSSLShims shims.c
2026-02-27T22:52:31.1829634Z [41/843] Compiling tls_record.cc
2026-02-27T22:52:31.3528684Z [42/843] Compiling tls_method.cc
2026-02-27T22:52:31.4272229Z [43/843] Compiling tls13_server.cc
2026-02-27T22:52:32.9697569Z [45/863] Emitting module InternalCollectionsUtilities
2026-02-27T22:52:33.3365738Z [46/867] Compiling InternalCollectionsUtilities UnsafeBufferPointer+Extras.swift
2026-02-27T22:52:33.3372543Z [47/867] Compiling InternalCollectionsUtilities UnsafeMutableBufferPointer+Extras.swift
2026-02-27T22:52:33.3377925Z [48/867] Compiling InternalCollectionsUtilities UnsafeMutableRawBufferPointer+Extras.swift
2026-02-27T22:52:33.3383400Z [49/867] Compiling InternalCollectionsUtilities UnsafeRawBufferPointer+Extras.swift
2026-02-27T22:52:33.3906579Z [50/867] Compiling InternalCollectionsUtilities Debugging.swift
2026-02-27T22:52:33.3913763Z [51/867] Compiling InternalCollectionsUtilities Descriptions.swift
2026-02-27T22:52:33.3915673Z [52/867] Compiling InternalCollectionsUtilities LifetimeOverride.swift
2026-02-27T22:52:33.3916705Z [53/867] Compiling InternalCollectionsUtilities RandomAccessCollection+Offsets.swift
2026-02-27T22:52:33.4734699Z [54/867] Emitting module Logging
2026-02-27T22:52:33.5261309Z [55/868] Emitting module _NIOBase64
2026-02-27T22:52:33.5262283Z [56/868] Compiling _NIOBase64 Base64.swift
2026-02-27T22:52:33.5880600Z [57/869] Compiling InternalCollectionsUtilities FixedWidthInteger+roundUpToPowerOfTwo.swift
2026-02-27T22:52:33.5882707Z [58/869] Compiling InternalCollectionsUtilities Integer rank.swift
2026-02-27T22:52:33.5883923Z [59/869] Compiling InternalCollectionsUtilities UInt+first and last set bit.swift
2026-02-27T22:52:33.5885178Z [60/869] Compiling InternalCollectionsUtilities UInt+reversed.swift
2026-02-27T22:52:33.5886246Z [61/869] Compiling InternalCollectionsUtilities _UnsafeBitSet+Index.swift
2026-02-27T22:52:33.5904209Z [62/869] Compiling InternalCollectionsUtilities _UnsafeBitSet+_Word.swift
2026-02-27T22:52:33.5922754Z [63/869] Compiling InternalCollectionsUtilities _UnsafeBitSet.swift
2026-02-27T22:52:33.5923961Z [64/869] Compiling InternalCollectionsUtilities _SortedCollection.swift
2026-02-27T22:52:33.5925075Z [65/869] Compiling InternalCollectionsUtilities _UniqueCollection.swift
2026-02-27T22:52:33.7984556Z [67/870] Wrapping AST for _NIOBase64 for debugging
2026-02-27T22:52:33.8694861Z [69/870] Compiling _NIODataStructures PriorityQueue.swift
2026-02-27T22:52:33.8720031Z [70/870] Compiling _NIODataStructures _TinyArray.swift
2026-02-27T22:52:34.2483343Z [71/883] Compiling Logging MetadataProvider.swift
2026-02-27T22:52:34.3987070Z [72/883] Emitting module _NIODataStructures
2026-02-27T22:52:34.4066754Z [73/883] Compiling _NIODataStructures Heap.swift
2026-02-27T22:52:34.7985912Z [74/884] Wrapping AST for InternalCollectionsUtilities for debugging
2026-02-27T22:52:34.9885911Z [75/884] Wrapping AST for _NIODataStructures for debugging
2026-02-27T22:52:35.0023911Z [77/884] Compiling Logging Logging.swift
2026-02-27T22:52:35.0046235Z [78/884] Compiling Logging Locks.swift
2026-02-27T22:52:35.0050620Z [79/884] Compiling Logging LogHandler.swift
2026-02-27T22:52:35.2796096Z [80/885] Wrapping AST for Logging for debugging
2026-02-27T22:52:35.3501704Z [82/885] Compiling DequeModule Deque+Codable.swift
2026-02-27T22:52:35.3521991Z [83/885] Compiling DequeModule Deque+Collection.swift
2026-02-27T22:52:35.3527888Z [84/885] Compiling DequeModule Deque+CustomReflectable.swift
2026-02-27T22:52:35.3533802Z [85/885] Compiling DequeModule Deque+Descriptions.swift
2026-02-27T22:52:35.6332098Z [86/889] Compiling DequeModule Deque+Equatable.swift
2026-02-27T22:52:35.6333026Z [87/889] Compiling DequeModule Deque+ExpressibleByArrayLiteral.swift
2026-02-27T22:52:35.6333768Z [88/889] Compiling DequeModule Deque+Extras.swift
2026-02-27T22:52:35.6334364Z [89/889] Compiling DequeModule Deque+Hashable.swift
2026-02-27T22:52:35.6340567Z [90/889] Compiling DequeModule Deque+Testing.swift
2026-02-27T22:52:35.6343960Z [91/889] Compiling DequeModule Deque._Storage.swift
2026-02-27T22:52:35.6344701Z [92/889] Compiling DequeModule Deque._UnsafeHandle.swift
2026-02-27T22:52:35.6345268Z [93/889] Compiling DequeModule Deque.swift
2026-02-27T22:52:35.9800421Z [93/889] Compiling tls13_enc.cc
2026-02-27T22:52:36.1000598Z [95/889] Emitting module DequeModule
2026-02-27T22:52:36.1525162Z [96/889] Compiling DequeModule _DequeBuffer.swift
2026-02-27T22:52:36.1533119Z [97/889] Compiling DequeModule _DequeBufferHeader.swift
2026-02-27T22:52:36.1539701Z [98/889] Compiling DequeModule _DequeSlot.swift
2026-02-27T22:52:36.1547991Z [99/889] Compiling DequeModule _UnsafeWrappedBuffer.swift
2026-02-27T22:52:37.0822057Z [100/890] Compiling tls13_client.cc
2026-02-27T22:52:37.1814361Z [101/890] Wrapping AST for DequeModule for debugging
2026-02-27T22:52:37.1923475Z [102/890] Compiling tls13_both.cc
2026-02-27T22:52:37.6473230Z [103/890] Compiling t1_enc.cc
2026-02-27T22:52:38.3014376Z [104/890] Compiling ssl_x509.cc
2026-02-27T22:52:38.7878473Z [105/890] Compiling ssl_versions.cc
2026-02-27T22:52:38.7884382Z [106/890] Compiling ssl_transcript.cc
2026-02-27T22:52:39.2547883Z [107/890] Compiling ssl_stat.cc
2026-02-27T22:52:40.1993935Z [108/890] Compiling ssl_session.cc
2026-02-27T22:52:40.5025431Z [109/890] Compiling ssl_privkey.cc
2026-02-27T22:52:41.0893107Z [110/890] Compiling ssl_lib.cc
2026-02-27T22:52:41.1312626Z [111/890] Compiling ssl_key_share.cc
2026-02-27T22:52:41.9561119Z [112/890] Compiling ssl_file.cc
2026-02-27T22:52:42.4146630Z [113/890] Compiling ssl_credential.cc
2026-02-27T22:52:43.2209804Z [114/890] Compiling ssl_cert.cc
2026-02-27T22:52:43.3040287Z [115/890] Compiling ssl_cipher.cc
2026-02-27T22:52:43.8542858Z [116/890] Compiling ssl_buffer.cc
2026-02-27T22:52:44.5601195Z [117/890] Compiling ssl_aead_ctx.cc
2026-02-27T22:52:44.8719844Z [118/890] Compiling ssl_asn1.cc
2026-02-27T22:52:45.4384110Z [119/890] Compiling s3_pkt.cc
2026-02-27T22:52:46.2034998Z [120/890] Compiling s3_both.cc
2026-02-27T22:52:46.2493493Z [121/890] Compiling s3_lib.cc
2026-02-27T22:52:46.9200372Z [122/890] Compiling handshake_server.cc
2026-02-27T22:52:47.9854943Z [123/890] Compiling handshake_client.cc
2026-02-27T22:52:48.3852185Z [124/890] Compiling handshake.cc
2026-02-27T22:52:48.4889664Z [125/890] Compiling handoff.cc
2026-02-27T22:52:49.0798938Z [126/890] Compiling extensions.cc
2026-02-27T22:52:50.2799152Z [127/890] Compiling encrypted_client_hello.cc
2026-02-27T22:52:50.3708473Z [128/890] Compiling dtls_record.cc
2026-02-27T22:52:50.3714153Z [129/890] Compiling dtls_method.cc
2026-02-27T22:52:50.8423126Z [130/890] Compiling d1_srtp.cc
2026-02-27T22:52:51.8328378Z [131/890] Compiling bio_ssl.cc
2026-02-27T22:52:51.8885144Z [132/890] Compiling md5-x86_64-linux.S
2026-02-27T22:52:51.8958084Z [133/890] Compiling d1_pkt.cc
2026-02-27T22:52:51.9415081Z [134/890] Compiling md5-x86_64-apple.S
2026-02-27T22:52:51.9586820Z [135/890] Compiling md5-586-linux.S
2026-02-27T22:52:52.0125849Z [136/890] Compiling md5-586-apple.S
2026-02-27T22:52:52.0623571Z [137/890] Compiling d1_lib.cc
2026-02-27T22:52:52.1074574Z [138/890] Compiling chacha20_poly1305_x86_64-linux.S
2026-02-27T22:52:52.1125074Z [139/890] Compiling chacha20_poly1305_x86_64-apple.S
2026-02-27T22:52:52.1536274Z [140/890] Compiling chacha20_poly1305_armv8-win.S
2026-02-27T22:52:52.1574258Z [141/890] Compiling chacha20_poly1305_armv8-linux.S
2026-02-27T22:52:52.2005607Z [142/890] Compiling chacha20_poly1305_armv8-apple.S
2026-02-27T22:52:52.2115290Z [143/890] Compiling chacha-x86_64-linux.S
2026-02-27T22:52:52.2485897Z [144/890] Compiling chacha-x86_64-apple.S
2026-02-27T22:52:52.2499502Z [145/890] Compiling d1_both.cc
2026-02-27T22:52:52.2579621Z [146/890] Compiling chacha-x86-linux.S
2026-02-27T22:52:52.2966415Z [147/890] Compiling chacha-x86-apple.S
2026-02-27T22:52:52.2966996Z [148/890] Compiling chacha-armv8-win.S
2026-02-27T22:52:52.3026208Z [149/890] Compiling chacha-armv8-linux.S
2026-02-27T22:52:52.3217322Z [150/890] Compiling err_data.cc
2026-02-27T22:52:52.3386914Z [151/890] Compiling chacha-armv8-apple.S
2026-02-27T22:52:52.3425153Z [152/890] Compiling chacha-armv4-linux.S
2026-02-27T22:52:52.3635066Z [153/890] Compiling aes128gcmsiv-x86_64-linux.S
2026-02-27T22:52:52.3674398Z [154/890] Compiling aes128gcmsiv-x86_64-apple.S
2026-02-27T22:52:52.3870057Z [155/890] Compiling x86_64-mont5-apple.S
2026-02-27T22:52:52.4022894Z [156/890] Compiling x86_64-mont5-linux.S
2026-02-27T22:52:52.4104740Z [157/890] Compiling x86_64-mont-apple.S
2026-02-27T22:52:52.4144117Z [158/890] Compiling x86_64-mont-linux.S
2026-02-27T22:52:52.4296064Z [159/890] Compiling x86-mont-linux.S
2026-02-27T22:52:52.4465017Z [160/890] Compiling x86-mont-apple.S
2026-02-27T22:52:52.4574682Z [161/890] Compiling vpaes-x86_64-apple.S
2026-02-27T22:52:52.4583780Z [162/890] Compiling vpaes-x86_64-linux.S
2026-02-27T22:52:52.4745576Z [163/890] Compiling vpaes-x86-linux.S
2026-02-27T22:52:52.4904886Z [164/890] Compiling vpaes-x86-apple.S
2026-02-27T22:52:52.5014722Z [165/890] Compiling vpaes-armv8-win.S
2026-02-27T22:52:52.5033834Z [166/890] Compiling vpaes-armv8-linux.S
2026-02-27T22:52:52.5235303Z [167/890] Compiling vpaes-armv8-apple.S
2026-02-27T22:52:52.5356671Z [168/890] Compiling vpaes-armv7-linux.S
2026-02-27T22:52:52.5464382Z [169/890] Compiling sha512-x86_64-apple.S
2026-02-27T22:52:52.5594502Z [170/890] Compiling sha512-x86_64-linux.S
2026-02-27T22:52:52.5684675Z [171/890] Compiling sha512-armv8-win.S
2026-02-27T22:52:52.5814790Z [172/890] Compiling sha512-armv8-linux.S
2026-02-27T22:52:52.5904160Z [173/890] Compiling sha512-armv8-apple.S
2026-02-27T22:52:52.6034837Z [174/890] Compiling sha512-armv4-linux.S
2026-02-27T22:52:52.6136152Z [175/890] Compiling sha512-586-linux.S
2026-02-27T22:52:52.6266349Z [176/890] Compiling sha512-586-apple.S
2026-02-27T22:52:52.6484658Z [177/890] Compiling sha256-x86_64-apple.S
2026-02-27T22:52:52.6534306Z [178/890] Compiling sha256-x86_64-linux.S
2026-02-27T22:52:52.6592894Z [179/890] Compiling sha256-armv8-win.S
2026-02-27T22:52:52.6714921Z [180/890] Compiling sha256-armv8-linux.S
2026-02-27T22:52:52.6936307Z [181/890] Compiling sha256-armv8-apple.S
2026-02-27T22:52:52.6974372Z [182/890] Compiling sha256-armv4-linux.S
2026-02-27T22:52:52.7054561Z [183/890] Compiling sha256-586-linux.S
2026-02-27T22:52:52.7164520Z [184/890] Compiling sha256-586-apple.S
2026-02-27T22:52:52.7426450Z [185/890] Compiling sha1-x86_64-apple.S
2026-02-27T22:52:52.7500195Z [186/890] Compiling sha1-armv8-win.S
2026-02-27T22:52:52.7634168Z [187/890] Compiling sha1-armv8-linux.S
2026-02-27T22:52:52.7664064Z [188/890] Compiling sha1-x86_64-linux.S
2026-02-27T22:52:52.7865215Z [189/890] Compiling sha1-armv8-apple.S
2026-02-27T22:52:52.7944517Z [190/890] Compiling sha1-armv4-large-linux.S
2026-02-27T22:52:52.8065264Z [191/890] Compiling sha1-586-linux.S
2026-02-27T22:52:52.8114234Z [192/890] Compiling sha1-586-apple.S
2026-02-27T22:52:52.8404880Z [193/890] Compiling rsaz-avx2-apple.S
2026-02-27T22:52:52.8414770Z [194/890] Compiling rsaz-avx2-linux.S
2026-02-27T22:52:52.8515576Z [195/890] Compiling rdrand-x86_64-linux.S
2026-02-27T22:52:52.8565201Z [196/890] Compiling rdrand-x86_64-apple.S
2026-02-27T22:52:52.8836157Z [197/890] Compiling p256_beeu-x86_64-asm-apple.S
2026-02-27T22:52:52.8836970Z [197/890] Compiling p256_beeu-x86_64-asm-linux.S
2026-02-27T22:52:52.8955726Z [199/890] Compiling p256_beeu-armv8-asm-win.S
2026-02-27T22:52:52.9005939Z [200/890] Compiling p256_beeu-armv8-asm-linux.S
2026-02-27T22:52:52.9247851Z [201/890] Compiling p256_beeu-armv8-asm-apple.S
2026-02-27T22:52:52.9412041Z [202/890] Compiling p256-x86_64-asm-apple.S
2026-02-27T22:52:52.9453820Z [203/890] Compiling p256-armv8-asm-win.S
2026-02-27T22:52:52.9494095Z [204/890] Compiling p256-x86_64-asm-linux.S
2026-02-27T22:52:52.9676384Z [205/890] Compiling p256-armv8-asm-linux.S
2026-02-27T22:52:52.9844636Z [206/890] Compiling p256-armv8-asm-apple.S
2026-02-27T22:52:52.9903905Z [207/890] Compiling ghashv8-armv8-win.S
2026-02-27T22:52:52.9922471Z [208/890] Compiling ghashv8-armv8-linux.S
2026-02-27T22:52:53.0116603Z [209/890] Compiling ghashv8-armv8-apple.S
2026-02-27T22:52:53.0305422Z [210/890] Compiling ghashv8-armv7-linux.S
2026-02-27T22:52:53.0354046Z [211/890] Compiling ghash-x86_64-apple.S
2026-02-27T22:52:53.0374321Z [212/890] Compiling ghash-x86_64-linux.S
2026-02-27T22:52:53.0535194Z [213/890] Compiling ghash-x86-linux.S
2026-02-27T22:52:53.0785099Z [214/890] Compiling ghash-ssse3-x86_64-apple.S
2026-02-27T22:52:53.0785848Z [214/890] Compiling ghash-x86-apple.S
2026-02-27T22:52:53.0786392Z [215/890] Compiling ghash-ssse3-x86_64-linux.S
2026-02-27T22:52:53.0982038Z [217/890] Compiling ghash-ssse3-x86-linux.S
2026-02-27T22:52:53.1242332Z [218/890] Compiling ghash-ssse3-x86-apple.S
2026-02-27T22:52:53.1244713Z [219/890] Compiling ghash-neon-armv8-linux.S
2026-02-27T22:52:53.1248105Z [220/890] Compiling ghash-neon-armv8-win.S
2026-02-27T22:52:53.1425956Z [221/890] Compiling ghash-neon-armv8-apple.S
2026-02-27T22:52:53.1692140Z [222/890] Compiling co-586-apple.S
2026-02-27T22:52:53.1693335Z [223/890] Compiling ghash-armv4-linux.S
2026-02-27T22:52:53.1703285Z [224/890] Compiling co-586-linux.S
2026-02-27T22:52:53.1884948Z [225/890] Compiling bsaes-armv7-linux.S
2026-02-27T22:52:53.2104829Z [226/890] Compiling bn-armv8-win.S
2026-02-27T22:52:53.2134222Z [227/890] Compiling bn-armv8-apple.S
2026-02-27T22:52:53.2137677Z [227/890] Compiling bn-armv8-linux.S
2026-02-27T22:52:53.2335664Z [229/890] Compiling bn-586-linux.S
2026-02-27T22:52:53.2581954Z [230/890] Compiling armv8-mont-win.S
2026-02-27T22:52:53.2582511Z [231/890] Compiling bn-586-apple.S
2026-02-27T22:52:53.2582949Z [231/890] Compiling armv8-mont-linux.S
2026-02-27T22:52:53.2776161Z [233/890] Compiling armv8-mont-apple.S
2026-02-27T22:52:53.3008402Z [234/890] Compiling aesv8-gcm-armv8-win.S
2026-02-27T22:52:53.3011157Z [235/890] Compiling armv4-mont-linux.S
2026-02-27T22:52:53.3015052Z [236/890] Compiling aesv8-gcm-armv8-linux.S
2026-02-27T22:52:53.3205130Z [237/890] Compiling aesv8-gcm-armv8-apple.S
2026-02-27T22:52:53.3446506Z [238/890] Compiling aesv8-armv8-win.S
2026-02-27T22:52:53.3456852Z [239/890] Compiling aesv8-armv8-linux.S
2026-02-27T22:52:53.3457571Z [239/890] Compiling aesv8-armv8-apple.S
2026-02-27T22:52:53.3653827Z [241/890] Compiling aesv8-armv7-linux.S
2026-02-27T22:52:53.3895194Z [242/890] Compiling aesni-x86_64-apple.S
2026-02-27T22:52:53.3913913Z [243/890] Compiling aesni-x86-linux.S
2026-02-27T22:52:53.3994276Z [244/890] Compiling aesni-x86_64-linux.S
2026-02-27T22:52:53.4114635Z [245/890] Compiling aesni-x86-apple.S
2026-02-27T22:52:53.4354944Z [246/890] Compiling aesni-gcm-x86_64-apple.S
2026-02-27T22:52:53.4396385Z [247/890] Compiling aesni-gcm-x86_64-linux.S
2026-02-27T22:52:53.4506744Z [248/890] Compiling aes-gcm-avx2-x86_64-linux.S
2026-02-27T22:52:53.4562787Z [249/890] Compiling aes-gcm-avx2-x86_64-apple.S
2026-02-27T22:52:53.4854861Z [250/890] Compiling aes-gcm-avx10-x86_64-apple.S
2026-02-27T22:52:53.4866765Z [251/890] Compiling aes-gcm-avx10-x86_64-linux.S
2026-02-27T22:52:54.3879612Z [252/890] Compiling x_x509a.cc
2026-02-27T22:52:54.3928201Z [253/890] Compiling x_val.cc
2026-02-27T22:52:54.4242805Z [254/890] Compiling x_x509.cc
2026-02-27T22:52:54.4243342Z [255/890] Compiling x_spki.cc
2026-02-27T22:52:55.2568697Z [256/890] Compiling x_sig.cc
2026-02-27T22:52:55.2949203Z [257/890] Compiling x_req.cc
2026-02-27T22:52:55.3791248Z [258/890] Compiling x_pubkey.cc
2026-02-27T22:52:55.3907556Z [259/890] Compiling x_name.cc
2026-02-27T22:52:56.1529312Z [260/890] Compiling x_exten.cc
2026-02-27T22:52:56.2539265Z [261/890] Compiling x_crl.cc
2026-02-27T22:52:56.3128821Z [262/890] Compiling x_attrib.cc
2026-02-27T22:52:56.4018960Z [263/890] Compiling x_all.cc
2026-02-27T22:52:56.9976402Z [264/890] Compiling x_algor.cc
2026-02-27T22:52:57.1548981Z [265/890] Compiling x509spki.cc
2026-02-27T22:52:57.2529536Z [266/890] Compiling x509rset.cc
2026-02-27T22:52:57.3629186Z [267/890] Compiling x509name.cc
2026-02-27T22:52:57.9449579Z [268/890] Compiling x509cset.cc
2026-02-27T22:52:58.1102359Z [269/890] Compiling x509_vpm.cc
2026-02-27T22:52:58.2718868Z [270/890] Compiling x509_vfy.cc
2026-02-27T22:52:58.3049720Z [271/890] Compiling x509_v3.cc
2026-02-27T22:52:58.8068784Z [272/890] Compiling x509_txt.cc
2026-02-27T22:52:59.0382028Z [273/890] Compiling x509_trs.cc
2026-02-27T22:52:59.2108654Z [274/890] Compiling x509_set.cc
2026-02-27T22:52:59.2508609Z [275/890] Compiling x509_req.cc
2026-02-27T22:52:59.7309969Z [276/890] Compiling x509_obj.cc
2026-02-27T22:52:59.9988428Z [277/890] Compiling x509_lu.cc
2026-02-27T22:53:00.1308492Z [278/890] Compiling x509_ext.cc
2026-02-27T22:53:00.1327346Z [279/890] Compiling x509_def.cc
2026-02-27T22:53:00.5959220Z [280/890] Compiling x509_d2.cc
2026-02-27T22:53:00.9438504Z [281/890] Compiling x509_cmp.cc
2026-02-27T22:53:00.9869324Z [282/890] Compiling x509.cc
2026-02-27T22:53:01.0592345Z [283/890] Compiling x509_att.cc
2026-02-27T22:53:01.6062255Z [284/890] Compiling v3_utl.cc
2026-02-27T22:53:01.8692378Z [285/890] Compiling v3_skey.cc
2026-02-27T22:53:01.9338144Z [286/890] Compiling v3_prn.cc
2026-02-27T22:53:01.9408060Z [287/890] Compiling v3_purp.cc
2026-02-27T22:53:02.5569416Z [288/890] Compiling v3_pmaps.cc
2026-02-27T22:53:02.7778875Z [289/890] Compiling v3_pcons.cc
2026-02-27T22:53:02.8678342Z [290/890] Compiling v3_ocsp.cc
2026-02-27T22:53:02.8979031Z [291/890] Compiling v3_ncons.cc
2026-02-27T22:53:03.4999890Z [292/890] Compiling v3_lib.cc
2026-02-27T22:53:03.6218776Z [293/890] Compiling v3_int.cc
2026-02-27T22:53:03.7978165Z [294/890] Compiling v3_ia5.cc
2026-02-27T22:53:03.8077908Z [295/890] Compiling v3_info.cc
2026-02-27T22:53:04.4331631Z [296/890] Compiling v3_genn.cc
2026-02-27T22:53:04.5479174Z [297/890] Compiling v3_extku.cc
2026-02-27T22:53:04.7332380Z [298/890] Compiling v3_enum.cc
2026-02-27T22:53:04.7848776Z [299/890] Compiling v3_crld.cc
2026-02-27T22:53:05.3868536Z [300/890] Compiling v3_cpols.cc
2026-02-27T22:53:05.4938978Z [301/890] Compiling v3_conf.cc
2026-02-27T22:53:05.6599076Z [302/890] Compiling v3_bitst.cc
2026-02-27T22:53:05.7259752Z [303/890] Compiling v3_bcons.cc
2026-02-27T22:53:06.3399108Z [304/890] Compiling v3_alt.cc
2026-02-27T22:53:06.4167261Z [305/890] Compiling v3_akeya.cc
2026-02-27T22:53:06.5858983Z [306/890] Compiling v3_akey.cc
2026-02-27T22:53:06.6543186Z [307/890] Compiling t_x509a.cc
2026-02-27T22:53:07.2896188Z [308/890] Compiling t_x509.cc
2026-02-27T22:53:07.3712931Z [309/890] Compiling t_req.cc
2026-02-27T22:53:07.4912547Z [310/890] Compiling t_crl.cc
2026-02-27T22:53:07.6050673Z [311/890] Compiling rsa_pss.cc
2026-02-27T22:53:08.0555248Z [312/890] Compiling i2d_pr.cc
2026-02-27T22:53:08.2138581Z [313/890] Compiling name_print.cc
2026-02-27T22:53:08.2806108Z [314/890] Compiling policy.cc
2026-02-27T22:53:08.5497082Z [315/890] Compiling by_file.cc
2026-02-27T22:53:09.0219422Z [316/890] Compiling by_dir.cc
2026-02-27T22:53:09.1858869Z [317/890] Compiling asn1_gen.cc
2026-02-27T22:53:09.2175459Z [318/890] Compiling algorithm.cc
2026-02-27T22:53:09.4798063Z [319/890] Compiling a_verify.cc
2026-02-27T22:53:09.9168353Z [320/890] Compiling voprf.cc
2026-02-27T22:53:09.9424046Z [321/890] Compiling a_sign.cc
2026-02-27T22:53:10.0158145Z [322/890] Compiling a_digest.cc
2026-02-27T22:53:10.1748988Z [323/890] Compiling trust_token.cc
2026-02-27T22:53:10.3687911Z [324/890] Compiling thread_win.cc
2026-02-27T22:53:10.4499372Z [325/890] Compiling thread_pthread.cc
2026-02-27T22:53:10.6038487Z [326/890] Compiling thread_none.cc
2026-02-27T22:53:10.6166514Z [327/890] Compiling pmbtoken.cc
2026-02-27T22:53:10.7310662Z [328/890] Compiling thread.cc
2026-02-27T22:53:10.9238626Z [329/890] Compiling stack.cc
2026-02-27T22:53:11.0917668Z [330/890] Compiling slhdsa.cc
2026-02-27T22:53:11.1669762Z [331/890] Compiling siphash.cc
2026-02-27T22:53:11.2928107Z [332/890] Compiling spake2plus.cc
2026-02-27T22:53:11.3036127Z [333/890] Compiling sha512.cc
2026-02-27T22:53:11.4629656Z [334/890] Compiling sha256.cc
2026-02-27T22:53:11.5400049Z [335/890] Compiling sha1.cc
2026-02-27T22:53:11.7007789Z [336/890] Compiling rsa_extra.cc
2026-02-27T22:53:11.7277650Z [337/890] Compiling rsa_print.cc
2026-02-27T22:53:12.0117591Z [338/890] Compiling rsa_crypt.cc
2026-02-27T22:53:12.0967476Z [339/890] Compiling rc4.cc
2026-02-27T22:53:12.1267003Z [340/890] Compiling refcount.cc
2026-02-27T22:53:12.1327421Z [341/890] Compiling rsa_asn1.cc
2026-02-27T22:53:12.4449325Z [342/890] Compiling windows.cc
2026-02-27T22:53:12.4953354Z [343/890] Compiling trusty.cc
2026-02-27T22:53:12.5169298Z [344/890] Compiling rand.cc
2026-02-27T22:53:12.6021588Z [345/890] Compiling urandom.cc
2026-02-27T22:53:12.8488942Z [346/890] Compiling ios.cc
2026-02-27T22:53:12.8709202Z [347/890] Compiling passive.cc
2026-02-27T22:53:12.8937615Z [348/890] Compiling getentropy.cc
2026-02-27T22:53:13.0558220Z [349/890] Compiling forkunsafe.cc
2026-02-27T22:53:13.2337048Z [350/890] Compiling deterministic.cc
2026-02-27T22:53:13.2746294Z [351/890] Compiling poly1305_arm_asm.S
2026-02-27T22:53:13.2987846Z [352/890] Compiling fork_detect.cc
2026-02-27T22:53:13.4608340Z [353/890] Compiling pool.cc
2026-02-27T22:53:13.6327560Z [354/890] Compiling poly1305_vec.cc
2026-02-27T22:53:13.6878584Z [355/890] Compiling poly1305_arm.cc
2026-02-27T22:53:13.7168084Z [356/890] Compiling poly1305.cc
2026-02-27T22:53:14.4849194Z [357/890] Compiling pkcs8_x509.cc
2026-02-27T22:53:14.5409115Z [358/890] Compiling pkcs8.cc
2026-02-27T22:53:14.5849244Z [359/890] Compiling p5_pbev2.cc
2026-02-27T22:53:14.6690478Z [360/890] Compiling pkcs7_x509.cc
2026-02-27T22:53:15.0008035Z [361/890] Compiling pkcs7.cc
2026-02-27T22:53:15.4058909Z [362/890] Compiling pem_xaux.cc
2026-02-27T22:53:15.4509392Z [363/890] Compiling pem_x509.cc
2026-02-27T22:53:15.5218462Z [364/890] Compiling pem_pkey.cc
2026-02-27T22:53:15.8694910Z [365/890] Compiling pem_pk8.cc
2026-02-27T22:53:16.2638742Z [366/890] Compiling pem_oth.cc
2026-02-27T22:53:16.3989091Z [367/890] Compiling pem_info.cc
2026-02-27T22:53:16.4231542Z [368/890] Compiling pem_lib.cc
2026-02-27T22:53:16.7860423Z [369/890] Compiling obj_xref.cc
2026-02-27T22:53:16.7939056Z [370/890] Compiling pem_all.cc
2026-02-27T22:53:16.8027043Z [371/890] Compiling mlkem.cc
2026-02-27T22:53:17.1298073Z [372/890] Compiling obj.cc
2026-02-27T22:53:17.1396071Z [373/890] Compiling mldsa.cc
2026-02-27T22:53:17.2397217Z [374/890] Compiling md5.cc
2026-02-27T22:53:17.2598558Z [375/890] Compiling mem.cc
2026-02-27T22:53:17.5897813Z [376/890] Compiling lhash.cc
2026-02-27T22:53:17.6217391Z [377/890] Compiling md4.cc
2026-02-27T22:53:17.6905399Z [378/890] Compiling poly_rq_mul.S
2026-02-27T22:53:17.7154725Z [379/890] Compiling fips_shared_support.cc
2026-02-27T22:53:17.8397510Z [380/890] Compiling kyber.cc
2026-02-27T22:53:17.9639522Z [381/890] Compiling hrss.cc
2026-02-27T22:53:18.2746112Z [382/890] Compiling hpke.cc
2026-02-27T22:53:18.2773951Z [383/890] Compiling ex_data.cc
2026-02-27T22:53:18.4125029Z [384/890] Compiling sign.cc
2026-02-27T22:53:18.7828020Z [385/890] Compiling scrypt.cc
2026-02-27T22:53:18.8778152Z [386/890] Compiling print.cc
2026-02-27T22:53:18.9027798Z [387/890] Compiling pbkdf.cc
2026-02-27T22:53:19.3198615Z [388/890] Compiling p_x25519.cc
2026-02-27T22:53:19.3588181Z [389/890] Compiling p_x25519_asn1.cc
2026-02-27T22:53:19.5130522Z [390/890] Compiling p_rsa_asn1.cc
2026-02-27T22:53:19.9658940Z [391/890] Compiling p_rsa.cc
2026-02-27T22:53:19.9989603Z [392/890] Compiling p_hkdf.cc
2026-02-27T22:53:20.1118760Z [393/890] Compiling p_ed25519_asn1.cc
2026-02-27T22:53:20.4228081Z [394/890] Compiling p_ed25519.cc
2026-02-27T22:53:20.5857637Z [395/890] Compiling p_ec_asn1.cc
2026-02-27T22:53:20.6739230Z [396/890] Compiling p_ec.cc
2026-02-27T22:53:21.1038368Z [397/890] Compiling p_dh_asn1.cc
2026-02-27T22:53:21.1487660Z [398/890] Compiling p_dsa_asn1.cc
2026-02-27T22:53:21.1542617Z [399/890] Compiling p_dh.cc
2026-02-27T22:53:21.5472364Z [400/890] Compiling bcm.cc
2026-02-27T22:53:21.5677683Z [401/890] Compiling evp_ctx.cc
2026-02-27T22:53:21.6858031Z [402/890] Compiling evp.cc
2026-02-27T22:53:21.8919076Z [403/890] Compiling evp_asn1.cc
2026-02-27T22:53:22.0447484Z [404/890] Compiling err.cc
2026-02-27T22:53:22.0617628Z [405/890] Compiling engine.cc
2026-02-27T22:53:22.2800495Z [406/890] Compiling ecdsa_asn1.cc
2026-02-27T22:53:22.3838025Z [407/890] Compiling ecdh.cc
2026-02-27T22:53:22.5677278Z [408/890] Compiling ec_derive.cc
2026-02-27T22:53:22.5752762Z [409/890] Compiling hash_to_curve.cc
2026-02-27T22:53:22.9230336Z [410/890] Compiling ec_asn1.cc
2026-02-27T22:53:23.0218343Z [411/890] Compiling dsa_asn1.cc
2026-02-27T22:53:23.1248166Z [412/890] Compiling dsa.cc
2026-02-27T22:53:23.1938904Z [413/890] Compiling digest_extra.cc
2026-02-27T22:53:23.4188406Z [414/890] Compiling params.cc
2026-02-27T22:53:23.5788195Z [415/890] Compiling dh_asn1.cc
2026-02-27T22:53:23.6534303Z [416/890] Compiling des.cc
2026-02-27T22:53:23.6945388Z [417/890] Compiling x25519-asm-arm.S
2026-02-27T22:53:23.7468465Z [418/890] Compiling spake25519.cc
2026-02-27T22:53:24.1409563Z [419/890] Compiling crypto.cc
2026-02-27T22:53:24.1968545Z [420/890] Compiling cpu_intel.cc
2026-02-27T22:53:24.3207875Z [421/890] Compiling curve25519.cc
2026-02-27T22:53:24.5668141Z [422/890] Compiling cpu_arm_linux.cc
2026-02-27T22:53:24.5769013Z [423/890] Compiling curve25519_64_adx.cc
2026-02-27T22:53:24.6248273Z [424/890] Compiling cpu_arm_freebsd.cc
2026-02-27T22:53:24.7368108Z [425/890] Compiling cpu_aarch64_win.cc
2026-02-27T22:53:24.9407889Z [426/890] Compiling cpu_aarch64_openbsd.cc
2026-02-27T22:53:24.9887633Z [427/890] Compiling cpu_aarch64_sysreg.cc
2026-02-27T22:53:25.0487887Z [428/890] Compiling cpu_aarch64_linux.cc
2026-02-27T22:53:25.1607714Z [429/890] Compiling cpu_aarch64_fuchsia.cc
2026-02-27T22:53:25.3518427Z [430/890] Compiling cpu_aarch64_apple.cc
2026-02-27T22:53:25.5387495Z [431/890] Compiling conf.cc
2026-02-27T22:53:25.5431810Z [432/890] Compiling tls_cbc.cc
2026-02-27T22:53:25.6097826Z [433/890] Compiling get_cipher.cc
2026-02-27T22:53:25.8437678Z [434/890] Compiling e_tls.cc
2026-02-27T22:53:25.9878806Z [435/890] Compiling e_rc4.cc
2026-02-27T22:53:26.0107740Z [436/890] Compiling e_rc2.cc
2026-02-27T22:53:26.0570617Z [437/890] Compiling e_null.cc
2026-02-27T22:53:26.3078039Z [438/890] Compiling e_des.cc
2026-02-27T22:53:26.4529703Z [439/890] Compiling e_chacha20poly1305.cc
2026-02-27T22:53:26.4997889Z [440/890] Compiling e_aesgcmsiv.cc
2026-02-27T22:53:26.5228721Z [441/890] Compiling e_aesctrhmac.cc
2026-02-27T22:53:26.6687590Z [442/890] Compiling derive_key.cc
2026-02-27T22:53:26.8887708Z [443/890] Compiling chacha.cc
2026-02-27T22:53:26.9587913Z [444/890] Compiling unicode.cc
2026-02-27T22:53:27.1848101Z [445/890] Compiling cbs.cc
2026-02-27T22:53:27.2498033Z [446/890] Compiling cbb.cc
2026-02-27T22:53:27.3562947Z [447/890] Compiling ber.cc
2026-02-27T22:53:27.4858339Z [448/890] Compiling asn1_compat.cc
2026-02-27T22:53:27.6370395Z [449/890] Compiling buf.cc
2026-02-27T22:53:27.8287424Z [450/890] Compiling bn_asn1.cc
2026-02-27T22:53:27.9098706Z [451/890] Compiling convert.cc
2026-02-27T22:53:27.9337836Z [452/890] Compiling blake2.cc
2026-02-27T22:53:28.1351203Z [453/890] Compiling socket_helper.cc
2026-02-27T22:53:28.2609165Z [454/890] Compiling socket.cc
2026-02-27T22:53:28.3308773Z [455/890] Compiling printf.cc
2026-02-27T22:53:28.4293957Z [456/890] Compiling pair.cc
2026-02-27T22:53:28.6138072Z [457/890] Compiling hexdump.cc
2026-02-27T22:53:28.7549054Z [458/890] Compiling file.cc
2026-02-27T22:53:28.8118297Z [459/890] Compiling fd.cc
2026-02-27T22:53:28.8397764Z [460/890] Compiling errno.cc
2026-02-27T22:53:29.1167733Z [461/890] Compiling connect.cc
2026-02-27T22:53:29.2377897Z [462/890] Compiling bio_mem.cc
2026-02-27T22:53:29.3068730Z [463/890] Compiling base64.cc
2026-02-27T22:53:29.3628668Z [464/890] Compiling bio.cc
2026-02-27T22:53:29.7269471Z [465/890] Compiling tasn_typ.cc
2026-02-27T22:53:29.7600284Z [466/890] Compiling tasn_utl.cc
2026-02-27T22:53:29.8198232Z [467/890] Compiling tasn_fre.cc
2026-02-27T22:53:29.9118390Z [468/890] Compiling tasn_new.cc
2026-02-27T22:53:30.2638467Z [469/890] Compiling tasn_enc.cc
2026-02-27T22:53:30.3028024Z [470/890] Compiling posix_time.cc
2026-02-27T22:53:30.3609967Z [471/890] Compiling f_string.cc
2026-02-27T22:53:30.4179567Z [472/890] Compiling tasn_dec.cc
2026-02-27T22:53:30.6997670Z [473/890] Compiling f_int.cc
2026-02-27T22:53:30.7507852Z [474/890] Compiling asn_pack.cc
2026-02-27T22:53:30.7957903Z [475/890] Compiling asn1_par.cc
2026-02-27T22:53:31.0309657Z [476/890] Compiling asn1_lib.cc
2026-02-27T22:53:31.2458479Z [477/890] Compiling a_utctm.cc
2026-02-27T22:53:31.3178607Z [478/890] Compiling a_type.cc
2026-02-27T22:53:31.3712609Z [479/890] Compiling a_time.cc
2026-02-27T22:53:31.7327741Z [480/890] Compiling a_strnid.cc
2026-02-27T22:53:31.7487406Z [481/890] Compiling a_octet.cc
2026-02-27T22:53:31.8778787Z [482/890] Compiling a_strex.cc
2026-02-27T22:53:31.9903033Z [483/890] Compiling a_object.cc
2026-02-27T22:53:32.2928294Z [484/890] Compiling a_mbstr.cc
2026-02-27T22:53:32.3267318Z [485/890] Compiling a_i2d_fp.cc
2026-02-27T22:53:32.3810095Z [486/890] Compiling a_int.cc
2026-02-27T22:53:32.5528248Z [487/890] Compiling a_gentm.cc
2026-02-27T22:53:32.7258187Z [488/890] Compiling a_dup.cc
2026-02-27T22:53:32.7859852Z [489/890] Compiling a_d2i_fp.cc
2026-02-27T22:53:32.9259179Z [490/890] Compiling a_bool.cc
2026-02-27T22:53:33.0276758Z [491/890] Compiling a_bitstr.cc
2026-02-27T22:53:33.0745497Z [492/890] Compiling fiat_p256_adx_sqr.S
2026-02-27T22:53:33.1222338Z [493/890] Compiling fiat_p256_adx_mul.S
2026-02-27T22:53:33.1674986Z [494/890] Compiling fiat_curve25519_adx_square.S
2026-02-27T22:53:33.2144978Z [495/890] Compiling fiat_curve25519_adx_mul.S
2026-02-27T22:53:33.2397131Z [496/890] Compiling CCryptoBoringSSLShims shims.c
2026-02-27T22:53:33.2641750Z [497/890] Compiling md5-x86_64-linux.S
2026-02-27T22:53:33.2865067Z [498/890] Compiling md5-x86_64-apple.S
2026-02-27T22:53:33.3042942Z [499/890] Compiling md5-586-linux.S
2026-02-27T22:53:33.3325562Z [500/890] Compiling md5-586-apple.S
2026-02-27T22:53:33.4255056Z [501/890] Compiling chacha20_poly1305_x86_64-linux.S
2026-02-27T22:53:33.4735791Z [502/890] Compiling chacha20_poly1305_x86_64-apple.S
2026-02-27T22:53:33.5195872Z [503/890] Compiling chacha20_poly1305_armv8-win.S
2026-02-27T22:53:33.5665267Z [504/890] Compiling chacha20_poly1305_armv8-linux.S
2026-02-27T22:53:33.6046992Z [505/890] Compiling err_data.cc
2026-02-27T22:53:33.6134998Z [506/890] Compiling chacha20_poly1305_armv8-apple.S
2026-02-27T22:53:33.6565505Z [507/890] Compiling chacha-x86_64-linux.S
2026-02-27T22:53:33.6604276Z [508/890] Compiling chacha-x86_64-apple.S
2026-02-27T22:53:33.7005062Z [509/890] Compiling chacha-x86-linux.S
2026-02-27T22:53:33.7044411Z [510/890] Compiling chacha-x86-apple.S
2026-02-27T22:53:33.7445089Z [511/890] Compiling chacha-armv8-win.S
2026-02-27T22:53:33.7506029Z [512/890] Compiling chacha-armv8-linux.S
2026-02-27T22:53:33.7895352Z [513/890] Compiling chacha-armv8-apple.S
2026-02-27T22:53:33.7967023Z [514/890] Compiling chacha-armv4-linux.S
2026-02-27T22:53:33.8405121Z [515/890] Compiling aes128gcmsiv-x86_64-apple.S
2026-02-27T22:53:33.8465205Z [516/890] Compiling aes128gcmsiv-x86_64-linux.S
2026-02-27T22:53:33.8905865Z [517/890] Compiling x86_64-mont5-apple.S
2026-02-27T22:53:33.9006475Z [518/890] Compiling x86_64-mont5-linux.S
2026-02-27T22:53:33.9434823Z [519/890] Compiling x86_64-mont-linux.S
2026-02-27T22:53:33.9439756Z [520/890] Compiling x86_64-mont-apple.S
2026-02-27T22:53:33.9825264Z [521/890] Compiling x86-mont-linux.S
2026-02-27T22:53:33.9875554Z [522/890] Compiling x86-mont-apple.S
2026-02-27T22:53:34.0305800Z [523/890] Compiling vpaes-x86_64-apple.S
2026-02-27T22:53:34.0312923Z [524/890] Compiling vpaes-x86_64-linux.S
2026-02-27T22:53:34.0725841Z [525/890] Compiling vpaes-x86-linux.S
2026-02-27T22:53:34.0734087Z [526/890] Compiling vpaes-x86-apple.S
2026-02-27T22:53:34.1153522Z [527/890] Compiling vpaes-armv8-win.S
2026-02-27T22:53:34.1184627Z [528/890] Compiling vpaes-armv8-linux.S
2026-02-27T22:53:34.1595855Z [529/890] Compiling vpaes-armv8-apple.S
2026-02-27T22:53:34.1606573Z [530/890] Compiling vpaes-armv7-linux.S
2026-02-27T22:53:34.2045278Z [531/890] Compiling sha512-x86_64-apple.S
2026-02-27T22:53:34.2155549Z [532/890] Compiling sha512-x86_64-linux.S
2026-02-27T22:53:34.2485564Z [533/890] Compiling sha512-armv8-win.S
2026-02-27T22:53:34.2597412Z [534/890] Compiling sha512-armv8-linux.S
2026-02-27T22:53:34.2922127Z [535/890] Compiling sha512-armv8-apple.S
2026-02-27T22:53:34.3036269Z [536/890] Compiling sha512-armv4-linux.S
2026-02-27T22:53:34.3345602Z [537/890] Compiling sha512-586-linux.S
2026-02-27T22:53:34.3475338Z [538/890] Compiling sha512-586-apple.S
2026-02-27T22:53:34.3925066Z [539/890] Compiling sha256-x86_64-apple.S
2026-02-27T22:53:34.3954377Z [540/890] Compiling sha256-x86_64-linux.S
2026-02-27T22:53:34.4356056Z [541/890] Compiling sha256-armv8-win.S
2026-02-27T22:53:34.4374191Z [542/890] Compiling sha256-armv8-linux.S
2026-02-27T22:53:34.4785305Z [543/890] Compiling sha256-armv4-linux.S
2026-02-27T22:53:34.4804780Z [544/890] Compiling sha256-armv8-apple.S
2026-02-27T22:53:34.5225202Z [545/890] Compiling sha256-586-linux.S
2026-02-27T22:53:34.5254502Z [546/890] Compiling sha256-586-apple.S
2026-02-27T22:53:34.5646001Z [547/890] Compiling c-nioatomics.c
2026-02-27T22:53:34.5725218Z [548/890] Compiling sha1-x86_64-apple.S
2026-02-27T22:53:34.5925401Z [549/890] Compiling sha1-x86_64-linux.S
2026-02-27T22:53:34.6095417Z [550/890] Compiling sha1-armv8-win.S
2026-02-27T22:53:34.6187734Z [551/890] Compiling sha1-armv8-linux.S
2026-02-27T22:53:34.6350684Z [552/890] Compiling sha1-armv8-apple.S
2026-02-27T22:53:34.6555254Z [553/890] Compiling sha1-armv4-large-linux.S
2026-02-27T22:53:34.6630953Z [554/890] Compiling sha1-586-linux.S
2026-02-27T22:53:34.6785231Z [555/890] Compiling sha1-586-apple.S
2026-02-27T22:53:34.7085380Z [556/890] Compiling rsaz-avx2-apple.S
2026-02-27T22:53:34.7086402Z [556/890] Compiling rsaz-avx2-linux.S
2026-02-27T22:53:34.7225628Z [558/890] Compiling rdrand-x86_64-linux.S
2026-02-27T22:53:34.7517801Z [559/890] Compiling p256_beeu-x86_64-asm-linux.S
2026-02-27T22:53:34.7523686Z [559/890] Compiling rdrand-x86_64-apple.S
2026-02-27T22:53:34.7662774Z [561/890] Compiling p256_beeu-x86_64-asm-apple.S
2026-02-27T22:53:34.7938202Z [562/890] Compiling p256_beeu-armv8-asm-linux.S
2026-02-27T22:53:34.7941569Z [562/890] Compiling p256_beeu-armv8-asm-win.S
2026-02-27T22:53:34.8096285Z [564/890] Compiling p256_beeu-armv8-asm-apple.S
2026-02-27T22:53:34.8375322Z [565/890] Compiling p256-x86_64-asm-apple.S
2026-02-27T22:53:34.8536195Z [566/890] Compiling p256-armv8-asm-win.S
2026-02-27T22:53:34.8574199Z [567/890] Compiling p256-x86_64-asm-linux.S
2026-02-27T22:53:34.8824612Z [568/890] Compiling p256-armv8-asm-linux.S
2026-02-27T22:53:34.8973709Z [569/890] Compiling p256-armv8-asm-apple.S
2026-02-27T22:53:34.9035122Z [570/890] Compiling ghashv8-armv8-win.S
2026-02-27T22:53:34.9259385Z [571/890] Compiling ghashv8-armv8-linux.S
2026-02-27T22:53:34.9415455Z [572/890] Compiling ghashv8-armv8-apple.S
2026-02-27T22:53:34.9454010Z [573/890] Compiling ghashv8-armv7-linux.S
2026-02-27T22:53:34.9745226Z [574/890] Compiling ghash-x86_64-linux.S
2026-02-27T22:53:34.9882877Z [575/890] Compiling ghash-x86_64-apple.S
2026-02-27T22:53:34.9904567Z [576/890] Compiling ghash-x86-linux.S
2026-02-27T22:53:35.0016010Z [577/890] Compiling c-atomics.c
2026-02-27T22:53:35.0174845Z [578/890] Compiling ghash-x86-apple.S
2026-02-27T22:53:35.0334519Z [579/890] Compiling ghash-ssse3-x86_64-linux.S
2026-02-27T22:53:35.0354224Z [580/890] Compiling ghash-ssse3-x86_64-apple.S
2026-02-27T22:53:35.0465198Z [581/890] Compiling ghash-ssse3-x86-linux.S
2026-02-27T22:53:35.0767967Z [582/890] Compiling ghash-ssse3-x86-apple.S
2026-02-27T22:53:35.0787110Z [583/890] Compiling ghash-neon-armv8-win.S
2026-02-27T22:53:35.0925295Z [584/890] Compiling ghash-neon-armv8-linux.S
2026-02-27T22:53:35.1183428Z [585/890] Compiling ghash-armv4-linux.S
2026-02-27T22:53:35.1188561Z [585/890] Compiling ghash-neon-armv8-apple.S
2026-02-27T22:53:35.1365290Z [587/890] Compiling co-586-linux.S
2026-02-27T22:53:35.1598140Z [588/890] Compiling co-586-apple.S
2026-02-27T22:53:35.1610004Z [589/890] Compiling bsaes-armv7-linux.S
2026-02-27T22:53:35.1805033Z [590/890] Compiling bn-armv8-win.S
2026-02-27T22:53:35.2034826Z [591/890] Compiling bn-armv8-apple.S
2026-02-27T22:53:35.2043492Z [592/890] Compiling bn-armv8-linux.S
2026-02-27T22:53:35.2264967Z [593/890] Compiling bn-586-linux.S
2026-02-27T22:53:35.2464928Z [594/890] Compiling bn-586-apple.S
2026-02-27T22:53:35.2483933Z [595/890] Compiling armv8-mont-win.S
2026-02-27T22:53:35.2693168Z [596/890] Compiling armv8-mont-linux.S
2026-02-27T22:53:35.3091944Z [597/896] Compiling armv8-mont-apple.S
2026-02-27T22:53:35.3215658Z [598/896] Compiling armv4-mont-linux.S
2026-02-27T22:53:35.3582873Z [599/896] Compiling aesv8-gcm-armv8-win.S
2026-02-27T22:53:35.3957511Z [600/896] Compiling aesv8-gcm-armv8-linux.S
2026-02-27T22:53:35.4114229Z [601/896] Compiling aesv8-gcm-armv8-apple.S
2026-02-27T22:53:35.4404915Z [602/896] Compiling aesv8-armv8-win.S
2026-02-27T22:53:35.4682335Z [603/896] Compiling aesv8-armv8-apple.S
2026-02-27T22:53:35.4695001Z [604/896] Compiling aesv8-armv8-linux.S
2026-02-27T22:53:35.5091948Z [605/896] Compiling aesv8-armv7-linux.S
2026-02-27T22:53:35.5466397Z [606/896] Compiling aesni-x86_64-linux.S
2026-02-27T22:53:35.5584135Z [607/896] Compiling aesni-x86_64-apple.S
2026-02-27T22:53:35.5996830Z [608/896] Compiling aesni-x86-linux.S
2026-02-27T22:53:35.6174156Z [609/896] Compiling aesni-gcm-x86_64-linux.S
2026-02-27T22:53:35.6481538Z [610/896] Compiling aesni-x86-apple.S
2026-02-27T22:53:35.6946678Z [611/896] Compiling aesni-gcm-x86_64-apple.S
2026-02-27T22:53:35.6963660Z [612/896] Compiling aes-gcm-avx512-x86_64-linux.S
2026-02-27T22:53:35.7433277Z [613/896] Compiling aes-gcm-avx512-x86_64-apple.S
2026-02-27T22:53:35.7582954Z [615/896] Compiling NIOConcurrencyHelpers NIOLockedValueBox.swift
2026-02-27T22:53:35.7587430Z [616/896] Compiling NIOConcurrencyHelpers NIOThreadPoolWorkAvailable.swift
2026-02-27T22:53:35.7662261Z [616/897] Compiling aes-gcm-avx2-x86_64-apple.S
2026-02-27T22:53:35.8216749Z [617/897] Compiling aes-gcm-avx2-x86_64-linux.S
2026-02-27T22:53:36.2106148Z [619/897] Emitting module NIOConcurrencyHelpers
2026-02-27T22:53:36.3337880Z [620/897] Compiling NIOConcurrencyHelpers lock.swift
2026-02-27T22:53:36.4542960Z [621/897] Compiling NIOConcurrencyHelpers NIOAtomic.swift
2026-02-27T22:53:36.4549574Z [622/897] Compiling NIOConcurrencyHelpers NIOLock.swift
2026-02-27T22:53:36.4697229Z [622/897] Compiling xwing.cc
2026-02-27T22:53:36.4788079Z [624/897] Compiling NIOConcurrencyHelpers atomics.swift
2026-02-27T22:53:36.9089070Z [625/898] Compiling x_x509a.cc
2026-02-27T22:53:37.0029671Z [626/898] Wrapping AST for NIOConcurrencyHelpers for debugging
2026-02-27T22:53:37.1694395Z [627/898] Compiling x_x509.cc
2026-02-27T22:53:37.3572190Z [628/898] Compiling x_spki.cc
2026-02-27T22:53:37.4488713Z [629/898] Compiling x_sig.cc
2026-02-27T22:53:37.9548905Z [630/898] Compiling x_req.cc
2026-02-27T22:53:38.2381604Z [631/898] Compiling x_pubkey.cc
2026-02-27T22:53:38.3228895Z [632/898] Compiling x_name.cc
2026-02-27T22:53:38.4049147Z [633/898] Compiling x_exten.cc
2026-02-27T22:53:38.8929351Z [634/898] Compiling x_crl.cc
2026-02-27T22:53:39.1741731Z [635/898] Compiling x_attrib.cc
2026-02-27T22:53:39.3331110Z [636/898] Compiling x_all.cc
2026-02-27T22:53:39.4519094Z [637/898] Compiling x_algor.cc
2026-02-27T22:53:39.7408327Z [638/898] Compiling x509spki.cc
2026-02-27T22:53:40.1118865Z [639/898] Compiling x509rset.cc
2026-02-27T22:53:40.2878996Z [640/898] Compiling x509name.cc
2026-02-27T22:53:40.3939403Z [641/898] Compiling x509cset.cc
2026-02-27T22:53:40.7028740Z [642/898] Compiling x509_vpm.cc
2026-02-27T22:53:41.1368435Z [643/898] Compiling x509_vfy.cc
2026-02-27T22:53:41.2199316Z [644/898] Compiling x509_v3.cc
2026-02-27T22:53:41.2578040Z [645/898] Compiling x509_txt.cc
2026-02-27T22:53:41.6388942Z [646/898] Compiling x509_trs.cc
2026-02-27T22:53:42.0550111Z [647/898] Compiling x509_set.cc
2026-02-27T22:53:42.1734548Z [648/898] Compiling x509_req.cc
2026-02-27T22:53:42.1761559Z [649/898] Compiling x509_obj.cc
2026-02-27T22:53:42.6018933Z [650/898] Compiling x509_lu.cc
2026-02-27T22:53:42.9989079Z [651/898] Compiling x509_ext.cc
2026-02-27T22:53:43.0271507Z [652/898] Compiling x509_def.cc
2026-02-27T22:53:43.0685631Z [653/898] Compiling x509_d2.cc
2026-02-27T22:53:43.5729031Z [654/898] Compiling x509_cmp.cc
2026-02-27T22:53:43.8819136Z [655/898] Compiling x509.cc
2026-02-27T22:53:43.9479275Z [656/898] Compiling x509_att.cc
2026-02-27T22:53:44.0669227Z [657/898] Compiling v3_utl.cc
2026-02-27T22:53:44.5148478Z [658/898] Compiling v3_skey.cc
2026-02-27T22:53:44.8229704Z [659/898] Compiling v3_prn.cc
2026-02-27T22:53:44.8495206Z [660/898] Compiling v3_purp.cc
2026-02-27T22:53:45.0071707Z [661/898] Compiling v3_pmaps.cc
2026-02-27T22:53:45.4599967Z [662/898] Compiling v3_pcons.cc
2026-02-27T22:53:45.7374218Z [663/898] Compiling v3_ocsp.cc
2026-02-27T22:53:45.7949889Z [664/898] Compiling v3_ncons.cc
2026-02-27T22:53:45.9759725Z [665/898] Compiling v3_lib.cc
2026-02-27T22:53:46.3969241Z [666/898] Compiling v3_int.cc
2026-02-27T22:53:46.6938274Z [667/898] Compiling v3_ia5.cc
2026-02-27T22:53:46.7819503Z [668/898] Compiling v3_info.cc
2026-02-27T22:53:46.9281762Z [669/898] Compiling v3_genn.cc
2026-02-27T22:53:47.3488860Z [670/898] Compiling v3_extku.cc
2026-02-27T22:53:47.6189703Z [671/898] Compiling v3_enum.cc
2026-02-27T22:53:47.7788856Z [672/898] Compiling v3_crld.cc
2026-02-27T22:53:47.9099258Z [673/898] Compiling v3_cpols.cc
2026-02-27T22:53:48.4469550Z [674/898] Compiling v3_conf.cc
2026-02-27T22:53:48.5361262Z [675/898] Compiling v3_bitst.cc
2026-02-27T22:53:48.7413242Z [676/898] Compiling v3_bcons.cc
2026-02-27T22:53:48.8559816Z [677/898] Compiling v3_alt.cc
2026-02-27T22:53:49.3939422Z [678/898] Compiling v3_akeya.cc
2026-02-27T22:53:49.4592186Z [679/898] Compiling v3_akey.cc
2026-02-27T22:53:49.6722986Z [680/898] Compiling t_x509a.cc
2026-02-27T22:53:49.8069107Z [681/898] Compiling t_x509.cc
2026-02-27T22:53:50.3360070Z [682/898] Compiling t_crl.cc
2026-02-27T22:53:50.3363274Z [682/898] Compiling t_req.cc
2026-02-27T22:53:50.6529357Z [684/898] Compiling rsa_pss.cc
2026-02-27T22:53:50.8199521Z [685/898] Compiling policy.cc
2026-02-27T22:53:50.8878031Z [686/898] Compiling i2d_pr.cc
2026-02-27T22:53:51.2062066Z [687/898] Compiling name_print.cc
2026-02-27T22:53:51.6039221Z [688/898] Compiling by_file.cc
2026-02-27T22:53:51.7989592Z [689/898] Compiling by_dir.cc
2026-02-27T22:53:51.8727605Z [690/898] Compiling asn1_gen.cc
2026-02-27T22:53:52.1428959Z [691/898] Compiling algorithm.cc
2026-02-27T22:53:52.5739251Z [692/898] Compiling a_verify.cc
2026-02-27T22:53:52.7182635Z [693/898] Compiling a_digest.cc
2026-02-27T22:53:52.8168930Z [694/898] Compiling a_sign.cc
2026-02-27T22:53:52.8382959Z [695/898] Compiling voprf.cc
2026-02-27T22:53:53.2755081Z [696/898] Compiling thread_win.cc
2026-02-27T22:53:53.2842916Z [697/898] Compiling thread_pthread.cc
2026-02-27T22:53:53.4448945Z [698/898] Compiling pmbtoken.cc
2026-02-27T22:53:53.4679364Z [699/898] Compiling trust_token.cc
2026-02-27T22:53:53.6420065Z [700/898] Compiling thread.cc
2026-02-27T22:53:53.6998395Z [701/898] Compiling thread_none.cc
2026-02-27T22:53:53.9180605Z [702/898] Compiling stack.cc
2026-02-27T22:53:54.1332903Z [703/898] Compiling slhdsa.cc
2026-02-27T22:53:54.1342334Z [704/898] Compiling siphash.cc
2026-02-27T22:53:54.1518670Z [705/898] Compiling spake2plus.cc
2026-02-27T22:53:54.3007733Z [706/898] Compiling sha512.cc
2026-02-27T22:53:54.5097823Z [707/898] Compiling sha256.cc
2026-02-27T22:53:54.5110093Z [708/898] Compiling sha1.cc
2026-02-27T22:53:54.5920643Z [709/898] Compiling rsa_print.cc
2026-02-27T22:53:54.6807844Z [710/898] Compiling rsa_extra.cc
2026-02-27T22:53:55.0437653Z [711/898] Compiling refcount.cc
2026-02-27T22:53:55.0517609Z [712/898] Compiling rc4.cc
2026-02-27T22:53:55.0777716Z [713/898] Compiling rsa_crypt.cc
2026-02-27T22:53:55.4537621Z [714/898] Compiling trusty.cc
2026-02-27T22:53:55.4739004Z [715/898] Compiling windows.cc
2026-02-27T22:53:55.4741370Z [715/898] Compiling rsa_asn1.cc
2026-02-27T22:53:55.5158408Z [717/898] Compiling urandom.cc
2026-02-27T22:53:55.8438883Z [718/898] Compiling ios.cc
2026-02-27T22:53:55.8739355Z [719/898] Compiling rand.cc
2026-02-27T22:53:55.8988758Z [720/898] Compiling getentropy.cc
2026-02-27T22:53:55.9078571Z [721/898] Compiling passive.cc
2026-02-27T22:53:56.2597611Z [722/898] Compiling deterministic.cc
2026-02-27T22:53:56.3038149Z [723/898] Compiling forkunsafe.cc
2026-02-27T22:53:56.3295130Z [724/898] Compiling fork_detect.cc
2026-02-27T22:53:56.3465275Z [725/898] Compiling poly1305_arm_asm.S
2026-02-27T22:53:56.4789079Z [726/898] Compiling pool.cc
2026-02-27T22:53:56.7622666Z [727/898] Compiling poly1305_arm.cc
2026-02-27T22:53:56.7847889Z [728/898] Compiling poly1305.cc
2026-02-27T22:53:56.8608483Z [729/898] Compiling poly1305_vec.cc
2026-02-27T22:53:57.5149746Z [730/898] Compiling pkcs8_x509.cc
2026-02-27T22:53:57.7238543Z [731/898] Compiling pkcs8.cc
2026-02-27T22:53:57.7266822Z [732/898] Compiling p5_pbev2.cc
2026-02-27T22:53:57.8658103Z [733/898] Compiling pkcs7_x509.cc
2026-02-27T22:53:58.1001883Z [734/898] Compiling pkcs7.cc
2026-02-27T22:53:58.6038207Z [735/898] Compiling pem_x509.cc
2026-02-27T22:53:58.6359100Z [736/898] Compiling pem_xaux.cc
2026-02-27T22:53:58.7782602Z [737/898] Compiling pem_pkey.cc
2026-02-27T22:53:58.9929162Z [738/898] Compiling pem_pk8.cc
2026-02-27T22:53:59.4499247Z [739/898] Compiling pem_oth.cc
2026-02-27T22:53:59.6209635Z [740/898] Compiling pem_lib.cc
2026-02-27T22:53:59.6741434Z [741/898] Compiling pem_info.cc
2026-02-27T22:53:59.9531484Z [742/898] Compiling pem_all.cc
2026-02-27T22:53:59.9712053Z [743/898] Compiling obj_xref.cc
2026-02-27T22:54:00.0568261Z [744/898] Compiling mlkem.cc
2026-02-27T22:54:00.3447645Z [745/898] Compiling mldsa.cc
2026-02-27T22:54:00.4588092Z [746/898] Compiling mem.cc
2026-02-27T22:54:00.5529992Z [747/898] Compiling obj.cc
2026-02-27T22:54:00.5998414Z [748/898] Compiling md5.cc
2026-02-27T22:54:00.8859541Z [749/898] Compiling md4.cc
2026-02-27T22:54:00.8997284Z [750/898] Compiling lhash.cc
2026-02-27T22:54:00.9957620Z [751/898] Compiling poly_rq_mul.S
2026-02-27T22:54:01.1538425Z [752/898] Compiling kyber.cc
2026-02-27T22:54:01.1797380Z [753/898] Compiling fips_shared_support.cc
2026-02-27T22:54:01.4307765Z [754/898] Compiling fuzzer_mode.cc
2026-02-27T22:54:01.4953536Z [755/898] Compiling hrss.cc
2026-02-27T22:54:01.5768951Z [756/898] Compiling hpke.cc
2026-02-27T22:54:01.8768298Z [757/898] Compiling ex_data.cc
2026-02-27T22:54:02.0978758Z [758/898] Compiling scrypt.cc
2026-02-27T22:54:02.1388845Z [759/898] Compiling sign.cc
2026-02-27T22:54:02.4837580Z [760/898] Compiling print.cc
2026-02-27T22:54:02.5958260Z [761/898] Compiling pbkdf.cc
2026-02-27T22:54:02.7528766Z [762/898] Compiling p_x25519_asn1.cc
2026-02-27T22:54:03.1109381Z [763/898] Compiling p_x25519.cc
2026-02-27T22:54:03.2669165Z [764/898] Compiling p_rsa_asn1.cc
2026-02-27T22:54:03.5499127Z [765/898] Compiling p_rsa.cc
2026-02-27T22:54:03.7199466Z [766/898] Compiling p_hkdf.cc
2026-02-27T22:54:03.9214044Z [767/898] Compiling p_ed25519_asn1.cc
2026-02-27T22:54:04.1448708Z [768/898] Compiling p_ed25519.cc
2026-02-27T22:54:04.3939043Z [769/898] Compiling p_ec_asn1.cc
2026-02-27T22:54:04.5308843Z [770/898] Compiling p_ec.cc
2026-02-27T22:54:04.8679218Z [771/898] Compiling p_dsa_asn1.cc
2026-02-27T22:54:05.0210148Z [772/898] Compiling p_dh_asn1.cc
2026-02-27T22:54:05.0948522Z [773/898] Compiling p_dh.cc
2026-02-27T22:54:05.5518871Z [774/898] Compiling evp_ctx.cc
2026-02-27T22:54:05.6519971Z [775/898] Compiling evp.cc
2026-02-27T22:54:05.9069343Z [776/898] Compiling evp_asn1.cc
2026-02-27T22:54:06.0499690Z [777/898] Compiling err.cc
2026-02-27T22:54:06.0957699Z [778/898] Compiling engine.cc
2026-02-27T22:54:06.3937857Z [779/898] Compiling ecdsa_p1363.cc
2026-02-27T22:54:06.5418081Z [780/898] Compiling ecdh.cc
2026-02-27T22:54:06.7695531Z [781/898] Compiling ecdsa_asn1.cc
2026-02-27T22:54:07.0003694Z [782/898] Compiling hash_to_curve.cc
2026-02-27T22:54:07.1202983Z [783/898] Compiling ec_derive.cc
2026-02-27T22:54:07.6056157Z [784/898] Compiling ec_asn1.cc
2026-02-27T22:54:07.6428053Z [785/898] Compiling dsa_asn1.cc
2026-02-27T22:54:07.7624129Z [786/898] Compiling dsa.cc
2026-02-27T22:54:08.2178619Z [787/898] Compiling params.cc
2026-02-27T22:54:08.2651676Z [788/898] Compiling digest_extra.cc
2026-02-27T22:54:08.4725703Z [789/898] Compiling dh_asn1.cc
2026-02-27T22:54:08.6917530Z [790/898] Compiling des.cc
2026-02-27T22:54:09.0389761Z [791/898] Compiling spake25519.cc
2026-02-27T22:54:09.0825590Z [792/898] Compiling x25519-asm-arm.S
2026-02-27T22:54:09.3507611Z [793/898] Compiling curve25519.cc
2026-02-27T22:54:09.5718315Z [794/898] Compiling crypto.cc
2026-02-27T22:54:09.6380372Z [795/898] Compiling curve25519_64_adx.cc
2026-02-27T22:54:09.7507965Z [796/898] Compiling cpu_intel.cc
2026-02-27T22:54:09.9938177Z [797/898] Compiling cpu_arm_linux.cc
2026-02-27T22:54:10.0744314Z [798/898] Compiling cpu_arm_freebsd.cc
2026-02-27T22:54:10.1408406Z [799/898] Compiling cpu_aarch64_win.cc
2026-02-27T22:54:10.4327640Z [800/898] Compiling cpu_aarch64_sysreg.cc
2026-02-27T22:54:10.4457370Z [801/898] Compiling cpu_aarch64_openbsd.cc
2026-02-27T22:54:10.5287182Z [802/898] Compiling cpu_aarch64_linux.cc
2026-02-27T22:54:10.8647192Z [803/898] Compiling cpu_aarch64_fuchsia.cc
2026-02-27T22:54:10.8797755Z [804/898] Compiling cpu_aarch64_apple.cc
2026-02-27T22:54:11.0047610Z [805/898] Compiling conf.cc
2026-02-27T22:54:11.3668188Z [806/898] Compiling tls_cbc.cc
2026-02-27T22:54:11.4037672Z [807/898] Compiling get_cipher.cc
2026-02-27T22:54:11.7649139Z [808/898] Compiling cms.cc
2026-02-27T22:54:11.8177650Z [809/898] Compiling e_rc4.cc
2026-02-27T22:54:11.8718178Z [810/898] Compiling e_tls.cc
2026-02-27T22:54:12.2257779Z [811/898] Compiling e_null.cc
2026-02-27T22:54:12.2358010Z [812/898] Compiling e_rc2.cc
2026-02-27T22:54:12.3438673Z [813/898] Compiling e_des.cc
2026-02-27T22:54:12.6610313Z [814/898] Compiling e_chacha20poly1305.cc
2026-02-27T22:54:12.7278474Z [815/898] Compiling e_aesgcmsiv.cc
2026-02-27T22:54:12.8220040Z [816/898] Compiling e_aeseax.cc
2026-02-27T22:54:13.1547114Z [817/898] Compiling derive_key.cc
2026-02-27T22:54:13.1651385Z [818/898] Compiling e_aesctrhmac.cc
2026-02-27T22:54:13.2647713Z [819/898] Compiling chacha.cc
2026-02-27T22:54:13.7018187Z [820/898] Compiling unicode.cc
2026-02-27T22:54:13.8237958Z [821/898] Compiling cbs.cc
2026-02-27T22:54:13.8317839Z [822/898] Compiling cbb.cc
2026-02-27T22:54:14.2438601Z [823/898] Compiling ber.cc
2026-02-27T22:54:14.2838450Z [824/898] Compiling buf.cc
2026-02-27T22:54:14.3753177Z [825/898] Compiling asn1_compat.cc
2026-02-27T22:54:14.6317767Z [826/898] Compiling sqrt.cc
2026-02-27T22:54:14.8028071Z [827/898] Compiling exponentiation.cc
2026-02-27T22:54:14.8187637Z [828/898] Compiling div.cc
2026-02-27T22:54:15.2777728Z [829/898] Compiling convert.cc
2026-02-27T22:54:15.2788486Z [830/898] Compiling bn_asn1.cc
2026-02-27T22:54:15.3573350Z [831/898] Compiling bcm.cc
2026-02-27T22:54:15.4037743Z [832/898] Compiling blake2.cc
2026-02-27T22:54:15.6899744Z [833/898] Compiling printf.cc
2026-02-27T22:54:15.7877744Z [834/898] Compiling pair.cc
2026-02-27T22:54:15.8357951Z [835/898] Compiling hexdump.cc
2026-02-27T22:54:15.8998075Z [836/898] Compiling file.cc
2026-02-27T22:54:16.1808692Z [837/898] Compiling fd.cc
2026-02-27T22:54:16.2448422Z [838/898] Compiling errno.cc
2026-02-27T22:54:16.3088538Z [839/898] Compiling bio_mem.cc
2026-02-27T22:54:16.4568699Z [840/898] Compiling bio.cc
2026-02-27T22:54:16.6377926Z [841/898] Compiling base64.cc
2026-02-27T22:54:16.7977336Z [842/898] Compiling tasn_typ.cc
2026-02-27T22:54:16.8975363Z [843/898] Compiling tasn_utl.cc
2026-02-27T22:54:17.0825924Z [844/898] Compiling tasn_new.cc
2026-02-27T22:54:17.0957774Z [845/898] Compiling tasn_fre.cc
2026-02-27T22:54:17.3407829Z [846/898] Compiling tasn_enc.cc
2026-02-27T22:54:17.5477966Z [847/898] Compiling f_string.cc
2026-02-27T22:54:17.5505094Z [848/898] Compiling posix_time.cc
2026-02-27T22:54:17.5898287Z [849/898] Compiling tasn_dec.cc
2026-02-27T22:54:17.7838121Z [850/898] Compiling f_int.cc
2026-02-27T22:54:17.9878918Z [851/898] Compiling asn_pack.cc
2026-02-27T22:54:17.9879895Z [851/898] Compiling asn1_par.cc
2026-02-27T22:54:18.2239055Z [853/898] Compiling asn1_lib.cc
2026-02-27T22:54:18.3518820Z [854/898] Compiling a_utctm.cc
2026-02-27T22:54:18.5852239Z [855/898] Compiling a_time.cc
2026-02-27T22:54:18.6470364Z [856/898] Compiling a_type.cc
2026-02-27T22:54:18.9668499Z [857/898] Compiling a_strex.cc
2026-02-27T22:54:19.0256766Z [858/898] Compiling a_octet.cc
2026-02-27T22:54:19.0327527Z [859/898] Compiling a_strnid.cc
2026-02-27T22:54:19.3174937Z [860/898] Compiling a_object.cc
2026-02-27T22:54:19.4678258Z [861/898] Compiling a_i2d_fp.cc
2026-02-27T22:54:19.5108325Z [862/898] Compiling a_mbstr.cc
2026-02-27T22:54:19.6558809Z [863/898] Compiling a_int.cc
2026-02-27T22:54:19.8738010Z [864/898] Compiling a_gentm.cc
2026-02-27T22:54:19.9067730Z [865/898] Compiling a_dup.cc
2026-02-27T22:54:19.9527968Z [866/898] Compiling a_d2i_fp.cc
2026-02-27T22:54:19.9539235Z [867/898] Write sources
2026-02-27T22:54:20.2168149Z [868/898] Compiling a_bool.cc
2026-02-27T22:54:20.2677000Z [869/914] Compiling aes.cc
2026-02-27T22:54:20.3935797Z [870/914] Compiling a_bitstr.cc
2026-02-27T22:54:21.9194475Z [872/921] Compiling Atomics Primitives.native.swift
2026-02-27T22:54:21.9195143Z [873/921] Compiling Atomics AtomicInteger.swift
2026-02-27T22:54:21.9195974Z [874/921] Compiling Atomics AtomicOptionalWrappable.swift
2026-02-27T22:54:21.9197308Z [875/921] Compiling Atomics AtomicReference.swift
2026-02-27T22:54:21.9197829Z [876/921] Compiling Atomics AtomicStorage.swift
2026-02-27T22:54:21.9198440Z [877/921] Compiling CryptoBoringWrapper BoringSSLAEAD.swift
2026-02-27T22:54:21.9199210Z [878/921] Compiling CryptoBoringWrapper CryptoKitErrors_boring.swift
2026-02-27T22:54:21.9200098Z [879/921] Compiling CryptoBoringWrapper EllipticCurve.swift
2026-02-27T22:54:21.9201267Z [880/921] Compiling CryptoBoringWrapper EllipticCurvePoint.swift
2026-02-27T22:54:21.9202234Z [881/921] Compiling CryptoBoringWrapper ArbitraryPrecisionInteger.swift
2026-02-27T22:54:22.0620547Z [882/925] Compiling CryptoBoringWrapper FiniteFieldArithmeticContext.swift
2026-02-27T22:54:22.0628270Z [883/925] Compiling Atomics RawRepresentable.swift
2026-02-27T22:54:22.0629689Z [884/925] Compiling Atomics AtomicBool.swift
2026-02-27T22:54:22.0632469Z [885/925] Compiling Atomics IntegerConformances.swift
2026-02-27T22:54:22.0634526Z [886/925] Compiling Atomics PointerConformances.swift
2026-02-27T22:54:22.2123929Z [887/925] Emitting module Atomics
2026-02-27T22:54:22.2650226Z [888/925] Compiling Atomics UnsafeAtomic.swift
2026-02-27T22:54:22.2652790Z [889/925] Compiling Atomics UnsafeAtomicLazyReference.swift
2026-02-27T22:54:22.2653819Z [890/925] Compiling Atomics IntegerOperations.swift
2026-02-27T22:54:22.2654439Z [891/925] Compiling Atomics Unmanaged extensions.swift
2026-02-27T22:54:22.4186772Z [892/926] Wrapping AST for Atomics for debugging
2026-02-27T22:54:25.3587704Z [894/981] Compiling NIOCore FileHandle.swift
2026-02-27T22:54:25.3590336Z [895/981] Compiling NIOCore FileRegion.swift
2026-02-27T22:54:25.5737103Z [896/982] Compiling NIOCore EventLoopFuture+Deprecated.swift
2026-02-27T22:54:25.5745660Z [897/982] Compiling NIOCore EventLoopFuture+WithEventLoop.swift
2026-02-27T22:54:25.5753758Z [898/982] Emitting module CryptoBoringWrapper
2026-02-27T22:54:25.5782679Z [899/982] Compiling NIOCore EventLoopFuture.swift
2026-02-27T22:54:25.5789094Z [900/982] Compiling NIOCore FileDescriptor.swift
2026-02-27T22:54:25.6584103Z [901/982] Compiling CryptoBoringWrapper RandomBytes.swift
2026-02-27T22:54:25.9424377Z [902/983] Wrapping AST for CryptoBoringWrapper for debugging
2026-02-27T22:54:29.1345239Z [904/1044] Emitting module Crypto
2026-02-27T22:54:29.2013571Z [905/1064] Compiling Crypto AES-GCM.swift
2026-02-27T22:54:29.2019258Z [906/1064] Compiling Crypto AES-GCM_boring.swift
2026-02-27T22:54:29.2020220Z [907/1064] Compiling Crypto ChaChaPoly_boring.swift
2026-02-27T22:54:29.2025591Z [908/1064] Compiling Crypto ChaChaPoly.swift
2026-02-27T22:54:29.2026645Z [909/1064] Compiling Crypto Cipher.swift
2026-02-27T22:54:29.2027526Z [910/1064] Compiling Crypto Nonces.swift
2026-02-27T22:54:29.2030000Z [911/1064] Compiling Crypto ASN1.swift
2026-02-27T22:54:29.2030683Z [912/1064] Compiling Crypto ASN1Any.swift
2026-02-27T22:54:29.2031899Z [913/1064] Compiling Crypto ASN1BitString.swift
2026-02-27T22:54:29.2032837Z [914/1064] Compiling Crypto ASN1Boolean.swift
2026-02-27T22:54:29.2034282Z [915/1064] Compiling Crypto ASN1Identifier.swift
2026-02-27T22:54:29.2035051Z [916/1064] Compiling Crypto ASN1Integer.swift
2026-02-27T22:54:29.2035788Z [917/1064] Compiling Crypto ASN1Null.swift
2026-02-27T22:54:29.2037815Z [918/1064] Compiling Crypto ASN1OctetString.swift
2026-02-27T22:54:29.2039649Z [919/1064] Compiling Crypto ASN1Strings.swift
2026-02-27T22:54:29.2040435Z [920/1064] Compiling Crypto ArraySliceBigint.swift
2026-02-27T22:54:29.2111556Z [921/1064] Compiling Crypto GeneralizedTime.swift
2026-02-27T22:54:29.2112511Z [922/1064] Compiling Crypto ObjectIdentifier.swift
2026-02-27T22:54:30.9534352Z [923/1081] Compiling Crypto PKCS8PrivateKey.swift
2026-02-27T22:54:30.9549455Z [924/1081] Compiling Crypto SEC1PrivateKey.swift
2026-02-27T22:54:30.9550086Z [925/1081] Compiling Crypto SubjectPublicKeyInfo.swift
2026-02-27T22:54:30.9550683Z [926/1081] Compiling Crypto CryptoError_boring.swift
2026-02-27T22:54:30.9551391Z [927/1081] Compiling Crypto CryptoKitErrors.swift
2026-02-27T22:54:30.9551906Z [928/1081] Compiling Crypto Digest_boring.swift
2026-02-27T22:54:30.9552359Z [929/1081] Compiling Crypto Digest.swift
2026-02-27T22:54:30.9552802Z [930/1081] Compiling Crypto Digests.swift
2026-02-27T22:54:30.9553259Z [931/1081] Compiling Crypto HashFunctions.swift
2026-02-27T22:54:30.9553759Z [932/1081] Compiling Crypto HashFunctions_SHA2.swift
2026-02-27T22:54:30.9554248Z [933/1081] Compiling Crypto HPKE-AEAD.swift
2026-02-27T22:54:30.9554721Z [934/1081] Compiling Crypto HPKE-Ciphersuite.swift
2026-02-27T22:54:30.9555177Z [935/1081] Compiling Crypto HPKE-KDF.swift
2026-02-27T22:54:30.9555652Z [936/1081] Compiling Crypto HPKE-KexKeyDerivation.swift
2026-02-27T22:54:30.9556157Z [937/1081] Compiling Crypto HPKE-LabeledExtract.swift
2026-02-27T22:54:30.9556663Z [938/1081] Compiling Crypto HPKE-Utils.swift
2026-02-27T22:54:30.9557103Z [939/1081] Compiling Crypto DHKEM.swift
2026-02-27T22:54:30.9557620Z [940/1081] Compiling Crypto HPKE-KEM-Curve25519.swift
2026-02-27T22:54:30.9558161Z [941/1081] Compiling Crypto HPKE-NIST-EC-KEMs.swift
2026-02-27T22:54:30.9558657Z [942/1081] Compiling Crypto HPKE-KEM.swift
2026-02-27T22:54:32.4571287Z [943/1081] Compiling Crypto HPKE-Errors.swift
2026-02-27T22:54:32.4577061Z [944/1081] Compiling Crypto HPKE.swift
2026-02-27T22:54:32.4578570Z [945/1081] Compiling Crypto HPKE-Context.swift
2026-02-27T22:54:32.4579300Z [946/1081] Compiling Crypto HPKE-KeySchedule.swift
2026-02-27T22:54:32.4579981Z [947/1081] Compiling Crypto HPKE-Modes.swift
2026-02-27T22:54:32.4580599Z [948/1081] Compiling Crypto Insecure.swift
2026-02-27T22:54:32.4581574Z [949/1081] Compiling Crypto Insecure_HashFunctions.swift
2026-02-27T22:54:32.4582362Z [950/1081] Compiling Crypto KEM.swift
2026-02-27T22:54:32.4582958Z [951/1081] Compiling Crypto ECDH_boring.swift
2026-02-27T22:54:32.4583555Z [952/1081] Compiling Crypto DH.swift
2026-02-27T22:54:32.4584126Z [953/1081] Compiling Crypto ECDH.swift
2026-02-27T22:54:32.4584781Z [954/1081] Compiling Crypto HKDF.swift
2026-02-27T22:54:32.4585340Z [955/1081] Compiling Crypto AESWrap.swift
2026-02-27T22:54:32.4585949Z [956/1081] Compiling Crypto AESWrap_boring.swift
2026-02-27T22:54:32.4586651Z [957/1081] Compiling NIOCore NIOCoreSendableMetatype.swift
2026-02-27T22:54:32.4587447Z [958/1081] Compiling NIOCore NIODecodedAsyncSequence.swift
2026-02-27T22:54:32.4588189Z [959/1081] Compiling NIOCore NIOLoopBound.swift
2026-02-27T22:54:32.4589217Z [960/1081] Compiling NIOCore NIOPooledRecvBufferAllocator.swift
2026-02-27T22:54:32.4590160Z [961/1081] Compiling NIOCore NIOScheduledCallback.swift
2026-02-27T22:54:32.4591382Z [962/1081] Compiling NIOCore NIOSendable.swift
2026-02-27T22:54:33.7249760Z [981/1081] Compiling Crypto ECDSASignature.swift
2026-02-27T22:54:33.7255831Z [982/1081] Compiling Crypto PEMDocument.swift
2026-02-27T22:54:34.2963113Z [989/1081] Compiling NIOCore NIOSplitLinesMessageDecoder.swift
2026-02-27T22:54:34.2968004Z [990/1081] Compiling NIOCore NIOTransportAccessibleChannelCore.swift
2026-02-27T22:54:34.2969067Z [991/1081] Compiling NIOCore RecvByteBufferAllocator.swift
2026-02-27T22:54:34.2970078Z [992/1081] Compiling NIOCore SingleStepByteToMessageDecoder.swift
2026-02-27T22:54:34.2971170Z [993/1081] Compiling NIOCore SocketAddresses.swift
2026-02-27T22:54:34.2971912Z [994/1081] Compiling NIOCore SocketOptionProvider.swift
2026-02-27T22:54:34.2972805Z [995/1081] Compiling NIOCore SystemCallHelpers.swift
2026-02-27T22:54:34.2973633Z [996/1081] Compiling NIOCore TimeAmount+Duration.swift
2026-02-27T22:54:34.2974502Z [997/1081] Compiling NIOCore TypeAssistedChannelHandler.swift
2026-02-27T22:54:34.2975469Z [998/1081] Compiling NIOCore UniversalBootstrapSupport.swift
2026-02-27T22:54:34.2976314Z [999/1081] Compiling NIOCore Utilities.swift
2026-02-27T22:54:34.3440468Z [1011/1081] Compiling Crypto Signature.swift
2026-02-27T22:54:34.3447052Z [1012/1081] Compiling Crypto CryptoKitErrors_boring.swift
2026-02-27T22:54:34.3453213Z [1013/1081] Compiling Crypto RNG_boring.swift
2026-02-27T22:54:34.3458923Z [1014/1081] Compiling Crypto SafeCompare_boring.swift
2026-02-27T22:54:34.3464862Z [1015/1081] Compiling Crypto Zeroization_boring.swift
2026-02-27T22:54:34.3470615Z [1016/1081] Compiling Crypto PrettyBytes.swift
2026-02-27T22:54:34.3503376Z [1017/1081] Compiling Crypto SafeCompare.swift
2026-02-27T22:54:34.3504254Z [1018/1081] Compiling Crypto SecureBytes.swift
2026-02-27T22:54:34.3505085Z [1019/1081] Compiling Crypto Zeroization.swift
2026-02-27T22:54:34.5841356Z [1039/1082] Emitting module NIOCore
2026-02-27T22:54:34.6715984Z [1039/1082] Wrapping AST for Crypto for debugging
2026-02-27T22:54:36.3464870Z [1059/1083] Wrapping AST for NIOCore for debugging
2026-02-27T22:54:37.5888971Z [1061/1140] Compiling NIOPosix BaseSocketChannel.swift
2026-02-27T22:54:37.5971963Z [1062/1140] Compiling NIOPosix BaseStreamSocketChannel.swift
2026-02-27T22:54:37.5972994Z [1063/1140] Compiling NIOPosix Bootstrap.swift
2026-02-27T22:54:37.6267398Z [1064/1142] Emitting module SQLNioCore
2026-02-27T22:54:38.1154388Z [1065/1142] Emitting module NIOEmbedded
2026-02-27T22:54:38.5808540Z [1066/1142] Compiling NIOEmbedded AsyncTestingEventLoop.swift
2026-02-27T22:54:39.7022532Z [1067/1142] Compiling NIOEmbedded AsyncTestingChannel.swift
2026-02-27T22:54:39.7051702Z [1068/1142] Compiling NIOEmbedded Embedded.swift
2026-02-27T22:54:39.9065467Z [1069/1143] Compiling SQLNioCore SQLRowDecoder.swift
2026-02-27T22:54:39.9073610Z [1070/1143] Compiling SQLNioCore SQLValue.swift
2026-02-27T22:54:40.0483027Z [1072/1143] Compiling NIOPosix BaseSocket.swift
2026-02-27T22:54:40.0485264Z [1073/1143] Compiling NIOPosix BaseSocketChannel+AccessibleTransport.swift
2026-02-27T22:54:40.0487547Z [1074/1143] Compiling NIOPosix BaseSocketChannel+SocketOptionProvider.swift
2026-02-27T22:54:40.0489730Z [1075/1143] Compiling NIOPosix BSDSocketAPICommon.swift
2026-02-27T22:54:40.0491912Z [1076/1143] Compiling NIOPosix BSDSocketAPIPosix.swift
2026-02-27T22:54:40.0493899Z [1077/1143] Compiling NIOPosix BSDSocketAPIWindows.swift
2026-02-27T22:54:40.1654336Z [1077/1144] Wrapping AST for NIOEmbedded for debugging
2026-02-27T22:54:40.4533932Z [1079/1144] Wrapping AST for SQLNioCore for debugging
2026-02-27T22:54:40.5445899Z [1081/1144] Emitting module NIOPosix
2026-02-27T22:54:40.7971617Z [1082/1159] Emitting module SQLNioCoreTests
2026-02-27T22:54:41.1582713Z [1083/1159] Compiling SQLNioCoreTests SQLNioCoreTests.swift
2026-02-27T22:54:41.5205146Z [1084/1160] Wrapping AST for SQLNioCoreTests for debugging
2026-02-27T22:54:43.2919129Z [1097/1160] Compiling NIOPosix Errors+Any.swift
2026-02-27T22:54:43.2919850Z [1098/1160] Compiling NIOPosix FileDescriptor.swift
2026-02-27T22:54:43.2920597Z [1099/1160] Compiling NIOPosix GetaddrinfoResolver.swift
2026-02-27T22:54:43.3154173Z [1100/1160] Compiling NIOPosix HappyEyeballs.swift
2026-02-27T22:54:43.3161915Z [1101/1160] Compiling NIOPosix IO.swift
2026-02-27T22:54:43.3177451Z [1102/1160] Compiling NIOPosix IntegerBitPacking.swift
2026-02-27T22:54:43.3179513Z [1103/1160] Compiling NIOPosix IntegerTypes.swift
2026-02-27T22:54:43.3180066Z [1104/1160] Compiling NIOPosix Linux.swift
2026-02-27T22:54:43.3180585Z [1105/1160] Compiling NIOPosix LinuxCPUSet.swift
2026-02-27T22:54:43.3181325Z [1106/1160] Compiling NIOPosix LinuxUring.swift
2026-02-27T22:54:43.3181974Z [1107/1160] Compiling NIOPosix MultiThreadedEventLoopGroup.swift
2026-02-27T22:54:43.3182757Z [1108/1160] Compiling NIOPosix NIOPosixSendableMetatype.swift
2026-02-27T22:54:43.3183414Z [1109/1160] Compiling NIOPosix NIOThreadPool.swift
2026-02-27T22:54:43.3184012Z [1110/1160] Compiling NIOPosix NonBlockingFileIO.swift
2026-02-27T22:54:43.3184693Z [1111/1160] Compiling NIOPosix PendingDatagramWritesManager.swift
2026-02-27T22:54:43.3185424Z [1112/1160] Compiling NIOPosix PendingWritesManager.swift
2026-02-27T22:54:43.3186026Z [1113/1160] Compiling NIOPosix PipeChannel.swift
2026-02-27T22:54:43.3186554Z [1114/1160] Compiling NIOPosix PipePair.swift
2026-02-27T22:54:43.3187046Z [1115/1160] Compiling NIOPosix Pool.swift
2026-02-27T22:54:43.3187709Z [1116/1160] Compiling NIOPosix PosixSingletons+ConcurrencyTakeOver.swift
2026-02-27T22:54:43.3188454Z [1117/1160] Compiling NIOPosix PosixSingletons.swift
2026-02-27T22:54:43.3189067Z [1118/1160] Compiling NIOPosix RawSocketBootstrap.swift
2026-02-27T22:54:43.3189646Z [1119/1160] Compiling NIOPosix Resolver.swift
2026-02-27T22:54:43.3190180Z [1120/1160] Compiling NIOPosix Selectable.swift
2026-02-27T22:54:43.3191665Z [1121/1160] Compiling NIOPosix SelectableChannel.swift
2026-02-27T22:54:43.3192318Z [1122/1160] Compiling NIOPosix SelectableEventLoop.swift
2026-02-27T22:54:43.3192915Z [1123/1160] Compiling NIOPosix SelectorEpoll.swift
2026-02-27T22:54:43.3193489Z [1124/1160] Compiling NIOPosix SelectorGeneric.swift
2026-02-27T22:54:43.3194054Z [1125/1160] Compiling NIOPosix SelectorKqueue.swift
2026-02-27T22:54:43.3194621Z [1126/1160] Compiling NIOPosix SelectorUring.swift
2026-02-27T22:54:43.3195173Z [1127/1160] Compiling NIOPosix SelectorWSAPoll.swift
2026-02-27T22:54:43.3803620Z [1128/1160] Compiling NIOPosix ServerSocket.swift
2026-02-27T22:54:43.3804245Z [1129/1160] Compiling NIOPosix Socket.swift
2026-02-27T22:54:43.3804744Z [1130/1160] Compiling NIOPosix SocketChannel.swift
2026-02-27T22:54:43.3805292Z [1131/1160] Compiling NIOPosix SocketProtocols.swift
2026-02-27T22:54:43.3805928Z [1132/1160] Compiling NIOPosix StructuredConcurrencyHelpers.swift
2026-02-27T22:54:43.3806953Z [1133/1160] Compiling NIOPosix System.swift
2026-02-27T22:54:43.3807397Z [1134/1160] Compiling NIOPosix Thread.swift
2026-02-27T22:54:43.3807869Z [1135/1160] Compiling NIOPosix ThreadPosix.swift
2026-02-27T22:54:43.3808394Z [1136/1160] Compiling NIOPosix ThreadWindows.swift
2026-02-27T22:54:43.3808928Z [1137/1160] Compiling NIOPosix Utilities.swift
2026-02-27T22:54:43.3809431Z [1138/1160] Compiling NIOPosix VsockAddress.swift
2026-02-27T22:54:43.3809975Z [1139/1160] Compiling NIOPosix VsockChannelEvents.swift
2026-02-27T22:54:43.3810506Z [1140/1160] Compiling NIOPosix Windows.swift
2026-02-27T22:54:43.5649741Z [1141/1161] Wrapping AST for NIOPosix for debugging
2026-02-27T22:54:43.8479092Z [1143/1167] Compiling NIO Exports.swift
2026-02-27T22:54:43.8479639Z [1144/1167] Emitting module NIO
2026-02-27T22:54:44.1354567Z [1146/1168] Compiling SQLiteNio SQLiteConnectionPool.swift
2026-02-27T22:54:44.1844410Z [1146/1168] Wrapping AST for NIO for debugging
2026-02-27T22:54:44.6564586Z [1148/1173] Compiling SQLiteNio SQLiteBackup.swift
2026-02-27T22:54:44.6566276Z [1149/1173] Compiling SQLiteNio SQLiteConnection.swift
2026-02-27T22:54:44.6567874Z [1150/1173] Emitting module SQLiteNio
2026-02-27T22:54:44.6689430Z [1151/1174] Compiling NIOTLS ApplicationProtocolNegotiationHandler.swift
2026-02-27T22:54:44.6690977Z [1152/1174] Compiling NIOTLS NIOTypedApplicationProtocolNegotiationHandler.swift
2026-02-27T22:54:44.6700559Z [1153/1174] Emitting module NIOTLS
2026-02-27T22:54:44.7862196Z [1155/1175] Compiling NIOTLS ProtocolNegotiationHandlerStateMachine.swift
2026-02-27T22:54:44.7863131Z [1156/1175] Compiling NIOTLS SNIHandler.swift
2026-02-27T22:54:44.8037980Z [1157/1175] Compiling NIOTLS TLSEvents.swift
2026-02-27T22:54:44.8582166Z [1157/1176] Wrapping AST for SQLiteNio for debugging
2026-02-27T22:54:44.9756151Z [1159/1178] Wrapping AST for NIOTLS for debugging
2026-02-27T22:54:46.4811924Z [1161/1203] Emitting module NIOSSL
2026-02-27T22:54:47.8254878Z [1162/1211] Compiling NIOSSL SSLContext.swift
2026-02-27T22:54:47.8262202Z [1163/1211] Compiling NIOSSL SSLErrors.swift
2026-02-27T22:54:47.8268862Z [1164/1211] Compiling NIOSSL SSLInit.swift
2026-02-27T22:54:47.8275908Z [1165/1211] Compiling NIOSSL SSLPKCS12Bundle.swift
2026-02-27T22:54:47.8286590Z [1166/1211] Compiling NIOSSL SSLPrivateKey.swift
2026-02-27T22:54:47.8298902Z [1167/1211] Compiling NIOSSL SSLPublicKey.swift
2026-02-27T22:54:47.8304213Z [1168/1211] Compiling NIOSSL SecurityFrameworkCertificateVerification.swift
2026-02-27T22:54:47.8306666Z [1169/1211] Compiling NIOSSL String+unsafeUninitializedCapacity.swift
2026-02-27T22:54:47.8334816Z [1170/1211] Compiling NIOSSL AndroidCABundle.swift
2026-02-27T22:54:47.8335715Z [1171/1211] Compiling NIOSSL ByteBufferBIO.swift
2026-02-27T22:54:47.8336534Z [1172/1211] Compiling NIOSSL CustomPrivateKey.swift
2026-02-27T22:54:47.8337363Z [1173/1211] Compiling NIOSSL IdentityVerification.swift
2026-02-27T22:54:47.8338222Z [1174/1211] Compiling NIOSSL LinuxCABundle.swift
2026-02-27T22:54:47.8339074Z [1175/1211] Compiling NIOSSL NIOSSLClientHandler.swift
2026-02-27T22:54:47.8340005Z [1176/1211] Compiling NIOSSL NIOSSLHandler+Configuration.swift
2026-02-27T22:54:47.8341103Z [1177/1211] Compiling NIOSSL NIOSSLHandler.swift
2026-02-27T22:54:47.9961964Z [1178/1211] Compiling SQLiteNioTests SQLiteNioTests.swift
2026-02-27T22:54:47.9967094Z [1179/1211] Emitting module SQLiteNioTests
2026-02-27T22:54:48.2051702Z [1181/1212] Compiling NIOSSL NIOSSLServerHandler.swift
2026-02-27T22:54:48.2056788Z [1182/1212] Compiling NIOSSL ObjectIdentifier.swift
2026-02-27T22:54:48.2061758Z [1183/1212] Compiling NIOSSL PosixPort.swift
2026-02-27T22:54:48.2066400Z [1184/1212] Compiling NIOSSL SSLCallbacks.swift
2026-02-27T22:54:48.2071161Z [1185/1212] Compiling NIOSSL SSLCertificate.swift
2026-02-27T22:54:48.2074159Z [1186/1212] Compiling NIOSSL SSLCertificateExtensions.swift
2026-02-27T22:54:48.2074814Z [1187/1212] Compiling NIOSSL SSLCertificateName.swift
2026-02-27T22:54:48.2076939Z [1188/1212] Compiling NIOSSL SSLConnection.swift
2026-02-27T22:54:48.2427221Z [1188/1212] Wrapping AST for SQLiteNioTests for debugging
2026-02-27T22:54:48.6678267Z [1190/1212] Compiling NIOSSL SubjectAlternativeName.swift
2026-02-27T22:54:48.6679065Z [1191/1212] Compiling NIOSSL NIOSSLSecureBytes.swift
2026-02-27T22:54:48.6679695Z [1192/1212] Compiling NIOSSL RNG.swift
2026-02-27T22:54:48.6680240Z [1193/1212] Compiling NIOSSL SafeCompare.swift
2026-02-27T22:54:48.6680977Z [1194/1212] Compiling NIOSSL Zeroization.swift
2026-02-27T22:54:48.6681626Z [1195/1212] Compiling NIOSSL TLSConfiguration.swift
2026-02-27T22:54:48.6682352Z [1196/1212] Compiling NIOSSL UniversalBootstrapSupport.swift
2026-02-27T22:54:48.6683127Z [1197/1212] Compiling NIOSSL UnsafeKeyAndChainTarget.swift
2026-02-27T22:54:48.8506027Z [1198/1213] Wrapping AST for NIOSSL for debugging
2026-02-27T22:54:49.9103944Z [1200/1239] Emitting module MSSQLNio
2026-02-27T22:54:50.3574150Z [1201/1242] Emitting module MySQLNio
2026-02-27T22:54:50.5738325Z [1202/1243] Compiling MySQLNio MySQLDecoder.swift
2026-02-27T22:54:51.3712305Z [1203/1243] Compiling MSSQLNio TDSLogin7.swift
2026-02-27T22:54:51.3714650Z /home/runner/work/sql-nio/sql-nio/Sources/MSSQLNio/TDS/TDSPacket.swift:74:17: warning: immutable value 'win' was never used; consider replacing with '_' or removing it
2026-02-27T22:54:51.3716455Z 72 |             let spid:    UInt16 = buffer.readInteger(endianness: .big),
2026-02-27T22:54:51.3717425Z 73 |             let pid:     UInt8  = buffer.readInteger(),
2026-02-27T22:54:51.3718255Z 74 |             let win:     UInt8  = buffer.readInteger()
2026-02-27T22:54:51.3719408Z    |                 `- warning: immutable value 'win' was never used; consider replacing with '_' or removing it
2026-02-27T22:54:51.3720569Z 75 |         else { throw TDSError.incomplete }
2026-02-27T22:54:51.3721643Z 76 | 
2026-02-27T22:54:51.3795982Z [1204/1243] Compiling MSSQLNio TDSMessages.swift
2026-02-27T22:54:51.3822346Z /home/runner/work/sql-nio/sql-nio/Sources/MSSQLNio/TDS/TDSPacket.swift:74:17: warning: immutable value 'win' was never used; consider replacing with '_' or removing it
2026-02-27T22:54:51.3824233Z 72 |             let spid:    UInt16 = buffer.readInteger(endianness: .big),
2026-02-27T22:54:51.3825073Z 73 |             let pid:     UInt8  = buffer.readInteger(),
2026-02-27T22:54:51.3825827Z 74 |             let win:     UInt8  = buffer.readInteger()
2026-02-27T22:54:51.3826890Z    |                 `- warning: immutable value 'win' was never used; consider replacing with '_' or removing it
2026-02-27T22:54:51.3827911Z 75 |         else { throw TDSError.incomplete }
2026-02-27T22:54:51.3828556Z 76 | 
2026-02-27T22:54:51.3962120Z [1205/1243] Compiling MSSQLNio TDSPacket.swift
2026-02-27T22:54:51.3963502Z /home/runner/work/sql-nio/sql-nio/Sources/MSSQLNio/TDS/TDSPacket.swift:74:17: warning: immutable value 'win' was never used; consider replacing with '_' or removing it
2026-02-27T22:54:51.3964846Z 72 |             let spid:    UInt16 = buffer.readInteger(endianness: .big),
2026-02-27T22:54:51.3965559Z 73 |             let pid:     UInt8  = buffer.readInteger(),
2026-02-27T22:54:51.3966086Z 74 |             let win:     UInt8  = buffer.readInteger()
2026-02-27T22:54:51.3966838Z    |                 `- warning: immutable value 'win' was never used; consider replacing with '_' or removing it
2026-02-27T22:54:51.3967569Z 75 |         else { throw TDSError.incomplete }
2026-02-27T22:54:51.3968002Z 76 | 
2026-02-27T22:54:51.4028824Z [1206/1243] Compiling MSSQLNio TDSPreLogin.swift
2026-02-27T22:54:51.4053300Z /home/runner/work/sql-nio/sql-nio/Sources/MSSQLNio/TDS/TDSPacket.swift:74:17: warning: immutable value 'win' was never used; consider replacing with '_' or removing it
2026-02-27T22:54:51.4054714Z 72 |             let spid:    UInt16 = buffer.readInteger(endianness: .big),
2026-02-27T22:54:51.4055365Z 73 |             let pid:     UInt8  = buffer.readInteger(),
2026-02-27T22:54:51.4055922Z 74 |             let win:     UInt8  = buffer.readInteger()
2026-02-27T22:54:51.4056762Z    |                 `- warning: immutable value 'win' was never used; consider replacing with '_' or removing it
2026-02-27T22:54:51.4058097Z 75 |         else { throw TDSError.incomplete }
2026-02-27T22:54:51.4058533Z 76 | 
2026-02-27T22:54:51.5604272Z [1207/1243] Compiling MSSQLNio TDSRPCProcRequest.swift
2026-02-27T22:54:51.5612224Z [1208/1243] Compiling MSSQLNio TDSRPCRequest.swift
2026-02-27T22:54:51.5652507Z [1209/1243] Compiling MSSQLNio TDSTLSFramer.swift
2026-02-27T22:54:52.1144383Z [1210/1243] Compiling PostgresNio PostgresConnectionPool.swift
2026-02-27T22:54:52.1146940Z [1211/1243] Compiling PostgresNio PostgresDecoder.swift
2026-02-27T22:54:52.1192443Z [1212/1243] Compiling PostgresNio SCRAMSHA256.swift
2026-02-27T22:54:52.1212173Z [1213/1243] Compiling PostgresNio PostgresBackup.swift
2026-02-27T22:54:52.1213018Z [1214/1243] Emitting module PostgresNio
2026-02-27T22:54:52.1213637Z [1215/1243] Compiling PostgresNio PostgresBulkInsert.swift
2026-02-27T22:54:52.1215829Z /home/runner/work/sql-nio/sql-nio/Sources/PostgresNio/PostgresConnection.swift:121:13: warning: conformance of 'ByteToMessageHandler<Decoder>' to 'Sendable' is unavailable; this is an error in the Swift 6 language mode
2026-02-27T22:54:52.1217494Z 119 |         bridge = b
2026-02-27T22:54:52.1217901Z 120 |         try await channel.pipeline.addHandlers([
2026-02-27T22:54:52.1218479Z 121 |             ByteToMessageHandler(PGFramingHandler()),
2026-02-27T22:54:52.1219600Z     |             `- warning: conformance of 'ByteToMessageHandler<Decoder>' to 'Sendable' is unavailable; this is an error in the Swift 6 language mode
2026-02-27T22:54:52.1220642Z 122 |             b,
2026-02-27T22:54:52.1221186Z 123 |         ]).get()
2026-02-27T22:54:52.1221386Z 
2026-02-27T22:54:52.1222608Z /home/runner/work/sql-nio/sql-nio/.build/checkouts/swift-nio/Sources/NIOCore/Codec.swift:507:1: note: conformance of 'ByteToMessageHandler<Decoder>' to 'Sendable' has been explicitly marked unavailable here
2026-02-27T22:54:52.1224108Z 505 | 
2026-02-27T22:54:52.1224373Z 506 | @available(*, unavailable)
2026-02-27T22:54:52.1224824Z 507 | extension ByteToMessageHandler: Sendable {}
2026-02-27T22:54:52.1225770Z     | `- note: conformance of 'ByteToMessageHandler<Decoder>' to 'Sendable' has been explicitly marked unavailable here
2026-02-27T22:54:52.1226649Z 508 | 
2026-02-27T22:54:52.1226956Z 509 | // MARK: ByteToMessageHandler: Test Helpers
2026-02-27T22:54:52.1227299Z 
2026-02-27T22:54:52.1228557Z /home/runner/work/sql-nio/sql-nio/Sources/PostgresNio/PostgresConnection.swift:140:47: warning: conformance of 'NIOSSLClientHandler' to 'Sendable' is unavailable; this is an error in the Swift 6 language mode
2026-02-27T22:54:52.1230289Z 138 |         let sslHandler = try NIOSSLClientHandler(context: sslContext,
2026-02-27T22:54:52.1231159Z 139 |                                                   serverHostname: config.host)
2026-02-27T22:54:52.1231948Z 140 |         try await channel.pipeline.addHandler(sslHandler, position: .first).get()
2026-02-27T22:54:52.1233307Z     |                                               `- warning: conformance of 'NIOSSLClientHandler' to 'Sendable' is unavailable; this is an error in the Swift 6 language mode
2026-02-27T22:54:52.1234375Z 141 |     }
2026-02-27T22:54:52.1234619Z 142 | 
2026-02-27T22:54:52.1234759Z 
2026-02-27T22:54:52.1236104Z /home/runner/work/sql-nio/sql-nio/.build/checkouts/swift-nio-ssl/Sources/NIOSSL/NIOSSLClientHandler.swift:294:1: note: conformance of 'NIOSSLClientHandler' to 'Sendable' has been explicitly marked unavailable here
2026-02-27T22:54:52.1237709Z 292 | #if compiler(<6.2)
2026-02-27T22:54:52.1238057Z 293 | @available(*, unavailable)
2026-02-27T22:54:52.1238481Z 294 | extension NIOSSLClientHandler: Sendable {}
2026-02-27T22:54:52.1239353Z     | `- note: conformance of 'NIOSSLClientHandler' to 'Sendable' has been explicitly marked unavailable here
2026-02-27T22:54:52.1240164Z 295 | #endif
2026-02-27T22:54:52.1240415Z 296 | 
2026-02-27T22:54:52.2171506Z [1216/1243] Compiling PostgresNio PostgresConnection.swift
2026-02-27T22:54:52.2173826Z /home/runner/work/sql-nio/sql-nio/Sources/PostgresNio/PostgresConnection.swift:121:13: warning: conformance of 'ByteToMessageHandler<Decoder>' to 'Sendable' is unavailable; this is an error in the Swift 6 language mode
2026-02-27T22:54:52.2175456Z 119 |         bridge = b
2026-02-27T22:54:52.2175872Z 120 |         try await channel.pipeline.addHandlers([
2026-02-27T22:54:52.2176452Z 121 |             ByteToMessageHandler(PGFramingHandler()),
2026-02-27T22:54:52.2177590Z     |             `- warning: conformance of 'ByteToMessageHandler<Decoder>' to 'Sendable' is unavailable; this is an error in the Swift 6 language mode
2026-02-27T22:54:52.2178635Z 122 |             b,
2026-02-27T22:54:52.2178922Z 123 |         ]).get()
2026-02-27T22:54:52.2179114Z 
2026-02-27T22:54:52.2180331Z /home/runner/work/sql-nio/sql-nio/.build/checkouts/swift-nio/Sources/NIOCore/Codec.swift:507:1: note: conformance of 'ByteToMessageHandler<Decoder>' to 'Sendable' has been explicitly marked unavailable here
2026-02-27T22:54:52.2181929Z 505 | 
2026-02-27T22:54:52.2182211Z 506 | @available(*, unavailable)
2026-02-27T22:54:52.2182848Z 507 | extension ByteToMessageHandler: Sendable {}
2026-02-27T22:54:52.2183804Z     | `- note: conformance of 'ByteToMessageHandler<Decoder>' to 'Sendable' has been explicitly marked unavailable here
2026-02-27T22:54:52.2184673Z 508 | 
2026-02-27T22:54:52.2184983Z 509 | // MARK: ByteToMessageHandler: Test Helpers
2026-02-27T22:54:52.2185324Z 
2026-02-27T22:54:52.2186558Z /home/runner/work/sql-nio/sql-nio/Sources/PostgresNio/PostgresConnection.swift:140:47: warning: conformance of 'NIOSSLClientHandler' to 'Sendable' is unavailable; this is an error in the Swift 6 language mode
2026-02-27T22:54:52.2188288Z 138 |         let sslHandler = try NIOSSLClientHandler(context: sslContext,
2026-02-27T22:54:52.2188985Z 139 |                                                   serverHostname: config.host)
2026-02-27T22:54:52.2189768Z 140 |         try await channel.pipeline.addHandler(sslHandler, position: .first).get()
2026-02-27T22:54:52.2191337Z     |                                               `- warning: conformance of 'NIOSSLClientHandler' to 'Sendable' is unavailable; this is an error in the Swift 6 language mode
2026-02-27T22:54:52.2192431Z 141 |     }
2026-02-27T22:54:52.2192675Z 142 | 
2026-02-27T22:54:52.2192814Z 
2026-02-27T22:54:52.2194126Z /home/runner/work/sql-nio/sql-nio/.build/checkouts/swift-nio-ssl/Sources/NIOSSL/NIOSSLClientHandler.swift:294:1: note: conformance of 'NIOSSLClientHandler' to 'Sendable' has been explicitly marked unavailable here
2026-02-27T22:54:52.2195701Z 292 | #if compiler(<6.2)
2026-02-27T22:54:52.2196047Z 293 | @available(*, unavailable)
2026-02-27T22:54:52.2196479Z 294 | extension NIOSSLClientHandler: Sendable {}
2026-02-27T22:54:52.2197405Z     | `- note: conformance of 'NIOSSLClientHandler' to 'Sendable' has been explicitly marked unavailable here
2026-02-27T22:54:52.2198249Z 295 | #endif
2026-02-27T22:54:52.2198497Z 296 | 
2026-02-27T22:54:52.2743238Z /home/runner/work/sql-nio/sql-nio/Sources/MySQLNio/MySQLConnection.swift:101:13: warning: conformance of 'ByteToMessageHandler<Decoder>' to 'Sendable' is unavailable; this is an error in the Swift 6 language mode
2026-02-27T22:54:52.2744951Z  99 |         bridge = b
2026-02-27T22:54:52.2745381Z 100 |         try await channel.pipeline.addHandlers([
2026-02-27T22:54:52.2745985Z 101 |             ByteToMessageHandler(MySQLFramingHandler()),
2026-02-27T22:54:52.2747152Z     |             `- warning: conformance of 'ByteToMessageHandler<Decoder>' to 'Sendable' is unavailable; this is an error in the Swift 6 language mode
2026-02-27T22:54:52.2748207Z 102 |             b,
2026-02-27T22:54:52.2748494Z 103 |         ]).get()
2026-02-27T22:54:52.2748696Z 
2026-02-27T22:54:52.2749924Z /home/runner/work/sql-nio/sql-nio/.build/checkouts/swift-nio/Sources/NIOCore/Codec.swift:507:1: note: conformance of 'ByteToMessageHandler<Decoder>' to 'Sendable' has been explicitly marked unavailable here
2026-02-27T22:54:52.2751593Z 505 | 
2026-02-27T22:54:52.2752243Z 506 | @available(*, unavailable)
2026-02-27T22:54:52.2752687Z 507 | extension ByteToMessageHandler: Sendable {}
2026-02-27T22:54:52.2753637Z     | `- note: conformance of 'ByteToMessageHandler<Decoder>' to 'Sendable' has been explicitly marked unavailable here
2026-02-27T22:54:52.2754525Z 508 | 
2026-02-27T22:54:52.2754828Z 509 | // MARK: ByteToMessageHandler: Test Helpers
2026-02-27T22:54:52.2755177Z 
2026-02-27T22:54:52.2756381Z /home/runner/work/sql-nio/sql-nio/Sources/MySQLNio/MySQLConnection.swift:157:47: warning: conformance of 'NIOSSLClientHandler' to 'Sendable' is unavailable; this is an error in the Swift 6 language mode
2026-02-27T22:54:52.2758106Z 155 |         let sni = config.host.first?.isNumber == false ? config.host : nil
2026-02-27T22:54:52.2759032Z 156 |         let sslHandler = try NIOSSLClientHandler(context: sslContext, serverHostname: sni)
2026-02-27T22:54:52.2760037Z 157 |         try await channel.pipeline.addHandler(sslHandler, position: .first).get()
2026-02-27T22:54:52.2761747Z     |                                               `- warning: conformance of 'NIOSSLClientHandler' to 'Sendable' is unavailable; this is an error in the Swift 6 language mode
2026-02-27T22:54:52.2762832Z 158 |     }
2026-02-27T22:54:52.2763074Z 159 | 
2026-02-27T22:54:52.2763219Z 
2026-02-27T22:54:52.2764526Z /home/runner/work/sql-nio/sql-nio/.build/checkouts/swift-nio-ssl/Sources/NIOSSL/NIOSSLClientHandler.swift:294:1: note: conformance of 'NIOSSLClientHandler' to 'Sendable' has been explicitly marked unavailable here
2026-02-27T22:54:52.2766134Z 292 | #if compiler(<6.2)
2026-02-27T22:54:52.2766473Z 293 | @available(*, unavailable)
2026-02-27T22:54:52.2766907Z 294 | extension NIOSSLClientHandler: Sendable {}
2026-02-27T22:54:52.2768066Z     | `- note: conformance of 'NIOSSLClientHandler' to 'Sendable' has been explicitly marked unavailable here
2026-02-27T22:54:52.2769018Z 295 | #endif
2026-02-27T22:54:52.2769307Z 296 | 
2026-02-27T22:54:52.3340301Z /home/runner/work/sql-nio/sql-nio/Sources/MySQLNio/MySQLConnection.swift:101:13: warning: conformance of 'ByteToMessageHandler<Decoder>' to 'Sendable' is unavailable; this is an error in the Swift 6 language mode
2026-02-27T22:54:52.3347822Z  99 |         bridge = b
2026-02-27T22:54:52.3350590Z 100 |         try await channel.pipeline.addHandlers([
2026-02-27T22:54:52.3353936Z 101 |             ByteToMessageHandler(MySQLFramingHandler()),
2026-02-27T22:54:52.3357384Z     |             `- warning: conformance of 'ByteToMessageHandler<Decoder>' to 'Sendable' is unavailable; this is an error in the Swift 6 language mode
2026-02-27T22:54:52.3360955Z 102 |             b,
2026-02-27T22:54:52.3363289Z 103 |         ]).get()
2026-02-27T22:54:52.3365570Z 
2026-02-27T22:54:52.3367373Z /home/runner/work/sql-nio/sql-nio/.build/checkouts/swift-nio/Sources/NIOCore/Codec.swift:507:1: note: conformance of 'ByteToMessageHandler<Decoder>' to 'Sendable' has been explicitly marked unavailable here
2026-02-27T22:54:52.3371202Z 505 | 
2026-02-27T22:54:52.3372444Z 506 | @available(*, unavailable)
2026-02-27T22:54:52.3373494Z 507 | extension ByteToMessageHandler: Sendable {}
2026-02-27T22:54:52.3374588Z     | `- note: conformance of 'ByteToMessageHandler<Decoder>' to 'Sendable' has been explicitly marked unavailable here
2026-02-27T22:54:52.3375556Z 508 | 
2026-02-27T22:54:52.3375918Z 509 | // MARK: ByteToMessageHandler: Test Helpers
2026-02-27T22:54:52.3378308Z 
2026-02-27T22:54:52.3379585Z /home/runner/work/sql-nio/sql-nio/Sources/MySQLNio/MySQLConnection.swift:157:47: warning: conformance of 'NIOSSLClientHandler' to 'Sendable' is unavailable; this is an error in the Swift 6 language mode
2026-02-27T22:54:52.3381631Z 155 |         let sni = config.host.first?.isNumber == false ? config.host : nil
2026-02-27T22:54:52.3382647Z 156 |         let sslHandler = try NIOSSLClientHandler(context: sslContext, serverHostname: sni)
2026-02-27T22:54:52.3383755Z 157 |         try await channel.pipeline.addHandler(sslHandler, position: .first).get()
2026-02-27T22:54:52.3385240Z     |                                               `- warning: conformance of 'NIOSSLClientHandler' to 'Sendable' is unavailable; this is an error in the Swift 6 language mode
2026-02-27T22:54:52.3386736Z 158 |     }
2026-02-27T22:54:52.3387009Z 159 | 
2026-02-27T22:54:52.3387170Z 
2026-02-27T22:54:52.3388400Z /home/runner/work/sql-nio/sql-nio/.build/checkouts/swift-nio-ssl/Sources/NIOSSL/NIOSSLClientHandler.swift:294:1: note: conformance of 'NIOSSLClientHandler' to 'Sendable' has been explicitly marked unavailable here
2026-02-27T22:54:52.3389990Z 292 | #if compiler(<6.2)
2026-02-27T22:54:52.3390349Z 293 | @available(*, unavailable)
2026-02-27T22:54:52.3390998Z 294 | extension NIOSSLClientHandler: Sendable {}
2026-02-27T22:54:52.3391862Z     | `- note: conformance of 'NIOSSLClientHandler' to 'Sendable' has been explicitly marked unavailable here
2026-02-27T22:54:52.3392709Z 295 | #endif
2026-02-27T22:54:52.3392966Z 296 | 
2026-02-27T22:54:52.3970003Z [1221/1244] Compiling MySQLNio MySQLMessages.swift
2026-02-27T22:54:52.5574441Z [1226/1245] Wrapping AST for MySQLNio for debugging
2026-02-27T22:54:52.6685038Z [1228/1248] Compiling PostgresNio PostgresMessages.swift
2026-02-27T22:54:52.9216578Z [1229/1249] Wrapping AST for PostgresNio for debugging
2026-02-27T22:54:53.0684539Z [1231/1249] Compiling MySQLNioTests MySQLNioTests.swift
2026-02-27T22:54:55.4405128Z /home/runner/work/sql-nio/sql-nio/Sources/MSSQLNio/MSSQLConnection.swift:121:23: warning: capture of 'bootstrap' with non-sendable type 'ClientBootstrap' in a `@Sendable` closure; this is an error in the Swift 6 language mode
2026-02-27T22:54:55.4421722Z 119 | 
2026-02-27T22:54:55.4422544Z 120 |         let channel = try await mssqlWithTimeout(configuration.connectTimeout) {
2026-02-27T22:54:55.4423632Z 121 |             try await bootstrap.connect(host: configuration.host,
2026-02-27T22:54:55.4426140Z     |                       `- warning: capture of 'bootstrap' with non-sendable type 'ClientBootstrap' in a `@Sendable` closure; this is an error in the Swift 6 language mode
2026-02-27T22:54:55.4427571Z 122 |                                         port: configuration.port).get()
2026-02-27T22:54:55.4428138Z 123 |         }
2026-02-27T22:54:55.4428337Z 
2026-02-27T22:54:55.4429403Z /home/runner/work/sql-nio/sql-nio/.build/checkouts/swift-nio/Sources/NIOPosix/Bootstrap.swift:810:20: note: class 'ClientBootstrap' does not conform to the 'Sendable' protocol
2026-02-27T22:54:55.4431039Z  808 | ///
2026-02-27T22:54:55.4431825Z  809 | /// The connected `SocketChannel` will operate on `ByteBuffer` as inbound and on `IOData` as outbound messages.
2026-02-27T22:54:55.4433048Z  810 | public final class ClientBootstrap: NIOClientTCPBootstrapProtocol {
2026-02-27T22:54:55.4434015Z      |                    `- note: class 'ClientBootstrap' does not conform to the 'Sendable' protocol
2026-02-27T22:54:55.4434805Z  811 |     private let group: EventLoopGroup
2026-02-27T22:54:55.4435579Z  812 |     private var protocolHandlers: Optional<@Sendable () -> [ChannelHandler]>
2026-02-27T22:54:55.4436190Z 
2026-02-27T22:54:55.4437511Z /home/runner/work/sql-nio/sql-nio/Sources/MSSQLNio/MSSQLConnection.swift:148:13: warning: conformance of 'ByteToMessageHandler<Decoder>' to 'Sendable' is unavailable; this is an error in the Swift 6 language mode
2026-02-27T22:54:55.4439303Z 146 |         try await channel.pipeline.addHandlers([
2026-02-27T22:54:55.4439833Z 147 |             tlsFramer,
2026-02-27T22:54:55.4440323Z 148 |             ByteToMessageHandler(TDSFramingHandler()),
2026-02-27T22:54:55.4441779Z     |             `- warning: conformance of 'ByteToMessageHandler<Decoder>' to 'Sendable' is unavailable; this is an error in the Swift 6 language mode
2026-02-27T22:54:55.4442909Z 149 |             b,
2026-02-27T22:54:55.4443237Z 150 |         ]).get()
2026-02-27T22:54:55.4443449Z 
2026-02-27T22:54:55.4444708Z /home/runner/work/sql-nio/sql-nio/.build/checkouts/swift-nio/Sources/NIOCore/Codec.swift:507:1: note: conformance of 'ByteToMessageHandler<Decoder>' to 'Sendable' has been explicitly marked unavailable here
2026-02-27T22:54:55.4446744Z 505 | 
2026-02-27T22:54:55.4447048Z 506 | @available(*, unavailable)
2026-02-27T22:54:55.4447548Z 507 | extension ByteToMessageHandler: Sendable {}
2026-02-27T22:54:55.4448562Z     | `- note: conformance of 'ByteToMessageHandler<Decoder>' to 'Sendable' has been explicitly marked unavailable here
2026-02-27T22:54:55.4449513Z 508 | 
2026-02-27T22:54:55.4449876Z 509 | // MARK: ByteToMessageHandler: Test Helpers
2026-02-27T22:54:55.4450261Z 
2026-02-27T22:54:55.4451724Z /home/runner/work/sql-nio/sql-nio/Sources/MSSQLNio/MSSQLConnection.swift:228:47: warning: conformance of 'NIOSSLClientHandler' to 'Sendable' is unavailable; this is an error in the Swift 6 language mode
2026-02-27T22:54:55.4453589Z 226 |         // Because the channel is already active, NIOSSLClientHandler's handlerAdded()
2026-02-27T22:54:55.4454471Z 227 |         // triggers the TLS handshake automatically.
2026-02-27T22:54:55.4455350Z 228 |         try await channel.pipeline.addHandler(sslHandler, position: .after(tlsFramer)).get()
2026-02-27T22:54:55.4457143Z     |                                               `- warning: conformance of 'NIOSSLClientHandler' to 'Sendable' is unavailable; this is an error in the Swift 6 language mode
2026-02-27T22:54:55.4458722Z 229 |         try await channel.pipeline.addHandler(tracker,    position: .after(sslHandler)).get()
2026-02-27T22:54:55.4459549Z 230 | 
2026-02-27T22:54:55.4459710Z 
2026-02-27T22:54:55.4501406Z /home/runner/work/sql-nio/sql-nio/.build/checkouts/swift-nio-ssl/Sources/NIOSSL/NIOSSLClientHandler.swift:294:1: note: conformance of 'NIOSSLClientHandler' to 'Sendable' has been explicitly marked unavailable here
2026-02-27T22:54:55.4503148Z 292 | #if compiler(<6.2)
2026-02-27T22:54:55.4503534Z 293 | @available(*, unavailable)
2026-02-27T22:54:55.4504008Z 294 | extension NIOSSLClientHandler: Sendable {}
2026-02-27T22:54:55.4504943Z     | `- note: conformance of 'NIOSSLClientHandler' to 'Sendable' has been explicitly marked unavailable here
2026-02-27T22:54:55.4505834Z 295 | #endif
2026-02-27T22:54:55.4506134Z 296 | 
2026-02-27T22:54:55.4506298Z 
2026-02-27T22:54:55.4507868Z /home/runner/work/sql-nio/sql-nio/Sources/MSSQLNio/MSSQLConnection.swift:229:76: warning: conformance of 'NIOSSLClientHandler' to 'Sendable' is unavailable; this is an error in the Swift 6 language mode; this is an error in the Swift 6 language mode
2026-02-27T22:54:55.4509844Z 227 |         // triggers the TLS handshake automatically.
2026-02-27T22:54:55.4510727Z 228 |         try await channel.pipeline.addHandler(sslHandler, position: .after(tlsFramer)).get()
2026-02-27T22:54:55.4512153Z 229 |         try await channel.pipeline.addHandler(tracker,    position: .after(sslHandler)).get()
2026-02-27T22:54:55.4514090Z     |                                                                            `- warning: conformance of 'NIOSSLClientHandler' to 'Sendable' is unavailable; this is an error in the Swift 6 language mode; this is an error in the Swift 6 language mode
2026-02-27T22:54:55.4515632Z 230 | 
2026-02-27T22:54:55.4516254Z 231 |         // Wait for TLS handshake to complete (tracker fulfils promise + deactivates framer)
2026-02-27T22:54:55.4516928Z 
2026-02-27T22:54:55.4518278Z /home/runner/work/sql-nio/sql-nio/.build/checkouts/swift-nio-ssl/Sources/NIOSSL/NIOSSLClientHandler.swift:294:1: note: conformance of 'NIOSSLClientHandler' to 'Sendable' has been explicitly marked unavailable here
2026-02-27T22:54:55.4520007Z 292 | #if compiler(<6.2)
2026-02-27T22:54:55.4520380Z 293 | @available(*, unavailable)
2026-02-27T22:54:55.4521082Z 294 | extension NIOSSLClientHandler: Sendable {}
2026-02-27T22:54:55.4551417Z     | `- note: conformance of 'NIOSSLClientHandler' to 'Sendable' has been explicitly marked unavailable here
2026-02-27T22:54:55.4552343Z 295 | #endif
2026-02-27T22:54:55.4552627Z 296 | 
2026-02-27T22:54:55.7435275Z /home/runner/work/sql-nio/sql-nio/Sources/MSSQLNio/MSSQLConnection.swift:121:23: warning: capture of 'bootstrap' with non-sendable type 'ClientBootstrap' in a `@Sendable` closure; this is an error in the Swift 6 language mode
2026-02-27T22:54:55.7438052Z 119 | 
2026-02-27T22:54:55.7438927Z 120 |         let channel = try await mssqlWithTimeout(configuration.connectTimeout) {
2026-02-27T22:54:55.7440406Z 121 |             try await bootstrap.connect(host: configuration.host,
2026-02-27T22:54:55.7442006Z     |                       `- warning: capture of 'bootstrap' with non-sendable type 'ClientBootstrap' in a `@Sendable` closure; this is an error in the Swift 6 language mode
2026-02-27T22:54:55.7443331Z 122 |                                         port: configuration.port).get()
2026-02-27T22:54:55.7443870Z 123 |         }
2026-02-27T22:54:55.7444426Z 
2026-02-27T22:54:55.7445509Z /home/runner/work/sql-nio/sql-nio/.build/checkouts/swift-nio/Sources/NIOPosix/Bootstrap.swift:810:20: note: class 'ClientBootstrap' does not conform to the 'Sendable' protocol
2026-02-27T22:54:55.7446889Z  808 | ///
2026-02-27T22:54:55.7447667Z  809 | /// The connected `SocketChannel` will operate on `ByteBuffer` as inbound and on `IOData` as outbound messages.
2026-02-27T22:54:55.7449222Z  810 | public final class ClientBootstrap: NIOClientTCPBootstrapProtocol {
2026-02-27T22:54:55.7450226Z      |                    `- note: class 'ClientBootstrap' does not conform to the 'Sendable' protocol
2026-02-27T22:54:55.7451262Z  811 |     private let group: EventLoopGroup
2026-02-27T22:54:55.7452063Z  812 |     private var protocolHandlers: Optional<@Sendable () -> [ChannelHandler]>
2026-02-27T22:54:55.7452659Z 
2026-02-27T22:54:55.7453974Z /home/runner/work/sql-nio/sql-nio/Sources/MSSQLNio/MSSQLConnection.swift:148:13: warning: conformance of 'ByteToMessageHandler<Decoder>' to 'Sendable' is unavailable; this is an error in the Swift 6 language mode
2026-02-27T22:54:55.7455804Z 146 |         try await channel.pipeline.addHandlers([
2026-02-27T22:54:55.7456334Z 147 |             tlsFramer,
2026-02-27T22:54:55.7456792Z 148 |             ByteToMessageHandler(TDSFramingHandler()),
2026-02-27T22:54:55.7458006Z     |             `- warning: conformance of 'ByteToMessageHandler<Decoder>' to 'Sendable' is unavailable; this is an error in the Swift 6 language mode
2026-02-27T22:54:55.7459156Z 149 |             b,
2026-02-27T22:54:55.7459468Z 150 |         ]).get()
2026-02-27T22:54:55.7459676Z 
2026-02-27T22:54:55.7461151Z /home/runner/work/sql-nio/sql-nio/.build/checkouts/swift-nio/Sources/NIOCore/Codec.swift:507:1: note: conformance of 'ByteToMessageHandler<Decoder>' to 'Sendable' has been explicitly marked unavailable here
2026-02-27T22:54:55.7462714Z 505 | 
2026-02-27T22:54:55.7463015Z 506 | @available(*, unavailable)
2026-02-27T22:54:55.7463487Z 507 | extension ByteToMessageHandler: Sendable {}
2026-02-27T22:54:55.7464455Z     | `- note: conformance of 'ByteToMessageHandler<Decoder>' to 'Sendable' has been explicitly marked unavailable here
2026-02-27T22:54:55.7465386Z 508 | 
2026-02-27T22:54:55.7465747Z 509 | // MARK: ByteToMessageHandler: Test Helpers
2026-02-27T22:54:55.7466129Z 
2026-02-27T22:54:55.7467386Z /home/runner/work/sql-nio/sql-nio/Sources/MSSQLNio/MSSQLConnection.swift:228:47: warning: conformance of 'NIOSSLClientHandler' to 'Sendable' is unavailable; this is an error in the Swift 6 language mode
2026-02-27T22:54:55.7469273Z 226 |         // Because the channel is already active, NIOSSLClientHandler's handlerAdded()
2026-02-27T22:54:55.7470083Z 227 |         // triggers the TLS handshake automatically.
2026-02-27T22:54:55.7471176Z 228 |         try await channel.pipeline.addHandler(sslHandler, position: .after(tlsFramer)).get()
2026-02-27T22:54:55.7472659Z     |                                               `- warning: conformance of 'NIOSSLClientHandler' to 'Sendable' is unavailable; this is an error in the Swift 6 language mode
2026-02-27T22:54:55.7474145Z 229 |         try await channel.pipeline.addHandler(tracker,    position: .after(sslHandler)).get()
2026-02-27T22:54:55.7474940Z 230 | 
2026-02-27T22:54:55.7475106Z 
2026-02-27T22:54:55.7476475Z /home/runner/work/sql-nio/sql-nio/.build/checkouts/swift-nio-ssl/Sources/NIOSSL/NIOSSLClientHandler.swift:294:1: note: conformance of 'NIOSSLClientHandler' to 'Sendable' has been explicitly marked unavailable here
2026-02-27T22:54:55.7478503Z 292 | #if compiler(<6.2)
2026-02-27T22:54:55.7478896Z 293 | @available(*, unavailable)
2026-02-27T22:54:55.7479375Z 294 | extension NIOSSLClientHandler: Sendable {}
2026-02-27T22:54:55.7480290Z     | `- note: conformance of 'NIOSSLClientHandler' to 'Sendable' has been explicitly marked unavailable here
2026-02-27T22:54:55.7481410Z 295 | #endif
2026-02-27T22:54:55.7481684Z 296 | 
2026-02-27T22:54:55.7481843Z 
2026-02-27T22:54:55.7483387Z /home/runner/work/sql-nio/sql-nio/Sources/MSSQLNio/MSSQLConnection.swift:229:76: warning: conformance of 'NIOSSLClientHandler' to 'Sendable' is unavailable; this is an error in the Swift 6 language mode; this is an error in the Swift 6 language mode
2026-02-27T22:54:55.7485349Z 227 |         // triggers the TLS handshake automatically.
2026-02-27T22:54:55.7486221Z 228 |         try await channel.pipeline.addHandler(sslHandler, position: .after(tlsFramer)).get()
2026-02-27T22:54:55.7487661Z 229 |         try await channel.pipeline.addHandler(tracker,    position: .after(sslHandler)).get()
2026-02-27T22:54:55.7489525Z     |                                                                            `- warning: conformance of 'NIOSSLClientHandler' to 'Sendable' is unavailable; this is an error in the Swift 6 language mode; this is an error in the Swift 6 language mode
2026-02-27T22:54:55.7491243Z 230 | 
2026-02-27T22:54:55.7491831Z 231 |         // Wait for TLS handshake to complete (tracker fulfils promise + deactivates framer)
2026-02-27T22:54:55.7492478Z 
2026-02-27T22:54:55.7493835Z /home/runner/work/sql-nio/sql-nio/.build/checkouts/swift-nio-ssl/Sources/NIOSSL/NIOSSLClientHandler.swift:294:1: note: conformance of 'NIOSSLClientHandler' to 'Sendable' has been explicitly marked unavailable here
2026-02-27T22:54:55.7495554Z 292 | #if compiler(<6.2)
2026-02-27T22:54:55.7495941Z 293 | @available(*, unavailable)
2026-02-27T22:54:55.7496421Z 294 | extension NIOSSLClientHandler: Sendable {}
2026-02-27T22:54:55.7497348Z     | `- note: conformance of 'NIOSSLClientHandler' to 'Sendable' has been explicitly marked unavailable here
2026-02-27T22:54:55.7498210Z 295 | #endif
2026-02-27T22:54:55.7498489Z 296 | 
2026-02-27T22:54:56.2497557Z [1234/1252] Compiling MSSQLNio MSSQLBulkInsert.swift
2026-02-27T22:54:56.2546910Z /home/runner/work/sql-nio/sql-nio/Sources/MSSQLNio/MSSQLConnection.swift:121:23: warning: capture of 'bootstrap' with non-sendable type 'ClientBootstrap' in a `@Sendable` closure; this is an error in the Swift 6 language mode
2026-02-27T22:54:56.2548695Z 119 | 
2026-02-27T22:54:56.2549250Z 120 |         let channel = try await mssqlWithTimeout(configuration.connectTimeout) {
2026-02-27T22:54:56.2550108Z 121 |             try await bootstrap.connect(host: configuration.host,
2026-02-27T22:54:56.2551689Z     |                       `- warning: capture of 'bootstrap' with non-sendable type 'ClientBootstrap' in a `@Sendable` closure; this is an error in the Swift 6 language mode
2026-02-27T22:54:56.2553084Z 122 |                                         port: configuration.port).get()
2026-02-27T22:54:56.2553737Z 123 |         }
2026-02-27T22:54:56.2553923Z 
2026-02-27T22:54:56.2555004Z /home/runner/work/sql-nio/sql-nio/.build/checkouts/swift-nio/Sources/NIOPosix/Bootstrap.swift:810:20: note: class 'ClientBootstrap' does not conform to the 'Sendable' protocol
2026-02-27T22:54:56.2556404Z  808 | ///
2026-02-27T22:54:56.2557188Z  809 | /// The connected `SocketChannel` will operate on `ByteBuffer` as inbound and on `IOData` as outbound messages.
2026-02-27T22:54:56.2558366Z  810 | public final class ClientBootstrap: NIOClientTCPBootstrapProtocol {
2026-02-27T22:54:56.2559343Z      |                    `- note: class 'ClientBootstrap' does not conform to the 'Sendable' protocol
2026-02-27T22:54:56.2560159Z  811 |     private let group: EventLoopGroup
2026-02-27T22:54:56.2561206Z  812 |     private var protocolHandlers: Optional<@Sendable () -> [ChannelHandler]>
2026-02-27T22:54:56.2562328Z 
2026-02-27T22:54:56.2563658Z /home/runner/work/sql-nio/sql-nio/Sources/MSSQLNio/MSSQLConnection.swift:148:13: warning: conformance of 'ByteToMessageHandler<Decoder>' to 'Sendable' is unavailable; this is an error in the Swift 6 language mode
2026-02-27T22:54:56.2565409Z 146 |         try await channel.pipeline.addHandlers([
2026-02-27T22:54:56.2565949Z 147 |             tlsFramer,
2026-02-27T22:54:56.2566436Z 148 |             ByteToMessageHandler(TDSFramingHandler()),
2026-02-27T22:54:56.2567643Z     |             `- warning: conformance of 'ByteToMessageHandler<Decoder>' to 'Sendable' is unavailable; this is an error in the Swift 6 language mode
2026-02-27T22:54:56.2568739Z 149 |             b,
2026-02-27T22:54:56.2569047Z 150 |         ]).get()
2026-02-27T22:54:56.2569262Z 
2026-02-27T22:54:56.2570517Z /home/runner/work/sql-nio/sql-nio/.build/checkouts/swift-nio/Sources/NIOCore/Codec.swift:507:1: note: conformance of 'ByteToMessageHandler<Decoder>' to 'Sendable' has been explicitly marked unavailable here
2026-02-27T22:54:56.2599968Z 505 | 
2026-02-27T22:54:56.2600580Z 506 | @available(*, unavailable)
2026-02-27T22:54:56.2601307Z 507 | extension ByteToMessageHandler: Sendable {}
2026-02-27T22:54:56.2602299Z     | `- note: conformance of 'ByteToMessageHandler<Decoder>' to 'Sendable' has been explicitly marked unavailable here
2026-02-27T22:54:56.2603208Z 508 | 
2026-02-27T22:54:56.2603539Z 509 | // MARK: ByteToMessageHandler: Test Helpers
2026-02-27T22:54:56.2603920Z 
2026-02-27T22:54:56.2605119Z /home/runner/work/sql-nio/sql-nio/Sources/MSSQLNio/MSSQLConnection.swift:228:47: warning: conformance of 'NIOSSLClientHandler' to 'Sendable' is unavailable; this is an error in the Swift 6 language mode
2026-02-27T22:54:56.2606966Z 226 |         // Because the channel is already active, NIOSSLClientHandler's handlerAdded()
2026-02-27T22:54:56.2607786Z 227 |         // triggers the TLS handshake automatically.
2026-02-27T22:54:56.2608664Z 228 |         try await channel.pipeline.addHandler(sslHandler, position: .after(tlsFramer)).get()
2026-02-27T22:54:56.2610202Z     |                                               `- warning: conformance of 'NIOSSLClientHandler' to 'Sendable' is unavailable; this is an error in the Swift 6 language mode
2026-02-27T22:54:56.2611923Z 229 |         try await channel.pipeline.addHandler(tracker,    position: .after(sslHandler)).get()
2026-02-27T22:54:56.2612736Z 230 | 
2026-02-27T22:54:56.2612891Z 
2026-02-27T22:54:56.2614213Z /home/runner/work/sql-nio/sql-nio/.build/checkouts/swift-nio-ssl/Sources/NIOSSL/NIOSSLClientHandler.swift:294:1: note: conformance of 'NIOSSLClientHandler' to 'Sendable' has been explicitly marked unavailable here
2026-02-27T22:54:56.2615883Z 292 | #if compiler(<6.2)
2026-02-27T22:54:56.2616266Z 293 | @available(*, unavailable)
2026-02-27T22:54:56.2616740Z 294 | extension NIOSSLClientHandler: Sendable {}
2026-02-27T22:54:56.2617664Z     | `- note: conformance of 'NIOSSLClientHandler' to 'Sendable' has been explicitly marked unavailable here
2026-02-27T22:54:56.2618556Z 295 | #endif
2026-02-27T22:54:56.2618841Z 296 | 
2026-02-27T22:54:56.2618997Z 
2026-02-27T22:54:56.2620516Z /home/runner/work/sql-nio/sql-nio/Sources/MSSQLNio/MSSQLConnection.swift:229:76: warning: conformance of 'NIOSSLClientHandler' to 'Sendable' is unavailable; this is an error in the Swift 6 language mode; this is an error in the Swift 6 language mode
2026-02-27T22:54:56.2646329Z 227 |         // triggers the TLS handshake automatically.
2026-02-27T22:54:56.2647229Z 228 |         try await channel.pipeline.addHandler(sslHandler, position: .after(tlsFramer)).get()
2026-02-27T22:54:56.2648263Z 229 |         try await channel.pipeline.addHandler(tracker,    position: .after(sslHandler)).get()
2026-02-27T22:54:56.2649936Z     |                                                                            `- warning: conformance of 'NIOSSLClientHandler' to 'Sendable' is unavailable; this is an error in the Swift 6 language mode; this is an error in the Swift 6 language mode
2026-02-27T22:54:56.2652011Z 230 | 
2026-02-27T22:54:56.2652639Z 231 |         // Wait for TLS handshake to complete (tracker fulfils promise + deactivates framer)
2026-02-27T22:54:56.2653293Z 
2026-02-27T22:54:56.2654721Z /home/runner/work/sql-nio/sql-nio/.build/checkouts/swift-nio-ssl/Sources/NIOSSL/NIOSSLClientHandler.swift:294:1: note: conformance of 'NIOSSLClientHandler' to 'Sendable' has been explicitly marked unavailable here
2026-02-27T22:54:56.2656411Z 292 | #if compiler(<6.2)
2026-02-27T22:54:56.2656810Z 293 | @available(*, unavailable)
2026-02-27T22:54:56.2657297Z 294 | extension NIOSSLClientHandler: Sendable {}
2026-02-27T22:54:56.2658258Z     | `- note: conformance of 'NIOSSLClientHandler' to 'Sendable' has been explicitly marked unavailable here
2026-02-27T22:54:56.2659154Z 295 | #endif
2026-02-27T22:54:56.2659435Z 296 | 
2026-02-27T22:54:56.8601299Z [1235/1252] Compiling MSSQLNio MSSQLConnection.swift
2026-02-27T22:54:56.8664119Z /home/runner/work/sql-nio/sql-nio/Sources/MSSQLNio/MSSQLConnection.swift:121:23: warning: capture of 'bootstrap' with non-sendable type 'ClientBootstrap' in a `@Sendable` closure; this is an error in the Swift 6 language mode
2026-02-27T22:54:56.8665912Z 119 | 
2026-02-27T22:54:56.8666497Z 120 |         let channel = try await mssqlWithTimeout(configuration.connectTimeout) {
2026-02-27T22:54:56.8667348Z 121 |             try await bootstrap.connect(host: configuration.host,
2026-02-27T22:54:56.8668708Z     |                       `- warning: capture of 'bootstrap' with non-sendable type 'ClientBootstrap' in a `@Sendable` closure; this is an error in the Swift 6 language mode
2026-02-27T22:54:56.8670044Z 122 |                                         port: configuration.port).get()
2026-02-27T22:54:56.8670590Z 123 |         }
2026-02-27T22:54:56.8671005Z 
2026-02-27T22:54:56.8671898Z /home/runner/work/sql-nio/sql-nio/.build/checkouts/swift-nio/Sources/NIOPosix/Bootstrap.swift:810:20: note: class 'ClientBootstrap' does not conform to the 'Sendable' protocol
2026-02-27T22:54:56.8673062Z  808 | ///
2026-02-27T22:54:56.8673731Z  809 | /// The connected `SocketChannel` will operate on `ByteBuffer` as inbound and on `IOData` as outbound messages.
2026-02-27T22:54:56.8674692Z  810 | public final class ClientBootstrap: NIOClientTCPBootstrapProtocol {
2026-02-27T22:54:56.8675447Z      |                    `- note: class 'ClientBootstrap' does not conform to the 'Sendable' protocol
2026-02-27T22:54:56.8676073Z  811 |     private let group: EventLoopGroup
2026-02-27T22:54:56.8676643Z  812 |     private var protocolHandlers: Optional<@Sendable () -> [ChannelHandler]>
2026-02-27T22:54:56.8677107Z 
2026-02-27T22:54:56.8678176Z /home/runner/work/sql-nio/sql-nio/Sources/MSSQLNio/MSSQLConnection.swift:148:13: warning: conformance of 'ByteToMessageHandler<Decoder>' to 'Sendable' is unavailable; this is an error in the Swift 6 language mode
2026-02-27T22:54:56.8679605Z 146 |         try await channel.pipeline.addHandlers([
2026-02-27T22:54:56.8680028Z 147 |             tlsFramer,
2026-02-27T22:54:56.8680418Z 148 |             ByteToMessageHandler(TDSFramingHandler()),
2026-02-27T22:54:56.8681580Z     |             `- warning: conformance of 'ByteToMessageHandler<Decoder>' to 'Sendable' is unavailable; this is an error in the Swift 6 language mode
2026-02-27T22:54:56.8682499Z 149 |             b,
2026-02-27T22:54:56.8682795Z 150 |         ]).get()
2026-02-27T22:54:56.8682988Z 
2026-02-27T22:54:56.8684169Z /home/runner/work/sql-nio/sql-nio/.build/checkouts/swift-nio/Sources/NIOCore/Codec.swift:507:1: note: conformance of 'ByteToMessageHandler<Decoder>' to 'Sendable' has been explicitly marked unavailable here
2026-02-27T22:54:56.8685632Z 505 | 
2026-02-27T22:54:56.8685894Z 506 | @available(*, unavailable)
2026-02-27T22:54:56.8686338Z 507 | extension ByteToMessageHandler: Sendable {}
2026-02-27T22:54:56.8687257Z     | `- note: conformance of 'ByteToMessageHandler<Decoder>' to 'Sendable' has been explicitly marked unavailable here
2026-02-27T22:54:56.8688117Z 508 | 
2026-02-27T22:54:56.8688782Z 509 | // MARK: ByteToMessageHandler: Test Helpers
2026-02-27T22:54:56.8689172Z 
2026-02-27T22:54:56.8690412Z /home/runner/work/sql-nio/sql-nio/Sources/MSSQLNio/MSSQLConnection.swift:228:47: warning: conformance of 'NIOSSLClientHandler' to 'Sendable' is unavailable; this is an error in the Swift 6 language mode
2026-02-27T22:54:56.8713957Z 226 |         // Because the channel is already active, NIOSSLClientHandler's handlerAdded()
2026-02-27T22:54:56.8714793Z 227 |         // triggers the TLS handshake automatically.
2026-02-27T22:54:56.8715657Z 228 |         try await channel.pipeline.addHandler(sslHandler, position: .after(tlsFramer)).get()
2026-02-27T22:54:56.8717156Z     |                                               `- warning: conformance of 'NIOSSLClientHandler' to 'Sendable' is unavailable; this is an error in the Swift 6 language mode
2026-02-27T22:54:56.8718694Z 229 |         try await channel.pipeline.addHandler(tracker,    position: .after(sslHandler)).get()
2026-02-27T22:54:56.8719562Z 230 | 
2026-02-27T22:54:56.8719730Z 
2026-02-27T22:54:56.8721611Z /home/runner/work/sql-nio/sql-nio/.build/checkouts/swift-nio-ssl/Sources/NIOSSL/NIOSSLClientHandler.swift:294:1: note: conformance of 'NIOSSLClientHandler' to 'Sendable' has been explicitly marked unavailable here
2026-02-27T22:54:56.8723340Z 292 | #if compiler(<6.2)
2026-02-27T22:54:56.8723733Z 293 | @available(*, unavailable)
2026-02-27T22:54:56.8724205Z 294 | extension NIOSSLClientHandler: Sendable {}
2026-02-27T22:54:56.8725170Z     | `- note: conformance of 'NIOSSLClientHandler' to 'Sendable' has been explicitly marked unavailable here
2026-02-27T22:54:56.8726050Z 295 | #endif
2026-02-27T22:54:56.8726336Z 296 | 
2026-02-27T22:54:56.8726495Z 
2026-02-27T22:54:56.8728133Z /home/runner/work/sql-nio/sql-nio/Sources/MSSQLNio/MSSQLConnection.swift:229:76: warning: conformance of 'NIOSSLClientHandler' to 'Sendable' is unavailable; this is an error in the Swift 6 language mode; this is an error in the Swift 6 language mode
2026-02-27T22:54:56.8730148Z 227 |         // triggers the TLS handshake automatically.
2026-02-27T22:54:56.8731269Z 228 |         try await channel.pipeline.addHandler(sslHandler, position: .after(tlsFramer)).get()
2026-02-27T22:54:56.8732268Z 229 |         try await channel.pipeline.addHandler(tracker,    position: .after(sslHandler)).get()
2026-02-27T22:54:56.8759444Z     |                                                                            `- warning: conformance of 'NIOSSLClientHandler' to 'Sendable' is unavailable; this is an error in the Swift 6 language mode; this is an error in the Swift 6 language mode
2026-02-27T22:54:56.8761032Z 230 | 
2026-02-27T22:54:56.8761651Z 231 |         // Wait for TLS handshake to complete (tracker fulfils promise + deactivates framer)
2026-02-27T22:54:56.8762299Z 
2026-02-27T22:54:56.8763664Z /home/runner/work/sql-nio/sql-nio/.build/checkouts/swift-nio-ssl/Sources/NIOSSL/NIOSSLClientHandler.swift:294:1: note: conformance of 'NIOSSLClientHandler' to 'Sendable' has been explicitly marked unavailable here
2026-02-27T22:54:56.8765340Z 292 | #if compiler(<6.2)
2026-02-27T22:54:56.8765737Z 293 | @available(*, unavailable)
2026-02-27T22:54:56.8766235Z 294 | extension NIOSSLClientHandler: Sendable {}
2026-02-27T22:54:56.8767189Z     | `- note: conformance of 'NIOSSLClientHandler' to 'Sendable' has been explicitly marked unavailable here
2026-02-27T22:54:56.8768080Z 295 | #endif
2026-02-27T22:54:56.8768363Z 296 | 
2026-02-27T22:54:57.2871485Z [1236/1253] Wrapping AST for MSSQLNio for debugging
2026-02-27T22:54:57.2901083Z [1238/1263] Compiling MySQLNioTests MySQLIntegrationTests.swift
2026-02-27T22:54:57.2901765Z [1239/1263] Emitting module MySQLNioTests
2026-02-27T22:54:57.2928462Z [1240/1264] Emitting module PostgresNioTests
2026-02-27T22:54:57.2929092Z [1241/1264] Compiling PostgresNioTests PostgresNioTests.swift
2026-02-27T22:54:57.2929861Z [1242/1264] Compiling PostgresNioTests PostgresIntegrationTests.swift
2026-02-27T22:54:57.2932048Z /home/runner/work/sql-nio/sql-nio/Tests/PostgresNioTests/PostgresIntegrationTests.swift:1458:42: warning: mutation of captured var 'notices' in concurrently-executing code; this is an error in the Swift 6 language mode
2026-02-27T22:54:57.2934212Z 1456 |             try await PGTestDatabase.withConnection { conn in
2026-02-27T22:54:57.2934822Z 1457 |                 var notices: [String] = []
2026-02-27T22:54:57.2935391Z 1458 |                 conn.onNotice = { msg in notices.append(msg) }
2026-02-27T22:54:57.2936570Z      |                                          `- warning: mutation of captured var 'notices' in concurrently-executing code; this is an error in the Swift 6 language mode
2026-02-27T22:54:57.2937613Z 1459 | 
2026-02-27T22:54:57.2937973Z 1460 |                 // PostgreSQL RAISE NOTICE generates a notice message
2026-02-27T22:54:57.3676047Z [1244/1265] Wrapping AST for MySQLNioTests for debugging
2026-02-27T22:54:57.4324846Z [1245/1265] Wrapping AST for PostgresNioTests for debugging
2026-02-27T22:54:58.1149601Z [1247/1265] Emitting module MSSQLNioTests
2026-02-27T22:54:58.1181619Z [1248/1265] Compiling MSSQLNioTests MSSQLAdvancedFeatureTests.swift
2026-02-27T22:54:58.1182846Z [1249/1265] Compiling MSSQLNioTests MSSQLDataTypeTests.swift
2026-02-27T22:54:58.1188873Z [1250/1265] Compiling MSSQLNioTests MSSQLErrorTests.swift
2026-02-27T22:54:58.3733435Z [1251/1267] Compiling MSSQLNioTests TestDatabase.swift
2026-02-27T22:54:58.3734911Z [1252/1267] Compiling MSSQLNioTests TestValueHelpers.swift
2026-02-27T22:54:58.5897461Z [1253/1267] Compiling MSSQLNioTests MSSQLStoredProcTests.swift
2026-02-27T22:54:58.5898698Z [1254/1267] Compiling MSSQLNioTests NTLMTests.swift
2026-02-27T22:54:58.5899371Z [1255/1267] Compiling MSSQLNioTests SQLClientCompatTests.swift
2026-02-27T22:54:58.5900064Z [1256/1267] Compiling MSSQLNioTests MSSQLNewFeatureTests.swift
2026-02-27T22:54:58.5901624Z /home/runner/work/sql-nio/sql-nio/Tests/MSSQLNioTests/MSSQLNioTests.swift:9:13: warning: variable 'allocator' was never mutated; consider changing to 'let' constant
2026-02-27T22:54:58.5902869Z  7 | 
2026-02-27T22:54:58.5903168Z  8 |     func testHeaderRoundtrip() throws {
2026-02-27T22:54:58.5903665Z  9 |         var allocator = ByteBufferAllocator()
2026-02-27T22:54:58.5904434Z    |             `- warning: variable 'allocator' was never mutated; consider changing to 'let' constant
2026-02-27T22:54:58.5905240Z 10 |         var buf = allocator.buffer(capacity: 8)
2026-02-27T22:54:58.5905674Z 11 | 
2026-02-27T22:54:58.5916836Z [1257/1267] Compiling MSSQLNioTests MSSQLNioTests.swift
2026-02-27T22:54:58.5918268Z /home/runner/work/sql-nio/sql-nio/Tests/MSSQLNioTests/MSSQLNioTests.swift:9:13: warning: variable 'allocator' was never mutated; consider changing to 'let' constant
2026-02-27T22:54:58.5919521Z  7 | 
2026-02-27T22:54:58.5919822Z  8 |     func testHeaderRoundtrip() throws {
2026-02-27T22:54:58.5920310Z  9 |         var allocator = ByteBufferAllocator()
2026-02-27T22:54:58.5921247Z    |             `- warning: variable 'allocator' was never mutated; consider changing to 'let' constant
2026-02-27T22:54:58.5922067Z 10 |         var buf = allocator.buffer(capacity: 8)
2026-02-27T22:54:58.5922509Z 11 | 
2026-02-27T22:54:58.5936489Z [1258/1267] Compiling MSSQLNioTests MSSQLQueryTests.swift
2026-02-27T22:54:58.5937859Z /home/runner/work/sql-nio/sql-nio/Tests/MSSQLNioTests/MSSQLNioTests.swift:9:13: warning: variable 'allocator' was never mutated; consider changing to 'let' constant
2026-02-27T22:54:58.5939091Z  7 | 
2026-02-27T22:54:58.5939385Z  8 |     func testHeaderRoundtrip() throws {
2026-02-27T22:54:58.5939877Z  9 |         var allocator = ByteBufferAllocator()
2026-02-27T22:54:58.5940653Z    |             `- warning: variable 'allocator' was never mutated; consider changing to 'let' constant
2026-02-27T22:54:58.5941630Z 10 |         var buf = allocator.buffer(capacity: 8)
2026-02-27T22:54:58.5942069Z 11 | 
2026-02-27T22:54:58.6786756Z [1259/1268] /home/runner/work/sql-nio/sql-nio/.build/x86_64-unknown-linux-gnu/debug/sql-nioPackageDiscoveredTests.derived/all-discovered-tests.swift
2026-02-27T22:54:58.6789217Z [1260/1268] Write sources
2026-02-27T22:54:58.7472081Z [1261/1268] Wrapping AST for MSSQLNioTests for debugging
2026-02-27T22:54:59.9180286Z [1263/1274] Compiling sql_nioPackageDiscoveredTests PostgresNioTests.swift
2026-02-27T22:54:59.9183736Z [1264/1274] Compiling sql_nioPackageDiscoveredTests SQLNioCoreTests.swift
2026-02-27T22:54:59.9185294Z [1265/1274] Compiling sql_nioPackageDiscoveredTests SQLiteNioTests.swift
2026-02-27T22:54:59.9186245Z [1266/1274] Emitting module sql_nioPackageDiscoveredTests
2026-02-27T22:54:59.9187035Z [1267/1274] Compiling sql_nioPackageDiscoveredTests MSSQLNioTests.swift
2026-02-27T22:54:59.9187878Z [1268/1274] Compiling sql_nioPackageDiscoveredTests MySQLNioTests.swift
2026-02-27T22:55:00.0461863Z [1269/1275] Compiling sql_nioPackageDiscoveredTests all-discovered-tests.swift
2026-02-27T22:55:00.1217011Z [1270/1276] /home/runner/work/sql-nio/sql-nio/.build/x86_64-unknown-linux-gnu/debug/sql-nioPackageTests.derived/runner.swift
2026-02-27T22:55:00.1218405Z [1271/1276] Write sources
2026-02-27T22:55:00.1804696Z [1272/1276] Wrapping AST for sql-nioPackageDiscoveredTests for debugging
2026-02-27T22:55:01.4723214Z [1274/1278] Compiling sql_nioPackageTests runner.swift
2026-02-27T22:55:01.4723989Z [1275/1278] Emitting module sql_nioPackageTests
2026-02-27T22:55:01.6601284Z [1276/1279] Wrapping AST for sql-nioPackageTests for debugging
2026-02-27T22:55:01.6610965Z [1277/1279] Write Objects.LinkFileList
2026-02-27T22:55:02.7142665Z [1278/1279] Linking sql-nioPackageTests.xctest
2026-02-27T22:55:02.7204493Z Build complete! (185.44s)
2026-02-27T22:55:12.9579823Z Test Suite 'Selected tests' started at 2026-02-27 22:55:02.789
2026-02-27T22:55:12.9584040Z Test Suite 'MySQLAdvancedQueryTests' started at 2026-02-27 22:55:02.790
2026-02-27T22:55:12.9585092Z Test Case 'MySQLAdvancedQueryTests.testBetweenClause' started at 2026-02-27 22:55:02.790
2026-02-27T22:55:12.9587256Z /home/runner/work/sql-nio/sql-nio/Tests/MySQLNioTests/MySQLIntegrationTests.swift:1143: error: MySQLAdvancedQueryTests.testBetweenClause : failed - Unexpected error: Server error 1146: Table 'MySQLNioTestDb.employees' doesn't exist
2026-02-27T22:55:12.9589097Z Test Case 'MySQLAdvancedQueryTests.testBetweenClause' failed (0.015 seconds)
2026-02-27T22:55:12.9589729Z Test Case 'MySQLAdvancedQueryTests.testCTEQuery' started at 2026-02-27 22:55:02.805
2026-02-27T22:55:12.9591323Z /home/runner/work/sql-nio/sql-nio/Tests/MySQLNioTests/MySQLIntegrationTests.swift:1075: error: MySQLAdvancedQueryTests.testCTEQuery : failed - Unexpected error: Server error 1146: Table 'MySQLNioTestDb.employees' doesn't exist
2026-02-27T22:55:12.9593026Z Test Case 'MySQLAdvancedQueryTests.testCTEQuery' failed (0.009 seconds)
2026-02-27T22:55:12.9594072Z Test Case 'MySQLAdvancedQueryTests.testCaseExpression' started at 2026-02-27 22:55:02.814
2026-02-27T22:55:12.9596091Z /home/runner/work/sql-nio/sql-nio/Tests/MySQLNioTests/MySQLIntegrationTests.swift:1090: error: MySQLAdvancedQueryTests.testCaseExpression : failed - Unexpected error: Server error 1146: Table 'MySQLNioTestDb.employees' doesn't exist
2026-02-27T22:55:12.9597286Z Test Case 'MySQLAdvancedQueryTests.testCaseExpression' failed (0.009 seconds)
2026-02-27T22:55:12.9598030Z Test Case 'MySQLAdvancedQueryTests.testInClause' started at 2026-02-27 22:55:02.822
2026-02-27T22:55:12.9599690Z /home/runner/work/sql-nio/sql-nio/Tests/MySQLNioTests/MySQLIntegrationTests.swift:1130: error: MySQLAdvancedQueryTests.testInClause : failed - Unexpected error: Server error 1146: Table 'MySQLNioTestDb.departments' doesn't exist
2026-02-27T22:55:12.9601653Z Test Case 'MySQLAdvancedQueryTests.testInClause' failed (0.009 seconds)
2026-02-27T22:55:12.9602212Z Test Case 'MySQLAdvancedQueryTests.testLikePattern' started at 2026-02-27 22:55:02.831
2026-02-27T22:55:12.9603384Z /home/runner/work/sql-nio/sql-nio/Tests/MySQLNioTests/MySQLIntegrationTests.swift:1118: error: MySQLAdvancedQueryTests.testLikePattern : failed - Unexpected error: Server error 1146: Table 'MySQLNioTestDb.employees' doesn't exist
2026-02-27T22:55:12.9604817Z Test Case 'MySQLAdvancedQueryTests.testLikePattern' failed (0.008 seconds)
2026-02-27T22:55:12.9605797Z Test Case 'MySQLAdvancedQueryTests.testStringConcatenation' started at 2026-02-27 22:55:02.839
2026-02-27T22:55:12.9606770Z Test Case 'MySQLAdvancedQueryTests.testStringConcatenation' passed (0.008 seconds)
2026-02-27T22:55:12.9607391Z Test Case 'MySQLAdvancedQueryTests.testSubquery' started at 2026-02-27 22:55:02.847
2026-02-27T22:55:12.9608874Z /home/runner/work/sql-nio/sql-nio/Tests/MySQLNioTests/MySQLIntegrationTests.swift:1060: error: MySQLAdvancedQueryTests.testSubquery : failed - Unexpected error: Server error 1146: Table 'MySQLNioTestDb.employees' doesn't exist
2026-02-27T22:55:12.9611142Z Test Case 'MySQLAdvancedQueryTests.testSubquery' failed (0.009 seconds)
2026-02-27T22:55:12.9611947Z Test Suite 'MySQLAdvancedQueryTests' failed at 2026-02-27 22:55:02.856
2026-02-27T22:55:12.9612769Z 	 Executed 7 tests, with 6 failures (0 unexpected) in 0.066 (0.066) seconds
2026-02-27T22:55:12.9613549Z Test Suite 'MySQLBackupTests' started at 2026-02-27 22:55:02.856
2026-02-27T22:55:12.9614740Z Test Case 'MySQLBackupTests.testDumpAndRestoreRoundTrip' started at 2026-02-27 22:55:02.856
2026-02-27T22:55:12.9615826Z Test Case 'MySQLBackupTests.testDumpAndRestoreRoundTrip' passed (0.038 seconds)
2026-02-27T22:55:12.9616796Z Test Case 'MySQLBackupTests.testDumpHandlesNulls' started at 2026-02-27 22:55:02.894
2026-02-27T22:55:12.9618434Z /home/runner/work/sql-nio/sql-nio/Tests/MySQLNioTests/MySQLIntegrationTests.swift:1490: error: MySQLBackupTests.testDumpHandlesNulls : failed - Unexpected error: incomplete
2026-02-27T22:55:12.9619994Z Test Case 'MySQLBackupTests.testDumpHandlesNulls' failed (10.013 seconds)
2026-02-27T22:55:12.9621011Z Test Case 'MySQLBackupTests.testDumpToFile' started at 2026-02-27 22:55:12.907
2026-02-27T22:55:12.9621836Z Test Case 'MySQLBackupTests.testDumpToFile' passed (0.023 seconds)
2026-02-27T22:55:12.9622641Z Test Case 'MySQLBackupTests.testLogicalDump' started at 2026-02-27 22:55:12.930
2026-02-27T22:55:12.9623492Z Test Case 'MySQLBackupTests.testLogicalDump' passed (0.019 seconds)
2026-02-27T22:55:12.9624272Z Test Suite 'MySQLBackupTests' failed at 2026-02-27 22:55:12.949
2026-02-27T22:55:12.9624761Z 	 Executed 4 tests, with 1 failure (0 unexpected) in 10.093 (10.093) seconds
2026-02-27T22:55:12.9625389Z Test Suite 'MySQLBasicQueryTests' started at 2026-02-27 22:55:12.949
2026-02-27T22:55:12.9625898Z Test Case 'MySQLBasicQueryTests.testSelectBoolFalse' started at 2026-02-27 22:55:12.949
2026-02-27T22:55:12.9626465Z Test Case 'MySQLBasicQueryTests.testSelectBoolFalse' passed (0.008 seconds)
2026-02-27T22:55:23.2263312Z Test Case 'MySQLBasicQueryTests.testSelectBoolTrue' started at 2026-02-27 22:55:12.958
2026-02-27T22:55:23.2264309Z Test Case 'MySQLBasicQueryTests.testSelectBoolTrue' passed (0.009 seconds)
2026-02-27T22:55:23.2265104Z Test Case 'MySQLBasicQueryTests.testSelectCurrentTimestamp' started at 2026-02-27 22:55:12.967
2026-02-27T22:55:23.2266431Z Test Case 'MySQLBasicQueryTests.testSelectCurrentTimestamp' passed (0.01 seconds)
2026-02-27T22:55:23.2267349Z Test Case 'MySQLBasicQueryTests.testSelectEmptyResult' started at 2026-02-27 22:55:12.977
2026-02-27T22:55:23.2268110Z Test Case 'MySQLBasicQueryTests.testSelectEmptyResult' passed (0.008 seconds)
2026-02-27T22:55:23.2268832Z Test Case 'MySQLBasicQueryTests.testSelectFloat' started at 2026-02-27 22:55:12.985
2026-02-27T22:55:23.2269518Z Test Case 'MySQLBasicQueryTests.testSelectFloat' passed (0.008 seconds)
2026-02-27T22:55:23.2270267Z Test Case 'MySQLBasicQueryTests.testSelectMultipleColumns' started at 2026-02-27 22:55:12.993
2026-02-27T22:55:23.2271352Z Test Case 'MySQLBasicQueryTests.testSelectMultipleColumns' passed (0.008 seconds)
2026-02-27T22:55:23.2272261Z Test Case 'MySQLBasicQueryTests.testSelectMultipleRows' started at 2026-02-27 22:55:13.001
2026-02-27T22:55:23.2274146Z /home/runner/work/sql-nio/sql-nio/Tests/MySQLNioTests/MySQLIntegrationTests.swift:214: error: MySQLBasicQueryTests.testSelectMultipleRows : failed - Unexpected error: Server error 1146: Table 'MySQLNioTestDb.departments' doesn't exist
2026-02-27T22:55:23.2276306Z Test Case 'MySQLBasicQueryTests.testSelectMultipleRows' failed (0.008 seconds)
2026-02-27T22:55:23.2277390Z Test Case 'MySQLBasicQueryTests.testSelectNull' started at 2026-02-27 22:55:13.009
2026-02-27T22:55:23.2278399Z Test Case 'MySQLBasicQueryTests.testSelectNull' passed (0.008 seconds)
2026-02-27T22:55:23.2279005Z Test Case 'MySQLBasicQueryTests.testSelectScalarInt' started at 2026-02-27 22:55:13.018
2026-02-27T22:55:23.2279987Z Test Case 'MySQLBasicQueryTests.testSelectScalarInt' passed (0.108 seconds)
2026-02-27T22:55:23.2281240Z Test Case 'MySQLBasicQueryTests.testSelectScalarString' started at 2026-02-27 22:55:13.126
2026-02-27T22:55:23.2282265Z Test Case 'MySQLBasicQueryTests.testSelectScalarString' passed (0.009 seconds)
2026-02-27T22:55:23.2283174Z Test Suite 'MySQLBasicQueryTests' failed at 2026-02-27 22:55:13.135
2026-02-27T22:55:23.2283949Z 	 Executed 10 tests, with 1 failure (0 unexpected) in 0.185 (0.185) seconds
2026-02-27T22:55:23.2284754Z Test Suite 'MySQLBulkInsertTests' started at 2026-02-27 22:55:13.135
2026-02-27T22:55:23.2285929Z Test Case 'MySQLBulkInsertTests.testBulkInsertDicts' started at 2026-02-27 22:55:13.135
2026-02-27T22:55:23.2288014Z /home/runner/work/sql-nio/sql-nio/Tests/MySQLNioTests/MySQLIntegrationTests.swift:1416: error: MySQLBulkInsertTests.testBulkInsertDicts : failed - Unexpected error: Server error 1146: Table 'MySQLNioTestDb.departments' doesn't exist
2026-02-27T22:55:23.2290098Z Test Case 'MySQLBulkInsertTests.testBulkInsertDicts' failed (0.009 seconds)
2026-02-27T22:55:23.2291169Z Test Case 'MySQLBulkInsertTests.testBulkInsertEmpty' started at 2026-02-27 22:55:13.144
2026-02-27T22:55:23.2291747Z Test Case 'MySQLBulkInsertTests.testBulkInsertEmpty' passed (0.008 seconds)
2026-02-27T22:55:23.2292309Z Test Case 'MySQLBulkInsertTests.testBulkInsertRows' started at 2026-02-27 22:55:13.152
2026-02-27T22:55:23.2293917Z /home/runner/work/sql-nio/sql-nio/Tests/MySQLNioTests/MySQLIntegrationTests.swift:1394: error: MySQLBulkInsertTests.testBulkInsertRows : failed - Unexpected error: Server error 1146: Table 'MySQLNioTestDb.departments' doesn't exist
2026-02-27T22:55:23.2295901Z Test Case 'MySQLBulkInsertTests.testBulkInsertRows' failed (0.012 seconds)
2026-02-27T22:55:23.2296682Z Test Suite 'MySQLBulkInsertTests' failed at 2026-02-27 22:55:13.164
2026-02-27T22:55:23.2297413Z 	 Executed 3 tests, with 2 failures (0 unexpected) in 0.029 (0.029) seconds
2026-02-27T22:55:23.2298172Z Test Suite 'MySQLConcurrencyTests' started at 2026-02-27 22:55:13.164
2026-02-27T22:55:23.2299197Z Test Case 'MySQLConcurrencyTests.testConcurrentConnections' started at 2026-02-27 22:55:13.164
2026-02-27T22:55:23.2300286Z Test Case 'MySQLConcurrencyTests.testConcurrentConnections' passed (0.02 seconds)
2026-02-27T22:55:23.2301657Z Test Case 'MySQLConcurrencyTests.testSequentialQueriesOnSameConnection' started at 2026-02-27 22:55:13.184
2026-02-27T22:55:23.2302982Z Test Case 'MySQLConcurrencyTests.testSequentialQueriesOnSameConnection' passed (0.015 seconds)
2026-02-27T22:55:23.2303997Z Test Suite 'MySQLConcurrencyTests' passed at 2026-02-27 22:55:13.199
2026-02-27T22:55:23.2304735Z 	 Executed 2 tests, with 0 failures (0 unexpected) in 0.035 (0.035) seconds
2026-02-27T22:55:23.2305472Z Test Suite 'MySQLConnectionTests' started at 2026-02-27 22:55:13.199
2026-02-27T22:55:23.2306305Z Test Case 'MySQLConnectionTests.testBasicConnect' started at 2026-02-27 22:55:13.199
2026-02-27T22:55:23.2307216Z Test Case 'MySQLConnectionTests.testBasicConnect' passed (0.008 seconds)
2026-02-27T22:55:23.2308280Z Test Case 'MySQLConnectionTests.testConnectWithWrongPasswordFails' started at 2026-02-27 22:55:13.207
2026-02-27T22:55:23.2309520Z Test Case 'MySQLConnectionTests.testConnectWithWrongPasswordFails' passed (0.007 seconds)
2026-02-27T22:55:23.2310391Z Test Case 'MySQLConnectionTests.testConnectionClosedThrows' started at 2026-02-27 22:55:13.214
2026-02-27T22:55:23.3006717Z /home/runner/work/sql-nio/sql-nio/Tests/MySQLNioTests/MySQLIntegrationTests.swift:114: error: MySQLConnectionTests.testConnectionClosedThrows : failed - Unexpected error: incomplete
2026-02-27T22:55:23.3009931Z Test Case 'MySQLConnectionTests.testConnectionClosedThrows' failed (10.012 seconds)
2026-02-27T22:55:23.3011256Z Test Case 'MySQLConnectionTests.testIsOpenProperty' started at 2026-02-27 22:55:23.226
2026-02-27T22:55:23.3012030Z Test Case 'MySQLConnectionTests.testIsOpenProperty' passed (0.009 seconds)
2026-02-27T22:55:23.3012538Z Test Suite 'MySQLConnectionTests' failed at 2026-02-27 22:55:23.235
2026-02-27T22:55:23.3012989Z 	 Executed 4 tests, with 1 failure (0 unexpected) in 10.036 (10.036) seconds
2026-02-27T22:55:23.3013439Z Test Suite 'MySQLDMLTests' started at 2026-02-27 22:55:23.235
2026-02-27T22:55:23.3014032Z Test Case 'MySQLDMLTests.testDelete' started at 2026-02-27 22:55:23.235
2026-02-27T22:55:23.3016098Z /home/runner/work/sql-nio/sql-nio/Tests/MySQLNioTests/MySQLIntegrationTests.swift:698: error: MySQLDMLTests.testDelete : failed - Unexpected error: Server error 1146: Table 'MySQLNioTestDb.departments' doesn't exist
2026-02-27T22:55:23.3018005Z Test Case 'MySQLDMLTests.testDelete' failed (0.008 seconds)
2026-02-27T22:55:23.3018513Z Test Case 'MySQLDMLTests.testInsertAndSelect' started at 2026-02-27 22:55:23.243
2026-02-27T22:55:23.3020271Z /home/runner/work/sql-nio/sql-nio/Tests/MySQLNioTests/MySQLIntegrationTests.swift:635: error: MySQLDMLTests.testInsertAndSelect : failed - Unexpected error: Server error 1146: Table 'MySQLNioTestDb.departments' doesn't exist
2026-02-27T22:55:23.3022067Z Test Case 'MySQLDMLTests.testInsertAndSelect' failed (0.008 seconds)
2026-02-27T22:55:23.3022778Z Test Case 'MySQLDMLTests.testInsertWithParameters' started at 2026-02-27 22:55:23.251
2026-02-27T22:55:23.3024685Z /home/runner/work/sql-nio/sql-nio/Tests/MySQLNioTests/MySQLIntegrationTests.swift:655: error: MySQLDMLTests.testInsertWithParameters : failed - Unexpected error: Server error 1146: Table 'MySQLNioTestDb.departments' doesn't exist
2026-02-27T22:55:23.3026778Z Test Case 'MySQLDMLTests.testInsertWithParameters' failed (0.009 seconds)
2026-02-27T22:55:23.3027700Z Test Case 'MySQLDMLTests.testLastInsertID' started at 2026-02-27 22:55:23.260
2026-02-27T22:55:23.3029720Z /home/runner/work/sql-nio/sql-nio/Tests/MySQLNioTests/MySQLIntegrationTests.swift:732: error: MySQLDMLTests.testLastInsertID : failed - Unexpected error: Server error 1146: Table 'MySQLNioTestDb.departments' doesn't exist
2026-02-27T22:55:23.3031910Z Test Case 'MySQLDMLTests.testLastInsertID' failed (0.008 seconds)
2026-02-27T22:55:23.3032852Z Test Case 'MySQLDMLTests.testMultipleRowsAffected' started at 2026-02-27 22:55:23.268
2026-02-27T22:55:23.3035071Z /home/runner/work/sql-nio/sql-nio/Tests/MySQLNioTests/MySQLIntegrationTests.swift:716: error: MySQLDMLTests.testMultipleRowsAffected : failed - Unexpected error: Server error 1146: Table 'MySQLNioTestDb.departments' doesn't exist
2026-02-27T22:55:23.3036283Z Test Case 'MySQLDMLTests.testMultipleRowsAffected' failed (0.008 seconds)
2026-02-27T22:55:23.3036814Z Test Case 'MySQLDMLTests.testUpdate' started at 2026-02-27 22:55:23.276
2026-02-27T22:55:23.3037861Z /home/runner/work/sql-nio/sql-nio/Tests/MySQLNioTests/MySQLIntegrationTests.swift:675: error: MySQLDMLTests.testUpdate : failed - Unexpected error: Server error 1146: Table 'MySQLNioTestDb.departments' doesn't exist
2026-02-27T22:55:23.3038876Z Test Case 'MySQLDMLTests.testUpdate' failed (0.008 seconds)
2026-02-27T22:55:23.3039253Z Test Suite 'MySQLDMLTests' failed at 2026-02-27 22:55:23.284
2026-02-27T22:55:23.3039664Z 	 Executed 6 tests, with 6 failures (0 unexpected) in 0.049 (0.049) seconds
2026-02-27T22:55:23.3040116Z Test Suite 'MySQLDataTableTests' started at 2026-02-27 22:55:23.284
2026-02-27T22:55:23.3040597Z Test Case 'MySQLDataTableTests.testAsDataSet' started at 2026-02-27 22:55:23.284
2026-02-27T22:55:23.3042078Z /home/runner/work/sql-nio/sql-nio/Tests/MySQLNioTests/MySQLIntegrationTests.swift:1465: error: MySQLDataTableTests.testAsDataSet : failed - Unexpected error: Server error 1146: Table 'MySQLNioTestDb.departments' doesn't exist
2026-02-27T22:55:23.3043372Z Test Case 'MySQLDataTableTests.testAsDataSet' failed (0.008 seconds)
2026-02-27T22:55:23.3043888Z Test Case 'MySQLDataTableTests.testAsDataTable' started at 2026-02-27 22:55:23.292
2026-02-27T22:55:23.3045839Z /home/runner/work/sql-nio/sql-nio/Tests/MySQLNioTests/MySQLIntegrationTests.swift:1452: error: MySQLDataTableTests.testAsDataTable : failed - Unexpected error: Server error 1146: Table 'MySQLNioTestDb.departments' doesn't exist
2026-02-27T22:55:23.3047885Z Test Case 'MySQLDataTableTests.testAsDataTable' failed (0.008 seconds)
2026-02-27T22:55:23.3048742Z Test Suite 'MySQLDataTableTests' failed at 2026-02-27 22:55:23.300
2026-02-27T22:55:23.3049513Z 	 Executed 2 tests, with 2 failures (0 unexpected) in 0.016 (0.016) seconds
2026-02-27T22:55:23.3050319Z Test Suite 'MySQLDataTypeTests' started at 2026-02-27 22:55:23.300
2026-02-27T22:55:23.3897320Z Test Case 'MySQLDataTypeTests.testBigintType' started at 2026-02-27 22:55:23.300
2026-02-27T22:55:23.3900076Z /home/runner/work/sql-nio/sql-nio/Tests/MySQLNioTests/MySQLIntegrationTests.swift:379: error: MySQLDataTypeTests.testBigintType : failed - Unexpected error: Server error 1146: Table 'MySQLNioTestDb.type_samples' doesn't exist
2026-02-27T22:55:23.3901895Z Test Case 'MySQLDataTypeTests.testBigintType' failed (0.009 seconds)
2026-02-27T22:55:23.3902406Z Test Case 'MySQLDataTypeTests.testBoolType' started at 2026-02-27 22:55:23.309
2026-02-27T22:55:23.3903520Z /home/runner/work/sql-nio/sql-nio/Tests/MySQLNioTests/MySQLIntegrationTests.swift:336: error: MySQLDataTypeTests.testBoolType : failed - Unexpected error: Server error 1146: Table 'MySQLNioTestDb.type_samples' doesn't exist
2026-02-27T22:55:23.3904573Z Test Case 'MySQLDataTypeTests.testBoolType' failed (0.009 seconds)
2026-02-27T22:55:23.3905045Z Test Case 'MySQLDataTypeTests.testDateType' started at 2026-02-27 22:55:23.318
2026-02-27T22:55:23.3906285Z /home/runner/work/sql-nio/sql-nio/Tests/MySQLNioTests/MySQLIntegrationTests.swift:445: error: MySQLDataTypeTests.testDateType : failed - Unexpected error: Server error 1146: Table 'MySQLNioTestDb.type_samples' doesn't exist
2026-02-27T22:55:23.3907960Z Test Case 'MySQLDataTypeTests.testDateType' failed (0.008 seconds)
2026-02-27T22:55:23.3908890Z Test Case 'MySQLDataTypeTests.testDatetimeType' started at 2026-02-27 22:55:23.326
2026-02-27T22:55:23.3910537Z /home/runner/work/sql-nio/sql-nio/Tests/MySQLNioTests/MySQLIntegrationTests.swift:461: error: MySQLDataTypeTests.testDatetimeType : failed - Unexpected error: Server error 1146: Table 'MySQLNioTestDb.type_samples' doesn't exist
2026-02-27T22:55:23.3914362Z Test Case 'MySQLDataTypeTests.testDatetimeType' failed (0.008 seconds)
2026-02-27T22:55:23.3915245Z Test Case 'MySQLDataTypeTests.testDecimalType' started at 2026-02-27 22:55:23.334
2026-02-27T22:55:23.3917246Z /home/runner/work/sql-nio/sql-nio/Tests/MySQLNioTests/MySQLIntegrationTests.swift:413: error: MySQLDataTypeTests.testDecimalType : failed - Unexpected error: Server error 1146: Table 'MySQLNioTestDb.type_samples' doesn't exist
2026-02-27T22:55:23.3919169Z Test Case 'MySQLDataTypeTests.testDecimalType' failed (0.008 seconds)
2026-02-27T22:55:23.3920091Z Test Case 'MySQLDataTypeTests.testDoubleType' started at 2026-02-27 22:55:23.341
2026-02-27T22:55:23.3922394Z /home/runner/work/sql-nio/sql-nio/Tests/MySQLNioTests/MySQLIntegrationTests.swift:402: error: MySQLDataTypeTests.testDoubleType : failed - Unexpected error: Server error 1146: Table 'MySQLNioTestDb.type_samples' doesn't exist
2026-02-27T22:55:23.3923634Z Test Case 'MySQLDataTypeTests.testDoubleType' failed (0.008 seconds)
2026-02-27T22:55:23.3924154Z Test Case 'MySQLDataTypeTests.testFloatType' started at 2026-02-27 22:55:23.349
2026-02-27T22:55:23.3925447Z /home/runner/work/sql-nio/sql-nio/Tests/MySQLNioTests/MySQLIntegrationTests.swift:389: error: MySQLDataTypeTests.testFloatType : failed - Unexpected error: Server error 1146: Table 'MySQLNioTestDb.type_samples' doesn't exist
2026-02-27T22:55:23.3927013Z Test Case 'MySQLDataTypeTests.testFloatType' failed (0.008 seconds)
2026-02-27T22:55:23.3927507Z Test Case 'MySQLDataTypeTests.testIntType' started at 2026-02-27 22:55:23.357
2026-02-27T22:55:23.3928587Z /home/runner/work/sql-nio/sql-nio/Tests/MySQLNioTests/MySQLIntegrationTests.swift:369: error: MySQLDataTypeTests.testIntType : failed - Unexpected error: Server error 1146: Table 'MySQLNioTestDb.type_samples' doesn't exist
2026-02-27T22:55:23.3929626Z Test Case 'MySQLDataTypeTests.testIntType' failed (0.008 seconds)
2026-02-27T22:55:23.3930128Z Test Case 'MySQLDataTypeTests.testNullableColumn' started at 2026-02-27 22:55:23.366
2026-02-27T22:55:23.3931470Z /home/runner/work/sql-nio/sql-nio/Tests/MySQLNioTests/MySQLIntegrationTests.swift:473: error: MySQLDataTypeTests.testNullableColumn : failed - Unexpected error: Server error 1146: Table 'MySQLNioTestDb.type_samples' doesn't exist
2026-02-27T22:55:23.3932568Z Test Case 'MySQLDataTypeTests.testNullableColumn' failed (0.008 seconds)
2026-02-27T22:55:23.3933086Z Test Case 'MySQLDataTypeTests.testSmallintType' started at 2026-02-27 22:55:23.374
2026-02-27T22:55:23.3934359Z /home/runner/work/sql-nio/sql-nio/Tests/MySQLNioTests/MySQLIntegrationTests.swift:358: error: MySQLDataTypeTests.testSmallintType : failed - Unexpected error: Server error 1146: Table 'MySQLNioTestDb.type_samples' doesn't exist
2026-02-27T22:55:23.3935447Z Test Case 'MySQLDataTypeTests.testSmallintType' failed (0.008 seconds)
2026-02-27T22:55:23.3936075Z Test Case 'MySQLDataTypeTests.testTextType' started at 2026-02-27 22:55:23.382
2026-02-27T22:55:23.3937391Z /home/runner/work/sql-nio/sql-nio/Tests/MySQLNioTests/MySQLIntegrationTests.swift:435: error: MySQLDataTypeTests.testTextType : failed - Unexpected error: Server error 1146: Table 'MySQLNioTestDb.type_samples' doesn't exist
2026-02-27T22:55:23.3938435Z Test Case 'MySQLDataTypeTests.testTextType' failed (0.008 seconds)
2026-02-27T22:55:23.4639643Z Test Case 'MySQLDataTypeTests.testTinyintType' started at 2026-02-27 22:55:23.390
2026-02-27T22:55:23.4642140Z /home/runner/work/sql-nio/sql-nio/Tests/MySQLNioTests/MySQLIntegrationTests.swift:347: error: MySQLDataTypeTests.testTinyintType : failed - Unexpected error: Server error 1146: Table 'MySQLNioTestDb.type_samples' doesn't exist
2026-02-27T22:55:23.4643579Z Test Case 'MySQLDataTypeTests.testTinyintType' failed (0.008 seconds)
2026-02-27T22:55:23.4644109Z Test Case 'MySQLDataTypeTests.testVarcharType' started at 2026-02-27 22:55:23.398
2026-02-27T22:55:23.4645248Z /home/runner/work/sql-nio/sql-nio/Tests/MySQLNioTests/MySQLIntegrationTests.swift:425: error: MySQLDataTypeTests.testVarcharType : failed - Unexpected error: Server error 1146: Table 'MySQLNioTestDb.type_samples' doesn't exist
2026-02-27T22:55:23.4646328Z Test Case 'MySQLDataTypeTests.testVarcharType' failed (0.008 seconds)
2026-02-27T22:55:23.4646770Z Test Suite 'MySQLDataTypeTests' failed at 2026-02-27 22:55:23.406
2026-02-27T22:55:23.4647371Z 	 Executed 13 tests, with 13 failures (0 unexpected) in 0.106 (0.106) seconds
2026-02-27T22:55:23.4648204Z Test Suite 'MySQLDecodableTests' started at 2026-02-27 22:55:23.406
2026-02-27T22:55:23.4649196Z Test Case 'MySQLDecodableTests.testDecodeMultipleRows' started at 2026-02-27 22:55:23.406
2026-02-27T22:55:23.4651326Z /home/runner/work/sql-nio/sql-nio/Tests/MySQLNioTests/MySQLIntegrationTests.swift:1001: error: MySQLDecodableTests.testDecodeMultipleRows : failed - Unexpected error: Server error 1146: Table 'MySQLNioTestDb.departments' doesn't exist
2026-02-27T22:55:23.4652851Z Test Case 'MySQLDecodableTests.testDecodeMultipleRows' failed (0.008 seconds)
2026-02-27T22:55:23.4653418Z Test Case 'MySQLDecodableTests.testDecodeStruct' started at 2026-02-27 22:55:23.414
2026-02-27T22:55:23.4654578Z /home/runner/work/sql-nio/sql-nio/Tests/MySQLNioTests/MySQLIntegrationTests.swift:988: error: MySQLDecodableTests.testDecodeStruct : failed - Unexpected error: Server error 1146: Table 'MySQLNioTestDb.departments' doesn't exist
2026-02-27T22:55:23.4656221Z Test Case 'MySQLDecodableTests.testDecodeStruct' failed (0.008 seconds)
2026-02-27T22:55:23.4657039Z Test Suite 'MySQLDecodableTests' failed at 2026-02-27 22:55:23.422
2026-02-27T22:55:23.4657485Z 	 Executed 2 tests, with 2 failures (0 unexpected) in 0.016 (0.016) seconds
2026-02-27T22:55:23.4657926Z Test Suite 'MySQLDecoderTests' started at 2026-02-27 22:55:23.422
2026-02-27T22:55:23.4658413Z Test Case 'MySQLDecoderTests.testMySQLDecode' started at 2026-02-27 22:55:23.422
2026-02-27T22:55:23.4658930Z Test Case 'MySQLDecoderTests.testMySQLDecode' passed (0.0 seconds)
2026-02-27T22:55:23.4659455Z Test Case 'MySQLDecoderTests.testNativePasswordHash' started at 2026-02-27 22:55:23.423
2026-02-27T22:55:23.4660023Z Test Case 'MySQLDecoderTests.testNativePasswordHash' passed (0.0 seconds)
2026-02-27T22:55:23.4660475Z Test Suite 'MySQLDecoderTests' passed at 2026-02-27 22:55:23.423
2026-02-27T22:55:23.4661207Z 	 Executed 2 tests, with 0 failures (0 unexpected) in 0.001 (0.001) seconds
2026-02-27T22:55:23.4662016Z Test Suite 'MySQLErrorTests' started at 2026-02-27 22:55:23.423
2026-02-27T22:55:23.4663413Z Test Case 'MySQLErrorTests.testConnectionRecoveryAfterError' started at 2026-02-27 22:55:23.423
2026-02-27T22:55:23.4664779Z Test Case 'MySQLErrorTests.testConnectionRecoveryAfterError' passed (0.009 seconds)
2026-02-27T22:55:23.4674796Z Test Case 'MySQLErrorTests.testForeignKeyViolation' started at 2026-02-27 22:55:23.432
2026-02-27T22:55:23.4675471Z Test Case 'MySQLErrorTests.testForeignKeyViolation' passed (0.008 seconds)
2026-02-27T22:55:23.4676037Z Test Case 'MySQLErrorTests.testInvalidSQLThrows' started at 2026-02-27 22:55:23.439
2026-02-27T22:55:23.4676589Z Test Case 'MySQLErrorTests.testInvalidSQLThrows' passed (0.008 seconds)
2026-02-27T22:55:23.4677392Z Test Case 'MySQLErrorTests.testTableNotFoundThrows' started at 2026-02-27 22:55:23.447
2026-02-27T22:55:23.4678422Z Test Case 'MySQLErrorTests.testTableNotFoundThrows' passed (0.008 seconds)
2026-02-27T22:55:23.4679477Z Test Case 'MySQLErrorTests.testUniqueConstraintViolation' started at 2026-02-27 22:55:23.455
2026-02-27T22:55:23.4680640Z Test Case 'MySQLErrorTests.testUniqueConstraintViolation' passed (0.008 seconds)
2026-02-27T22:55:23.4681794Z Test Suite 'MySQLErrorTests' passed at 2026-02-27 22:55:23.463
2026-02-27T22:55:23.4682547Z 	 Executed 5 tests, with 0 failures (0 unexpected) in 0.04 (0.04) seconds
2026-02-27T22:55:23.4683330Z Test Suite 'MySQLFramingTests' started at 2026-02-27 22:55:23.463
2026-02-27T22:55:23.4684468Z Test Case 'MySQLFramingTests.testLengthEncodedInt' started at 2026-02-27 22:55:23.463
2026-02-27T22:55:23.4685504Z Test Case 'MySQLFramingTests.testLengthEncodedInt' passed (0.0 seconds)
2026-02-27T22:55:23.4686542Z Test Case 'MySQLFramingTests.testPacketBuildAndRead' started at 2026-02-27 22:55:23.463
2026-02-27T22:55:23.4687627Z Test Case 'MySQLFramingTests.testPacketBuildAndRead' passed (0.0 seconds)
2026-02-27T22:55:23.4688506Z Test Suite 'MySQLFramingTests' passed at 2026-02-27 22:55:23.464
2026-02-27T22:55:23.4689296Z 	 Executed 2 tests, with 0 failures (0 unexpected) in 0.0 (0.0) seconds
2026-02-27T22:55:23.4690111Z Test Suite 'MySQLParameterizedTests' started at 2026-02-27 22:55:23.464
2026-02-27T22:55:33.6036541Z Test Case 'MySQLParameterizedTests.testAtP1StyleParameter' started at 2026-02-27 22:55:23.464
2026-02-27T22:55:33.6037895Z Test Case 'MySQLParameterizedTests.testAtP1StyleParameter' passed (0.009 seconds)
2026-02-27T22:55:33.6039061Z Test Case 'MySQLParameterizedTests.testFloatParameter' started at 2026-02-27 22:55:23.473
2026-02-27T22:55:33.6040168Z Test Case 'MySQLParameterizedTests.testFloatParameter' passed (0.009 seconds)
2026-02-27T22:55:33.6041443Z Test Case 'MySQLParameterizedTests.testIntParameter' started at 2026-02-27 22:55:23.481
2026-02-27T22:55:33.6042533Z Test Case 'MySQLParameterizedTests.testIntParameter' passed (0.008 seconds)
2026-02-27T22:55:33.6043586Z Test Case 'MySQLParameterizedTests.testNullParameter' started at 2026-02-27 22:55:23.489
2026-02-27T22:55:33.6044639Z Test Case 'MySQLParameterizedTests.testNullParameter' passed (0.008 seconds)
2026-02-27T22:55:33.6046202Z Test Case 'MySQLParameterizedTests.testSpecialCharInString' started at 2026-02-27 22:55:23.498
2026-02-27T22:55:33.6047193Z Test Case 'MySQLParameterizedTests.testSpecialCharInString' passed (0.008 seconds)
2026-02-27T22:55:33.6047842Z Test Case 'MySQLParameterizedTests.testStringParameter' started at 2026-02-27 22:55:23.506
2026-02-27T22:55:33.6048467Z Test Case 'MySQLParameterizedTests.testStringParameter' passed (0.008 seconds)
2026-02-27T22:55:33.6049162Z Test Suite 'MySQLParameterizedTests' passed at 2026-02-27 22:55:23.514
2026-02-27T22:55:33.6049983Z 	 Executed 6 tests, with 0 failures (0 unexpected) in 0.05 (0.05) seconds
2026-02-27T22:55:33.6050965Z Test Suite 'MySQLPoolTests' started at 2026-02-27 22:55:23.514
2026-02-27T22:55:33.6051795Z Test Case 'MySQLPoolTests.testAcquireRelease' started at 2026-02-27 22:55:23.514
2026-02-27T22:55:33.6052659Z Test Case 'MySQLPoolTests.testAcquireRelease' passed (0.008 seconds)
2026-02-27T22:55:33.6053455Z Test Case 'MySQLPoolTests.testConcurrentPoolConnections' started at 2026-02-27 22:55:23.522
2026-02-27T22:55:33.6055005Z /home/runner/work/sql-nio/sql-nio/Tests/MySQLNioTests/MySQLIntegrationTests.swift:1331: error: MySQLPoolTests.testConcurrentPoolConnections : failed - Unexpected error: incomplete
2026-02-27T22:55:33.6056470Z Test Case 'MySQLPoolTests.testConcurrentPoolConnections' failed (10.012 seconds)
2026-02-27T22:55:33.6057505Z Test Case 'MySQLPoolTests.testPoolClosed' started at 2026-02-27 22:55:33.534
2026-02-27T22:55:33.6058144Z Test Case 'MySQLPoolTests.testPoolClosed' passed (0.001 seconds)
2026-02-27T22:55:33.6058650Z Test Case 'MySQLPoolTests.testPoolReusesConnections' started at 2026-02-27 22:55:33.535
2026-02-27T22:55:33.6059208Z Test Case 'MySQLPoolTests.testPoolReusesConnections' passed (0.011 seconds)
2026-02-27T22:55:33.6059723Z Test Case 'MySQLPoolTests.testWithConnection' started at 2026-02-27 22:55:33.546
2026-02-27T22:55:33.6060209Z Test Case 'MySQLPoolTests.testWithConnection' passed (0.009 seconds)
2026-02-27T22:55:33.6060634Z Test Suite 'MySQLPoolTests' failed at 2026-02-27 22:55:33.555
2026-02-27T22:55:33.6061337Z 	 Executed 5 tests, with 1 failure (0 unexpected) in 10.041 (10.041) seconds
2026-02-27T22:55:33.6061787Z Test Suite 'MySQLProcedureTests' started at 2026-02-27 22:55:33.555
2026-02-27T22:55:33.6062313Z Test Case 'MySQLProcedureTests.testBuiltinMathFunctions' started at 2026-02-27 22:55:33.555
2026-02-27T22:55:33.6063341Z Test Case 'MySQLProcedureTests.testBuiltinMathFunctions' passed (0.008 seconds)
2026-02-27T22:55:33.6064461Z Test Case 'MySQLProcedureTests.testBuiltinStringFunctions' started at 2026-02-27 22:55:33.564
2026-02-27T22:55:33.6065281Z Test Case 'MySQLProcedureTests.testBuiltinStringFunctions' passed (0.008 seconds)
2026-02-27T22:55:33.6065884Z Test Case 'MySQLProcedureTests.testCallDepartmentBudget' started at 2026-02-27 22:55:33.572
2026-02-27T22:55:33.6067439Z /home/runner/work/sql-nio/sql-nio/Tests/MySQLNioTests/MySQLIntegrationTests.swift:905: error: MySQLProcedureTests.testCallDepartmentBudget : failed - Unexpected error: Server error 1305: PROCEDURE MySQLNioTestDb.get_department_budget does not exist
2026-02-27T22:55:33.6069697Z Test Case 'MySQLProcedureTests.testCallDepartmentBudget' failed (0.014 seconds)
2026-02-27T22:55:33.6070961Z Test Case 'MySQLProcedureTests.testCallEmployeeCount' started at 2026-02-27 22:55:33.586
2026-02-27T22:55:33.6073137Z /home/runner/work/sql-nio/sql-nio/Tests/MySQLNioTests/MySQLIntegrationTests.swift:919: error: MySQLProcedureTests.testCallEmployeeCount : failed - Unexpected error: Server error 1305: PROCEDURE MySQLNioTestDb.get_employee_count does not exist
2026-02-27T22:55:33.6075167Z Test Case 'MySQLProcedureTests.testCallEmployeeCount' failed (0.009 seconds)
2026-02-27T22:55:33.6076213Z Test Case 'MySQLProcedureTests.testCallProcedureWithOutParam' started at 2026-02-27 22:55:33.595
2026-02-27T22:55:33.6078411Z /home/runner/work/sql-nio/sql-nio/Tests/MySQLNioTests/MySQLIntegrationTests.swift:892: error: MySQLProcedureTests.testCallProcedureWithOutParam : failed - Unexpected error: Server error 1305: PROCEDURE MySQLNioTestDb.add_numbers does not exist
2026-02-27T22:55:33.6081072Z Test Case 'MySQLProcedureTests.testCallProcedureWithOutParam' failed (0.008 seconds)
2026-02-27T22:55:33.6081936Z Test Suite 'MySQLProcedureTests' failed at 2026-02-27 22:55:33.603
2026-02-27T22:55:33.6082386Z 	 Executed 5 tests, with 3 failures (0 unexpected) in 0.048 (0.048) seconds
2026-02-27T22:55:33.6931564Z Test Suite 'MySQLQueryMultiTests' started at 2026-02-27 22:55:33.603
2026-02-27T22:55:33.6932709Z Test Case 'MySQLQueryMultiTests.testQueryMultiFromTables' started at 2026-02-27 22:55:33.603
2026-02-27T22:55:33.6935772Z /home/runner/work/sql-nio/sql-nio/Tests/MySQLNioTests/MySQLIntegrationTests.swift:1249: error: MySQLQueryMultiTests.testQueryMultiFromTables : failed - Unexpected error: Server error 1146: Table 'MySQLNioTestDb.departments' doesn't exist
2026-02-27T22:55:33.6937960Z Test Case 'MySQLQueryMultiTests.testQueryMultiFromTables' failed (0.009 seconds)
2026-02-27T22:55:33.6939169Z Test Case 'MySQLQueryMultiTests.testQueryMultiMixedStatements' started at 2026-02-27 22:55:33.612
2026-02-27T22:55:33.6941795Z /home/runner/work/sql-nio/sql-nio/Tests/MySQLNioTests/MySQLIntegrationTests.swift:1263: error: MySQLQueryMultiTests.testQueryMultiMixedStatements : failed - Unexpected error: Server error 1146: Table 'MySQLNioTestDb.departments' doesn't exist
2026-02-27T22:55:33.6943078Z Test Case 'MySQLQueryMultiTests.testQueryMultiMixedStatements' failed (0.008 seconds)
2026-02-27T22:55:33.6944168Z Test Case 'MySQLQueryMultiTests.testQueryMultiSingle' started at 2026-02-27 22:55:33.620
2026-02-27T22:55:33.6945087Z Test Case 'MySQLQueryMultiTests.testQueryMultiSingle' passed (0.008 seconds)
2026-02-27T22:55:33.6946256Z Test Case 'MySQLQueryMultiTests.testQueryMultiTwoResultSets' started at 2026-02-27 22:55:33.628
2026-02-27T22:55:33.6947068Z Test Case 'MySQLQueryMultiTests.testQueryMultiTwoResultSets' passed (0.009 seconds)
2026-02-27T22:55:33.6947704Z Test Suite 'MySQLQueryMultiTests' failed at 2026-02-27 22:55:33.637
2026-02-27T22:55:33.6948286Z 	 Executed 4 tests, with 2 failures (0 unexpected) in 0.034 (0.034) seconds
2026-02-27T22:55:33.6948730Z Test Suite 'MySQLTableQueryTests' started at 2026-02-27 22:55:33.637
2026-02-27T22:55:33.6949248Z Test Case 'MySQLTableQueryTests.testComplexJoinQuery' started at 2026-02-27 22:55:33.637
2026-02-27T22:55:33.6950426Z /home/runner/work/sql-nio/sql-nio/Tests/MySQLNioTests/MySQLIntegrationTests.swift:608: error: MySQLTableQueryTests.testComplexJoinQuery : failed - Unexpected error: Server error 1146: Table 'MySQLNioTestDb.orders' doesn't exist
2026-02-27T22:55:33.6952324Z Test Case 'MySQLTableQueryTests.testComplexJoinQuery' failed (0.008 seconds)
2026-02-27T22:55:33.6952931Z Test Case 'MySQLTableQueryTests.testSelectActiveProducts' started at 2026-02-27 22:55:33.645
2026-02-27T22:55:33.6954154Z /home/runner/work/sql-nio/sql-nio/Tests/MySQLNioTests/MySQLIntegrationTests.swift:595: error: MySQLTableQueryTests.testSelectActiveProducts : failed - Unexpected error: Server error 1146: Table 'MySQLNioTestDb.products' doesn't exist
2026-02-27T22:55:33.6955339Z Test Case 'MySQLTableQueryTests.testSelectActiveProducts' failed (0.008 seconds)
2026-02-27T22:55:33.6955948Z Test Case 'MySQLTableQueryTests.testSelectAllDepartments' started at 2026-02-27 22:55:33.653
2026-02-27T22:55:33.6957350Z /home/runner/work/sql-nio/sql-nio/Tests/MySQLNioTests/MySQLIntegrationTests.swift:495: error: MySQLTableQueryTests.testSelectAllDepartments : failed - Unexpected error: Server error 1146: Table 'MySQLNioTestDb.departments' doesn't exist
2026-02-27T22:55:33.6959637Z Test Case 'MySQLTableQueryTests.testSelectAllDepartments' failed (0.008 seconds)
2026-02-27T22:55:33.6960959Z Test Case 'MySQLTableQueryTests.testSelectWithAggregate' started at 2026-02-27 22:55:33.661
2026-02-27T22:55:33.6962982Z /home/runner/work/sql-nio/sql-nio/Tests/MySQLNioTests/MySQLIntegrationTests.swift:536: error: MySQLTableQueryTests.testSelectWithAggregate : failed - Unexpected error: Server error 1146: Table 'MySQLNioTestDb.employees' doesn't exist
2026-02-27T22:55:33.6964400Z Test Case 'MySQLTableQueryTests.testSelectWithAggregate' failed (0.008 seconds)
2026-02-27T22:55:33.6964995Z Test Case 'MySQLTableQueryTests.testSelectWithGroupBy' started at 2026-02-27 22:55:33.669
2026-02-27T22:55:33.6966211Z /home/runner/work/sql-nio/sql-nio/Tests/MySQLNioTests/MySQLIntegrationTests.swift:547: error: MySQLTableQueryTests.testSelectWithGroupBy : failed - Unexpected error: Server error 1146: Table 'MySQLNioTestDb.employees' doesn't exist
2026-02-27T22:55:33.6967374Z Test Case 'MySQLTableQueryTests.testSelectWithGroupBy' failed (0.008 seconds)
2026-02-27T22:55:33.6967946Z Test Case 'MySQLTableQueryTests.testSelectWithJoin' started at 2026-02-27 22:55:33.677
2026-02-27T22:55:33.6969105Z /home/runner/work/sql-nio/sql-nio/Tests/MySQLNioTests/MySQLIntegrationTests.swift:518: error: MySQLTableQueryTests.testSelectWithJoin : failed - Unexpected error: Server error 1146: Table 'MySQLNioTestDb.employees' doesn't exist
2026-02-27T22:55:33.6970213Z Test Case 'MySQLTableQueryTests.testSelectWithJoin' failed (0.008 seconds)
2026-02-27T22:55:33.6971181Z Test Case 'MySQLTableQueryTests.testSelectWithLimit' started at 2026-02-27 22:55:33.685
2026-02-27T22:55:33.7698018Z /home/runner/work/sql-nio/sql-nio/Tests/MySQLNioTests/MySQLIntegrationTests.swift:574: error: MySQLTableQueryTests.testSelectWithLimit : failed - Unexpected error: Server error 1146: Table 'MySQLNioTestDb.products' doesn't exist
2026-02-27T22:55:33.7699718Z Test Case 'MySQLTableQueryTests.testSelectWithLimit' failed (0.008 seconds)
2026-02-27T22:55:33.7700341Z Test Case 'MySQLTableQueryTests.testSelectWithOrderByDesc' started at 2026-02-27 22:55:33.693
2026-02-27T22:55:33.7703319Z /home/runner/work/sql-nio/sql-nio/Tests/MySQLNioTests/MySQLIntegrationTests.swift:563: error: MySQLTableQueryTests.testSelectWithOrderByDesc : failed - Unexpected error: Server error 1146: Table 'MySQLNioTestDb.employees' doesn't exist
2026-02-27T22:55:33.7705571Z Test Case 'MySQLTableQueryTests.testSelectWithOrderByDesc' failed (0.008 seconds)
2026-02-27T22:55:33.7707064Z Test Case 'MySQLTableQueryTests.testSelectWithParameterFilter' started at 2026-02-27 22:55:33.701
2026-02-27T22:55:33.7709466Z /home/runner/work/sql-nio/sql-nio/Tests/MySQLNioTests/MySQLIntegrationTests.swift:584: error: MySQLTableQueryTests.testSelectWithParameterFilter : failed - Unexpected error: Server error 1146: Table 'MySQLNioTestDb.employees' doesn't exist
2026-02-27T22:55:33.7711536Z Test Case 'MySQLTableQueryTests.testSelectWithParameterFilter' failed (0.008 seconds)
2026-02-27T22:55:33.7712710Z Test Case 'MySQLTableQueryTests.testSelectWithWhere' started at 2026-02-27 22:55:33.709
2026-02-27T22:55:33.7714223Z /home/runner/work/sql-nio/sql-nio/Tests/MySQLNioTests/MySQLIntegrationTests.swift:507: error: MySQLTableQueryTests.testSelectWithWhere : failed - Unexpected error: Server error 1146: Table 'MySQLNioTestDb.employees' doesn't exist
2026-02-27T22:55:33.7716324Z Test Case 'MySQLTableQueryTests.testSelectWithWhere' failed (0.008 seconds)
2026-02-27T22:55:33.7717209Z Test Suite 'MySQLTableQueryTests' failed at 2026-02-27 22:55:33.717
2026-02-27T22:55:33.7717982Z 	 Executed 10 tests, with 10 failures (0 unexpected) in 0.08 (0.08) seconds
2026-02-27T22:55:33.7718795Z Test Suite 'MySQLTransactionAPITests' started at 2026-02-27 22:55:33.717
2026-02-27T22:55:33.7719762Z Test Case 'MySQLTransactionAPITests.testBeginCommit' started at 2026-02-27 22:55:33.717
2026-02-27T22:55:33.7722315Z /home/runner/work/sql-nio/sql-nio/Tests/MySQLNioTests/MySQLIntegrationTests.swift:1163: error: MySQLTransactionAPITests.testBeginCommit : failed - Unexpected error: Server error 1146: Table 'MySQLNioTestDb.departments' doesn't exist
2026-02-27T22:55:33.7723684Z Test Case 'MySQLTransactionAPITests.testBeginCommit' failed (0.008 seconds)
2026-02-27T22:55:33.7724275Z Test Case 'MySQLTransactionAPITests.testBeginRollback' started at 2026-02-27 22:55:33.726
2026-02-27T22:55:33.7726293Z /home/runner/work/sql-nio/sql-nio/Tests/MySQLNioTests/MySQLIntegrationTests.swift:1180: error: MySQLTransactionAPITests.testBeginRollback : failed - Unexpected error: Server error 1146: Table 'MySQLNioTestDb.departments' doesn't exist
2026-02-27T22:55:33.7728926Z Test Case 'MySQLTransactionAPITests.testBeginRollback' failed (0.009 seconds)
2026-02-27T22:55:33.7730015Z Test Case 'MySQLTransactionAPITests.testWithTransactionCommit' started at 2026-02-27 22:55:33.734
2026-02-27T22:55:33.7732476Z /home/runner/work/sql-nio/sql-nio/Tests/MySQLNioTests/MySQLIntegrationTests.swift:1195: error: MySQLTransactionAPITests.testWithTransactionCommit : failed - Unexpected error: Server error 1146: Table 'MySQLNioTestDb.departments' doesn't exist
2026-02-27T22:55:33.7734614Z Test Case 'MySQLTransactionAPITests.testWithTransactionCommit' failed (0.009 seconds)
2026-02-27T22:55:33.7735854Z Test Case 'MySQLTransactionAPITests.testWithTransactionRollbackOnError' started at 2026-02-27 22:55:33.743
2026-02-27T22:55:33.7738471Z /home/runner/work/sql-nio/sql-nio/Tests/MySQLNioTests/MySQLIntegrationTests.swift:1211: error: MySQLTransactionAPITests.testWithTransactionRollbackOnError : failed - Unexpected error: Server error 1146: Table 'MySQLNioTestDb.departments' doesn't exist
2026-02-27T22:55:33.7740389Z Test Case 'MySQLTransactionAPITests.testWithTransactionRollbackOnError' failed (0.009 seconds)
2026-02-27T22:55:33.7741243Z Test Suite 'MySQLTransactionAPITests' failed at 2026-02-27 22:55:33.753
2026-02-27T22:55:33.7741720Z 	 Executed 4 tests, with 4 failures (0 unexpected) in 0.035 (0.035) seconds
2026-02-27T22:55:33.7742171Z Test Suite 'MySQLTransactionTests' started at 2026-02-27 22:55:33.753
2026-02-27T22:55:33.7742703Z Test Case 'MySQLTransactionTests.testCommitTransaction' started at 2026-02-27 22:55:33.753
2026-02-27T22:55:33.7743918Z /home/runner/work/sql-nio/sql-nio/Tests/MySQLNioTests/MySQLIntegrationTests.swift:755: error: MySQLTransactionTests.testCommitTransaction : failed - Unexpected error: Server error 1146: Table 'MySQLNioTestDb.departments' doesn't exist
2026-02-27T22:55:33.7745113Z Test Case 'MySQLTransactionTests.testCommitTransaction' failed (0.008 seconds)
2026-02-27T22:55:33.7746014Z Test Case 'MySQLTransactionTests.testRollbackTransaction' started at 2026-02-27 22:55:33.761
2026-02-27T22:55:33.8044450Z /home/runner/work/sql-nio/sql-nio/Tests/MySQLNioTests/MySQLIntegrationTests.swift:773: error: MySQLTransactionTests.testRollbackTransaction : failed - Unexpected error: Server error 1146: Table 'MySQLNioTestDb.departments' doesn't exist
2026-02-27T22:55:33.8045721Z Test Case 'MySQLTransactionTests.testRollbackTransaction' failed (0.008 seconds)
2026-02-27T22:55:33.8046370Z Test Case 'MySQLTransactionTests.testTransactionIsolation' started at 2026-02-27 22:55:33.769
2026-02-27T22:55:33.8047634Z /home/runner/work/sql-nio/sql-nio/Tests/MySQLNioTests/MySQLIntegrationTests.swift:788: error: MySQLTransactionTests.testTransactionIsolation : failed - Unexpected error: Server error 1146: Table 'MySQLNioTestDb.departments' doesn't exist
2026-02-27T22:55:33.8048855Z Test Case 'MySQLTransactionTests.testTransactionIsolation' failed (0.016 seconds)
2026-02-27T22:55:33.8049404Z Test Suite 'MySQLTransactionTests' failed at 2026-02-27 22:55:33.786
2026-02-27T22:55:33.8049862Z 	 Executed 3 tests, with 3 failures (0 unexpected) in 0.033 (0.033) seconds
2026-02-27T22:55:33.8050508Z Test Suite 'Selected tests' failed at 2026-02-27 22:55:33.786
2026-02-27T22:55:33.8051385Z 	 Executed 99 tests, with 57 failures (0 unexpected) in 30.993 (30.993) seconds
2026-02-27T22:55:33.8052108Z ◇ Test run started.
2026-02-27T22:55:33.8052401Z ↳ Testing Library Version: 6.0.3 (18c42c19cac3faf)
2026-02-27T22:55:33.8054649Z ✔ Test run with 0 tests passed after 0.001 seconds.
2026-02-27T22:55:33.8104464Z ##[error]Process completed with exit code 1.
2026-02-27T22:55:33.8189413Z Post job cleanup.
2026-02-27T22:55:33.9136411Z [command]/usr/bin/git version
2026-02-27T22:55:33.9174723Z git version 2.53.0
2026-02-27T22:55:33.9219353Z Temporarily overriding HOME='/home/runner/work/_temp/772bc1b5-8e41-4889-82a1-c17c4471a38d' before making global git config changes
2026-02-27T22:55:33.9221298Z Adding repository directory to the temporary git global config as a safe directory
2026-02-27T22:55:33.9226178Z [command]/usr/bin/git config --global --add safe.directory /home/runner/work/sql-nio/sql-nio
2026-02-27T22:55:33.9266232Z [command]/usr/bin/git config --local --name-only --get-regexp core\.sshCommand
2026-02-27T22:55:33.9302826Z [command]/usr/bin/git submodule foreach --recursive sh -c "git config --local --name-only --get-regexp 'core\.sshCommand' && git config --local --unset-all 'core.sshCommand' || :"
2026-02-27T22:55:33.9547806Z [command]/usr/bin/git config --local --name-only --get-regexp http\.https\:\/\/github\.com\/\.extraheader
2026-02-27T22:55:33.9571684Z http.https://github.com/.extraheader
2026-02-27T22:55:33.9584771Z [command]/usr/bin/git config --local --unset-all http.https://github.com/.extraheader
2026-02-27T22:55:33.9618081Z [command]/usr/bin/git submodule foreach --recursive sh -c "git config --local --name-only --get-regexp 'http\.https\:\/\/github\.com\/\.extraheader' && git config --local --unset-all 'http.https://github.com/.extraheader' || :"
2026-02-27T22:55:33.9858813Z [command]/usr/bin/git config --local --name-only --get-regexp ^includeIf\.gitdir:
2026-02-27T22:55:33.9892378Z [command]/usr/bin/git submodule foreach --recursive git config --local --show-origin --name-only --get-regexp remote.origin.url
2026-02-27T22:55:34.0312522Z Print service container logs: 24d4cda7779849c78e12e2e07f333e54_mysql8_5a36cc
2026-02-27T22:55:34.0320315Z ##[command]/usr/bin/docker logs --details c555d6693e8af58c8aac39bea3349508b4a3f146cb7df5998b2798e7642e98d4
2026-02-27T22:55:34.0505473Z  2026-02-27T22:51:11.178847Z 0 [System] [MY-015017] [Server] MySQL Server Initialization - start.
2026-02-27T22:55:34.0506923Z  2026-02-27 22:51:10+00:00 [Note] [Entrypoint]: Entrypoint script for MySQL Server 8.4.8-1.el9 started.
2026-02-27T22:55:34.0507880Z  2026-02-27T22:51:11.180189Z 0 [System] [MY-013169] [Server] /usr/sbin/mysqld (mysqld 8.4.8) initializing of server in progress as process 80
2026-02-27T22:55:34.0508659Z  2026-02-27T22:51:11.185344Z 1 [System] [MY-013576] [InnoDB] InnoDB initialization has started.
2026-02-27T22:55:34.0509221Z  2026-02-27T22:51:11.296326Z 1 [System] [MY-013577] [InnoDB] InnoDB initialization has ended.
2026-02-27T22:55:34.0510135Z  2026-02-27T22:51:11.823692Z 6 [Warning] [MY-010453] [Server] root@localhost is created with an empty password ! Please consider switching off the --initialize-insecure option.
2026-02-27T22:55:34.0511246Z  2026-02-27T22:51:13.920648Z 0 [System] [MY-015018] [Server] MySQL Server Initialization - end.
2026-02-27T22:55:34.0511776Z  2026-02-27T22:51:13.974312Z 0 [System] [MY-015015] [Server] MySQL Server - start.
2026-02-27T22:55:34.0512355Z  2026-02-27T22:51:14.158072Z 0 [System] [MY-010116] [Server] /usr/sbin/mysqld (mysqld 8.4.8) starting as process 121
2026-02-27T22:55:34.0512979Z  2026-02-27T22:51:14.168434Z 1 [System] [MY-013576] [InnoDB] InnoDB initialization has started.
2026-02-27T22:55:34.0513524Z  2026-02-27T22:51:14.297724Z 1 [System] [MY-013577] [InnoDB] InnoDB initialization has ended.
2026-02-27T22:55:34.0514077Z  2026-02-27T22:51:14.543328Z 0 [Warning] [MY-010068] [Server] CA certificate ca.pem is self signed.
2026-02-27T22:55:34.0514979Z  2026-02-27T22:51:14.543360Z 0 [System] [MY-013602] [Server] Channel mysql_main configured to support TLS. Encrypted connections are now supported for this channel.
2026-02-27T22:55:34.0516222Z  2026-02-27T22:51:14.546642Z 0 [Warning] [MY-011810] [Server] Insecure configuration for --pid-file: Location '/var/run/mysqld' in the path is accessible to all OS users. Consider choosing a different directory.
2026-02-27T22:55:34.0517671Z  2026-02-27T22:51:14.568742Z 0 [System] [MY-011323] [Server] X Plugin ready for connections. Socket: /var/run/mysqld/mysqlx.sock
2026-02-27T22:55:34.0519477Z  2026-02-27T22:51:14.568840Z 0 [System] [MY-010931] [Server] /usr/sbin/mysqld: ready for connections. Version: '8.4.8'  socket: '/var/run/mysqld/mysqld.sock'  port: 0  MySQL Community Server - GPL.
2026-02-27T22:55:34.0520689Z  Warning: Unable to load '/usr/share/zoneinfo/iso3166.tab' as time zone. Skipping it.
2026-02-27T22:55:34.0521548Z  Warning: Unable to load '/usr/share/zoneinfo/leap-seconds.list' as time zone. Skipping it.
2026-02-27T22:55:34.0522110Z  Warning: Unable to load '/usr/share/zoneinfo/leapseconds' as time zone. Skipping it.
2026-02-27T22:55:34.0522638Z  Warning: Unable to load '/usr/share/zoneinfo/tzdata.zi' as time zone. Skipping it.
2026-02-27T22:55:34.0523144Z  Warning: Unable to load '/usr/share/zoneinfo/zone.tab' as time zone. Skipping it.
2026-02-27T22:55:34.0523647Z  Warning: Unable to load '/usr/share/zoneinfo/zone1970.tab' as time zone. Skipping it.
2026-02-27T22:55:34.0524339Z  2026-02-27T22:51:16.420519Z 14 [System] [MY-013172] [Server] Received SHUTDOWN from user root. Shutting down mysqld (Version: 8.4.8).
2026-02-27T22:55:34.0525210Z  2026-02-27T22:51:17.927729Z 0 [System] [MY-010910] [Server] /usr/sbin/mysqld: Shutdown complete (mysqld 8.4.8)  MySQL Community Server - GPL.
2026-02-27T22:55:34.0525897Z  2026-02-27T22:51:17.927750Z 0 [System] [MY-015016] [Server] MySQL Server - end.
2026-02-27T22:55:34.0526362Z  2026-02-27T22:51:18.439516Z 0 [System] [MY-015015] [Server] MySQL Server - start.
2026-02-27T22:55:34.0527205Z  2026-02-27T22:51:18.626291Z 0 [System] [MY-010116] [Server] /usr/sbin/mysqld (mysqld 8.4.8) starting as process 1
2026-02-27T22:55:34.0527831Z  2026-02-27T22:51:18.631740Z 1 [System] [MY-013576] [InnoDB] InnoDB initialization has started.
2026-02-27T22:55:34.0528376Z  2026-02-27T22:51:18.781875Z 1 [System] [MY-013577] [InnoDB] InnoDB initialization has ended.
2026-02-27T22:55:34.0528932Z  2026-02-27T22:51:18.997861Z 0 [Warning] [MY-010068] [Server] CA certificate ca.pem is self signed.
2026-02-27T22:55:34.0529763Z  2026-02-27T22:51:18.997895Z 0 [System] [MY-013602] [Server] Channel mysql_main configured to support TLS. Encrypted connections are now supported for this channel.
2026-02-27T22:55:34.0531172Z  2026-02-27T22:51:18.999477Z 0 [Warning] [MY-011810] [Server] Insecure configuration for --pid-file: Location '/var/run/mysqld' in the path is accessible to all OS users. Consider choosing a different directory.
2026-02-27T22:55:34.0532437Z  2026-02-27T22:51:19.023155Z 0 [System] [MY-011323] [Server] X Plugin ready for connections. Bind-address: '::' port: 33060, socket: /var/run/mysqld/mysqlx.sock
2026-02-27T22:55:34.0533575Z  2026-02-27T22:51:19.023263Z 0 [System] [MY-010931] [Server] /usr/sbin/mysqld: ready for connections. Version: '8.4.8'  socket: '/var/run/mysqld/mysqld.sock'  port: 3306  MySQL Community Server - GPL.
2026-02-27T22:55:34.0534450Z  2026-02-27 22:51:10+00:00 [Note] [Entrypoint]: Switching to dedicated user 'mysql'
2026-02-27T22:55:34.0534978Z  2026-02-27 22:51:10+00:00 [Note] [Entrypoint]: Entrypoint script for MySQL Server 8.4.8-1.el9 started.
2026-02-27T22:55:34.0535480Z  2026-02-27 22:51:11+00:00 [Note] [Entrypoint]: Initializing database files
2026-02-27T22:55:34.0535899Z  2026-02-27 22:51:13+00:00 [Note] [Entrypoint]: Database files initialized
2026-02-27T22:55:34.0536309Z  2026-02-27 22:51:13+00:00 [Note] [Entrypoint]: Starting temporary server
2026-02-27T22:55:34.0536700Z  2026-02-27 22:51:14+00:00 [Note] [Entrypoint]: Temporary server started.
2026-02-27T22:55:34.0537099Z  '/var/lib/mysql/mysql.sock' -> '/var/run/mysqld/mysqld.sock'
2026-02-27T22:55:34.0537508Z  2026-02-27 22:51:16+00:00 [Note] [Entrypoint]: Creating database MySQLNioTestDb
2026-02-27T22:55:34.0537956Z  2026-02-27 22:51:16+00:00 [Note] [Entrypoint]: Creating user mysqluser
2026-02-27T22:55:34.0538437Z  2026-02-27 22:51:16+00:00 [Note] [Entrypoint]: Giving user mysqluser access to schema MySQLNioTestDb
2026-02-27T22:55:34.0538842Z  
2026-02-27T22:55:34.0539079Z  2026-02-27 22:51:16+00:00 [Note] [Entrypoint]: Stopping temporary server
2026-02-27T22:55:34.0539482Z  2026-02-27 22:51:18+00:00 [Note] [Entrypoint]: Temporary server stopped
2026-02-27T22:55:34.0539787Z  
2026-02-27T22:55:34.0540069Z  2026-02-27 22:51:18+00:00 [Note] [Entrypoint]: MySQL init process done. Ready for start up.
2026-02-27T22:55:34.0540602Z  
2026-02-27T22:55:34.0546913Z Stop and remove container: 24d4cda7779849c78e12e2e07f333e54_mysql8_5a36cc
2026-02-27T22:55:34.0551963Z ##[command]/usr/bin/docker rm --force c555d6693e8af58c8aac39bea3349508b4a3f146cb7df5998b2798e7642e98d4
2026-02-27T22:55:34.2289116Z c555d6693e8af58c8aac39bea3349508b4a3f146cb7df5998b2798e7642e98d4
2026-02-27T22:55:34.2318841Z Remove container network: github_network_b6823284a1d6408f8e14bfc09aec4721
2026-02-27T22:55:34.2323838Z ##[command]/usr/bin/docker network rm github_network_b6823284a1d6408f8e14bfc09aec4721
2026-02-27T22:55:34.3426908Z github_network_b6823284a1d6408f8e14bfc09aec4721
2026-02-27T22:55:34.3486988Z Cleaning up orphan processes
