2026-02-27T22:50:54.9707565Z Current runner version: '2.331.0'
2026-02-27T22:50:54.9730234Z ##[group]Runner Image Provisioner
2026-02-27T22:50:54.9731159Z Hosted Compute Agent
2026-02-27T22:50:54.9731705Z Version: 20260213.493
2026-02-27T22:50:54.9732373Z Commit: 5c115507f6dd24b8de37d8bbe0bb4509d0cc0fa3
2026-02-27T22:50:54.9733059Z Build Date: 2026-02-13T00:28:41Z
2026-02-27T22:50:54.9733950Z Worker ID: {39fdb74e-743a-49c9-bd72-5a78bd7945c4}
2026-02-27T22:50:54.9734825Z Azure Region: eastus
2026-02-27T22:50:54.9735433Z ##[endgroup]
2026-02-27T22:50:54.9736885Z ##[group]Operating System
2026-02-27T22:50:54.9737559Z Ubuntu
2026-02-27T22:50:54.9738056Z 24.04.3
2026-02-27T22:50:54.9738476Z LTS
2026-02-27T22:50:54.9738968Z ##[endgroup]
2026-02-27T22:50:54.9739456Z ##[group]Runner Image
2026-02-27T22:50:54.9740467Z Image: ubuntu-24.04
2026-02-27T22:50:54.9740956Z Version: 20260224.36.1
2026-02-27T22:50:54.9742239Z Included Software: https://github.com/actions/runner-images/blob/ubuntu24/20260224.36/images/ubuntu/Ubuntu2404-Readme.md
2026-02-27T22:50:54.9743638Z Image Release: https://github.com/actions/runner-images/releases/tag/ubuntu24%2F20260224.36
2026-02-27T22:50:54.9744610Z ##[endgroup]
2026-02-27T22:50:54.9745678Z ##[group]GITHUB_TOKEN Permissions
2026-02-27T22:50:54.9748264Z Contents: write
2026-02-27T22:50:54.9748821Z Metadata: read
2026-02-27T22:50:54.9750001Z ##[endgroup]
2026-02-27T22:50:54.9754262Z Secret source: Actions
2026-02-27T22:50:54.9755622Z Prepare workflow directory
2026-02-27T22:50:55.0179927Z Prepare all required actions
2026-02-27T22:50:55.0215587Z Getting action download info
2026-02-27T22:50:55.3113689Z Download action repository 'actions/checkout@v4' (SHA:34e114876b0b11c390a56381ad16ebd13914f8d5)
2026-02-27T22:50:55.4562146Z Download action repository 'swift-actions/setup-swift@v2' (SHA:7ca6abe6b3b0e8b5421b88be48feee39cbf52c6a)
2026-02-27T22:50:55.7871835Z Complete job name: Verify — PostgreSQL tests
2026-02-27T22:50:55.8351631Z ##[group]Checking docker version
2026-02-27T22:50:55.8364575Z ##[command]/usr/bin/docker version --format '{{.Server.APIVersion}}'
2026-02-27T22:50:55.9160961Z '1.48'
2026-02-27T22:50:55.9172952Z Docker daemon API version: '1.48'
2026-02-27T22:50:55.9173653Z ##[command]/usr/bin/docker version --format '{{.Client.APIVersion}}'
2026-02-27T22:50:55.9331835Z '1.48'
2026-02-27T22:50:55.9344895Z Docker client API version: '1.48'
2026-02-27T22:50:55.9349477Z ##[endgroup]
2026-02-27T22:50:55.9352835Z ##[group]Clean up resources from previous jobs
2026-02-27T22:50:55.9359241Z ##[command]/usr/bin/docker ps --all --quiet --no-trunc --filter "label=d9d741"
2026-02-27T22:50:55.9510772Z ##[command]/usr/bin/docker network prune --force --filter "label=d9d741"
2026-02-27T22:50:55.9645842Z ##[endgroup]
2026-02-27T22:50:55.9646297Z ##[group]Create local container network
2026-02-27T22:50:55.9655666Z ##[command]/usr/bin/docker network create --label d9d741 github_network_1bf477f81720461a9b538755878292ad
2026-02-27T22:50:56.0206203Z 11288ec87147c6a55060214e389408b66129094e622e7f956322cb0effe6cc91
2026-02-27T22:50:56.0226416Z ##[endgroup]
2026-02-27T22:50:56.0253995Z ##[group]Starting postgres service container
2026-02-27T22:50:56.0275103Z ##[command]/usr/bin/docker pull postgres:16-alpine
2026-02-27T22:50:56.2808823Z 16-alpine: Pulling from library/postgres
2026-02-27T22:50:56.3492815Z 589002ba0eae: Pulling fs layer
2026-02-27T22:50:56.3494690Z bf295aa7a64c: Pulling fs layer
2026-02-27T22:50:56.3495919Z 6b36925b3510: Pulling fs layer
2026-02-27T22:50:56.3497111Z 385079160787: Pulling fs layer
2026-02-27T22:50:56.3498277Z dc66e2c13be5: Pulling fs layer
2026-02-27T22:50:56.3499093Z bfb0a9f61bdf: Pulling fs layer
2026-02-27T22:50:56.3500555Z e0210f91556c: Pulling fs layer
2026-02-27T22:50:56.3501556Z d513847b8a76: Pulling fs layer
2026-02-27T22:50:56.3502372Z fffbff44edaf: Pulling fs layer
2026-02-27T22:50:56.3503180Z d7ea68590de1: Pulling fs layer
2026-02-27T22:50:56.3504015Z 4a8dcc9ff6fd: Pulling fs layer
2026-02-27T22:50:56.3504679Z d513847b8a76: Waiting
2026-02-27T22:50:56.3505256Z 385079160787: Waiting
2026-02-27T22:50:56.3506147Z fffbff44edaf: Waiting
2026-02-27T22:50:56.3506801Z dc66e2c13be5: Waiting
2026-02-27T22:50:56.3507419Z d7ea68590de1: Waiting
2026-02-27T22:50:56.3508037Z e0210f91556c: Waiting
2026-02-27T22:50:56.3508665Z bfb0a9f61bdf: Waiting
2026-02-27T22:50:56.4114444Z bf295aa7a64c: Verifying Checksum
2026-02-27T22:50:56.4119611Z bf295aa7a64c: Download complete
2026-02-27T22:50:56.4423894Z 6b36925b3510: Verifying Checksum
2026-02-27T22:50:56.4425379Z 6b36925b3510: Download complete
2026-02-27T22:50:56.4557377Z 589002ba0eae: Verifying Checksum
2026-02-27T22:50:56.4560712Z 589002ba0eae: Download complete
2026-02-27T22:50:56.4773514Z 385079160787: Verifying Checksum
2026-02-27T22:50:56.4776367Z 385079160787: Download complete
2026-02-27T22:50:56.5052957Z dc66e2c13be5: Verifying Checksum
2026-02-27T22:50:56.5056926Z dc66e2c13be5: Download complete
2026-02-27T22:50:56.5715363Z 589002ba0eae: Pull complete
2026-02-27T22:50:56.5836546Z d513847b8a76: Verifying Checksum
2026-02-27T22:50:56.5841682Z d513847b8a76: Download complete
2026-02-27T22:50:56.6027767Z bf295aa7a64c: Pull complete
2026-02-27T22:50:56.6169089Z e0210f91556c: Verifying Checksum
2026-02-27T22:50:56.6171117Z e0210f91556c: Download complete
2026-02-27T22:50:56.6285272Z fffbff44edaf: Verifying Checksum
2026-02-27T22:50:56.6287098Z fffbff44edaf: Download complete
2026-02-27T22:50:56.6360812Z 6b36925b3510: Pull complete
2026-02-27T22:50:56.6517429Z 385079160787: Pull complete
2026-02-27T22:50:56.6625166Z dc66e2c13be5: Pull complete
2026-02-27T22:50:56.7029144Z 4a8dcc9ff6fd: Verifying Checksum
2026-02-27T22:50:56.7030002Z 4a8dcc9ff6fd: Download complete
2026-02-27T22:50:56.7091304Z d7ea68590de1: Verifying Checksum
2026-02-27T22:50:56.7091930Z d7ea68590de1: Download complete
2026-02-27T22:50:57.3973749Z bfb0a9f61bdf: Verifying Checksum
2026-02-27T22:50:57.3974760Z bfb0a9f61bdf: Download complete
2026-02-27T22:50:59.7097257Z bfb0a9f61bdf: Pull complete
2026-02-27T22:50:59.7226403Z e0210f91556c: Pull complete
2026-02-27T22:50:59.7359348Z d513847b8a76: Pull complete
2026-02-27T22:50:59.7461546Z fffbff44edaf: Pull complete
2026-02-27T22:50:59.7587941Z d7ea68590de1: Pull complete
2026-02-27T22:50:59.7713415Z 4a8dcc9ff6fd: Pull complete
2026-02-27T22:50:59.7764260Z Digest: sha256:b7587f3cb74f4f4b2a4f9d67f052edbf95eb93f4fec7c5ada3792546caaf7383
2026-02-27T22:50:59.7777939Z Status: Downloaded newer image for postgres:16-alpine
2026-02-27T22:50:59.7788241Z docker.io/library/postgres:16-alpine
2026-02-27T22:50:59.7848117Z ##[command]/usr/bin/docker create --name 3ea11586f50447e09aa6fbda871dd85d_postgres16alpine_9b1b0b --label d9d741 --network github_network_1bf477f81720461a9b538755878292ad --network-alias postgres -p 5432:5432 --health-cmd "pg_isready -U pguser" --health-interval 5s --health-retries 10 -e "POSTGRES_DB=PostgresNioTestDb" -e "POSTGRES_USER=pguser" -e "POSTGRES_PASSWORD=pgPass123" -e GITHUB_ACTIONS=true -e CI=true postgres:16-alpine
2026-02-27T22:50:59.8093834Z 6b30809aa9af5050e7a8d7b3b71c16e72c9a6074a3c221416a54b1abcae60d92
2026-02-27T22:50:59.8115572Z ##[command]/usr/bin/docker start 6b30809aa9af5050e7a8d7b3b71c16e72c9a6074a3c221416a54b1abcae60d92
2026-02-27T22:50:59.9976981Z 6b30809aa9af5050e7a8d7b3b71c16e72c9a6074a3c221416a54b1abcae60d92
2026-02-27T22:50:59.9998825Z ##[command]/usr/bin/docker ps --all --filter id=6b30809aa9af5050e7a8d7b3b71c16e72c9a6074a3c221416a54b1abcae60d92 --filter status=running --no-trunc --format "{{.ID}} {{.Status}}"
2026-02-27T22:51:00.0138715Z 6b30809aa9af5050e7a8d7b3b71c16e72c9a6074a3c221416a54b1abcae60d92 Up Less than a second (health: starting)
2026-02-27T22:51:00.0159396Z ##[command]/usr/bin/docker port 6b30809aa9af5050e7a8d7b3b71c16e72c9a6074a3c221416a54b1abcae60d92
2026-02-27T22:51:00.0300704Z 5432/tcp -> 0.0.0.0:5432
2026-02-27T22:51:00.0301686Z 5432/tcp -> [::]:5432
2026-02-27T22:51:00.0349296Z ##[endgroup]
2026-02-27T22:51:00.0358715Z ##[group]Waiting for all services to be ready
2026-02-27T22:51:00.0372783Z ##[command]/usr/bin/docker inspect --format="{{if .Config.Healthcheck}}{{print .State.Health.Status}}{{end}}" 6b30809aa9af5050e7a8d7b3b71c16e72c9a6074a3c221416a54b1abcae60d92
2026-02-27T22:51:00.0511495Z starting
2026-02-27T22:51:00.0536364Z postgres service is starting, waiting 2 seconds before checking again.
2026-02-27T22:51:02.0542123Z ##[command]/usr/bin/docker inspect --format="{{if .Config.Healthcheck}}{{print .State.Health.Status}}{{end}}" 6b30809aa9af5050e7a8d7b3b71c16e72c9a6074a3c221416a54b1abcae60d92
2026-02-27T22:51:02.0668381Z starting
2026-02-27T22:51:02.0682078Z postgres service is starting, waiting 4 seconds before checking again.
2026-02-27T22:51:06.0834826Z ##[command]/usr/bin/docker inspect --format="{{if .Config.Healthcheck}}{{print .State.Health.Status}}{{end}}" 6b30809aa9af5050e7a8d7b3b71c16e72c9a6074a3c221416a54b1abcae60d92
2026-02-27T22:51:06.0957410Z healthy
2026-02-27T22:51:06.0974880Z postgres service is healthy.
2026-02-27T22:51:06.0975507Z ##[endgroup]
2026-02-27T22:51:06.1230406Z ##[group]Run actions/checkout@v4
2026-02-27T22:51:06.1231023Z with:
2026-02-27T22:51:06.1231211Z   repository: vkuttyp/sql-nio
2026-02-27T22:51:06.1231596Z   token: ***
2026-02-27T22:51:06.1231769Z   ssh-strict: true
2026-02-27T22:51:06.1231950Z   ssh-user: git
2026-02-27T22:51:06.1232129Z   persist-credentials: true
2026-02-27T22:51:06.1232342Z   clean: true
2026-02-27T22:51:06.1232527Z   sparse-checkout-cone-mode: true
2026-02-27T22:51:06.1232761Z   fetch-depth: 1
2026-02-27T22:51:06.1232936Z   fetch-tags: false
2026-02-27T22:51:06.1233114Z   show-progress: true
2026-02-27T22:51:06.1233295Z   lfs: false
2026-02-27T22:51:06.1233451Z   submodules: false
2026-02-27T22:51:06.1233634Z   set-safe-directory: true
2026-02-27T22:51:06.1234037Z ##[endgroup]
2026-02-27T22:51:06.2300997Z Syncing repository: vkuttyp/sql-nio
2026-02-27T22:51:06.2302343Z ##[group]Getting Git version info
2026-02-27T22:51:06.2302703Z Working directory is '/home/runner/work/sql-nio/sql-nio'
2026-02-27T22:51:06.2303279Z [command]/usr/bin/git version
2026-02-27T22:51:06.2375696Z git version 2.53.0
2026-02-27T22:51:06.2402820Z ##[endgroup]
2026-02-27T22:51:06.2416086Z Temporarily overriding HOME='/home/runner/work/_temp/8b8e6883-d3c2-4e4c-b755-350e11af4d35' before making global git config changes
2026-02-27T22:51:06.2416894Z Adding repository directory to the temporary git global config as a safe directory
2026-02-27T22:51:06.2428985Z [command]/usr/bin/git config --global --add safe.directory /home/runner/work/sql-nio/sql-nio
2026-02-27T22:51:06.2469107Z Deleting the contents of '/home/runner/work/sql-nio/sql-nio'
2026-02-27T22:51:06.2473052Z ##[group]Initializing the repository
2026-02-27T22:51:06.2477807Z [command]/usr/bin/git init /home/runner/work/sql-nio/sql-nio
2026-02-27T22:51:06.2588203Z hint: Using 'master' as the name for the initial branch. This default branch name
2026-02-27T22:51:06.2589136Z hint: will change to "main" in Git 3.0. To configure the initial branch name
2026-02-27T22:51:06.2590347Z hint: to use in all of your new repositories, which will suppress this warning,
2026-02-27T22:51:06.2590977Z hint: call:
2026-02-27T22:51:06.2591235Z hint:
2026-02-27T22:51:06.2591659Z hint: 	git config --global init.defaultBranch <name>
2026-02-27T22:51:06.2592127Z hint:
2026-02-27T22:51:06.2592565Z hint: Names commonly chosen instead of 'master' are 'main', 'trunk' and
2026-02-27T22:51:06.2593355Z hint: 'development'. The just-created branch can be renamed via this command:
2026-02-27T22:51:06.2593949Z hint:
2026-02-27T22:51:06.2594174Z hint: 	git branch -m <name>
2026-02-27T22:51:06.2594372Z hint:
2026-02-27T22:51:06.2594655Z hint: Disable this message with "git config set advice.defaultBranchName false"
2026-02-27T22:51:06.2596543Z Initialized empty Git repository in /home/runner/work/sql-nio/sql-nio/.git/
2026-02-27T22:51:06.2606107Z [command]/usr/bin/git remote add origin https://github.com/vkuttyp/sql-nio
2026-02-27T22:51:06.2642242Z ##[endgroup]
2026-02-27T22:51:06.2642849Z ##[group]Disabling automatic garbage collection
2026-02-27T22:51:06.2647469Z [command]/usr/bin/git config --local gc.auto 0
2026-02-27T22:51:06.2676627Z ##[endgroup]
2026-02-27T22:51:06.2677531Z ##[group]Setting up auth
2026-02-27T22:51:06.2684436Z [command]/usr/bin/git config --local --name-only --get-regexp core\.sshCommand
2026-02-27T22:51:06.2716006Z [command]/usr/bin/git submodule foreach --recursive sh -c "git config --local --name-only --get-regexp 'core\.sshCommand' && git config --local --unset-all 'core.sshCommand' || :"
2026-02-27T22:51:06.3066905Z [command]/usr/bin/git config --local --name-only --get-regexp http\.https\:\/\/github\.com\/\.extraheader
2026-02-27T22:51:06.3097656Z [command]/usr/bin/git submodule foreach --recursive sh -c "git config --local --name-only --get-regexp 'http\.https\:\/\/github\.com\/\.extraheader' && git config --local --unset-all 'http.https://github.com/.extraheader' || :"
2026-02-27T22:51:06.3328875Z [command]/usr/bin/git config --local --name-only --get-regexp ^includeIf\.gitdir:
2026-02-27T22:51:06.3360094Z [command]/usr/bin/git submodule foreach --recursive git config --local --show-origin --name-only --get-regexp remote.origin.url
2026-02-27T22:51:06.3602752Z [command]/usr/bin/git config --local http.https://github.com/.extraheader AUTHORIZATION: basic ***
2026-02-27T22:51:06.3637187Z ##[endgroup]
2026-02-27T22:51:06.3638014Z ##[group]Fetching the repository
2026-02-27T22:51:06.3646637Z [command]/usr/bin/git -c protocol.version=2 fetch --no-tags --prune --no-recurse-submodules --depth=1 origin +2bda17def7f3c2f6e10788fa8790bfdc1697a7de:refs/tags/v1.0.3
2026-02-27T22:51:06.5364032Z From https://github.com/vkuttyp/sql-nio
2026-02-27T22:51:06.5364643Z  * [new ref]         2bda17def7f3c2f6e10788fa8790bfdc1697a7de -> v1.0.3
2026-02-27T22:51:06.5393278Z ##[endgroup]
2026-02-27T22:51:06.5393859Z ##[group]Determining the checkout info
2026-02-27T22:51:06.5396675Z ##[endgroup]
2026-02-27T22:51:06.5402242Z [command]/usr/bin/git sparse-checkout disable
2026-02-27T22:51:06.5456573Z [command]/usr/bin/git config --local --unset-all extensions.worktreeConfig
2026-02-27T22:51:06.5482468Z ##[group]Checking out the ref
2026-02-27T22:51:06.5486325Z [command]/usr/bin/git checkout --progress --force refs/tags/v1.0.3
2026-02-27T22:51:06.5621920Z Note: switching to 'refs/tags/v1.0.3'.
2026-02-27T22:51:06.5622438Z 
2026-02-27T22:51:06.5623159Z You are in 'detached HEAD' state. You can look around, make experimental
2026-02-27T22:51:06.5624445Z changes and commit them, and you can discard any commits you make in this
2026-02-27T22:51:06.5625678Z state without impacting any branches by switching back to a branch.
2026-02-27T22:51:06.5626165Z 
2026-02-27T22:51:06.5626499Z If you want to create a new branch to retain commits you create, you may
2026-02-27T22:51:06.5627126Z do so (now or later) by using -c with the switch command. Example:
2026-02-27T22:51:06.5627421Z 
2026-02-27T22:51:06.5627598Z   git switch -c <new-branch-name>
2026-02-27T22:51:06.5627920Z 
2026-02-27T22:51:06.5628103Z Or undo this operation with:
2026-02-27T22:51:06.5628429Z 
2026-02-27T22:51:06.5628614Z   git switch -
2026-02-27T22:51:06.5628858Z 
2026-02-27T22:51:06.5629325Z Turn off this advice by setting config variable advice.detachedHead to false
2026-02-27T22:51:06.5630155Z 
2026-02-27T22:51:06.5630670Z HEAD is now at 2bda17d fix: add @unchecked Sendable to all test classes for Swift 6 compatibility
2026-02-27T22:51:06.5633232Z ##[endgroup]
2026-02-27T22:51:06.5672617Z [command]/usr/bin/git log -1 --format=%H
2026-02-27T22:51:06.5696604Z 2bda17def7f3c2f6e10788fa8790bfdc1697a7de
2026-02-27T22:51:06.5867562Z ##[group]Run swift-actions/setup-swift@v2
2026-02-27T22:51:06.5867843Z with:
2026-02-27T22:51:06.5868001Z   swift-version: 6.0
2026-02-27T22:51:06.5868193Z ##[endgroup]
2026-02-27T22:51:07.0040686Z [command]/usr/bin/file /home/runner/work/_temp/3c547840-1ce5-4c2e-b8b9-26b7ebb6d2f8
2026-02-27T22:51:07.0425358Z /home/runner/work/_temp/3c547840-1ce5-4c2e-b8b9-26b7ebb6d2f8: PGP public key block Public-Key (old)
2026-02-27T22:51:07.0498415Z [command]/usr/bin/bash -c cat "/home/runner/work/_temp/3c547840-1ce5-4c2e-b8b9-26b7ebb6d2f8" | gpg --import
2026-02-27T22:51:07.0589553Z gpg: directory '/home/runner/.gnupg' created
2026-02-27T22:51:07.0594205Z gpg: keybox '/home/runner/.gnupg/pubring.kbx' created
2026-02-27T22:51:07.0745461Z gpg: /home/runner/.gnupg/trustdb.gpg: trustdb created
2026-02-27T22:51:07.0747894Z gpg: key D441C977412B37AD: public key "Swift Automatic Signing Key #1 <swift-infrastructure@swift.org>" imported
2026-02-27T22:51:07.1114309Z gpg: key 9F597F4D21A56D5F: public key "Swift 2.2 Release Signing Key <swift-infrastructure@swift.org>" imported
2026-02-27T22:51:07.1126545Z gpg: key 63BC1CFE91D306C6: public key "Swift 3.x Release Signing Key <swift-infrastructure@swift.org>" imported
2026-02-27T22:51:07.1139030Z gpg: key EF5430F071E1B235: public key "Swift 4.x Release Signing Key <swift-infrastructure@swift.org>" imported
2026-02-27T22:51:07.1151753Z gpg: key 7638F1FB2B2B08C4: public key "Swift Automatic Signing Key #2 <swift-infrastructure@swift.org>" imported
2026-02-27T22:51:07.1164248Z gpg: key 925CC1CCED3D1561: public key "Swift 5.x Release Signing Key <swift-infrastructure@swift.org>" imported
2026-02-27T22:51:07.1177142Z gpg: key FAF6989E1BC16FEA: public key "Swift Automatic Signing Key #3 <swift-infrastructure@swift.org>" imported
2026-02-27T22:51:07.1218299Z gpg: key 925CC1CCED3D1561: "Swift 5.x Release Signing Key <swift-infrastructure@swift.org>" 1 new signature
2026-02-27T22:51:07.1231859Z gpg: key F167DF1ACF9CE069: public key "Swift Automatic Signing Key #4 <swift-infrastructure@forums.swift.org>" imported
2026-02-27T22:51:07.1244569Z gpg: key 925CC1CCED3D1561: "Swift 5.x Release Signing Key <swift-infrastructure@swift.org>" 1 new signature
2026-02-27T22:51:07.1257357Z gpg: key F167DF1ACF9CE069: "Swift Automatic Signing Key #4 <swift-infrastructure@forums.swift.org>" 1 new signature
2026-02-27T22:51:07.1270478Z gpg: key EF80A866B47A981F: public key "Swift 6.x Release Signing Key <swift-infrastructure@forums.swift.org>" imported
2026-02-27T22:51:07.1285682Z gpg: key F167DF1ACF9CE069: "Swift Automatic Signing Key #4 <swift-infrastructure@forums.swift.org>" 1 new signature
2026-02-27T22:51:07.1292679Z gpg: Total number processed: 13
2026-02-27T22:51:07.1293098Z gpg:               imported: 9
2026-02-27T22:51:07.1293453Z gpg:         new signatures: 4
2026-02-27T22:51:07.1321940Z [command]/usr/bin/gpg --keyserver hkp://keyserver.ubuntu.com --refresh-keys Swift
2026-02-27T22:51:07.2111722Z gpg: refreshing 9 keys from hkp://keyserver.ubuntu.com
2026-02-27T22:51:09.7627612Z gpg: key EF80A866B47A981F: "Swift 6.x Release Signing Key <swift-infrastructure@forums.swift.org>" not changed
2026-02-27T22:51:09.7638487Z gpg: key F167DF1ACF9CE069: "Swift Automatic Signing Key #4 <swift-infrastructure@forums.swift.org>" not changed
2026-02-27T22:51:09.7643598Z gpg: key FAF6989E1BC16FEA: "Swift Automatic Signing Key #3 <swift-infrastructure@swift.org>" not changed
2026-02-27T22:51:09.7655037Z gpg: key 925CC1CCED3D1561: "Swift 5.x Release Signing Key <swift-infrastructure@swift.org>" not changed
2026-02-27T22:51:09.7659167Z gpg: key 7638F1FB2B2B08C4: "Swift Automatic Signing Key #2 <swift-infrastructure@swift.org>" not changed
2026-02-27T22:51:09.7664928Z gpg: key EF5430F071E1B235: "Swift 4.x Release Signing Key <swift-infrastructure@swift.org>" not changed
2026-02-27T22:51:09.7670987Z gpg: key 63BC1CFE91D306C6: "Swift 3.x Release Signing Key <swift-infrastructure@swift.org>" not changed
2026-02-27T22:51:09.7678017Z gpg: key 9F597F4D21A56D5F: "Swift 2.2 Release Signing Key <swift-infrastructure@swift.org>" not changed
2026-02-27T22:51:09.7682835Z gpg: key D441C977412B37AD: "Swift Automatic Signing Key #1 <swift-infrastructure@swift.org>" not changed
2026-02-27T22:51:09.7683835Z gpg: Total number processed: 9
2026-02-27T22:51:09.7684212Z gpg:              unchanged: 9
2026-02-27T22:51:13.3742232Z [command]/usr/bin/gpg --verify /home/runner/work/_temp/a39d2ea7-69f6-49a9-81d0-fc1fd423c978 /home/runner/work/_temp/368adbeb-2033-4dd0-9440-567c7ba2175b
2026-02-27T22:51:14.5092744Z gpg: Signature made Thu Dec 12 01:43:03 2024 UTC
2026-02-27T22:51:14.5093371Z gpg:                using RSA key EF80A866B47A981F
2026-02-27T22:51:14.5095002Z gpg: Good signature from "Swift 6.x Release Signing Key <swift-infrastructure@forums.swift.org>" [unknown]
2026-02-27T22:51:14.5096105Z gpg: WARNING: This key is not certified with a trusted signature!
2026-02-27T22:51:14.5097035Z gpg:          There is no indication that the signature belongs to the owner.
2026-02-27T22:51:14.5098094Z Primary key fingerprint: 52BB 7E3D E28A 71BE 22EC  05FF EF80 A866 B47A 981F
2026-02-27T22:51:14.5173903Z [command]/usr/bin/tar xz --warning=no-unknown-keyword --overwrite -C /home/runner/work/_temp/3c191a0d-0ae6-4780-a158-2724fff7903b -f /home/runner/work/_temp/368adbeb-2033-4dd0-9440-567c7ba2175b
2026-02-27T22:51:38.5673444Z [command]/opt/hostedtoolcache/swift-Ubuntu/6.0.3/x64/usr/bin/swift --version
2026-02-27T22:51:38.7727209Z Swift version 6.0.3 (swift-6.0.3-RELEASE)
2026-02-27T22:51:38.7727753Z Target: x86_64-unknown-linux-gnu
2026-02-27T22:51:38.7877667Z ##[group]Run sudo apt-get install -y libsqlite3-dev
2026-02-27T22:51:38.7878098Z [36;1msudo apt-get install -y libsqlite3-dev[0m
2026-02-27T22:51:38.7935717Z shell: /usr/bin/bash -e {0}
2026-02-27T22:51:38.7935976Z ##[endgroup]
2026-02-27T22:51:38.8263811Z Reading package lists...
2026-02-27T22:51:38.9923623Z Building dependency tree...
2026-02-27T22:51:38.9931662Z Reading state information...
2026-02-27T22:51:39.1715827Z libsqlite3-dev is already the newest version (3.45.1-1ubuntu2.5).
2026-02-27T22:51:39.1716581Z 0 upgraded, 0 newly installed, 0 to remove and 25 not upgraded.
2026-02-27T22:51:39.1774588Z ##[group]Run swift test --filter PostgresNioTests
2026-02-27T22:51:39.1774957Z [36;1mswift test --filter PostgresNioTests[0m
2026-02-27T22:51:39.1827033Z shell: /usr/bin/bash -e {0}
2026-02-27T22:51:39.1827258Z env:
2026-02-27T22:51:39.1827422Z   PG_TEST_HOST: 127.0.0.1
2026-02-27T22:51:39.1827644Z   PG_TEST_DB: PostgresNioTestDb
2026-02-27T22:51:39.1827861Z   PG_TEST_USER: pguser
2026-02-27T22:51:39.1828053Z   PG_TEST_PASS: pgPass123
2026-02-27T22:51:39.1828246Z ##[endgroup]
2026-02-27T22:51:41.2119047Z Fetching https://github.com/apple/swift-atomics.git
2026-02-27T22:51:41.2120233Z Fetching https://github.com/apple/swift-log.git
2026-02-27T22:51:41.2120811Z Fetching https://github.com/apple/swift-nio-ssl.git
2026-02-27T22:51:41.2121300Z [1/1820] Fetching swift-atomics
2026-02-27T22:51:41.2319929Z [1821/7910] Fetching swift-atomics, swift-log
2026-02-27T22:51:41.3674685Z [7911/23252] Fetching swift-atomics, swift-log, swift-nio-ssl
2026-02-27T22:51:41.3903278Z Fetched https://github.com/apple/swift-log.git from cache (0.37s)
2026-02-27T22:51:41.3926807Z Fetching https://github.com/apple/swift-system.git
2026-02-27T22:51:41.3994114Z [3355/17162] Fetching swift-atomics, swift-nio-ssl
2026-02-27T22:51:41.6350167Z [9186/22745] Fetching swift-atomics, swift-nio-ssl, swift-system
2026-02-27T22:51:41.7537427Z Fetched https://github.com/apple/swift-system.git from cache (0.36s)
2026-02-27T22:51:41.7558694Z Fetching https://github.com/apple/swift-asn1.git
2026-02-27T22:51:41.7818035Z [13174/17162] Fetching swift-atomics, swift-nio-ssl
2026-02-27T22:51:41.8866804Z [17163/18922] Fetching swift-atomics, swift-nio-ssl, swift-asn1
2026-02-27T22:51:41.9611190Z Fetched https://github.com/apple/swift-asn1.git from cache (0.21s)
2026-02-27T22:51:41.9637658Z Fetching https://github.com/apple/swift-collections.git
2026-02-27T22:51:42.1670470Z [1/20166] Fetching swift-collections
2026-02-27T22:51:42.4559968Z Fetched https://github.com/apple/swift-atomics.git from cache (1.43s)
2026-02-27T22:51:42.4588185Z Fetching https://github.com/swiftlang/swift-docc-symbolkit
2026-02-27T22:51:42.4782861Z Fetched https://github.com/apple/swift-nio-ssl.git from cache (1.46s)
2026-02-27T22:51:42.4805518Z Fetching https://github.com/apple/swift-docc-plugin.git
2026-02-27T22:51:42.6069232Z [16538/22337] Fetching swift-collections, swift-docc-plugin
2026-02-27T22:51:42.6647082Z [19436/26001] Fetching swift-collections, swift-docc-plugin, swift-docc-symbolkit
2026-02-27T22:51:42.7571886Z Fetched https://github.com/apple/swift-docc-plugin.git from cache (0.28s)
2026-02-27T22:51:42.7616652Z Fetching https://github.com/apple/swift-nio.git
2026-02-27T22:51:42.8014567Z Fetched https://github.com/swiftlang/swift-docc-symbolkit from cache (0.34s)
2026-02-27T22:51:42.8052272Z Fetching https://github.com/apple/swift-crypto.git
2026-02-27T22:51:43.0404575Z Fetched https://github.com/apple/swift-collections.git from cache (1.08s)
2026-02-27T22:51:43.2844824Z [1/82545] Fetching swift-nio
2026-02-27T22:51:43.3699804Z [3303/99783] Fetching swift-nio, swift-crypto
2026-02-27T22:51:44.7880825Z Fetched https://github.com/apple/swift-crypto.git from cache (1.98s)
2026-02-27T22:51:44.7980236Z [58607/82545] Fetching swift-nio
2026-02-27T22:51:47.2381368Z Fetched https://github.com/apple/swift-nio.git from cache (4.48s)
2026-02-27T22:51:47.2382838Z Computing version for https://github.com/apple/swift-docc-plugin.git
2026-02-27T22:51:48.8632382Z Computed https://github.com/apple/swift-docc-plugin.git at 1.4.6 (1.62s)
2026-02-27T22:51:48.8637991Z Computing version for https://github.com/apple/swift-crypto.git
2026-02-27T22:51:50.1424852Z Computed https://github.com/apple/swift-crypto.git at 3.15.1 (1.28s)
2026-02-27T22:51:50.1430667Z Computing version for https://github.com/apple/swift-log.git
2026-02-27T22:51:50.5066268Z Computed https://github.com/apple/swift-log.git at 1.10.1 (0.36s)
2026-02-27T22:51:50.5070886Z Computing version for https://github.com/apple/swift-nio-ssl.git
2026-02-27T22:51:50.8837760Z Computed https://github.com/apple/swift-nio-ssl.git at 2.36.0 (0.38s)
2026-02-27T22:51:50.8842825Z Computing version for https://github.com/apple/swift-nio.git
2026-02-27T22:51:51.4861232Z Computed https://github.com/apple/swift-nio.git at 2.95.0 (0.60s)
2026-02-27T22:51:51.4868474Z Computing version for https://github.com/swiftlang/swift-docc-symbolkit
2026-02-27T22:51:51.8792522Z Computed https://github.com/swiftlang/swift-docc-symbolkit at 1.0.0 (0.39s)
2026-02-27T22:51:51.8797567Z Computing version for https://github.com/apple/swift-asn1.git
2026-02-27T22:51:53.2598833Z Computed https://github.com/apple/swift-asn1.git at 1.5.1 (1.38s)
2026-02-27T22:51:53.2602751Z Computing version for https://github.com/apple/swift-system.git
2026-02-27T22:51:53.6504112Z Computed https://github.com/apple/swift-system.git at 1.6.4 (0.39s)
2026-02-27T22:51:53.6507025Z Computing version for https://github.com/apple/swift-collections.git
2026-02-27T22:51:54.1542162Z Computed https://github.com/apple/swift-collections.git at 1.3.0 (0.50s)
2026-02-27T22:51:54.1545041Z Computing version for https://github.com/apple/swift-atomics.git
2026-02-27T22:51:54.4913057Z Computed https://github.com/apple/swift-atomics.git at 1.3.0 (0.34s)
2026-02-27T22:51:54.5753516Z Creating working copy for https://github.com/swiftlang/swift-docc-symbolkit
2026-02-27T22:51:54.6284150Z Working copy of https://github.com/swiftlang/swift-docc-symbolkit resolved at 1.0.0
2026-02-27T22:51:54.6367531Z Creating working copy for https://github.com/apple/swift-asn1.git
2026-02-27T22:51:54.6812620Z Working copy of https://github.com/apple/swift-asn1.git resolved at 1.5.1
2026-02-27T22:51:54.6895942Z Creating working copy for https://github.com/apple/swift-docc-plugin.git
2026-02-27T22:51:54.7356730Z Working copy of https://github.com/apple/swift-docc-plugin.git resolved at 1.4.6
2026-02-27T22:51:54.7440997Z Creating working copy for https://github.com/apple/swift-system.git
2026-02-27T22:51:54.7789903Z Working copy of https://github.com/apple/swift-system.git resolved at 1.6.4
2026-02-27T22:51:54.7878383Z Creating working copy for https://github.com/apple/swift-nio.git
2026-02-27T22:51:54.9330691Z Working copy of https://github.com/apple/swift-nio.git resolved at 2.95.0
2026-02-27T22:51:54.9416938Z Creating working copy for https://github.com/apple/swift-atomics.git
2026-02-27T22:51:54.9872315Z Working copy of https://github.com/apple/swift-atomics.git resolved at 1.3.0
2026-02-27T22:51:54.9954401Z Creating working copy for https://github.com/apple/swift-log.git
2026-02-27T22:51:55.0258322Z Working copy of https://github.com/apple/swift-log.git resolved at 1.10.1
2026-02-27T22:51:55.0342571Z Creating working copy for https://github.com/apple/swift-nio-ssl.git
2026-02-27T22:51:55.1886317Z Working copy of https://github.com/apple/swift-nio-ssl.git resolved at 2.36.0
2026-02-27T22:51:55.1973038Z Creating working copy for https://github.com/apple/swift-collections.git
2026-02-27T22:51:55.3454053Z Working copy of https://github.com/apple/swift-collections.git resolved at 1.3.0
2026-02-27T22:51:55.3542291Z Creating working copy for https://github.com/apple/swift-crypto.git
2026-02-27T22:51:55.6007530Z Working copy of https://github.com/apple/swift-crypto.git resolved at 3.15.1
2026-02-27T22:52:04.9322866Z [1/1] Compiling plugin Swift-DocC
2026-02-27T22:52:08.8619600Z [2/2] Compiling plugin Swift-DocC Preview
2026-02-27T22:52:08.8620546Z Building for debugging...
2026-02-27T22:52:09.1752760Z [2/839] Write sources
2026-02-27T22:52:09.1945446Z [26/839] Compiling CNIOWindows shim.c
2026-02-27T22:52:09.1953192Z [27/839] Compiling CNIOWindows WSAStartup.c
2026-02-27T22:52:09.2030569Z [28/839] Compiling _AtomicsShims.c
2026-02-27T22:52:09.2131305Z [29/839] Compiling CNIOWASI CNIOWASI.c
2026-02-27T22:52:09.2181374Z [30/839] Compiling CNIOPosix event_loop_id.c
2026-02-27T22:52:09.2199286Z [31/839] Compiling CNIOOpenBSD shim.c
2026-02-27T22:52:09.2345219Z [32/839] Compiling CNIODarwin shim.c
2026-02-27T22:52:09.2353018Z [33/839] Compiling CNIOLinux liburing_shims.c
2026-02-27T22:52:09.2693885Z [34/839] Compiling fiat_p256_adx_sqr.S
2026-02-27T22:52:09.3133896Z [35/839] Compiling fiat_p256_adx_mul.S
2026-02-27T22:52:09.3591706Z [36/839] Compiling fiat_curve25519_adx_square.S
2026-02-27T22:52:09.3834492Z [37/839] Compiling CNIOLinux shim.c
2026-02-27T22:52:09.4003931Z [38/839] Compiling fiat_curve25519_adx_mul.S
2026-02-27T22:52:09.4630884Z [39/839] Write swift-version-B948D857FCC5015.txt
2026-02-27T22:52:09.5692092Z [40/839] Compiling CNIOBoringSSLShims shims.c
2026-02-27T22:52:11.9277908Z [41/843] Compiling tls_record.cc
2026-02-27T22:52:11.9332256Z [42/843] Compiling tls_method.cc
2026-02-27T22:52:12.1961296Z [43/849] Compiling tls13_server.cc
2026-02-27T22:52:13.4340642Z [45/863] Emitting module InternalCollectionsUtilities
2026-02-27T22:52:14.3220668Z [46/867] Compiling _NIOBase64 Base64.swift
2026-02-27T22:52:14.3222670Z [47/867] Emitting module _NIOBase64
2026-02-27T22:52:14.3437782Z [48/868] Compiling InternalCollectionsUtilities UnsafeBufferPointer+Extras.swift
2026-02-27T22:52:14.3439218Z [49/868] Compiling InternalCollectionsUtilities UnsafeMutableBufferPointer+Extras.swift
2026-02-27T22:52:14.3440777Z [50/868] Compiling InternalCollectionsUtilities UnsafeMutableRawBufferPointer+Extras.swift
2026-02-27T22:52:14.3441982Z [51/868] Compiling InternalCollectionsUtilities UnsafeRawBufferPointer+Extras.swift
2026-02-27T22:52:14.4031120Z [52/868] Compiling _NIODataStructures _TinyArray.swift
2026-02-27T22:52:14.4149596Z [53/868] Compiling InternalCollectionsUtilities FixedWidthInteger+roundUpToPowerOfTwo.swift
2026-02-27T22:52:14.4155670Z [54/868] Compiling InternalCollectionsUtilities Integer rank.swift
2026-02-27T22:52:14.4191640Z [55/868] Compiling InternalCollectionsUtilities UInt+first and last set bit.swift
2026-02-27T22:52:14.4192810Z [56/868] Compiling InternalCollectionsUtilities UInt+reversed.swift
2026-02-27T22:52:14.4193832Z [57/868] Compiling InternalCollectionsUtilities _UnsafeBitSet+Index.swift
2026-02-27T22:52:14.4269117Z [58/868] Compiling InternalCollectionsUtilities Debugging.swift
2026-02-27T22:52:14.4275388Z [59/868] Compiling InternalCollectionsUtilities Descriptions.swift
2026-02-27T22:52:14.4281225Z [60/868] Compiling InternalCollectionsUtilities LifetimeOverride.swift
2026-02-27T22:52:14.4286894Z [61/868] Compiling InternalCollectionsUtilities RandomAccessCollection+Offsets.swift
2026-02-27T22:52:14.4292953Z [62/868] Compiling InternalCollectionsUtilities _UnsafeBitSet+_Word.swift
2026-02-27T22:52:14.4298469Z [63/868] Compiling InternalCollectionsUtilities _UnsafeBitSet.swift
2026-02-27T22:52:14.4304220Z [64/868] Compiling InternalCollectionsUtilities _SortedCollection.swift
2026-02-27T22:52:14.4310312Z [65/868] Compiling InternalCollectionsUtilities _UniqueCollection.swift
2026-02-27T22:52:14.5493833Z [67/869] Wrapping AST for _NIOBase64 for debugging
2026-02-27T22:52:15.0860816Z [69/882] Emitting module Logging
2026-02-27T22:52:15.1021912Z [70/883] Emitting module _NIODataStructures
2026-02-27T22:52:15.1022778Z [71/883] Compiling _NIODataStructures Heap.swift
2026-02-27T22:52:15.1023485Z [72/883] Compiling _NIODataStructures PriorityQueue.swift
2026-02-27T22:52:15.4098820Z [74/884] Compiling Logging MetadataProvider.swift
2026-02-27T22:52:15.5167748Z [74/884] Wrapping AST for InternalCollectionsUtilities for debugging
2026-02-27T22:52:15.6423374Z [75/884] Wrapping AST for _NIODataStructures for debugging
2026-02-27T22:52:16.0644786Z [77/884] Compiling Logging Locks.swift
2026-02-27T22:52:16.0645907Z [78/884] Compiling Logging LogHandler.swift
2026-02-27T22:52:16.0651763Z [79/884] Compiling Logging Logging.swift
2026-02-27T22:52:16.2506963Z [81/885] Compiling DequeModule Deque+Testing.swift
2026-02-27T22:52:16.2552642Z [82/885] Compiling DequeModule Deque._Storage.swift
2026-02-27T22:52:16.2553763Z [83/885] Compiling DequeModule Deque._UnsafeHandle.swift
2026-02-27T22:52:16.2557781Z [84/885] Compiling DequeModule Deque.swift
2026-02-27T22:52:16.2560373Z [85/885] Compiling DequeModule Deque+Equatable.swift
2026-02-27T22:52:16.2561067Z [86/885] Compiling DequeModule Deque+ExpressibleByArrayLiteral.swift
2026-02-27T22:52:16.2562080Z [87/885] Compiling DequeModule Deque+Extras.swift
2026-02-27T22:52:16.2562683Z [88/885] Compiling DequeModule Deque+Hashable.swift
2026-02-27T22:52:16.2563229Z [89/885] Compiling DequeModule Deque+Codable.swift
2026-02-27T22:52:16.2563787Z [90/885] Compiling DequeModule Deque+Collection.swift
2026-02-27T22:52:16.2564412Z [91/885] Compiling DequeModule Deque+CustomReflectable.swift
2026-02-27T22:52:16.2565089Z [92/885] Compiling DequeModule Deque+Descriptions.swift
2026-02-27T22:52:16.2702610Z [93/889] Emitting module DequeModule
2026-02-27T22:52:16.3533393Z [93/889] Wrapping AST for Logging for debugging
2026-02-27T22:52:16.6687909Z [94/889] Compiling tls13_enc.cc
2026-02-27T22:52:16.7751155Z [96/889] Compiling DequeModule _DequeBuffer.swift
2026-02-27T22:52:16.7752923Z [97/889] Compiling DequeModule _DequeBufferHeader.swift
2026-02-27T22:52:16.7753783Z [98/889] Compiling DequeModule _DequeSlot.swift
2026-02-27T22:52:16.7754623Z [99/889] Compiling DequeModule _UnsafeWrappedBuffer.swift
2026-02-27T22:52:17.4606828Z [100/890] Compiling tls13_client.cc
2026-02-27T22:52:17.5613110Z [101/890] Wrapping AST for DequeModule for debugging
2026-02-27T22:52:18.0730290Z [102/890] Compiling tls13_both.cc
2026-02-27T22:52:18.2088471Z [103/890] Compiling t1_enc.cc
2026-02-27T22:52:18.7548460Z [104/890] Compiling ssl_x509.cc
2026-02-27T22:52:19.1387959Z [105/890] Compiling ssl_versions.cc
2026-02-27T22:52:19.6071927Z [106/890] Compiling ssl_transcript.cc
2026-02-27T22:52:19.7637704Z [107/890] Compiling ssl_stat.cc
2026-02-27T22:52:20.5738502Z [108/890] Compiling ssl_session.cc
2026-02-27T22:52:20.8078297Z [109/890] Compiling ssl_privkey.cc
2026-02-27T22:52:21.5400383Z [110/890] Compiling ssl_key_share.cc
2026-02-27T22:52:21.8718248Z [111/890] Compiling ssl_lib.cc
2026-02-27T22:52:22.1898316Z [112/890] Compiling ssl_file.cc
2026-02-27T22:52:22.5561165Z [113/890] Compiling ssl_credential.cc
2026-02-27T22:52:23.2018050Z [114/890] Compiling ssl_cipher.cc
2026-02-27T22:52:23.6077967Z [115/890] Compiling ssl_cert.cc
2026-02-27T22:52:23.7288396Z [116/890] Compiling ssl_buffer.cc
2026-02-27T22:52:24.1818404Z [117/890] Compiling ssl_asn1.cc
2026-02-27T22:52:24.8158072Z [118/890] Compiling ssl_aead_ctx.cc
2026-02-27T22:52:25.1658079Z [119/890] Compiling s3_pkt.cc
2026-02-27T22:52:25.3788149Z [120/890] Compiling s3_lib.cc
2026-02-27T22:52:25.8327564Z [121/890] Compiling s3_both.cc
2026-02-27T22:52:26.7760527Z [122/890] Compiling handshake_server.cc
2026-02-27T22:52:27.0191181Z [123/890] Compiling handshake_client.cc
2026-02-27T22:52:27.1368089Z [124/890] Compiling handshake.cc
2026-02-27T22:52:27.6729618Z [125/890] Compiling handoff.cc
2026-02-27T22:52:28.7958959Z [126/890] Compiling encrypted_client_hello.cc
2026-02-27T22:52:28.8069533Z [127/890] Compiling dtls_record.cc
2026-02-27T22:52:28.8528577Z [128/890] Compiling extensions.cc
2026-02-27T22:52:29.3148148Z [129/890] Compiling dtls_method.cc
2026-02-27T22:52:30.3418192Z [130/890] Compiling d1_srtp.cc
2026-02-27T22:52:30.3928298Z [131/890] Compiling d1_pkt.cc
2026-02-27T22:52:30.4454329Z [132/890] Compiling md5-x86_64-linux.S
2026-02-27T22:52:30.4944009Z [133/890] Compiling md5-x86_64-apple.S
2026-02-27T22:52:30.5433688Z [134/890] Compiling md5-586-linux.S
2026-02-27T22:52:30.5888562Z [135/890] Compiling d1_lib.cc
2026-02-27T22:52:30.5933092Z [136/890] Compiling md5-586-apple.S
2026-02-27T22:52:30.7004214Z [137/890] Compiling chacha20_poly1305_x86_64-linux.S
2026-02-27T22:52:30.7496163Z [138/890] Compiling chacha20_poly1305_x86_64-apple.S
2026-02-27T22:52:30.7984379Z [139/890] Compiling chacha20_poly1305_armv8-win.S
2026-02-27T22:52:30.8493354Z [140/890] Compiling chacha20_poly1305_armv8-linux.S
2026-02-27T22:52:30.9096925Z [141/890] Compiling chacha20_poly1305_armv8-apple.S
2026-02-27T22:52:30.9677470Z [142/890] Compiling chacha-x86_64-linux.S
2026-02-27T22:52:30.9740979Z [143/890] Compiling err_data.cc
2026-02-27T22:52:31.0302594Z [144/890] Compiling chacha-x86_64-apple.S
2026-02-27T22:52:31.0573769Z [145/890] Compiling chacha-x86-linux.S
2026-02-27T22:52:31.0756798Z [146/890] Compiling chacha-x86-apple.S
2026-02-27T22:52:31.1154160Z [147/890] Compiling chacha-armv8-win.S
2026-02-27T22:52:31.1573629Z [148/890] Compiling chacha-armv8-apple.S
2026-02-27T22:52:31.1725192Z [149/890] Compiling chacha-armv8-linux.S
2026-02-27T22:52:31.1928641Z [150/890] Compiling d1_both.cc
2026-02-27T22:52:31.2012624Z [151/890] Compiling chacha-armv4-linux.S
2026-02-27T22:52:31.2485020Z [152/890] Compiling aes128gcmsiv-x86_64-apple.S
2026-02-27T22:52:31.2592874Z [153/890] Compiling x86_64-mont5-linux.S
2026-02-27T22:52:31.2665464Z [154/890] Compiling bio_ssl.cc
2026-02-27T22:52:31.2743196Z [155/890] Compiling aes128gcmsiv-x86_64-linux.S
2026-02-27T22:52:31.3123859Z [156/890] Compiling x86_64-mont5-apple.S
2026-02-27T22:52:31.3152580Z [157/890] Compiling x86-mont-linux.S
2026-02-27T22:52:31.3203298Z [158/890] Compiling x86_64-mont-linux.S
2026-02-27T22:52:31.3314141Z [159/890] Compiling x86_64-mont-apple.S
2026-02-27T22:52:31.3613553Z [160/890] Compiling x86-mont-apple.S
2026-02-27T22:52:31.3640651Z [161/890] Compiling vpaes-x86_64-linux.S
2026-02-27T22:52:31.3646780Z [162/890] Compiling vpaes-x86_64-apple.S
2026-02-27T22:52:31.4043702Z [163/890] Compiling vpaes-x86-linux.S
2026-02-27T22:52:31.4173277Z [164/890] Compiling vpaes-armv8-win.S
2026-02-27T22:52:31.4252313Z [165/890] Compiling vpaes-armv8-linux.S
2026-02-27T22:52:31.4272591Z [166/890] Compiling vpaes-x86-apple.S
2026-02-27T22:52:31.4623928Z [167/890] Compiling vpaes-armv7-linux.S
2026-02-27T22:52:31.4693599Z [168/890] Compiling vpaes-armv8-apple.S
2026-02-27T22:52:31.4746361Z [169/890] Compiling sha512-x86_64-apple.S
2026-02-27T22:52:31.5113818Z [170/890] Compiling sha512-x86_64-linux.S
2026-02-27T22:52:31.5160492Z [171/890] Compiling sha512-armv8-linux.S
2026-02-27T22:52:31.5241167Z [172/890] Compiling sha512-armv8-win.S
2026-02-27T22:52:31.5544390Z [173/890] Compiling sha512-armv8-apple.S
2026-02-27T22:52:31.5653301Z [174/890] Compiling sha512-armv4-linux.S
2026-02-27T22:52:31.5702987Z [175/890] Compiling sha512-586-linux.S
2026-02-27T22:52:31.5811722Z [176/890] Compiling sha512-586-apple.S
2026-02-27T22:52:31.6108903Z [177/890] Compiling sha256-x86_64-apple.S
2026-02-27T22:52:31.6233672Z [178/890] Compiling sha256-armv8-win.S
2026-02-27T22:52:31.6363508Z [179/890] Compiling sha256-x86_64-linux.S
2026-02-27T22:52:31.6472880Z [180/890] Compiling sha256-armv8-linux.S
2026-02-27T22:52:31.6881853Z [181/890] Compiling sha256-armv8-apple.S
2026-02-27T22:52:31.7013681Z [182/890] Compiling sha256-armv4-linux.S
2026-02-27T22:52:31.7194849Z [183/890] Compiling sha256-586-apple.S
2026-02-27T22:52:31.7351023Z [184/890] Compiling sha256-586-linux.S
2026-02-27T22:52:31.7723670Z [185/890] Compiling sha1-x86_64-apple.S
2026-02-27T22:52:31.7759515Z [186/890] Compiling sha1-x86_64-linux.S
2026-02-27T22:52:31.7844024Z [187/890] Compiling sha1-armv8-linux.S
2026-02-27T22:52:31.7984792Z [188/890] Compiling sha1-armv8-win.S
2026-02-27T22:52:31.8192020Z [189/890] Compiling sha1-armv8-apple.S
2026-02-27T22:52:31.8381176Z [190/890] Compiling sha1-586-linux.S
2026-02-27T22:52:31.8407844Z [191/890] Compiling sha1-armv4-large-linux.S
2026-02-27T22:52:31.8460617Z [192/890] Compiling sha1-586-apple.S
2026-02-27T22:52:31.8772393Z [193/890] Compiling rsaz-avx2-apple.S
2026-02-27T22:52:31.8894908Z [194/890] Compiling rdrand-x86_64-apple.S
2026-02-27T22:52:31.9013086Z [195/890] Compiling rsaz-avx2-linux.S
2026-02-27T22:52:31.9132722Z [196/890] Compiling rdrand-x86_64-linux.S
2026-02-27T22:52:31.9281523Z [197/890] Compiling p256_beeu-x86_64-asm-linux.S
2026-02-27T22:52:31.9487273Z [198/890] Compiling p256_beeu-armv8-asm-win.S
2026-02-27T22:52:31.9544511Z [199/890] Compiling p256_beeu-x86_64-asm-apple.S
2026-02-27T22:52:31.9720899Z [200/890] Compiling p256_beeu-armv8-asm-apple.S
2026-02-27T22:52:31.9903620Z [201/890] Compiling p256_beeu-armv8-asm-linux.S
2026-02-27T22:52:32.0173150Z [202/890] Compiling p256-armv8-asm-win.S
2026-02-27T22:52:32.0231033Z [203/890] Compiling p256-x86_64-asm-apple.S
2026-02-27T22:52:32.0342980Z [204/890] Compiling p256-armv8-asm-linux.S
2026-02-27T22:52:32.0481296Z [205/890] Compiling p256-x86_64-asm-linux.S
2026-02-27T22:52:32.0703731Z [206/890] Compiling p256-armv8-asm-apple.S
2026-02-27T22:52:32.0795318Z [207/890] Compiling ghashv8-armv8-win.S
2026-02-27T22:52:32.0884984Z [208/890] Compiling ghashv8-armv8-linux.S
2026-02-27T22:52:32.1141604Z [209/890] Compiling ghashv8-armv8-apple.S
2026-02-27T22:52:32.1192910Z [210/890] Compiling ghashv8-armv7-linux.S
2026-02-27T22:52:32.1343805Z [211/890] Compiling ghash-x86_64-linux.S
2026-02-27T22:52:32.1623735Z [212/890] Compiling ghash-x86_64-apple.S
2026-02-27T22:52:32.1722972Z [213/890] Compiling ghash-x86-apple.S
2026-02-27T22:52:32.1857717Z [214/890] Compiling ghash-x86-linux.S
2026-02-27T22:52:32.1890731Z [215/890] Compiling ghash-ssse3-x86_64-linux.S
2026-02-27T22:52:32.2103597Z [216/890] Compiling ghash-ssse3-x86_64-apple.S
2026-02-27T22:52:32.2171805Z [217/890] Compiling ghash-ssse3-x86-linux.S
2026-02-27T22:52:32.2523606Z [218/890] Compiling ghash-neon-armv8-linux.S
2026-02-27T22:52:32.2528813Z [218/890] Compiling ghash-neon-armv8-win.S
2026-02-27T22:52:32.2572458Z [220/890] Compiling ghash-ssse3-x86-apple.S
2026-02-27T22:52:32.2802634Z [221/890] Compiling ghash-neon-armv8-apple.S
2026-02-27T22:52:32.3010821Z [222/890] Compiling ghash-armv4-linux.S
2026-02-27T22:52:32.3167190Z [223/890] Compiling co-586-linux.S
2026-02-27T22:52:32.3211107Z [224/890] Compiling co-586-apple.S
2026-02-27T22:52:32.3340017Z [225/890] Compiling bsaes-armv7-linux.S
2026-02-27T22:52:32.3410671Z [226/890] Compiling bn-armv8-win.S
2026-02-27T22:52:32.3694406Z [227/890] Compiling bn-armv8-linux.S
2026-02-27T22:52:32.3814831Z [228/890] Compiling bn-armv8-apple.S
2026-02-27T22:52:32.3875346Z [229/890] Compiling bn-586-apple.S
2026-02-27T22:52:32.3875809Z [229/890] Compiling bn-586-linux.S
2026-02-27T22:52:32.4333358Z [231/890] Compiling armv8-mont-win.S
2026-02-27T22:52:32.4393038Z [232/890] Compiling armv8-mont-apple.S
2026-02-27T22:52:32.4433484Z [233/890] Compiling armv8-mont-linux.S
2026-02-27T22:52:32.4462558Z [234/890] Compiling armv4-mont-linux.S
2026-02-27T22:52:32.4757396Z [235/890] Compiling aesv8-gcm-armv8-win.S
2026-02-27T22:52:32.5010993Z [236/890] Compiling aesv8-gcm-armv8-linux.S
2026-02-27T22:52:32.5022453Z [237/890] Compiling aesv8-gcm-armv8-apple.S
2026-02-27T22:52:32.5187840Z [238/890] Compiling aesv8-armv8-linux.S
2026-02-27T22:52:32.5193501Z [239/890] Compiling aesv8-armv8-win.S
2026-02-27T22:52:32.5563879Z [240/890] Compiling aesv8-armv7-linux.S
2026-02-27T22:52:32.5621324Z [241/890] Compiling aesv8-armv8-apple.S
2026-02-27T22:52:32.5722654Z [242/890] Compiling aesni-x86_64-linux.S
2026-02-27T22:52:32.5953469Z [243/890] Compiling aesni-x86_64-apple.S
2026-02-27T22:52:32.6173845Z [244/890] Compiling aesni-x86-linux.S
2026-02-27T22:52:32.6237080Z [245/890] Compiling aesni-x86-apple.S
2026-02-27T22:52:32.6363747Z [246/890] Compiling aesni-gcm-x86_64-linux.S
2026-02-27T22:52:32.6442481Z [247/890] Compiling aesni-gcm-x86_64-apple.S
2026-02-27T22:52:32.6713750Z [248/890] Compiling aes-gcm-avx2-x86_64-apple.S
2026-02-27T22:52:32.6904558Z [249/890] Compiling aes-gcm-avx10-x86_64-linux.S
2026-02-27T22:52:32.7007746Z [250/890] Compiling aes-gcm-avx2-x86_64-linux.S
2026-02-27T22:52:32.7040795Z [251/890] Compiling aes-gcm-avx10-x86_64-apple.S
2026-02-27T22:52:33.6227826Z [252/890] Compiling x_x509a.cc
2026-02-27T22:52:33.7157616Z [253/890] Compiling x_spki.cc
2026-02-27T22:52:33.7572108Z [254/890] Compiling x_x509.cc
2026-02-27T22:52:34.0241324Z [255/890] Compiling x_val.cc
2026-02-27T22:52:34.5166765Z [256/890] Compiling x_pubkey.cc
2026-02-27T22:52:34.5466605Z [257/890] Compiling x_sig.cc
2026-02-27T22:52:34.9717918Z [258/890] Compiling x_req.cc
2026-02-27T22:52:35.2236386Z [259/890] Compiling x_exten.cc
2026-02-27T22:52:35.3655353Z [260/890] Compiling x_name.cc
2026-02-27T22:52:35.7447908Z [261/890] Compiling x_crl.cc
2026-02-27T22:52:36.0474789Z [262/890] Compiling x_all.cc
2026-02-27T22:52:36.0696094Z [263/890] Compiling x_attrib.cc
2026-02-27T22:52:36.6287670Z [264/890] Compiling x_algor.cc
2026-02-27T22:52:36.7978197Z [265/890] Compiling x509spki.cc
2026-02-27T22:52:37.0166682Z [266/890] Compiling x509name.cc
2026-02-27T22:52:37.0903571Z [267/890] Compiling x509rset.cc
2026-02-27T22:52:37.8700174Z [268/890] Compiling x509_v3.cc
2026-02-27T22:52:37.9243568Z [269/890] Compiling x509cset.cc
2026-02-27T22:52:37.9253989Z [270/890] Compiling x509_vpm.cc
2026-02-27T22:52:38.0906757Z [271/890] Compiling x509_vfy.cc
2026-02-27T22:52:38.9086551Z [272/890] Compiling x509_txt.cc
2026-02-27T22:52:39.0346981Z [273/890] Compiling x509_req.cc
2026-02-27T22:52:39.0458039Z [274/890] Compiling x509_set.cc
2026-02-27T22:52:39.1401631Z [275/890] Compiling x509_trs.cc
2026-02-27T22:52:39.8017583Z [276/890] Compiling x509_obj.cc
2026-02-27T22:52:39.9706935Z [277/890] Compiling x509_def.cc
2026-02-27T22:52:39.9886543Z [278/890] Compiling x509_ext.cc
2026-02-27T22:52:40.0129596Z [279/890] Compiling x509_lu.cc
2026-02-27T22:52:40.6197595Z [280/890] Compiling x509_d2.cc
2026-02-27T22:52:40.8607244Z [281/890] Compiling x509.cc
2026-02-27T22:52:40.8908927Z [282/890] Compiling x509_att.cc
2026-02-27T22:52:40.9027056Z [283/890] Compiling x509_cmp.cc
2026-02-27T22:52:41.6157763Z [284/890] Compiling v3_utl.cc
2026-02-27T22:52:41.7637342Z [285/890] Compiling v3_prn.cc
2026-02-27T22:52:41.7649245Z [286/890] Compiling v3_skey.cc
2026-02-27T22:52:41.8728982Z [287/890] Compiling v3_purp.cc
2026-02-27T22:52:42.5287789Z [288/890] Compiling v3_pmaps.cc
2026-02-27T22:52:42.5709189Z [289/890] Compiling v3_ocsp.cc
2026-02-27T22:52:42.6737456Z [290/890] Compiling v3_pcons.cc
2026-02-27T22:52:42.8208116Z [291/890] Compiling v3_ncons.cc
2026-02-27T22:52:43.3929497Z [292/890] Compiling v3_int.cc
2026-02-27T22:52:43.4547764Z [293/890] Compiling v3_lib.cc
2026-02-27T22:52:43.5937580Z [294/890] Compiling v3_info.cc
2026-02-27T22:52:43.7189583Z [295/890] Compiling v3_ia5.cc
2026-02-27T22:52:44.3107763Z [296/890] Compiling v3_genn.cc
2026-02-27T22:52:44.3667481Z [297/890] Compiling v3_extku.cc
2026-02-27T22:52:44.5067571Z [298/890] Compiling v3_enum.cc
2026-02-27T22:52:44.6818218Z [299/890] Compiling v3_crld.cc
2026-02-27T22:52:45.2338163Z [300/890] Compiling v3_cpols.cc
2026-02-27T22:52:45.2987431Z [301/890] Compiling v3_conf.cc
2026-02-27T22:52:45.3957422Z [302/890] Compiling v3_bitst.cc
2026-02-27T22:52:45.6087943Z [303/890] Compiling v3_bcons.cc
2026-02-27T22:52:46.1547568Z [304/890] Compiling v3_alt.cc
2026-02-27T22:52:46.2227341Z [305/890] Compiling v3_akeya.cc
2026-02-27T22:52:46.3518600Z [306/890] Compiling v3_akey.cc
2026-02-27T22:52:46.5401064Z [307/890] Compiling t_x509a.cc
2026-02-27T22:52:47.0740246Z [308/890] Compiling t_x509.cc
2026-02-27T22:52:47.1340152Z [309/890] Compiling t_req.cc
2026-02-27T22:52:47.1987471Z [310/890] Compiling t_crl.cc
2026-02-27T22:52:47.4698039Z [311/890] Compiling rsa_pss.cc
2026-02-27T22:52:47.7506524Z [312/890] Compiling i2d_pr.cc
2026-02-27T22:52:47.9698779Z [313/890] Compiling name_print.cc
2026-02-27T22:52:48.0137791Z [314/890] Compiling policy.cc
2026-02-27T22:52:48.3927497Z [315/890] Compiling by_file.cc
2026-02-27T22:52:48.6967689Z [316/890] Compiling by_dir.cc
2026-02-27T22:52:48.9128100Z [317/890] Compiling asn1_gen.cc
2026-02-27T22:52:48.9197390Z [318/890] Compiling algorithm.cc
2026-02-27T22:52:49.3018171Z [319/890] Compiling a_verify.cc
2026-02-27T22:52:49.5777483Z [320/890] Compiling voprf.cc
2026-02-27T22:52:49.5896632Z [321/890] Compiling a_sign.cc
2026-02-27T22:52:49.7417392Z [322/890] Compiling a_digest.cc
2026-02-27T22:52:49.9808820Z [323/890] Compiling trust_token.cc
2026-02-27T22:52:50.0058596Z [324/890] Compiling thread_win.cc
2026-02-27T22:52:50.1749073Z [325/890] Compiling thread_pthread.cc
2026-02-27T22:52:50.2789166Z [326/890] Compiling pmbtoken.cc
2026-02-27T22:52:50.3606267Z [327/890] Compiling thread.cc
2026-02-27T22:52:50.3796461Z [328/890] Compiling thread_none.cc
2026-02-27T22:52:50.6286764Z [329/890] Compiling stack.cc
2026-02-27T22:52:50.8156825Z [330/890] Compiling siphash.cc
2026-02-27T22:52:50.8225042Z [331/890] Compiling slhdsa.cc
2026-02-27T22:52:50.9390668Z [332/890] Compiling spake2plus.cc
2026-02-27T22:52:50.9916385Z [333/890] Compiling sha512.cc
2026-02-27T22:52:51.1906531Z [334/890] Compiling sha256.cc
2026-02-27T22:52:51.2055674Z [335/890] Compiling sha1.cc
2026-02-27T22:52:51.3946160Z [336/890] Compiling rsa_extra.cc
2026-02-27T22:52:51.4055189Z [337/890] Compiling rsa_print.cc
2026-02-27T22:52:51.7316441Z [338/890] Compiling rsa_crypt.cc
2026-02-27T22:52:51.7566116Z [339/890] Compiling rc4.cc
2026-02-27T22:52:51.7677843Z [340/890] Compiling rsa_asn1.cc
2026-02-27T22:52:51.8241777Z [341/890] Compiling refcount.cc
2026-02-27T22:52:52.1099848Z [342/890] Compiling trusty.cc
2026-02-27T22:52:52.1566456Z [343/890] Compiling windows.cc
2026-02-27T22:52:52.2036528Z [344/890] Compiling rand.cc
2026-02-27T22:52:52.2166240Z [345/890] Compiling urandom.cc
2026-02-27T22:52:52.5156244Z [346/890] Compiling ios.cc
2026-02-27T22:52:52.5325571Z [347/890] Compiling passive.cc
2026-02-27T22:52:52.5555053Z [348/890] Compiling getentropy.cc
2026-02-27T22:52:52.6596598Z [349/890] Compiling forkunsafe.cc
2026-02-27T22:52:52.8815355Z [350/890] Compiling deterministic.cc
2026-02-27T22:52:52.9215724Z [351/890] Compiling poly1305_arm_asm.S
2026-02-27T22:52:52.9608879Z [352/890] Compiling fork_detect.cc
2026-02-27T22:52:53.0946500Z [353/890] Compiling pool.cc
2026-02-27T22:52:53.2446818Z [354/890] Compiling poly1305_vec.cc
2026-02-27T22:52:53.3386641Z [355/890] Compiling poly1305_arm.cc
2026-02-27T22:52:53.3686464Z [356/890] Compiling poly1305.cc
2026-02-27T22:52:54.0618063Z [357/890] Compiling pkcs8_x509.cc
2026-02-27T22:52:54.1637705Z [358/890] Compiling pkcs8.cc
2026-02-27T22:52:54.2430167Z [359/890] Compiling p5_pbev2.cc
2026-02-27T22:52:54.2768161Z [360/890] Compiling pkcs7_x509.cc
2026-02-27T22:52:54.5586303Z [361/890] Compiling pkcs7.cc
2026-02-27T22:52:55.0047380Z [362/890] Compiling pem_xaux.cc
2026-02-27T22:52:55.0757405Z [363/890] Compiling pem_x509.cc
2026-02-27T22:52:55.1317925Z [364/890] Compiling pem_pkey.cc
2026-02-27T22:52:55.4807568Z [365/890] Compiling pem_pk8.cc
2026-02-27T22:52:55.8497330Z [366/890] Compiling pem_oth.cc
2026-02-27T22:52:55.9957604Z [367/890] Compiling pem_info.cc
2026-02-27T22:52:56.0116854Z [368/890] Compiling pem_lib.cc
2026-02-27T22:52:56.3826514Z [369/890] Compiling obj_xref.cc
2026-02-27T22:52:56.3934981Z [370/890] Compiling mlkem.cc
2026-02-27T22:52:56.4217113Z [371/890] Compiling pem_all.cc
2026-02-27T22:52:56.7247026Z [372/890] Compiling obj.cc
2026-02-27T22:52:56.7314738Z [373/890] Compiling mldsa.cc
2026-02-27T22:52:56.8547577Z [374/890] Compiling mem.cc
2026-02-27T22:52:56.8630446Z [375/890] Compiling md5.cc
2026-02-27T22:52:57.1695610Z [376/890] Compiling lhash.cc
2026-02-27T22:52:57.1724343Z [377/890] Compiling md4.cc
2026-02-27T22:52:57.2754123Z [378/890] Compiling poly_rq_mul.S
2026-02-27T22:52:57.2993385Z [379/890] Compiling fips_shared_support.cc
2026-02-27T22:52:57.4276377Z [380/890] Compiling kyber.cc
2026-02-27T22:52:57.5288213Z [381/890] Compiling hrss.cc
2026-02-27T22:52:57.7977602Z [382/890] Compiling hpke.cc
2026-02-27T22:52:57.8536291Z [383/890] Compiling ex_data.cc
2026-02-27T22:52:57.9786385Z [384/890] Compiling sign.cc
2026-02-27T22:52:58.2946841Z [385/890] Compiling scrypt.cc
2026-02-27T22:52:58.4425834Z [386/890] Compiling print.cc
2026-02-27T22:52:58.4455619Z [387/890] Compiling pbkdf.cc
2026-02-27T22:52:58.8757185Z [388/890] Compiling p_x25519_asn1.cc
2026-02-27T22:52:58.8929113Z [389/890] Compiling p_x25519.cc
2026-02-27T22:52:59.0457359Z [390/890] Compiling p_rsa_asn1.cc
2026-02-27T22:52:59.5039561Z [391/890] Compiling p_hkdf.cc
2026-02-27T22:52:59.5317660Z [392/890] Compiling p_rsa.cc
2026-02-27T22:52:59.6277535Z [393/890] Compiling p_ed25519_asn1.cc
2026-02-27T22:52:59.9466701Z [394/890] Compiling p_ed25519.cc
2026-02-27T22:53:00.1006883Z [395/890] Compiling p_ec_asn1.cc
2026-02-27T22:53:00.1767275Z [396/890] Compiling p_ec.cc
2026-02-27T22:53:00.5947913Z [397/890] Compiling p_dh_asn1.cc
2026-02-27T22:53:00.6505838Z [398/890] Compiling p_dh.cc
2026-02-27T22:53:00.6531696Z [399/890] Compiling p_dsa_asn1.cc
2026-02-27T22:53:01.0136050Z [400/890] Compiling bcm.cc
2026-02-27T22:53:01.0457202Z [401/890] Compiling evp_ctx.cc
2026-02-27T22:53:01.1906478Z [402/890] Compiling evp.cc
2026-02-27T22:53:01.3796272Z [403/890] Compiling evp_asn1.cc
2026-02-27T22:53:01.5326142Z [404/890] Compiling engine.cc
2026-02-27T22:53:01.5435436Z [405/890] Compiling err.cc
2026-02-27T22:53:01.8007247Z [406/890] Compiling ecdsa_asn1.cc
2026-02-27T22:53:01.8676832Z [407/890] Compiling ecdh.cc
2026-02-27T22:53:02.0325716Z [408/890] Compiling ec_derive.cc
2026-02-27T22:53:02.0355419Z [409/890] Compiling hash_to_curve.cc
2026-02-27T22:53:02.4077391Z [410/890] Compiling ec_asn1.cc
2026-02-27T22:53:02.4506468Z [411/890] Compiling dsa_asn1.cc
2026-02-27T22:53:02.5806223Z [412/890] Compiling dsa.cc
2026-02-27T22:53:02.6559606Z [413/890] Compiling digest_extra.cc
2026-02-27T22:53:02.8909184Z [414/890] Compiling params.cc
2026-02-27T22:53:03.0116596Z [415/890] Compiling dh_asn1.cc
2026-02-27T22:53:03.1037829Z [416/890] Compiling des.cc
2026-02-27T22:53:03.1433719Z [417/890] Compiling x25519-asm-arm.S
2026-02-27T22:53:03.1987299Z [418/890] Compiling spake25519.cc
2026-02-27T22:53:03.5756119Z [419/890] Compiling crypto.cc
2026-02-27T22:53:03.6336900Z [420/890] Compiling cpu_intel.cc
2026-02-27T22:53:03.7576440Z [421/890] Compiling curve25519.cc
2026-02-27T22:53:03.9887464Z [422/890] Compiling cpu_arm_linux.cc
2026-02-27T22:53:04.0308182Z [423/890] Compiling curve25519_64_adx.cc
2026-02-27T22:53:04.0506237Z [424/890] Compiling cpu_arm_freebsd.cc
2026-02-27T22:53:04.1756446Z [425/890] Compiling cpu_aarch64_win.cc
2026-02-27T22:53:04.3876349Z [426/890] Compiling cpu_aarch64_openbsd.cc
2026-02-27T22:53:04.3965586Z [427/890] Compiling cpu_aarch64_sysreg.cc
2026-02-27T22:53:04.4553913Z [428/890] Compiling cpu_aarch64_linux.cc
2026-02-27T22:53:04.5926131Z [429/890] Compiling cpu_aarch64_fuchsia.cc
2026-02-27T22:53:04.7956889Z [430/890] Compiling cpu_aarch64_apple.cc
2026-02-27T22:53:04.9086506Z [431/890] Compiling conf.cc
2026-02-27T22:53:04.9305568Z [432/890] Compiling tls_cbc.cc
2026-02-27T22:53:05.0226478Z [433/890] Compiling get_cipher.cc
2026-02-27T22:53:05.2787338Z [434/890] Compiling e_tls.cc
2026-02-27T22:53:05.3466856Z [435/890] Compiling e_rc4.cc
2026-02-27T22:53:05.3936796Z [436/890] Compiling e_rc2.cc
2026-02-27T22:53:05.4566394Z [437/890] Compiling e_null.cc
2026-02-27T22:53:05.7284808Z [438/890] Compiling e_des.cc
2026-02-27T22:53:05.7959544Z [439/890] Compiling e_chacha20poly1305.cc
2026-02-27T22:53:05.8777106Z [440/890] Compiling e_aesgcmsiv.cc
2026-02-27T22:53:05.9086457Z [441/890] Compiling e_aesctrhmac.cc
2026-02-27T22:53:06.0765821Z [442/890] Compiling derive_key.cc
2026-02-27T22:53:06.2191406Z [443/890] Compiling chacha.cc
2026-02-27T22:53:06.3346709Z [444/890] Compiling unicode.cc
2026-02-27T22:53:06.5946669Z [445/890] Compiling cbs.cc
2026-02-27T22:53:06.6506556Z [446/890] Compiling cbb.cc
2026-02-27T22:53:06.6956559Z [447/890] Compiling ber.cc
2026-02-27T22:53:06.8587346Z [448/890] Compiling asn1_compat.cc
2026-02-27T22:53:07.0278083Z [449/890] Compiling buf.cc
2026-02-27T22:53:07.1626204Z [450/890] Compiling bn_asn1.cc
2026-02-27T22:53:07.2437031Z [451/890] Compiling convert.cc
2026-02-27T22:53:07.2836197Z [452/890] Compiling blake2.cc
2026-02-27T22:53:07.5147004Z [453/890] Compiling socket_helper.cc
2026-02-27T22:53:07.5966451Z [454/890] Compiling socket.cc
2026-02-27T22:53:07.6426447Z [455/890] Compiling printf.cc
2026-02-27T22:53:07.7566972Z [456/890] Compiling pair.cc
2026-02-27T22:53:07.9820642Z [457/890] Compiling hexdump.cc
2026-02-27T22:53:08.0775542Z [458/890] Compiling file.cc
2026-02-27T22:53:08.1086450Z [459/890] Compiling fd.cc
2026-02-27T22:53:08.1576873Z [460/890] Compiling errno.cc
2026-02-27T22:53:08.4846842Z [461/890] Compiling connect.cc
2026-02-27T22:53:08.5556331Z [462/890] Compiling bio_mem.cc
2026-02-27T22:53:08.5935921Z [463/890] Compiling base64.cc
2026-02-27T22:53:08.6296649Z [464/890] Compiling bio.cc
2026-02-27T22:53:09.0401362Z [465/890] Compiling tasn_typ.cc
2026-02-27T22:53:09.0856097Z [466/890] Compiling tasn_fre.cc
2026-02-27T22:53:09.1137149Z [467/890] Compiling tasn_utl.cc
2026-02-27T22:53:09.2047747Z [468/890] Compiling tasn_new.cc
2026-02-27T22:53:09.5636866Z [469/890] Compiling tasn_enc.cc
2026-02-27T22:53:09.5955778Z [470/890] Compiling posix_time.cc
2026-02-27T22:53:09.6396358Z [471/890] Compiling f_string.cc
2026-02-27T22:53:09.7478157Z [472/890] Compiling tasn_dec.cc
2026-02-27T22:53:09.9998281Z [473/890] Compiling f_int.cc
2026-02-27T22:53:10.0185824Z [474/890] Compiling asn_pack.cc
2026-02-27T22:53:10.0746288Z [475/890] Compiling asn1_par.cc
2026-02-27T22:53:10.3597142Z [476/890] Compiling asn1_lib.cc
2026-02-27T22:53:10.5505407Z [477/890] Compiling a_utctm.cc
2026-02-27T22:53:10.5665980Z [478/890] Compiling a_type.cc
2026-02-27T22:53:10.6182931Z [479/890] Compiling a_time.cc
2026-02-27T22:53:10.9755223Z [480/890] Compiling a_strnid.cc
2026-02-27T22:53:10.9945970Z [481/890] Compiling a_octet.cc
2026-02-27T22:53:11.1587290Z [482/890] Compiling a_strex.cc
2026-02-27T22:53:11.2167391Z [483/890] Compiling a_object.cc
2026-02-27T22:53:11.5287019Z [484/890] Compiling a_mbstr.cc
2026-02-27T22:53:11.6078495Z [485/890] Compiling a_i2d_fp.cc
2026-02-27T22:53:11.6296247Z [486/890] Compiling a_int.cc
2026-02-27T22:53:11.7687032Z [487/890] Compiling a_gentm.cc
2026-02-27T22:53:11.9676303Z [488/890] Compiling a_dup.cc
2026-02-27T22:53:12.0358156Z [489/890] Compiling a_d2i_fp.cc
2026-02-27T22:53:12.1619514Z [490/890] Compiling a_bool.cc
2026-02-27T22:53:12.2677942Z [491/890] Compiling a_bitstr.cc
2026-02-27T22:53:12.3145658Z [492/890] Compiling fiat_p256_adx_sqr.S
2026-02-27T22:53:12.3614335Z [493/890] Compiling fiat_p256_adx_mul.S
2026-02-27T22:53:12.4087046Z [494/890] Compiling fiat_curve25519_adx_square.S
2026-02-27T22:53:12.4573918Z [495/890] Compiling fiat_curve25519_adx_mul.S
2026-02-27T22:53:12.4977236Z [496/890] Compiling CCryptoBoringSSLShims shims.c
2026-02-27T22:53:12.5044035Z [497/890] Compiling md5-x86_64-linux.S
2026-02-27T22:53:12.5433697Z [498/890] Compiling md5-x86_64-apple.S
2026-02-27T22:53:12.5472920Z [499/890] Compiling md5-586-linux.S
2026-02-27T22:53:12.5863906Z [500/890] Compiling md5-586-apple.S
2026-02-27T22:53:12.6944683Z [501/890] Compiling chacha20_poly1305_x86_64-linux.S
2026-02-27T22:53:12.7464085Z [502/890] Compiling chacha20_poly1305_x86_64-apple.S
2026-02-27T22:53:12.7953952Z [503/890] Compiling chacha20_poly1305_armv8-win.S
2026-02-27T22:53:12.8453941Z [504/890] Compiling chacha20_poly1305_armv8-linux.S
2026-02-27T22:53:12.8606282Z [505/890] Compiling err_data.cc
2026-02-27T22:53:12.8924064Z [506/890] Compiling chacha20_poly1305_armv8-apple.S
2026-02-27T22:53:12.9143823Z [507/890] Compiling chacha-x86_64-linux.S
2026-02-27T22:53:12.9354658Z [508/890] Compiling chacha-x86_64-apple.S
2026-02-27T22:53:12.9594614Z [509/890] Compiling chacha-x86-linux.S
2026-02-27T22:53:12.9784134Z [510/890] Compiling chacha-x86-apple.S
2026-02-27T22:53:13.0044266Z [511/890] Compiling chacha-armv8-win.S
2026-02-27T22:53:13.0234168Z [512/890] Compiling chacha-armv8-linux.S
2026-02-27T22:53:13.0484259Z [513/890] Compiling chacha-armv8-apple.S
2026-02-27T22:53:13.0694296Z [514/890] Compiling chacha-armv4-linux.S
2026-02-27T22:53:13.1074899Z [515/890] Compiling aes128gcmsiv-x86_64-linux.S
2026-02-27T22:53:13.1184123Z [516/890] Compiling aes128gcmsiv-x86_64-apple.S
2026-02-27T22:53:13.1663898Z [517/890] Compiling x86_64-mont5-apple.S
2026-02-27T22:53:13.1703654Z [518/890] Compiling x86_64-mont5-linux.S
2026-02-27T22:53:13.2154136Z [519/890] Compiling x86_64-mont-apple.S
2026-02-27T22:53:13.2175864Z [520/890] Compiling x86_64-mont-linux.S
2026-02-27T22:53:13.2605682Z [521/890] Compiling x86-mont-apple.S
2026-02-27T22:53:13.2617939Z [522/890] Compiling x86-mont-linux.S
2026-02-27T22:53:13.3075666Z [523/890] Compiling vpaes-x86_64-apple.S
2026-02-27T22:53:13.3077898Z [523/890] Compiling vpaes-x86_64-linux.S
2026-02-27T22:53:13.3515135Z [525/890] Compiling vpaes-x86-apple.S
2026-02-27T22:53:13.3515927Z [525/890] Compiling vpaes-x86-linux.S
2026-02-27T22:53:13.3974327Z [527/890] Compiling vpaes-armv8-win.S
2026-02-27T22:53:13.3975043Z [527/890] Compiling vpaes-armv8-linux.S
2026-02-27T22:53:13.4410880Z [529/890] Compiling vpaes-armv8-apple.S
2026-02-27T22:53:13.4433078Z [530/890] Compiling vpaes-armv7-linux.S
2026-02-27T22:53:13.4884162Z [531/890] Compiling sha512-x86_64-apple.S
2026-02-27T22:53:13.4984003Z [532/890] Compiling sha512-x86_64-linux.S
2026-02-27T22:53:13.5344378Z [533/890] Compiling sha512-armv8-win.S
2026-02-27T22:53:13.5444421Z [534/890] Compiling sha512-armv8-linux.S
2026-02-27T22:53:13.5804163Z [535/890] Compiling sha512-armv8-apple.S
2026-02-27T22:53:13.5914423Z [536/890] Compiling sha512-armv4-linux.S
2026-02-27T22:53:13.6264309Z [537/890] Compiling sha512-586-linux.S
2026-02-27T22:53:13.6374116Z [538/890] Compiling sha512-586-apple.S
2026-02-27T22:53:13.6843849Z [539/890] Compiling sha256-x86_64-apple.S
2026-02-27T22:53:13.6913605Z [540/890] Compiling sha256-x86_64-linux.S
2026-02-27T22:53:13.7303717Z [541/890] Compiling sha256-armv8-win.S
2026-02-27T22:53:13.7333182Z [542/890] Compiling sha256-armv8-linux.S
2026-02-27T22:53:13.7335832Z [542/890] Compiling c-nioatomics.c
2026-02-27T22:53:13.7763599Z [544/890] Compiling sha256-armv8-apple.S
2026-02-27T22:53:13.7764135Z [544/890] Compiling sha256-586-linux.S
2026-02-27T22:53:13.7766096Z [544/890] Compiling sha256-armv4-linux.S
2026-02-27T22:53:13.8198649Z [547/890] Compiling sha256-586-apple.S
2026-02-27T22:53:13.8230428Z [547/890] Compiling sha1-x86_64-apple.S
2026-02-27T22:53:13.8475221Z [549/890] Compiling sha1-x86_64-linux.S
2026-02-27T22:53:13.8623866Z [550/890] Compiling sha1-armv8-linux.S
2026-02-27T22:53:13.8632472Z [551/890] Compiling sha1-armv8-win.S
2026-02-27T22:53:13.8903849Z [552/890] Compiling sha1-armv8-apple.S
2026-02-27T22:53:13.9061145Z [553/890] Compiling sha1-586-linux.S
2026-02-27T22:53:13.9062812Z [554/890] Compiling sha1-armv4-large-linux.S
2026-02-27T22:53:13.9345200Z [555/890] Compiling sha1-586-apple.S
2026-02-27T22:53:13.9503704Z [556/890] Compiling rsaz-avx2-apple.S
2026-02-27T22:53:13.9584064Z [557/890] Compiling rsaz-avx2-linux.S
2026-02-27T22:53:13.9765402Z [558/890] Compiling rdrand-x86_64-linux.S
2026-02-27T22:53:13.9945094Z [559/890] Compiling rdrand-x86_64-apple.S
2026-02-27T22:53:14.0043970Z [560/890] Compiling p256_beeu-x86_64-asm-linux.S
2026-02-27T22:53:14.0195281Z [561/890] Compiling p256_beeu-x86_64-asm-apple.S
2026-02-27T22:53:14.0396143Z [562/890] Compiling p256_beeu-armv8-asm-win.S
2026-02-27T22:53:14.0476977Z [563/890] Compiling p256_beeu-armv8-asm-linux.S
2026-02-27T22:53:14.0624979Z [564/890] Compiling p256_beeu-armv8-asm-apple.S
2026-02-27T22:53:14.0923739Z [565/890] Compiling p256-x86_64-asm-apple.S
2026-02-27T22:53:14.1033459Z [566/890] Compiling p256-x86_64-asm-linux.S
2026-02-27T22:53:14.1093085Z [567/890] Compiling p256-armv8-asm-win.S
2026-02-27T22:53:14.1364071Z [568/890] Compiling p256-armv8-asm-linux.S
2026-02-27T22:53:14.1390783Z [569/890] Compiling c-atomics.c
2026-02-27T22:53:14.1481665Z [570/890] Compiling p256-armv8-asm-apple.S
2026-02-27T22:53:14.1523095Z [571/890] Compiling ghashv8-armv8-win.S
2026-02-27T22:53:14.1787589Z [572/890] Compiling ghashv8-armv8-apple.S
2026-02-27T22:53:14.1804159Z [573/890] Compiling ghashv8-armv8-linux.S
2026-02-27T22:53:14.1955162Z [574/890] Compiling ghashv8-armv7-linux.S
2026-02-27T22:53:14.2196298Z [575/890] Compiling ghash-x86_64-apple.S
2026-02-27T22:53:14.2272839Z [576/890] Compiling ghash-x86_64-linux.S
2026-02-27T22:53:14.2393459Z [577/890] Compiling ghash-x86-linux.S
2026-02-27T22:53:14.2623567Z [578/890] Compiling ghash-x86-apple.S
2026-02-27T22:53:14.2713664Z [579/890] Compiling ghash-ssse3-x86_64-linux.S
2026-02-27T22:53:14.2823534Z [580/890] Compiling ghash-ssse3-x86_64-apple.S
2026-02-27T22:53:14.3033949Z [581/890] Compiling ghash-ssse3-x86-linux.S
2026-02-27T22:53:14.3143321Z [582/890] Compiling ghash-ssse3-x86-apple.S
2026-02-27T22:53:14.3253623Z [583/890] Compiling ghash-neon-armv8-win.S
2026-02-27T22:53:14.3453650Z [584/890] Compiling ghash-neon-armv8-linux.S
2026-02-27T22:53:14.3573523Z [585/890] Compiling ghash-neon-armv8-apple.S
2026-02-27T22:53:14.3683394Z [586/890] Compiling ghash-armv4-linux.S
2026-02-27T22:53:14.3875413Z [587/890] Compiling co-586-linux.S
2026-02-27T22:53:14.4006854Z [588/895] Compiling co-586-apple.S
2026-02-27T22:53:14.4303151Z [589/896] Compiling bsaes-armv7-linux.S
2026-02-27T22:53:14.4604637Z [590/896] Compiling bn-armv8-win.S
2026-02-27T22:53:14.5076507Z [591/896] Compiling bn-armv8-linux.S
2026-02-27T22:53:14.5103593Z [592/896] Compiling bn-armv8-apple.S
2026-02-27T22:53:14.5448417Z [593/896] Compiling bn-586-linux.S
2026-02-27T22:53:14.5642556Z [594/896] Compiling armv8-mont-win.S
2026-02-27T22:53:14.5713008Z [595/896] Compiling bn-586-apple.S
2026-02-27T22:53:14.6000871Z [596/896] Compiling armv8-mont-linux.S
2026-02-27T22:53:14.6445680Z [597/896] Compiling armv8-mont-apple.S
2026-02-27T22:53:14.6453010Z [598/896] Compiling armv4-mont-linux.S
2026-02-27T22:53:14.6688786Z [599/896] Compiling aesv8-gcm-armv8-win.S
2026-02-27T22:53:14.7163134Z [600/896] Compiling aesv8-gcm-armv8-apple.S
2026-02-27T22:53:14.7390697Z [601/896] Compiling aesv8-gcm-armv8-linux.S
2026-02-27T22:53:14.7554154Z [602/896] Compiling aesv8-armv8-win.S
2026-02-27T22:53:14.7913736Z [603/896] Compiling aesv8-armv8-linux.S
2026-02-27T22:53:14.8172861Z [604/896] Compiling aesv8-armv8-apple.S
2026-02-27T22:53:14.8273479Z [605/896] Compiling aesv8-armv7-linux.S
2026-02-27T22:53:14.8975217Z [606/896] Compiling aesni-x86_64-apple.S
2026-02-27T22:53:14.8976156Z [606/896] Compiling aesni-x86_64-linux.S
2026-02-27T22:53:14.9054810Z [608/896] Compiling aesni-x86-linux.S
2026-02-27T22:53:14.9573795Z [609/896] Compiling aesni-gcm-x86_64-linux.S
2026-02-27T22:53:14.9712779Z [611/896] Compiling NIOConcurrencyHelpers NIOLockedValueBox.swift
2026-02-27T22:53:14.9718474Z [612/896] Compiling NIOConcurrencyHelpers NIOThreadPoolWorkAvailable.swift
2026-02-27T22:53:14.9781276Z [612/897] Compiling aesni-x86-apple.S
2026-02-27T22:53:14.9934953Z [613/897] Compiling aesni-gcm-x86_64-apple.S
2026-02-27T22:53:15.0414858Z [614/897] Compiling aes-gcm-avx512-x86_64-apple.S
2026-02-27T22:53:15.0628059Z [615/897] Compiling aes-gcm-avx512-x86_64-linux.S
2026-02-27T22:53:15.1014615Z [616/897] Compiling aes-gcm-avx2-x86_64-linux.S
2026-02-27T22:53:15.1258465Z [617/897] Compiling aes-gcm-avx2-x86_64-apple.S
2026-02-27T22:53:15.5384913Z [619/897] Compiling NIOConcurrencyHelpers NIOAtomic.swift
2026-02-27T22:53:15.5390036Z [620/897] Compiling NIOConcurrencyHelpers NIOLock.swift
2026-02-27T22:53:15.5442259Z [621/897] Emitting module NIOConcurrencyHelpers
2026-02-27T22:53:15.5447714Z [622/897] Compiling NIOConcurrencyHelpers lock.swift
2026-02-27T22:53:15.6080813Z [623/897] Compiling NIOConcurrencyHelpers atomics.swift
2026-02-27T22:53:15.6955620Z [623/898] Compiling xwing.cc
2026-02-27T22:53:15.8203320Z [625/898] Wrapping AST for NIOConcurrencyHelpers for debugging
2026-02-27T22:53:16.0891715Z [626/898] Compiling x_x509a.cc
2026-02-27T22:53:16.2686343Z [627/898] Compiling x_x509.cc
2026-02-27T22:53:16.6389257Z [628/898] Compiling x_spki.cc
2026-02-27T22:53:16.6787239Z [629/898] Compiling x_sig.cc
2026-02-27T22:53:17.0267541Z [630/898] Compiling x_req.cc
2026-02-27T22:53:17.2907810Z [631/898] Compiling x_pubkey.cc
2026-02-27T22:53:17.5637655Z [632/898] Compiling x_exten.cc
2026-02-27T22:53:17.5810499Z [633/898] Compiling x_name.cc
2026-02-27T22:53:17.9750700Z [634/898] Compiling x_crl.cc
2026-02-27T22:53:18.1797632Z [635/898] Compiling x_attrib.cc
2026-02-27T22:53:18.5517989Z [636/898] Compiling x_all.cc
2026-02-27T22:53:18.6307803Z [637/898] Compiling x_algor.cc
2026-02-27T22:53:18.7977637Z [638/898] Compiling x509spki.cc
2026-02-27T22:53:19.0917365Z [639/898] Compiling x509rset.cc
2026-02-27T22:53:19.4973713Z [640/898] Compiling x509name.cc
2026-02-27T22:53:19.5519575Z [641/898] Compiling x509cset.cc
2026-02-27T22:53:19.7288475Z [642/898] Compiling x509_vpm.cc
2026-02-27T22:53:20.0907339Z [643/898] Compiling x509_vfy.cc
2026-02-27T22:53:20.3817362Z [644/898] Compiling x509_txt.cc
2026-02-27T22:53:20.4267695Z [645/898] Compiling x509_v3.cc
2026-02-27T22:53:20.6438184Z [646/898] Compiling x509_trs.cc
2026-02-27T22:53:21.0130546Z [647/898] Compiling x509_set.cc
2026-02-27T22:53:21.3334029Z [648/898] Compiling x509_obj.cc
2026-02-27T22:53:21.3360949Z [649/898] Compiling x509_req.cc
2026-02-27T22:53:21.6207587Z [650/898] Compiling x509_lu.cc
2026-02-27T22:53:21.9610218Z [651/898] Compiling x509_ext.cc
2026-02-27T22:53:22.1739210Z [652/898] Compiling x509_def.cc
2026-02-27T22:53:22.1765434Z [653/898] Compiling x509_d2.cc
2026-02-27T22:53:22.5569311Z [654/898] Compiling x509_cmp.cc
2026-02-27T22:53:22.8837149Z [655/898] Compiling x509_att.cc
2026-02-27T22:53:23.0027290Z [656/898] Compiling x509.cc
2026-02-27T22:53:23.1707328Z [657/898] Compiling v3_utl.cc
2026-02-27T22:53:23.4820940Z [658/898] Compiling v3_skey.cc
2026-02-27T22:53:23.8287038Z [659/898] Compiling v3_purp.cc
2026-02-27T22:53:23.8547169Z [660/898] Compiling v3_prn.cc
2026-02-27T22:53:24.0649275Z [661/898] Compiling v3_pmaps.cc
2026-02-27T22:53:24.3677597Z [662/898] Compiling v3_pcons.cc
2026-02-27T22:53:24.7437400Z [663/898] Compiling v3_ocsp.cc
2026-02-27T22:53:24.8017867Z [664/898] Compiling v3_ncons.cc
2026-02-27T22:53:24.9977389Z [665/898] Compiling v3_lib.cc
2026-02-27T22:53:25.2739322Z [666/898] Compiling v3_int.cc
2026-02-27T22:53:25.7236752Z [667/898] Compiling v3_ia5.cc
2026-02-27T22:53:25.7467299Z [668/898] Compiling v3_info.cc
2026-02-27T22:53:25.9147675Z [669/898] Compiling v3_genn.cc
2026-02-27T22:53:26.1940801Z [670/898] Compiling v3_extku.cc
2026-02-27T22:53:26.6127372Z [671/898] Compiling v3_enum.cc
2026-02-27T22:53:26.6867201Z [672/898] Compiling v3_crld.cc
2026-02-27T22:53:26.8707742Z [673/898] Compiling v3_cpols.cc
2026-02-27T22:53:27.2123676Z [674/898] Compiling v3_conf.cc
2026-02-27T22:53:27.5757499Z [675/898] Compiling v3_bitst.cc
2026-02-27T22:53:27.6077393Z [676/898] Compiling v3_bcons.cc
2026-02-27T22:53:27.7900136Z [677/898] Compiling v3_alt.cc
2026-02-27T22:53:28.1267952Z [678/898] Compiling v3_akeya.cc
2026-02-27T22:53:28.4897005Z [679/898] Compiling v3_akey.cc
2026-02-27T22:53:28.5206872Z [680/898] Compiling t_x509a.cc
2026-02-27T22:53:28.6857957Z [681/898] Compiling t_x509.cc
2026-02-27T22:53:29.0498088Z [682/898] Compiling t_req.cc
2026-02-27T22:53:29.3360473Z [683/898] Compiling t_crl.cc
2026-02-27T22:53:29.4527134Z [684/898] Compiling rsa_pss.cc
2026-02-27T22:53:29.6297587Z [685/898] Compiling policy.cc
2026-02-27T22:53:29.8876971Z [686/898] Compiling i2d_pr.cc
2026-02-27T22:53:29.8976692Z [687/898] Compiling name_print.cc
2026-02-27T22:53:30.3791608Z [688/898] Compiling by_file.cc
2026-02-27T22:53:30.6127418Z [689/898] Compiling by_dir.cc
2026-02-27T22:53:30.7857847Z [690/898] Compiling algorithm.cc
2026-02-27T22:53:30.8488129Z [691/898] Compiling asn1_gen.cc
2026-02-27T22:53:31.3021073Z [692/898] Compiling a_verify.cc
2026-02-27T22:53:31.5190811Z [693/898] Compiling voprf.cc
2026-02-27T22:53:31.5997152Z [694/898] Compiling a_sign.cc
2026-02-27T22:53:31.6298758Z [695/898] Compiling a_digest.cc
2026-02-27T22:53:32.0785090Z [696/898] Compiling thread_pthread.cc
2026-02-27T22:53:32.0814115Z [697/898] Compiling thread_win.cc
2026-02-27T22:53:32.1648668Z [698/898] Compiling trust_token.cc
2026-02-27T22:53:32.2504128Z [699/898] Compiling pmbtoken.cc
2026-02-27T22:53:32.4416251Z [700/898] Compiling thread.cc
2026-02-27T22:53:32.4916720Z [701/898] Compiling thread_none.cc
2026-02-27T22:53:32.6159524Z [702/898] Compiling stack.cc
2026-02-27T22:53:32.9095876Z [703/898] Compiling slhdsa.cc
2026-02-27T22:53:32.9107310Z [704/898] Compiling siphash.cc
2026-02-27T22:53:32.9274134Z [705/898] Compiling spake2plus.cc
2026-02-27T22:53:32.9756565Z [706/898] Compiling sha512.cc
2026-02-27T22:53:33.2715825Z [707/898] Compiling sha1.cc
2026-02-27T22:53:33.2794974Z [708/898] Compiling sha256.cc
2026-02-27T22:53:33.3545710Z [709/898] Compiling rsa_print.cc
2026-02-27T22:53:33.3604415Z [710/898] Compiling rsa_extra.cc
2026-02-27T22:53:33.7177807Z [711/898] Compiling rc4.cc
2026-02-27T22:53:33.7798538Z [712/898] Compiling refcount.cc
2026-02-27T22:53:33.8499876Z [713/898] Compiling rsa_crypt.cc
2026-02-27T22:53:34.1426272Z [714/898] Compiling windows.cc
2026-02-27T22:53:34.2166024Z [715/898] Compiling trusty.cc
2026-02-27T22:53:34.2348018Z [716/898] Compiling rsa_asn1.cc
2026-02-27T22:53:34.2378058Z [717/898] Compiling urandom.cc
2026-02-27T22:53:34.5511151Z [718/898] Compiling rand.cc
2026-02-27T22:53:34.6130277Z [719/898] Compiling ios.cc
2026-02-27T22:53:34.6495402Z [720/898] Compiling getentropy.cc
2026-02-27T22:53:34.6615653Z [721/898] Compiling passive.cc
2026-02-27T22:53:34.9946413Z [722/898] Compiling forkunsafe.cc
2026-02-27T22:53:35.0075942Z [723/898] Compiling deterministic.cc
2026-02-27T22:53:35.0462301Z [724/898] Compiling poly1305_arm_asm.S
2026-02-27T22:53:35.0555727Z [725/898] Compiling fork_detect.cc
2026-02-27T22:53:35.2048481Z [726/898] Compiling pool.cc
2026-02-27T22:53:35.4477591Z [727/898] Compiling poly1305_arm.cc
2026-02-27T22:53:35.4725647Z [728/898] Compiling poly1305.cc
2026-02-27T22:53:35.5658667Z [729/898] Compiling poly1305_vec.cc
2026-02-27T22:53:36.2107751Z [730/898] Compiling pkcs8_x509.cc
2026-02-27T22:53:36.3667763Z [731/898] Compiling p5_pbev2.cc
2026-02-27T22:53:36.3736727Z [732/898] Compiling pkcs8.cc
2026-02-27T22:53:36.5327671Z [733/898] Compiling pkcs7_x509.cc
2026-02-27T22:53:36.8115156Z [734/898] Compiling pkcs7.cc
2026-02-27T22:53:37.2297386Z [735/898] Compiling pem_x509.cc
2026-02-27T22:53:37.2315505Z [736/898] Compiling pem_xaux.cc
2026-02-27T22:53:37.4057396Z [737/898] Compiling pem_pkey.cc
2026-02-27T22:53:37.6587734Z [738/898] Compiling pem_pk8.cc
2026-02-27T22:53:38.0590877Z [739/898] Compiling pem_oth.cc
2026-02-27T22:53:38.1891775Z [740/898] Compiling pem_lib.cc
2026-02-27T22:53:38.2519442Z [741/898] Compiling pem_info.cc
2026-02-27T22:53:38.5733067Z [742/898] Compiling obj_xref.cc
2026-02-27T22:53:38.5821228Z [743/898] Compiling pem_all.cc
2026-02-27T22:53:38.6216175Z [744/898] Compiling mlkem.cc
2026-02-27T22:53:38.9545726Z [745/898] Compiling mldsa.cc
2026-02-27T22:53:39.0257735Z [746/898] Compiling mem.cc
2026-02-27T22:53:39.0560657Z [747/898] Compiling obj.cc
2026-02-27T22:53:39.1506471Z [748/898] Compiling md5.cc
2026-02-27T22:53:39.4596400Z [749/898] Compiling lhash.cc
2026-02-27T22:53:39.4926543Z [750/898] Compiling md4.cc
2026-02-27T22:53:39.5674150Z [751/898] Compiling poly_rq_mul.S
2026-02-27T22:53:39.6126449Z [752/898] Compiling kyber.cc
2026-02-27T22:53:39.6374389Z [753/898] Compiling fips_shared_support.cc
2026-02-27T22:53:39.9766398Z [754/898] Compiling fuzzer_mode.cc
2026-02-27T22:53:40.0541192Z [755/898] Compiling hrss.cc
2026-02-27T22:53:40.1330467Z [756/898] Compiling hpke.cc
2026-02-27T22:53:40.4347332Z [757/898] Compiling ex_data.cc
2026-02-27T22:53:40.6296027Z [758/898] Compiling scrypt.cc
2026-02-27T22:53:40.6502139Z [759/898] Compiling sign.cc
2026-02-27T22:53:41.0197288Z [760/898] Compiling print.cc
2026-02-27T22:53:41.1038044Z [761/898] Compiling pbkdf.cc
2026-02-27T22:53:41.2307247Z [762/898] Compiling p_x25519_asn1.cc
2026-02-27T22:53:41.5943828Z [763/898] Compiling p_x25519.cc
2026-02-27T22:53:41.7227353Z [764/898] Compiling p_rsa_asn1.cc
2026-02-27T22:53:41.9637627Z [765/898] Compiling p_rsa.cc
2026-02-27T22:53:42.1887296Z [766/898] Compiling p_hkdf.cc
2026-02-27T22:53:42.3517531Z [767/898] Compiling p_ed25519_asn1.cc
2026-02-27T22:53:42.5556800Z [768/898] Compiling p_ed25519.cc
2026-02-27T22:53:42.8537735Z [769/898] Compiling p_ec_asn1.cc
2026-02-27T22:53:42.9777504Z [770/898] Compiling p_ec.cc
2026-02-27T22:53:43.1576602Z [771/898] Compiling p_dsa_asn1.cc
2026-02-27T22:53:43.4537509Z [772/898] Compiling p_dh_asn1.cc
2026-02-27T22:53:43.5797910Z [773/898] Compiling p_dh.cc
2026-02-27T22:53:43.7186512Z [774/898] Compiling evp_ctx.cc
2026-02-27T22:53:44.1416158Z [775/898] Compiling err.cc
2026-02-27T22:53:44.1796709Z [776/898] Compiling evp.cc
2026-02-27T22:53:44.2897957Z [777/898] Compiling evp_asn1.cc
2026-02-27T22:53:44.5636092Z [778/898] Compiling engine.cc
2026-02-27T22:53:44.6456547Z [779/898] Compiling ecdsa_p1363.cc
2026-02-27T22:53:44.9847927Z [780/898] Compiling ecdsa_asn1.cc
2026-02-27T22:53:44.9854506Z [780/898] Compiling ecdh.cc
2026-02-27T22:53:45.2387541Z [782/898] Compiling hash_to_curve.cc
2026-02-27T22:53:45.4891029Z [783/898] Compiling ec_derive.cc
2026-02-27T22:53:45.7707738Z [784/898] Compiling ec_asn1.cc
2026-02-27T22:53:45.9109085Z [785/898] Compiling dsa_asn1.cc
2026-02-27T22:53:46.0336020Z [786/898] Compiling dsa.cc
2026-02-27T22:53:46.4087436Z [787/898] Compiling digest_extra.cc
2026-02-27T22:53:46.5106961Z [788/898] Compiling params.cc
2026-02-27T22:53:46.5916888Z [789/898] Compiling dh_asn1.cc
2026-02-27T22:53:46.9206771Z [790/898] Compiling des.cc
2026-02-27T22:53:47.2527152Z [791/898] Compiling spake25519.cc
2026-02-27T22:53:47.2923266Z [792/898] Compiling x25519-asm-arm.S
2026-02-27T22:53:47.6206630Z [793/898] Compiling curve25519.cc
2026-02-27T22:53:47.6597610Z [794/898] Compiling curve25519_64_adx.cc
2026-02-27T22:53:47.6956336Z [795/898] Compiling crypto.cc
2026-02-27T22:53:48.0215651Z [796/898] Compiling cpu_arm_linux.cc
2026-02-27T22:53:48.0496685Z [797/898] Compiling cpu_intel.cc
2026-02-27T22:53:48.1117740Z [798/898] Compiling cpu_arm_freebsd.cc
2026-02-27T22:53:48.3885994Z [799/898] Compiling cpu_aarch64_win.cc
2026-02-27T22:53:48.4521392Z [800/898] Compiling cpu_aarch64_sysreg.cc
2026-02-27T22:53:48.4717050Z [801/898] Compiling cpu_aarch64_openbsd.cc
2026-02-27T22:53:48.7565837Z [802/898] Compiling cpu_aarch64_linux.cc
2026-02-27T22:53:48.8672825Z [803/898] Compiling cpu_aarch64_fuchsia.cc
2026-02-27T22:53:48.8907627Z [804/898] Compiling cpu_aarch64_apple.cc
2026-02-27T22:53:49.2075940Z [805/898] Compiling conf.cc
2026-02-27T22:53:49.3766558Z [806/898] Compiling tls_cbc.cc
2026-02-27T22:53:49.5985630Z [807/898] Compiling get_cipher.cc
2026-02-27T22:53:49.7608065Z [808/898] Compiling cms.cc
2026-02-27T22:53:49.8596838Z [809/898] Compiling e_tls.cc
2026-02-27T22:53:50.0048210Z [810/898] Compiling e_rc4.cc
2026-02-27T22:53:50.2376860Z [811/898] Compiling e_rc2.cc
2026-02-27T22:53:50.3076890Z [812/898] Compiling e_null.cc
2026-02-27T22:53:50.4226719Z [813/898] Compiling e_des.cc
2026-02-27T22:53:50.7137046Z [814/898] Compiling e_chacha20poly1305.cc
2026-02-27T22:53:50.7906806Z [815/898] Compiling e_aesgcmsiv.cc
2026-02-27T22:53:50.8395875Z [816/898] Compiling e_aeseax.cc
2026-02-27T22:53:51.1662448Z [817/898] Compiling e_aesctrhmac.cc
2026-02-27T22:53:51.1684594Z [818/898] Compiling derive_key.cc
2026-02-27T22:53:51.2476712Z [819/898] Compiling chacha.cc
2026-02-27T22:53:51.7156797Z [820/898] Compiling unicode.cc
2026-02-27T22:53:51.8206876Z [821/898] Compiling cbb.cc
2026-02-27T22:53:51.8287181Z [822/898] Compiling cbs.cc
2026-02-27T22:53:52.2747304Z [823/898] Compiling ber.cc
2026-02-27T22:53:52.2976264Z [824/898] Compiling buf.cc
2026-02-27T22:53:52.4127526Z [825/898] Compiling asn1_compat.cc
2026-02-27T22:53:52.6466801Z [826/898] Compiling sqrt.cc
2026-02-27T22:53:52.7696525Z [827/898] Compiling exponentiation.cc
2026-02-27T22:53:52.8566920Z [828/898] Compiling div.cc
2026-02-27T22:53:53.2186285Z [829/898] Compiling bn_asn1.cc
2026-02-27T22:53:53.2867526Z [830/898] Compiling convert.cc
2026-02-27T22:53:53.5167488Z [831/898] Compiling blake2.cc
2026-02-27T22:53:53.6125462Z [832/898] Compiling printf.cc
2026-02-27T22:53:53.7707119Z [833/898] Compiling pair.cc
2026-02-27T22:53:53.8671529Z [834/898] Compiling bcm.cc
2026-02-27T22:53:53.9926767Z [835/898] Compiling hexdump.cc
2026-02-27T22:53:54.0311702Z [836/898] Compiling file.cc
2026-02-27T22:53:54.2627054Z [837/898] Compiling fd.cc
2026-02-27T22:53:54.3397177Z [838/898] Compiling errno.cc
2026-02-27T22:53:54.4817713Z [839/898] Compiling bio_mem.cc
2026-02-27T22:53:54.5948091Z [840/898] Compiling bio.cc
2026-02-27T22:53:54.7646599Z [841/898] Compiling base64.cc
2026-02-27T22:53:54.9668348Z [842/898] Compiling tasn_utl.cc
2026-02-27T22:53:54.9704575Z [843/898] Compiling tasn_typ.cc
2026-02-27T22:53:55.1901296Z [844/898] Compiling tasn_new.cc
2026-02-27T22:53:55.2216507Z [845/898] Compiling tasn_fre.cc
2026-02-27T22:53:55.4966816Z [846/898] Compiling tasn_enc.cc
2026-02-27T22:53:55.6356672Z [847/898] Compiling posix_time.cc
2026-02-27T22:53:55.6416545Z [848/898] Compiling tasn_dec.cc
2026-02-27T22:53:55.6474532Z [849/898] Compiling f_string.cc
2026-02-27T22:53:55.9343933Z [850/898] Compiling f_int.cc
2026-02-27T22:53:56.0669185Z [851/898] Compiling asn1_par.cc
2026-02-27T22:53:56.0741459Z [852/898] Compiling asn_pack.cc
2026-02-27T22:53:56.2711574Z [853/898] Compiling asn1_lib.cc
2026-02-27T22:53:56.4776072Z [854/898] Compiling a_utctm.cc
2026-02-27T22:53:56.6426904Z [855/898] Compiling a_time.cc
2026-02-27T22:53:56.6906834Z [856/898] Compiling a_type.cc
2026-02-27T22:53:57.0774565Z [857/898] Compiling a_strnid.cc
2026-02-27T22:53:57.0871758Z [858/898] Compiling a_octet.cc
2026-02-27T22:53:57.1267247Z [859/898] Compiling a_strex.cc
2026-02-27T22:53:57.3540449Z [860/898] Compiling a_object.cc
2026-02-27T22:53:57.5858520Z [861/898] Compiling a_i2d_fp.cc
2026-02-27T22:53:57.6457428Z [862/898] Compiling a_mbstr.cc
2026-02-27T22:53:57.6986020Z [863/898] Compiling a_int.cc
2026-02-27T22:53:57.9121578Z [864/898] Compiling a_gentm.cc
2026-02-27T22:53:58.0167580Z [865/898] Compiling a_dup.cc
2026-02-27T22:53:58.0766637Z [866/898] Compiling a_d2i_fp.cc
2026-02-27T22:53:58.0776443Z [867/898] Write sources
2026-02-27T22:53:58.2482623Z [868/898] Compiling a_bool.cc
2026-02-27T22:53:58.3472976Z [869/898] Compiling aes.cc
2026-02-27T22:53:58.4096799Z [870/914] Compiling a_bitstr.cc
2026-02-27T22:53:58.8724327Z [872/921] Compiling Atomics AtomicValue.swift
2026-02-27T22:53:58.8725494Z [873/921] Compiling Atomics AtomicMemoryOrderings.swift
2026-02-27T22:53:58.8726293Z [874/921] Compiling Atomics DoubleWord.swift
2026-02-27T22:53:58.8727000Z [875/921] Compiling Atomics ManagedAtomic.swift
2026-02-27T22:53:58.8727799Z [876/921] Compiling Atomics ManagedAtomicLazyReference.swift
2026-02-27T22:53:59.4419073Z [877/925] Compiling Atomics UnsafeAtomic.swift
2026-02-27T22:53:59.4420342Z [878/925] Compiling Atomics UnsafeAtomicLazyReference.swift
2026-02-27T22:53:59.4441249Z [879/925] Compiling Atomics IntegerOperations.swift
2026-02-27T22:53:59.4442384Z [880/925] Compiling Atomics Unmanaged extensions.swift
2026-02-27T22:53:59.9827894Z [881/925] Compiling CryptoBoringWrapper ArbitraryPrecisionInteger.swift
2026-02-27T22:53:59.9834365Z [882/925] Compiling CryptoBoringWrapper FiniteFieldArithmeticContext.swift
2026-02-27T22:53:59.9840825Z [883/925] Compiling CryptoBoringWrapper BoringSSLAEAD.swift
2026-02-27T22:53:59.9846700Z [884/925] Compiling CryptoBoringWrapper CryptoKitErrors_boring.swift
2026-02-27T22:53:59.9847963Z [885/925] Compiling CryptoBoringWrapper EllipticCurve.swift
2026-02-27T22:54:00.3473827Z [886/925] Emitting module Atomics
2026-02-27T22:54:00.3475123Z [887/925] Compiling CryptoBoringWrapper EllipticCurvePoint.swift
2026-02-27T22:54:00.3475745Z [888/925] Compiling Atomics RawRepresentable.swift
2026-02-27T22:54:00.3476584Z [889/925] Compiling Atomics AtomicBool.swift
2026-02-27T22:54:00.3477097Z [890/925] Compiling Atomics IntegerConformances.swift
2026-02-27T22:54:00.3477660Z [891/925] Compiling Atomics PointerConformances.swift
2026-02-27T22:54:00.5045910Z [892/926] Wrapping AST for Atomics for debugging
2026-02-27T22:54:01.7151194Z [894/981] Emitting module CryptoBoringWrapper
2026-02-27T22:54:02.0314020Z [895/982] Compiling CryptoBoringWrapper RandomBytes.swift
2026-02-27T22:54:04.0145749Z [896/982] Compiling NIOCore AsyncChannel.swift
2026-02-27T22:54:04.0146670Z [897/982] Compiling NIOCore AsyncChannelHandler.swift
2026-02-27T22:54:04.0178297Z [898/982] Compiling NIOCore AddressedEnvelope.swift
2026-02-27T22:54:04.0184734Z [899/982] Compiling NIOCore AsyncAwaitSupport.swift
2026-02-27T22:54:04.0777874Z [900/982] Compiling NIOCore AsyncChannelInboundStream.swift
2026-02-27T22:54:04.0783636Z [901/982] Compiling NIOCore AsyncChannelOutboundWriter.swift
2026-02-27T22:54:04.4123285Z [902/983] Wrapping AST for CryptoBoringWrapper for debugging
2026-02-27T22:54:07.0323094Z [904/1044] Compiling Crypto ECDSASignature.swift
2026-02-27T22:54:07.0323970Z [905/1044] Compiling Crypto PEMDocument.swift
2026-02-27T22:54:07.0324643Z [906/1044] Compiling Crypto HPKE-Errors.swift
2026-02-27T22:54:07.0326068Z [907/1044] Compiling Crypto HPKE.swift
2026-02-27T22:54:07.0326699Z [908/1044] Compiling Crypto HPKE-Context.swift
2026-02-27T22:54:07.0327757Z [909/1044] Compiling Crypto HPKE-KeySchedule.swift
2026-02-27T22:54:07.0328504Z [910/1044] Compiling Crypto HPKE-Modes.swift
2026-02-27T22:54:07.0329097Z [911/1044] Compiling Crypto Insecure.swift
2026-02-27T22:54:07.0329888Z [912/1044] Compiling Crypto Insecure_HashFunctions.swift
2026-02-27T22:54:07.0330578Z [913/1044] Compiling Crypto KEM.swift
2026-02-27T22:54:07.0331136Z [914/1044] Compiling Crypto ECDH_boring.swift
2026-02-27T22:54:07.0331673Z [915/1044] Compiling Crypto DH.swift
2026-02-27T22:54:07.0332966Z [916/1044] Compiling Crypto ECDH.swift
2026-02-27T22:54:07.0333559Z [917/1044] Compiling Crypto HKDF.swift
2026-02-27T22:54:07.0334094Z [918/1044] Compiling Crypto AESWrap.swift
2026-02-27T22:54:07.0334676Z [919/1044] Compiling Crypto AESWrap_boring.swift
2026-02-27T22:54:07.0335300Z [920/1044] Compiling Crypto Ed25519_boring.swift
2026-02-27T22:54:07.0335950Z [921/1044] Compiling Crypto NISTCurvesKeys_boring.swift
2026-02-27T22:54:07.4752457Z [922/1061] Emitting module Crypto
2026-02-27T22:54:09.0814816Z [923/1081] Compiling Crypto PKCS8PrivateKey.swift
2026-02-27T22:54:09.0840435Z [924/1081] Compiling Crypto SEC1PrivateKey.swift
2026-02-27T22:54:09.0841038Z [925/1081] Compiling Crypto SubjectPublicKeyInfo.swift
2026-02-27T22:54:09.0841608Z [926/1081] Compiling Crypto CryptoError_boring.swift
2026-02-27T22:54:09.0843139Z [927/1081] Compiling Crypto CryptoKitErrors.swift
2026-02-27T22:54:09.0844249Z [928/1081] Compiling Crypto Digest_boring.swift
2026-02-27T22:54:09.0845582Z [929/1081] Compiling Crypto Digest.swift
2026-02-27T22:54:09.0846328Z [930/1081] Compiling Crypto Digests.swift
2026-02-27T22:54:09.0846878Z [931/1081] Compiling Crypto HashFunctions.swift
2026-02-27T22:54:09.0930562Z [932/1081] Compiling Crypto HashFunctions_SHA2.swift
2026-02-27T22:54:09.0931112Z [933/1081] Compiling Crypto HPKE-AEAD.swift
2026-02-27T22:54:09.0931582Z [934/1081] Compiling Crypto HPKE-Ciphersuite.swift
2026-02-27T22:54:09.0932078Z [935/1081] Compiling Crypto HPKE-KDF.swift
2026-02-27T22:54:09.0932655Z [936/1081] Compiling Crypto HPKE-KexKeyDerivation.swift
2026-02-27T22:54:09.0933305Z [937/1081] Compiling NIOCore NIOCoreSendableMetatype.swift
2026-02-27T22:54:09.0933960Z [938/1081] Compiling NIOCore NIODecodedAsyncSequence.swift
2026-02-27T22:54:09.0934556Z [939/1081] Compiling NIOCore NIOLoopBound.swift
2026-02-27T22:54:09.0935171Z [940/1081] Compiling NIOCore NIOPooledRecvBufferAllocator.swift
2026-02-27T22:54:09.0935844Z [941/1081] Compiling NIOCore NIOScheduledCallback.swift
2026-02-27T22:54:09.0936392Z [942/1081] Compiling NIOCore NIOSendable.swift
2026-02-27T22:54:10.1891162Z [959/1081] Compiling Crypto X25519Keys_boring.swift
2026-02-27T22:54:10.1896466Z [960/1081] Compiling Crypto Curve25519.swift
2026-02-27T22:54:10.1902006Z [961/1081] Compiling Crypto Ed25519Keys.swift
2026-02-27T22:54:10.1902954Z [962/1081] Compiling Crypto NISTCurvesKeys.swift
2026-02-27T22:54:11.1861541Z [963/1081] Compiling Crypto AES-GCM.swift
2026-02-27T22:54:11.1866943Z [964/1081] Compiling Crypto AES-GCM_boring.swift
2026-02-27T22:54:11.1891480Z [965/1081] Compiling Crypto ChaChaPoly_boring.swift
2026-02-27T22:54:11.1896694Z [966/1081] Compiling Crypto ChaChaPoly.swift
2026-02-27T22:54:11.1901972Z [967/1081] Compiling Crypto Cipher.swift
2026-02-27T22:54:11.1907380Z [968/1081] Compiling Crypto Nonces.swift
2026-02-27T22:54:11.1908318Z [969/1081] Compiling Crypto ASN1.swift
2026-02-27T22:54:11.1909132Z [970/1081] Compiling Crypto ASN1Any.swift
2026-02-27T22:54:11.1909859Z [971/1081] Compiling Crypto ASN1BitString.swift
2026-02-27T22:54:11.1911295Z [972/1081] Compiling Crypto ASN1Boolean.swift
2026-02-27T22:54:11.1911814Z [973/1081] Compiling Crypto ASN1Identifier.swift
2026-02-27T22:54:11.1913769Z [974/1081] Compiling Crypto ASN1Integer.swift
2026-02-27T22:54:11.1914228Z [975/1081] Compiling Crypto ASN1Null.swift
2026-02-27T22:54:11.1914652Z [976/1081] Compiling Crypto ASN1OctetString.swift
2026-02-27T22:54:11.1915096Z [977/1081] Compiling Crypto ASN1Strings.swift
2026-02-27T22:54:11.1915538Z [978/1081] Compiling Crypto ArraySliceBigint.swift
2026-02-27T22:54:11.1916271Z [979/1081] Compiling Crypto GeneralizedTime.swift
2026-02-27T22:54:11.1916773Z [980/1081] Compiling Crypto ObjectIdentifier.swift
2026-02-27T22:54:11.2667057Z [989/1081] Compiling Crypto X25519Keys.swift
2026-02-27T22:54:11.2669435Z [990/1081] Compiling Crypto SymmetricKeys.swift
2026-02-27T22:54:11.2670280Z [991/1081] Compiling Crypto HMAC.swift
2026-02-27T22:54:11.2671021Z [992/1081] Compiling Crypto MACFunctions.swift
2026-02-27T22:54:11.2671863Z [993/1081] Compiling Crypto MessageAuthenticationCode.swift
2026-02-27T22:54:11.2672488Z [994/1081] Compiling Crypto AES.swift
2026-02-27T22:54:11.2672990Z [995/1081] Compiling Crypto ECDSASignature_boring.swift
2026-02-27T22:54:11.2673528Z [996/1081] Compiling Crypto ECDSA_boring.swift
2026-02-27T22:54:11.2673999Z [997/1081] Compiling Crypto EdDSA_boring.swift
2026-02-27T22:54:11.2674455Z [998/1081] Compiling Crypto ECDSA.swift
2026-02-27T22:54:11.2674874Z [999/1081] Compiling Crypto Ed25519.swift
2026-02-27T22:54:11.6623790Z [1011/1081] Compiling Crypto Signature.swift
2026-02-27T22:54:11.6624382Z [1012/1081] Compiling Crypto CryptoKitErrors_boring.swift
2026-02-27T22:54:11.6624939Z [1013/1081] Compiling Crypto RNG_boring.swift
2026-02-27T22:54:11.6625430Z [1014/1081] Compiling Crypto SafeCompare_boring.swift
2026-02-27T22:54:11.6625970Z [1015/1081] Compiling Crypto Zeroization_boring.swift
2026-02-27T22:54:11.6626487Z [1016/1081] Compiling Crypto PrettyBytes.swift
2026-02-27T22:54:11.6626964Z [1017/1081] Compiling Crypto SafeCompare.swift
2026-02-27T22:54:11.6627432Z [1018/1081] Compiling Crypto SecureBytes.swift
2026-02-27T22:54:11.6627896Z [1019/1081] Compiling Crypto Zeroization.swift
2026-02-27T22:54:11.8166995Z [1020/1082] Wrapping AST for Crypto for debugging
2026-02-27T22:54:12.1072510Z [1022/1082] Emitting module NIOCore
2026-02-27T22:54:13.3487307Z [1059/1083] Wrapping AST for NIOCore for debugging
2026-02-27T22:54:14.4062718Z [1061/1140] Compiling NIOPosix IntegerTypes.swift
2026-02-27T22:54:14.4075750Z [1062/1140] Compiling NIOPosix Linux.swift
2026-02-27T22:54:14.4160491Z [1063/1140] Compiling NIOPosix LinuxCPUSet.swift
2026-02-27T22:54:14.4736393Z [1064/1142] Emitting module SQLNioCore
2026-02-27T22:54:14.6227250Z [1065/1142] Compiling NIOPosix LinuxUring.swift
2026-02-27T22:54:14.6234698Z [1066/1142] Compiling NIOPosix MultiThreadedEventLoopGroup.swift
2026-02-27T22:54:14.6240848Z [1067/1142] Compiling NIOPosix NIOPosixSendableMetatype.swift
2026-02-27T22:54:14.9101346Z [1068/1142] Emitting module NIOEmbedded
2026-02-27T22:54:16.1181470Z [1069/1142] Compiling NIOEmbedded AsyncTestingEventLoop.swift
2026-02-27T22:54:16.1182941Z [1070/1142] Compiling NIOEmbedded Embedded.swift
2026-02-27T22:54:16.1183756Z [1071/1142] Compiling NIOEmbedded AsyncTestingChannel.swift
2026-02-27T22:54:16.2695645Z [1072/1143] Compiling NIOPosix HappyEyeballs.swift
2026-02-27T22:54:16.2720407Z [1073/1143] Compiling NIOPosix IO.swift
2026-02-27T22:54:16.2720994Z [1074/1143] Compiling NIOPosix IntegerBitPacking.swift
2026-02-27T22:54:16.4042857Z [1076/1143] Compiling SQLNioCore SQLRowDecoder.swift
2026-02-27T22:54:16.4048124Z [1077/1143] Compiling SQLNioCore SQLValue.swift
2026-02-27T22:54:16.6192244Z [1078/1144] Wrapping AST for NIOEmbedded for debugging
2026-02-27T22:54:16.6822980Z [1079/1144] Wrapping AST for SQLNioCore for debugging
2026-02-27T22:54:17.0471067Z [1081/1146] Emitting module SQLNioCoreTests
2026-02-27T22:54:17.2344713Z [1082/1146] Emitting module NIOPosix
2026-02-27T22:54:17.4381180Z [1083/1159] Compiling SQLNioCoreTests SQLNioCoreTests.swift
2026-02-27T22:54:17.7993467Z [1084/1160] Wrapping AST for SQLNioCoreTests for debugging
2026-02-27T22:54:18.5298786Z [1086/1160] Compiling NIOPosix PipePair.swift
2026-02-27T22:54:18.5308749Z [1087/1160] Compiling NIOPosix Pool.swift
2026-02-27T22:54:18.5315225Z [1088/1160] Compiling NIOPosix PosixSingletons+ConcurrencyTakeOver.swift
2026-02-27T22:54:18.5321852Z [1089/1160] Compiling NIOPosix PosixSingletons.swift
2026-02-27T22:54:18.5332068Z [1090/1160] Compiling NIOPosix RawSocketBootstrap.swift
2026-02-27T22:54:18.5338489Z [1091/1160] Compiling NIOPosix Resolver.swift
2026-02-27T22:54:18.5344714Z [1092/1160] Compiling NIOPosix Selectable.swift
2026-02-27T22:54:18.5351138Z [1093/1160] Compiling NIOPosix SelectableChannel.swift
2026-02-27T22:54:18.5363927Z [1094/1160] Compiling NIOPosix SelectableEventLoop.swift
2026-02-27T22:54:18.5365119Z [1095/1160] Compiling NIOPosix SelectorEpoll.swift
2026-02-27T22:54:18.5366153Z [1096/1160] Compiling NIOPosix SelectorGeneric.swift
2026-02-27T22:54:18.5367533Z [1097/1160] Compiling NIOPosix SelectorKqueue.swift
2026-02-27T22:54:18.5368625Z [1098/1160] Compiling NIOPosix SelectorUring.swift
2026-02-27T22:54:18.5369960Z [1099/1160] Compiling NIOPosix SelectorWSAPoll.swift
2026-02-27T22:54:19.5642475Z [1111/1160] Compiling NIOPosix PendingDatagramWritesManager.swift
2026-02-27T22:54:19.5643814Z [1112/1160] Compiling NIOPosix PendingWritesManager.swift
2026-02-27T22:54:19.5644351Z [1113/1160] Compiling NIOPosix PipeChannel.swift
2026-02-27T22:54:19.5644906Z [1114/1160] Compiling NIOPosix BSDSocketAPICommon.swift
2026-02-27T22:54:19.5645462Z [1115/1160] Compiling NIOPosix BSDSocketAPIPosix.swift
2026-02-27T22:54:19.5646030Z [1116/1160] Compiling NIOPosix BSDSocketAPIWindows.swift
2026-02-27T22:54:19.5646554Z [1117/1160] Compiling NIOPosix BaseSocket.swift
2026-02-27T22:54:19.5647231Z [1118/1160] Compiling NIOPosix BaseSocketChannel+AccessibleTransport.swift
2026-02-27T22:54:19.5648077Z [1119/1160] Compiling NIOPosix BaseSocketChannel+SocketOptionProvider.swift
2026-02-27T22:54:19.5648796Z [1120/1160] Compiling NIOPosix BaseSocketChannel.swift
2026-02-27T22:54:19.5649409Z [1121/1160] Compiling NIOPosix BaseStreamSocketChannel.swift
2026-02-27T22:54:19.5650153Z [1122/1160] Compiling NIOPosix Bootstrap.swift
2026-02-27T22:54:19.5650646Z [1123/1160] Compiling NIOPosix ControlMessage.swift
2026-02-27T22:54:19.5651238Z [1124/1160] Compiling NIOPosix DatagramVectorReadManager.swift
2026-02-27T22:54:19.5651817Z [1125/1160] Compiling NIOPosix Errors+Any.swift
2026-02-27T22:54:19.5652320Z [1126/1160] Compiling NIOPosix FileDescriptor.swift
2026-02-27T22:54:19.5652872Z [1127/1160] Compiling NIOPosix GetaddrinfoResolver.swift
2026-02-27T22:54:19.6749084Z [1128/1160] Compiling NIOPosix ServerSocket.swift
2026-02-27T22:54:19.6753430Z [1129/1160] Compiling NIOPosix Socket.swift
2026-02-27T22:54:19.6755018Z [1130/1160] Compiling NIOPosix SocketChannel.swift
2026-02-27T22:54:19.6756647Z [1131/1160] Compiling NIOPosix SocketProtocols.swift
2026-02-27T22:54:19.6758334Z [1132/1160] Compiling NIOPosix StructuredConcurrencyHelpers.swift
2026-02-27T22:54:19.6759982Z [1133/1160] Compiling NIOPosix System.swift
2026-02-27T22:54:19.6761146Z [1134/1160] Compiling NIOPosix Thread.swift
2026-02-27T22:54:19.6761676Z [1135/1160] Compiling NIOPosix ThreadPosix.swift
2026-02-27T22:54:19.6762225Z [1136/1160] Compiling NIOPosix ThreadWindows.swift
2026-02-27T22:54:19.6762776Z [1137/1160] Compiling NIOPosix Utilities.swift
2026-02-27T22:54:19.6763254Z [1138/1160] Compiling NIOPosix VsockAddress.swift
2026-02-27T22:54:19.6763642Z [1139/1160] Compiling NIOPosix VsockChannelEvents.swift
2026-02-27T22:54:19.6763995Z [1140/1160] Compiling NIOPosix Windows.swift
2026-02-27T22:54:19.8343123Z [1141/1161] Wrapping AST for NIOPosix for debugging
2026-02-27T22:54:20.1156820Z [1143/1167] Compiling NIO Exports.swift
2026-02-27T22:54:20.1157369Z [1144/1167] Emitting module NIO
2026-02-27T22:54:20.3860543Z [1146/1168] Compiling SQLiteNio SQLiteConnectionPool.swift
2026-02-27T22:54:20.4206261Z [1146/1168] Wrapping AST for NIO for debugging
2026-02-27T22:54:20.8182818Z [1148/1173] Emitting module SQLiteNio
2026-02-27T22:54:20.8190464Z [1149/1173] Compiling SQLiteNio SQLiteBackup.swift
2026-02-27T22:54:20.8202695Z [1150/1173] Compiling SQLiteNio SQLiteConnection.swift
2026-02-27T22:54:20.8994411Z [1151/1174] Compiling NIOTLS ProtocolNegotiationHandlerStateMachine.swift
2026-02-27T22:54:21.0262727Z [1152/1175] Wrapping AST for SQLiteNio for debugging
2026-02-27T22:54:21.0601417Z [1154/1175] Compiling NIOTLS TLSEvents.swift
2026-02-27T22:54:21.1138943Z [1155/1175] Compiling NIOTLS ApplicationProtocolNegotiationHandler.swift
2026-02-27T22:54:21.1140467Z [1156/1175] Compiling NIOTLS NIOTypedApplicationProtocolNegotiationHandler.swift
2026-02-27T22:54:21.1141913Z [1157/1175] Compiling NIOTLS SNIHandler.swift
2026-02-27T22:54:21.1142639Z [1158/1175] Emitting module NIOTLS
2026-02-27T22:54:21.2683912Z [1159/1178] Wrapping AST for NIOTLS for debugging
2026-02-27T22:54:23.5225661Z [1161/1203] Emitting module SQLiteNioTests
2026-02-27T22:54:23.5233261Z [1162/1203] Compiling SQLiteNioTests SQLiteNioTests.swift
2026-02-27T22:54:23.7844565Z [1163/1204] Wrapping AST for SQLiteNioTests for debugging
2026-02-27T22:54:23.9279168Z [1165/1204] Compiling NIOSSL SSLContext.swift
2026-02-27T22:54:23.9282482Z [1166/1204] Compiling NIOSSL SSLErrors.swift
2026-02-27T22:54:23.9285350Z [1167/1204] Compiling NIOSSL SSLInit.swift
2026-02-27T22:54:23.9288113Z [1168/1204] Compiling NIOSSL SSLPKCS12Bundle.swift
2026-02-27T22:54:23.9288692Z [1169/1204] Compiling NIOSSL SSLPrivateKey.swift
2026-02-27T22:54:23.9289216Z [1170/1204] Compiling NIOSSL SSLPublicKey.swift
2026-02-27T22:54:23.9290072Z [1171/1204] Compiling NIOSSL SecurityFrameworkCertificateVerification.swift
2026-02-27T22:54:23.9290899Z [1172/1204] Compiling NIOSSL String+unsafeUninitializedCapacity.swift
2026-02-27T22:54:23.9291500Z [1173/1204] Emitting module NIOSSL
2026-02-27T22:54:23.9291930Z [1174/1204] Compiling NIOSSL AndroidCABundle.swift
2026-02-27T22:54:23.9292426Z [1175/1204] Compiling NIOSSL ByteBufferBIO.swift
2026-02-27T22:54:23.9292927Z [1176/1204] Compiling NIOSSL CustomPrivateKey.swift
2026-02-27T22:54:23.9293521Z [1177/1204] Compiling NIOSSL IdentityVerification.swift
2026-02-27T22:54:23.9294046Z [1178/1204] Compiling NIOSSL LinuxCABundle.swift
2026-02-27T22:54:23.9294598Z [1179/1204] Compiling NIOSSL NIOSSLClientHandler.swift
2026-02-27T22:54:23.9295199Z [1180/1204] Compiling NIOSSL NIOSSLHandler+Configuration.swift
2026-02-27T22:54:23.9295838Z [1181/1204] Compiling NIOSSL NIOSSLHandler.swift
2026-02-27T22:54:23.9932638Z [1182/1212] Compiling NIOSSL NIOSSLServerHandler.swift
2026-02-27T22:54:23.9934831Z [1183/1212] Compiling NIOSSL ObjectIdentifier.swift
2026-02-27T22:54:23.9935358Z [1184/1212] Compiling NIOSSL PosixPort.swift
2026-02-27T22:54:23.9935795Z [1185/1212] Compiling NIOSSL SSLCallbacks.swift
2026-02-27T22:54:23.9936244Z [1186/1212] Compiling NIOSSL SSLCertificate.swift
2026-02-27T22:54:23.9936778Z [1187/1212] Compiling NIOSSL SSLCertificateExtensions.swift
2026-02-27T22:54:23.9937361Z [1188/1212] Compiling NIOSSL SSLCertificateName.swift
2026-02-27T22:54:23.9938202Z [1189/1212] Compiling NIOSSL SSLConnection.swift
2026-02-27T22:54:25.2835586Z [1190/1212] Compiling NIOSSL SubjectAlternativeName.swift
2026-02-27T22:54:25.2836278Z [1191/1212] Compiling NIOSSL NIOSSLSecureBytes.swift
2026-02-27T22:54:25.2837141Z [1192/1212] Compiling NIOSSL RNG.swift
2026-02-27T22:54:25.2837493Z [1193/1212] Compiling NIOSSL SafeCompare.swift
2026-02-27T22:54:25.2837805Z [1194/1212] Compiling NIOSSL Zeroization.swift
2026-02-27T22:54:25.2838123Z [1195/1212] Compiling NIOSSL TLSConfiguration.swift
2026-02-27T22:54:25.2838478Z [1196/1212] Compiling NIOSSL UniversalBootstrapSupport.swift
2026-02-27T22:54:25.2838856Z [1197/1212] Compiling NIOSSL UnsafeKeyAndChainTarget.swift
2026-02-27T22:54:25.4606652Z [1198/1213] Wrapping AST for NIOSSL for debugging
2026-02-27T22:54:26.4940986Z [1200/1239] Emitting module MSSQLNio
2026-02-27T22:54:27.2275911Z [1201/1242] Emitting module MySQLNio
2026-02-27T22:54:27.3425920Z [1202/1243] Compiling MySQLNio MySQLBackup.swift
2026-02-27T22:54:27.3426996Z [1203/1243] Compiling MySQLNio MySQLBulkInsert.swift
2026-02-27T22:54:27.3427928Z [1204/1243] Compiling MSSQLNio MSSQLConnectionPool.swift
2026-02-27T22:54:27.3428771Z [1205/1243] Compiling MSSQLNio MSSQLProcResult.swift
2026-02-27T22:54:27.5221426Z [1206/1244] Compiling MySQLNio MySQLDecoder.swift
2026-02-27T22:54:28.0561074Z [1207/1244] Compiling MSSQLNio TDSLogin7.swift
2026-02-27T22:54:28.0602295Z /home/runner/work/sql-nio/sql-nio/Sources/MSSQLNio/TDS/TDSPacket.swift:74:17: warning: immutable value 'win' was never used; consider replacing with '_' or removing it
2026-02-27T22:54:28.0603668Z 72 |             let spid:    UInt16 = buffer.readInteger(endianness: .big),
2026-02-27T22:54:28.0604326Z 73 |             let pid:     UInt8  = buffer.readInteger(),
2026-02-27T22:54:28.0604866Z 74 |             let win:     UInt8  = buffer.readInteger()
2026-02-27T22:54:28.0605905Z    |                 `- warning: immutable value 'win' was never used; consider replacing with '_' or removing it
2026-02-27T22:54:28.0606723Z 75 |         else { throw TDSError.incomplete }
2026-02-27T22:54:28.0607731Z 76 | 
2026-02-27T22:54:28.0608218Z [1208/1244] Compiling MSSQLNio TDSMessages.swift
2026-02-27T22:54:28.0609582Z /home/runner/work/sql-nio/sql-nio/Sources/MSSQLNio/TDS/TDSPacket.swift:74:17: warning: immutable value 'win' was never used; consider replacing with '_' or removing it
2026-02-27T22:54:28.0611334Z 72 |             let spid:    UInt16 = buffer.readInteger(endianness: .big),
2026-02-27T22:54:28.0612133Z 73 |             let pid:     UInt8  = buffer.readInteger(),
2026-02-27T22:54:28.0612791Z 74 |             let win:     UInt8  = buffer.readInteger()
2026-02-27T22:54:28.0613689Z    |                 `- warning: immutable value 'win' was never used; consider replacing with '_' or removing it
2026-02-27T22:54:28.0614596Z 75 |         else { throw TDSError.incomplete }
2026-02-27T22:54:28.0615128Z 76 | 
2026-02-27T22:54:28.0688585Z [1209/1244] Compiling MSSQLNio TDSPacket.swift
2026-02-27T22:54:28.0742684Z /home/runner/work/sql-nio/sql-nio/Sources/MSSQLNio/TDS/TDSPacket.swift:74:17: warning: immutable value 'win' was never used; consider replacing with '_' or removing it
2026-02-27T22:54:28.0744186Z 72 |             let spid:    UInt16 = buffer.readInteger(endianness: .big),
2026-02-27T22:54:28.0744921Z 73 |             let pid:     UInt8  = buffer.readInteger(),
2026-02-27T22:54:28.0745558Z 74 |             let win:     UInt8  = buffer.readInteger()
2026-02-27T22:54:28.0746455Z    |                 `- warning: immutable value 'win' was never used; consider replacing with '_' or removing it
2026-02-27T22:54:28.0747354Z 75 |         else { throw TDSError.incomplete }
2026-02-27T22:54:28.0747860Z 76 | 
2026-02-27T22:54:28.0855214Z [1210/1244] Compiling MSSQLNio TDSPreLogin.swift
2026-02-27T22:54:28.0856445Z /home/runner/work/sql-nio/sql-nio/Sources/MSSQLNio/TDS/TDSPacket.swift:74:17: warning: immutable value 'win' was never used; consider replacing with '_' or removing it
2026-02-27T22:54:28.0857766Z 72 |             let spid:    UInt16 = buffer.readInteger(endianness: .big),
2026-02-27T22:54:28.0858676Z 73 |             let pid:     UInt8  = buffer.readInteger(),
2026-02-27T22:54:28.0859206Z 74 |             let win:     UInt8  = buffer.readInteger()
2026-02-27T22:54:28.0860175Z    |                 `- warning: immutable value 'win' was never used; consider replacing with '_' or removing it
2026-02-27T22:54:28.0860963Z 75 |         else { throw TDSError.incomplete }
2026-02-27T22:54:28.0861384Z 76 | 
2026-02-27T22:54:28.1779478Z [1211/1244] Compiling MSSQLNio TDSRPCProcRequest.swift
2026-02-27T22:54:28.1780412Z [1212/1244] Compiling MSSQLNio TDSRPCRequest.swift
2026-02-27T22:54:28.1810816Z [1213/1244] Compiling MSSQLNio TDSTLSFramer.swift
2026-02-27T22:54:28.3045496Z [1214/1244] Compiling PostgresNio PostgresMessages.swift
2026-02-27T22:54:28.5960209Z [1215/1244] Emitting module PostgresNio
2026-02-27T22:54:28.6020664Z [1216/1244] Compiling MySQLNio MySQLConnection.swift
2026-02-27T22:54:28.6022826Z /home/runner/work/sql-nio/sql-nio/Sources/PostgresNio/PostgresConnection.swift:121:13: warning: conformance of 'ByteToMessageHandler<Decoder>' to 'Sendable' is unavailable; this is an error in the Swift 6 language mode
2026-02-27T22:54:28.6024763Z 119 |         bridge = b
2026-02-27T22:54:28.6025455Z 120 |         try await channel.pipeline.addHandlers([
2026-02-27T22:54:28.6026430Z 121 |             ByteToMessageHandler(PGFramingHandler()),
2026-02-27T22:54:28.6028092Z     |             `- warning: conformance of 'ByteToMessageHandler<Decoder>' to 'Sendable' is unavailable; this is an error in the Swift 6 language mode
2026-02-27T22:54:28.6029413Z 122 |             b,
2026-02-27T22:54:28.6030261Z 123 |         ]).get()
2026-02-27T22:54:28.6030674Z 
2026-02-27T22:54:28.6032022Z /home/runner/work/sql-nio/sql-nio/.build/checkouts/swift-nio/Sources/NIOCore/Codec.swift:507:1: note: conformance of 'ByteToMessageHandler<Decoder>' to 'Sendable' has been explicitly marked unavailable here
2026-02-27T22:54:28.6033870Z 505 | 
2026-02-27T22:54:28.6034360Z 506 | @available(*, unavailable)
2026-02-27T22:54:28.6034984Z 507 | extension ByteToMessageHandler: Sendable {}
2026-02-27T22:54:28.6036050Z     | `- note: conformance of 'ByteToMessageHandler<Decoder>' to 'Sendable' has been explicitly marked unavailable here
2026-02-27T22:54:28.6037062Z 508 | 
2026-02-27T22:54:28.6037598Z 509 | // MARK: ByteToMessageHandler: Test Helpers
2026-02-27T22:54:28.6038439Z 
2026-02-27T22:54:28.6040071Z /home/runner/work/sql-nio/sql-nio/Sources/PostgresNio/PostgresConnection.swift:140:47: warning: conformance of 'NIOSSLClientHandler' to 'Sendable' is unavailable; this is an error in the Swift 6 language mode
2026-02-27T22:54:28.6041904Z 138 |         let sslHandler = try NIOSSLClientHandler(context: sslContext,
2026-02-27T22:54:28.6042779Z 139 |                                                   serverHostname: config.host)
2026-02-27T22:54:28.6043709Z 140 |         try await channel.pipeline.addHandler(sslHandler, position: .first).get()
2026-02-27T22:54:28.6045127Z     |                                               `- warning: conformance of 'NIOSSLClientHandler' to 'Sendable' is unavailable; this is an error in the Swift 6 language mode
2026-02-27T22:54:28.6046284Z 141 |     }
2026-02-27T22:54:28.6046686Z 142 | 
2026-02-27T22:54:28.6046990Z 
2026-02-27T22:54:28.6048332Z /home/runner/work/sql-nio/sql-nio/.build/checkouts/swift-nio-ssl/Sources/NIOSSL/NIOSSLClientHandler.swift:294:1: note: conformance of 'NIOSSLClientHandler' to 'Sendable' has been explicitly marked unavailable here
2026-02-27T22:54:28.6050181Z 292 | #if compiler(<6.2)
2026-02-27T22:54:28.6050687Z 293 | @available(*, unavailable)
2026-02-27T22:54:28.6051265Z 294 | extension NIOSSLClientHandler: Sendable {}
2026-02-27T22:54:28.6052259Z     | `- note: conformance of 'NIOSSLClientHandler' to 'Sendable' has been explicitly marked unavailable here
2026-02-27T22:54:28.6053180Z 295 | #endif
2026-02-27T22:54:28.6053590Z 296 | 
2026-02-27T22:54:28.6671380Z [1217/1244] Compiling MySQLNio MySQLConnectionPool.swift
2026-02-27T22:54:28.6678344Z /home/runner/work/sql-nio/sql-nio/Sources/PostgresNio/PostgresConnection.swift:121:13: warning: conformance of 'ByteToMessageHandler<Decoder>' to 'Sendable' is unavailable; this is an error in the Swift 6 language mode
2026-02-27T22:54:28.6684613Z 119 |         bridge = b
2026-02-27T22:54:28.6689554Z 120 |         try await channel.pipeline.addHandlers([
2026-02-27T22:54:28.6696619Z 121 |             ByteToMessageHandler(PGFramingHandler()),
2026-02-27T22:54:28.6700051Z     |             `- warning: conformance of 'ByteToMessageHandler<Decoder>' to 'Sendable' is unavailable; this is an error in the Swift 6 language mode
2026-02-27T22:54:28.6704035Z 122 |             b,
2026-02-27T22:54:28.6707265Z 123 |         ]).get()
2026-02-27T22:54:28.6710074Z 
2026-02-27T22:54:28.6712796Z /home/runner/work/sql-nio/sql-nio/.build/checkouts/swift-nio/Sources/NIOCore/Codec.swift:507:1: note: conformance of 'ByteToMessageHandler<Decoder>' to 'Sendable' has been explicitly marked unavailable here
2026-02-27T22:54:28.6734995Z 505 | 
2026-02-27T22:54:28.6735314Z 506 | @available(*, unavailable)
2026-02-27T22:54:28.6735788Z 507 | extension ByteToMessageHandler: Sendable {}
2026-02-27T22:54:28.6736740Z     | `- note: conformance of 'ByteToMessageHandler<Decoder>' to 'Sendable' has been explicitly marked unavailable here
2026-02-27T22:54:28.6737614Z 508 | 
2026-02-27T22:54:28.6737945Z 509 | // MARK: ByteToMessageHandler: Test Helpers
2026-02-27T22:54:28.6738551Z 
2026-02-27T22:54:28.6740128Z /home/runner/work/sql-nio/sql-nio/Sources/PostgresNio/PostgresConnection.swift:140:47: warning: conformance of 'NIOSSLClientHandler' to 'Sendable' is unavailable; this is an error in the Swift 6 language mode
2026-02-27T22:54:28.6741836Z 138 |         let sslHandler = try NIOSSLClientHandler(context: sslContext,
2026-02-27T22:54:28.6742561Z 139 |                                                   serverHostname: config.host)
2026-02-27T22:54:28.6743280Z 140 |         try await channel.pipeline.addHandler(sslHandler, position: .first).get()
2026-02-27T22:54:28.6744335Z     |                                               `- warning: conformance of 'NIOSSLClientHandler' to 'Sendable' is unavailable; this is an error in the Swift 6 language mode
2026-02-27T22:54:28.6745172Z 141 |     }
2026-02-27T22:54:28.6745389Z 142 | 
2026-02-27T22:54:28.6745520Z 
2026-02-27T22:54:28.6746579Z /home/runner/work/sql-nio/sql-nio/.build/checkouts/swift-nio-ssl/Sources/NIOSSL/NIOSSLClientHandler.swift:294:1: note: conformance of 'NIOSSLClientHandler' to 'Sendable' has been explicitly marked unavailable here
2026-02-27T22:54:28.6748112Z 292 | #if compiler(<6.2)
2026-02-27T22:54:28.6748476Z 293 | @available(*, unavailable)
2026-02-27T22:54:28.6748939Z 294 | extension NIOSSLClientHandler: Sendable {}
2026-02-27T22:54:28.6750012Z     | `- note: conformance of 'NIOSSLClientHandler' to 'Sendable' has been explicitly marked unavailable here
2026-02-27T22:54:28.6750821Z 295 | #endif
2026-02-27T22:54:28.6751076Z 296 | 
2026-02-27T22:54:28.8610720Z /home/runner/work/sql-nio/sql-nio/Sources/MySQLNio/MySQLConnection.swift:101:13: warning: conformance of 'ByteToMessageHandler<Decoder>' to 'Sendable' is unavailable; this is an error in the Swift 6 language mode
2026-02-27T22:54:28.8661492Z  99 |         bridge = b
2026-02-27T22:54:28.8720526Z 100 |         try await channel.pipeline.addHandlers([
2026-02-27T22:54:28.8721188Z 101 |             ByteToMessageHandler(MySQLFramingHandler()),
2026-02-27T22:54:28.8722378Z     |             `- warning: conformance of 'ByteToMessageHandler<Decoder>' to 'Sendable' is unavailable; this is an error in the Swift 6 language mode
2026-02-27T22:54:28.8723437Z 102 |             b,
2026-02-27T22:54:28.8723748Z 103 |         ]).get()
2026-02-27T22:54:28.8723952Z 
2026-02-27T22:54:28.8725122Z /home/runner/work/sql-nio/sql-nio/.build/checkouts/swift-nio/Sources/NIOCore/Codec.swift:507:1: note: conformance of 'ByteToMessageHandler<Decoder>' to 'Sendable' has been explicitly marked unavailable here
2026-02-27T22:54:28.8726993Z 505 | 
2026-02-27T22:54:28.8727274Z 506 | @available(*, unavailable)
2026-02-27T22:54:28.8727734Z 507 | extension ByteToMessageHandler: Sendable {}
2026-02-27T22:54:28.8728670Z     | `- note: conformance of 'ByteToMessageHandler<Decoder>' to 'Sendable' has been explicitly marked unavailable here
2026-02-27T22:54:28.8729540Z 508 | 
2026-02-27T22:54:28.8730068Z 509 | // MARK: ByteToMessageHandler: Test Helpers
2026-02-27T22:54:28.8730428Z 
2026-02-27T22:54:28.8731571Z /home/runner/work/sql-nio/sql-nio/Sources/MySQLNio/MySQLConnection.swift:157:47: warning: conformance of 'NIOSSLClientHandler' to 'Sendable' is unavailable; this is an error in the Swift 6 language mode
2026-02-27T22:54:28.8733316Z 155 |         let sni = config.host.first?.isNumber == false ? config.host : nil
2026-02-27T22:54:28.8734493Z 156 |         let sslHandler = try NIOSSLClientHandler(context: sslContext, serverHostname: sni)
2026-02-27T22:54:28.8735675Z 157 |         try await channel.pipeline.addHandler(sslHandler, position: .first).get()
2026-02-27T22:54:28.8737171Z     |                                               `- warning: conformance of 'NIOSSLClientHandler' to 'Sendable' is unavailable; this is an error in the Swift 6 language mode
2026-02-27T22:54:28.8738390Z 158 |     }
2026-02-27T22:54:28.8738686Z 159 | 
2026-02-27T22:54:28.8738979Z 
2026-02-27T22:54:28.8740782Z /home/runner/work/sql-nio/sql-nio/.build/checkouts/swift-nio-ssl/Sources/NIOSSL/NIOSSLClientHandler.swift:294:1: note: conformance of 'NIOSSLClientHandler' to 'Sendable' has been explicitly marked unavailable here
2026-02-27T22:54:28.8742261Z 292 | #if compiler(<6.2)
2026-02-27T22:54:28.8742592Z 293 | @available(*, unavailable)
2026-02-27T22:54:28.8743042Z 294 | extension NIOSSLClientHandler: Sendable {}
2026-02-27T22:54:28.8743909Z     | `- note: conformance of 'NIOSSLClientHandler' to 'Sendable' has been explicitly marked unavailable here
2026-02-27T22:54:28.8744711Z 295 | #endif
2026-02-27T22:54:28.8744986Z 296 | 
2026-02-27T22:54:28.9770130Z /home/runner/work/sql-nio/sql-nio/Sources/MySQLNio/MySQLConnection.swift:101:13: warning: conformance of 'ByteToMessageHandler<Decoder>' to 'Sendable' is unavailable; this is an error in the Swift 6 language mode
2026-02-27T22:54:28.9772097Z  99 |         bridge = b
2026-02-27T22:54:28.9772834Z 100 |         try await channel.pipeline.addHandlers([
2026-02-27T22:54:28.9773732Z 101 |             ByteToMessageHandler(MySQLFramingHandler()),
2026-02-27T22:54:28.9774904Z     |             `- warning: conformance of 'ByteToMessageHandler<Decoder>' to 'Sendable' is unavailable; this is an error in the Swift 6 language mode
2026-02-27T22:54:28.9775949Z 102 |             b,
2026-02-27T22:54:28.9776264Z 103 |         ]).get()
2026-02-27T22:54:28.9776465Z 
2026-02-27T22:54:28.9777629Z /home/runner/work/sql-nio/sql-nio/.build/checkouts/swift-nio/Sources/NIOCore/Codec.swift:507:1: note: conformance of 'ByteToMessageHandler<Decoder>' to 'Sendable' has been explicitly marked unavailable here
2026-02-27T22:54:28.9779069Z 505 | 
2026-02-27T22:54:28.9779363Z 506 | @available(*, unavailable)
2026-02-27T22:54:28.9780024Z 507 | extension ByteToMessageHandler: Sendable {}
2026-02-27T22:54:28.9780972Z     | `- note: conformance of 'ByteToMessageHandler<Decoder>' to 'Sendable' has been explicitly marked unavailable here
2026-02-27T22:54:28.9781837Z 508 | 
2026-02-27T22:54:28.9782181Z 509 | // MARK: ByteToMessageHandler: Test Helpers
2026-02-27T22:54:28.9782523Z 
2026-02-27T22:54:28.9783666Z /home/runner/work/sql-nio/sql-nio/Sources/MySQLNio/MySQLConnection.swift:157:47: warning: conformance of 'NIOSSLClientHandler' to 'Sendable' is unavailable; this is an error in the Swift 6 language mode
2026-02-27T22:54:28.9785316Z 155 |         let sni = config.host.first?.isNumber == false ? config.host : nil
2026-02-27T22:54:28.9786253Z 156 |         let sslHandler = try NIOSSLClientHandler(context: sslContext, serverHostname: sni)
2026-02-27T22:54:28.9787251Z 157 |         try await channel.pipeline.addHandler(sslHandler, position: .first).get()
2026-02-27T22:54:28.9789019Z     |                                               `- warning: conformance of 'NIOSSLClientHandler' to 'Sendable' is unavailable; this is an error in the Swift 6 language mode
2026-02-27T22:54:28.9790265Z 158 |     }
2026-02-27T22:54:28.9790555Z 159 | 
2026-02-27T22:54:28.9790714Z 
2026-02-27T22:54:28.9791987Z /home/runner/work/sql-nio/sql-nio/.build/checkouts/swift-nio-ssl/Sources/NIOSSL/NIOSSLClientHandler.swift:294:1: note: conformance of 'NIOSSLClientHandler' to 'Sendable' has been explicitly marked unavailable here
2026-02-27T22:54:28.9793554Z 292 | #if compiler(<6.2)
2026-02-27T22:54:28.9793944Z 293 | @available(*, unavailable)
2026-02-27T22:54:28.9794390Z 294 | extension NIOSSLClientHandler: Sendable {}
2026-02-27T22:54:28.9795261Z     | `- note: conformance of 'NIOSSLClientHandler' to 'Sendable' has been explicitly marked unavailable here
2026-02-27T22:54:28.9796063Z 295 | #endif
2026-02-27T22:54:28.9796337Z 296 | 
2026-02-27T22:54:29.0464356Z [1222/1245] Wrapping AST for PostgresNio for debugging
2026-02-27T22:54:29.1625776Z [1224/1248] Compiling MySQLNio MySQLMessages.swift
2026-02-27T22:54:29.4904642Z [1225/1249] Wrapping AST for MySQLNio for debugging
2026-02-27T22:54:29.5917494Z [1227/1249] Compiling PostgresNioTests PostgresNioTests.swift
2026-02-27T22:54:31.1000585Z [1230/1252] Compiling MSSQLNio TDSDecoder.swift
2026-02-27T22:54:31.1001320Z [1231/1252] Compiling MSSQLNio TDSHandler.swift
2026-02-27T22:54:31.1003643Z /home/runner/work/sql-nio/sql-nio/Sources/MSSQLNio/MSSQLConnection.swift:121:23: warning: capture of 'bootstrap' with non-sendable type 'ClientBootstrap' in a `@Sendable` closure; this is an error in the Swift 6 language mode
2026-02-27T22:54:31.1005615Z 119 | 
2026-02-27T22:54:31.1006304Z 120 |         let channel = try await mssqlWithTimeout(configuration.connectTimeout) {
2026-02-27T22:54:31.1007246Z 121 |             try await bootstrap.connect(host: configuration.host,
2026-02-27T22:54:31.1008613Z     |                       `- warning: capture of 'bootstrap' with non-sendable type 'ClientBootstrap' in a `@Sendable` closure; this is an error in the Swift 6 language mode
2026-02-27T22:54:31.1010286Z 122 |                                         port: configuration.port).get()
2026-02-27T22:54:31.1010940Z 123 |         }
2026-02-27T22:54:31.1011261Z 
2026-02-27T22:54:31.1012366Z /home/runner/work/sql-nio/sql-nio/.build/checkouts/swift-nio/Sources/NIOPosix/Bootstrap.swift:810:20: note: class 'ClientBootstrap' does not conform to the 'Sendable' protocol
2026-02-27T22:54:31.1013794Z  808 | ///
2026-02-27T22:54:31.1014701Z  809 | /// The connected `SocketChannel` will operate on `ByteBuffer` as inbound and on `IOData` as outbound messages.
2026-02-27T22:54:31.1015973Z  810 | public final class ClientBootstrap: NIOClientTCPBootstrapProtocol {
2026-02-27T22:54:31.1017184Z      |                    `- note: class 'ClientBootstrap' does not conform to the 'Sendable' protocol
2026-02-27T22:54:31.1018182Z  811 |     private let group: EventLoopGroup
2026-02-27T22:54:31.1019057Z  812 |     private var protocolHandlers: Optional<@Sendable () -> [ChannelHandler]>
2026-02-27T22:54:31.1020457Z 
2026-02-27T22:54:31.1021881Z /home/runner/work/sql-nio/sql-nio/Sources/MSSQLNio/MSSQLConnection.swift:148:13: warning: conformance of 'ByteToMessageHandler<Decoder>' to 'Sendable' is unavailable; this is an error in the Swift 6 language mode
2026-02-27T22:54:31.1023651Z 146 |         try await channel.pipeline.addHandlers([
2026-02-27T22:54:31.1024287Z 147 |             tlsFramer,
2026-02-27T22:54:31.1024899Z 148 |             ByteToMessageHandler(TDSFramingHandler()),
2026-02-27T22:54:31.1026142Z     |             `- warning: conformance of 'ByteToMessageHandler<Decoder>' to 'Sendable' is unavailable; this is an error in the Swift 6 language mode
2026-02-27T22:54:31.1027463Z 149 |             b,
2026-02-27T22:54:31.1027958Z 150 |         ]).get()
2026-02-27T22:54:31.1028341Z 
2026-02-27T22:54:31.1029627Z /home/runner/work/sql-nio/sql-nio/.build/checkouts/swift-nio/Sources/NIOCore/Codec.swift:507:1: note: conformance of 'ByteToMessageHandler<Decoder>' to 'Sendable' has been explicitly marked unavailable here
2026-02-27T22:54:31.1031797Z 505 | 
2026-02-27T22:54:31.1032285Z 506 | @available(*, unavailable)
2026-02-27T22:54:31.1032889Z 507 | extension ByteToMessageHandler: Sendable {}
2026-02-27T22:54:31.1033945Z     | `- note: conformance of 'ByteToMessageHandler<Decoder>' to 'Sendable' has been explicitly marked unavailable here
2026-02-27T22:54:31.1034932Z 508 | 
2026-02-27T22:54:31.1035350Z 509 | // MARK: ByteToMessageHandler: Test Helpers
2026-02-27T22:54:31.1035780Z 
2026-02-27T22:54:31.1036993Z /home/runner/work/sql-nio/sql-nio/Sources/MSSQLNio/MSSQLConnection.swift:228:47: warning: conformance of 'NIOSSLClientHandler' to 'Sendable' is unavailable; this is an error in the Swift 6 language mode
2026-02-27T22:54:31.1039839Z 226 |         // Because the channel is already active, NIOSSLClientHandler's handlerAdded()
2026-02-27T22:54:31.1040713Z 227 |         // triggers the TLS handshake automatically.
2026-02-27T22:54:31.1041527Z 228 |         try await channel.pipeline.addHandler(sslHandler, position: .after(tlsFramer)).get()
2026-02-27T22:54:31.1042885Z     |                                               `- warning: conformance of 'NIOSSLClientHandler' to 'Sendable' is unavailable; this is an error in the Swift 6 language mode
2026-02-27T22:54:31.1044228Z 229 |         try await channel.pipeline.addHandler(tracker,    position: .after(sslHandler)).get()
2026-02-27T22:54:31.1045138Z 230 | 
2026-02-27T22:54:31.1045290Z 
2026-02-27T22:54:31.1046517Z /home/runner/work/sql-nio/sql-nio/.build/checkouts/swift-nio-ssl/Sources/NIOSSL/NIOSSLClientHandler.swift:294:1: note: conformance of 'NIOSSLClientHandler' to 'Sendable' has been explicitly marked unavailable here
2026-02-27T22:54:31.1048004Z 292 | #if compiler(<6.2)
2026-02-27T22:54:31.1048352Z 293 | @available(*, unavailable)
2026-02-27T22:54:31.1048773Z 294 | extension NIOSSLClientHandler: Sendable {}
2026-02-27T22:54:31.1049605Z     | `- note: conformance of 'NIOSSLClientHandler' to 'Sendable' has been explicitly marked unavailable here
2026-02-27T22:54:31.1050570Z 295 | #endif
2026-02-27T22:54:31.1050827Z 296 | 
2026-02-27T22:54:31.1050968Z 
2026-02-27T22:54:31.1052361Z /home/runner/work/sql-nio/sql-nio/Sources/MSSQLNio/MSSQLConnection.swift:229:76: warning: conformance of 'NIOSSLClientHandler' to 'Sendable' is unavailable; this is an error in the Swift 6 language mode; this is an error in the Swift 6 language mode
2026-02-27T22:54:31.1054255Z 227 |         // triggers the TLS handshake automatically.
2026-02-27T22:54:31.1055062Z 228 |         try await channel.pipeline.addHandler(sslHandler, position: .after(tlsFramer)).get()
2026-02-27T22:54:31.1056127Z 229 |         try await channel.pipeline.addHandler(tracker,    position: .after(sslHandler)).get()
2026-02-27T22:54:31.1057825Z     |                                                                            `- warning: conformance of 'NIOSSLClientHandler' to 'Sendable' is unavailable; this is an error in the Swift 6 language mode; this is an error in the Swift 6 language mode
2026-02-27T22:54:31.1059158Z 230 | 
2026-02-27T22:54:31.1059861Z 231 |         // Wait for TLS handshake to complete (tracker fulfils promise + deactivates framer)
2026-02-27T22:54:31.1060449Z 
2026-02-27T22:54:31.1061667Z /home/runner/work/sql-nio/sql-nio/.build/checkouts/swift-nio-ssl/Sources/NIOSSL/NIOSSLClientHandler.swift:294:1: note: conformance of 'NIOSSLClientHandler' to 'Sendable' has been explicitly marked unavailable here
2026-02-27T22:54:31.1063186Z 292 | #if compiler(<6.2)
2026-02-27T22:54:31.1063527Z 293 | @available(*, unavailable)
2026-02-27T22:54:31.1063958Z 294 | extension NIOSSLClientHandler: Sendable {}
2026-02-27T22:54:31.1064797Z     | `- note: conformance of 'NIOSSLClientHandler' to 'Sendable' has been explicitly marked unavailable here
2026-02-27T22:54:31.1065584Z 295 | #endif
2026-02-27T22:54:31.1065832Z 296 | 
2026-02-27T22:54:31.4015532Z /home/runner/work/sql-nio/sql-nio/Sources/MSSQLNio/MSSQLConnection.swift:121:23: warning: capture of 'bootstrap' with non-sendable type 'ClientBootstrap' in a `@Sendable` closure; this is an error in the Swift 6 language mode
2026-02-27T22:54:31.4017611Z 119 | 
2026-02-27T22:54:31.4018108Z 120 |         let channel = try await mssqlWithTimeout(configuration.connectTimeout) {
2026-02-27T22:54:31.4018902Z 121 |             try await bootstrap.connect(host: configuration.host,
2026-02-27T22:54:31.4020345Z     |                       `- warning: capture of 'bootstrap' with non-sendable type 'ClientBootstrap' in a `@Sendable` closure; this is an error in the Swift 6 language mode
2026-02-27T22:54:31.4021569Z 122 |                                         port: configuration.port).get()
2026-02-27T22:54:31.4022070Z 123 |         }
2026-02-27T22:54:31.4022246Z 
2026-02-27T22:54:31.4023206Z /home/runner/work/sql-nio/sql-nio/.build/checkouts/swift-nio/Sources/NIOPosix/Bootstrap.swift:810:20: note: class 'ClientBootstrap' does not conform to the 'Sendable' protocol
2026-02-27T22:54:31.4024435Z  808 | ///
2026-02-27T22:54:31.4025129Z  809 | /// The connected `SocketChannel` will operate on `ByteBuffer` as inbound and on `IOData` as outbound messages.
2026-02-27T22:54:31.4026231Z  810 | public final class ClientBootstrap: NIOClientTCPBootstrapProtocol {
2026-02-27T22:54:31.4027099Z      |                    `- note: class 'ClientBootstrap' does not conform to the 'Sendable' protocol
2026-02-27T22:54:31.4027799Z  811 |     private let group: EventLoopGroup
2026-02-27T22:54:31.4028656Z  812 |     private var protocolHandlers: Optional<@Sendable () -> [ChannelHandler]>
2026-02-27T22:54:31.4029194Z 
2026-02-27T22:54:31.4030524Z /home/runner/work/sql-nio/sql-nio/Sources/MSSQLNio/MSSQLConnection.swift:148:13: warning: conformance of 'ByteToMessageHandler<Decoder>' to 'Sendable' is unavailable; this is an error in the Swift 6 language mode
2026-02-27T22:54:31.4032089Z 146 |         try await channel.pipeline.addHandlers([
2026-02-27T22:54:31.4032568Z 147 |             tlsFramer,
2026-02-27T22:54:31.4032991Z 148 |             ByteToMessageHandler(TDSFramingHandler()),
2026-02-27T22:54:31.4034072Z     |             `- warning: conformance of 'ByteToMessageHandler<Decoder>' to 'Sendable' is unavailable; this is an error in the Swift 6 language mode
2026-02-27T22:54:31.4035056Z 149 |             b,
2026-02-27T22:54:31.4035338Z 150 |         ]).get()
2026-02-27T22:54:31.4035523Z 
2026-02-27T22:54:31.4036668Z /home/runner/work/sql-nio/sql-nio/.build/checkouts/swift-nio/Sources/NIOCore/Codec.swift:507:1: note: conformance of 'ByteToMessageHandler<Decoder>' to 'Sendable' has been explicitly marked unavailable here
2026-02-27T22:54:31.4038073Z 505 | 
2026-02-27T22:54:31.4038340Z 506 | @available(*, unavailable)
2026-02-27T22:54:31.4038760Z 507 | extension ByteToMessageHandler: Sendable {}
2026-02-27T22:54:31.4059941Z     | `- note: conformance of 'ByteToMessageHandler<Decoder>' to 'Sendable' has been explicitly marked unavailable here
2026-02-27T22:54:31.4060876Z 508 | 
2026-02-27T22:54:31.4061208Z 509 | // MARK: ByteToMessageHandler: Test Helpers
2026-02-27T22:54:31.4061570Z 
2026-02-27T22:54:31.4062726Z /home/runner/work/sql-nio/sql-nio/Sources/MSSQLNio/MSSQLConnection.swift:228:47: warning: conformance of 'NIOSSLClientHandler' to 'Sendable' is unavailable; this is an error in the Swift 6 language mode
2026-02-27T22:54:31.4064393Z 226 |         // Because the channel is already active, NIOSSLClientHandler's handlerAdded()
2026-02-27T22:54:31.4065175Z 227 |         // triggers the TLS handshake automatically.
2026-02-27T22:54:31.4065967Z 228 |         try await channel.pipeline.addHandler(sslHandler, position: .after(tlsFramer)).get()
2026-02-27T22:54:31.4067320Z     |                                               `- warning: conformance of 'NIOSSLClientHandler' to 'Sendable' is unavailable; this is an error in the Swift 6 language mode
2026-02-27T22:54:31.4068666Z 229 |         try await channel.pipeline.addHandler(tracker,    position: .after(sslHandler)).get()
2026-02-27T22:54:31.4069376Z 230 | 
2026-02-27T22:54:31.4069887Z 
2026-02-27T22:54:31.4071114Z /home/runner/work/sql-nio/sql-nio/.build/checkouts/swift-nio-ssl/Sources/NIOSSL/NIOSSLClientHandler.swift:294:1: note: conformance of 'NIOSSLClientHandler' to 'Sendable' has been explicitly marked unavailable here
2026-02-27T22:54:31.4072638Z 292 | #if compiler(<6.2)
2026-02-27T22:54:31.4072974Z 293 | @available(*, unavailable)
2026-02-27T22:54:31.4073399Z 294 | extension NIOSSLClientHandler: Sendable {}
2026-02-27T22:54:31.4074228Z     | `- note: conformance of 'NIOSSLClientHandler' to 'Sendable' has been explicitly marked unavailable here
2026-02-27T22:54:31.4075005Z 295 | #endif
2026-02-27T22:54:31.4075246Z 296 | 
2026-02-27T22:54:31.4075389Z 
2026-02-27T22:54:31.4076761Z /home/runner/work/sql-nio/sql-nio/Sources/MSSQLNio/MSSQLConnection.swift:229:76: warning: conformance of 'NIOSSLClientHandler' to 'Sendable' is unavailable; this is an error in the Swift 6 language mode; this is an error in the Swift 6 language mode
2026-02-27T22:54:31.4078513Z 227 |         // triggers the TLS handshake automatically.
2026-02-27T22:54:31.4079305Z 228 |         try await channel.pipeline.addHandler(sslHandler, position: .after(tlsFramer)).get()
2026-02-27T22:54:31.4080477Z 229 |         try await channel.pipeline.addHandler(tracker,    position: .after(sslHandler)).get()
2026-02-27T22:54:31.4082295Z     |                                                                            `- warning: conformance of 'NIOSSLClientHandler' to 'Sendable' is unavailable; this is an error in the Swift 6 language mode; this is an error in the Swift 6 language mode
2026-02-27T22:54:31.4111887Z 230 | 
2026-02-27T22:54:31.4112465Z 231 |         // Wait for TLS handshake to complete (tracker fulfils promise + deactivates framer)
2026-02-27T22:54:31.4113063Z 
2026-02-27T22:54:31.4114293Z /home/runner/work/sql-nio/sql-nio/.build/checkouts/swift-nio-ssl/Sources/NIOSSL/NIOSSLClientHandler.swift:294:1: note: conformance of 'NIOSSLClientHandler' to 'Sendable' has been explicitly marked unavailable here
2026-02-27T22:54:31.4115812Z 292 | #if compiler(<6.2)
2026-02-27T22:54:31.4116145Z 293 | @available(*, unavailable)
2026-02-27T22:54:31.4116572Z 294 | extension NIOSSLClientHandler: Sendable {}
2026-02-27T22:54:31.4117403Z     | `- note: conformance of 'NIOSSLClientHandler' to 'Sendable' has been explicitly marked unavailable here
2026-02-27T22:54:31.4118176Z 295 | #endif
2026-02-27T22:54:31.4118425Z 296 | 
2026-02-27T22:54:31.7682044Z /home/runner/work/sql-nio/sql-nio/Sources/MSSQLNio/MSSQLConnection.swift:121:23: warning: capture of 'bootstrap' with non-sendable type 'ClientBootstrap' in a `@Sendable` closure; this is an error in the Swift 6 language mode
2026-02-27T22:54:31.7683957Z 119 | 
2026-02-27T22:54:31.7684483Z 120 |         let channel = try await mssqlWithTimeout(configuration.connectTimeout) {
2026-02-27T22:54:31.7685269Z 121 |             try await bootstrap.connect(host: configuration.host,
2026-02-27T22:54:31.7686650Z     |                       `- warning: capture of 'bootstrap' with non-sendable type 'ClientBootstrap' in a `@Sendable` closure; this is an error in the Swift 6 language mode
2026-02-27T22:54:31.7688024Z 122 |                                         port: configuration.port).get()
2026-02-27T22:54:31.7688647Z 123 |         }
2026-02-27T22:54:31.7688842Z 
2026-02-27T22:54:31.7689940Z /home/runner/work/sql-nio/sql-nio/.build/checkouts/swift-nio/Sources/NIOPosix/Bootstrap.swift:810:20: note: class 'ClientBootstrap' does not conform to the 'Sendable' protocol
2026-02-27T22:54:31.7691309Z  808 | ///
2026-02-27T22:54:31.7692045Z  809 | /// The connected `SocketChannel` will operate on `ByteBuffer` as inbound and on `IOData` as outbound messages.
2026-02-27T22:54:31.7693244Z  810 | public final class ClientBootstrap: NIOClientTCPBootstrapProtocol {
2026-02-27T22:54:31.7694270Z      |                    `- note: class 'ClientBootstrap' does not conform to the 'Sendable' protocol
2026-02-27T22:54:31.7695157Z  811 |     private let group: EventLoopGroup
2026-02-27T22:54:31.7695931Z  812 |     private var protocolHandlers: Optional<@Sendable () -> [ChannelHandler]>
2026-02-27T22:54:31.7697059Z 
2026-02-27T22:54:31.7698434Z /home/runner/work/sql-nio/sql-nio/Sources/MSSQLNio/MSSQLConnection.swift:148:13: warning: conformance of 'ByteToMessageHandler<Decoder>' to 'Sendable' is unavailable; this is an error in the Swift 6 language mode
2026-02-27T22:54:31.7700163Z 146 |         try await channel.pipeline.addHandlers([
2026-02-27T22:54:31.7700801Z 147 |             tlsFramer,
2026-02-27T22:54:31.7701238Z 148 |             ByteToMessageHandler(TDSFramingHandler()),
2026-02-27T22:54:31.7702402Z     |             `- warning: conformance of 'ByteToMessageHandler<Decoder>' to 'Sendable' is unavailable; this is an error in the Swift 6 language mode
2026-02-27T22:54:31.7703535Z 149 |             b,
2026-02-27T22:54:31.7703862Z 150 |         ]).get()
2026-02-27T22:54:31.7704153Z 
2026-02-27T22:54:31.7705455Z /home/runner/work/sql-nio/sql-nio/.build/checkouts/swift-nio/Sources/NIOCore/Codec.swift:507:1: note: conformance of 'ByteToMessageHandler<Decoder>' to 'Sendable' has been explicitly marked unavailable here
2026-02-27T22:54:31.7706860Z 505 | 
2026-02-27T22:54:31.7707120Z 506 | @available(*, unavailable)
2026-02-27T22:54:31.7707505Z 507 | extension ByteToMessageHandler: Sendable {}
2026-02-27T22:54:31.7708367Z     | `- note: conformance of 'ByteToMessageHandler<Decoder>' to 'Sendable' has been explicitly marked unavailable here
2026-02-27T22:54:31.7709199Z 508 | 
2026-02-27T22:54:31.7709930Z 509 | // MARK: ByteToMessageHandler: Test Helpers
2026-02-27T22:54:31.7710317Z 
2026-02-27T22:54:31.7711438Z /home/runner/work/sql-nio/sql-nio/Sources/MSSQLNio/MSSQLConnection.swift:228:47: warning: conformance of 'NIOSSLClientHandler' to 'Sendable' is unavailable; this is an error in the Swift 6 language mode
2026-02-27T22:54:31.7713106Z 226 |         // Because the channel is already active, NIOSSLClientHandler's handlerAdded()
2026-02-27T22:54:31.7713847Z 227 |         // triggers the TLS handshake automatically.
2026-02-27T22:54:31.7714630Z 228 |         try await channel.pipeline.addHandler(sslHandler, position: .after(tlsFramer)).get()
2026-02-27T22:54:31.7715975Z     |                                               `- warning: conformance of 'NIOSSLClientHandler' to 'Sendable' is unavailable; this is an error in the Swift 6 language mode
2026-02-27T22:54:31.7717306Z 229 |         try await channel.pipeline.addHandler(tracker,    position: .after(sslHandler)).get()
2026-02-27T22:54:31.7718022Z 230 | 
2026-02-27T22:54:31.7718177Z 
2026-02-27T22:54:31.7719377Z /home/runner/work/sql-nio/sql-nio/.build/checkouts/swift-nio-ssl/Sources/NIOSSL/NIOSSLClientHandler.swift:294:1: note: conformance of 'NIOSSLClientHandler' to 'Sendable' has been explicitly marked unavailable here
2026-02-27T22:54:31.7721024Z 292 | #if compiler(<6.2)
2026-02-27T22:54:31.7721365Z 293 | @available(*, unavailable)
2026-02-27T22:54:31.7721784Z 294 | extension NIOSSLClientHandler: Sendable {}
2026-02-27T22:54:31.7722597Z     | `- note: conformance of 'NIOSSLClientHandler' to 'Sendable' has been explicitly marked unavailable here
2026-02-27T22:54:31.7723364Z 295 | #endif
2026-02-27T22:54:31.7723609Z 296 | 
2026-02-27T22:54:31.7723754Z 
2026-02-27T22:54:31.7725143Z /home/runner/work/sql-nio/sql-nio/Sources/MSSQLNio/MSSQLConnection.swift:229:76: warning: conformance of 'NIOSSLClientHandler' to 'Sendable' is unavailable; this is an error in the Swift 6 language mode; this is an error in the Swift 6 language mode
2026-02-27T22:54:31.7726857Z 227 |         // triggers the TLS handshake automatically.
2026-02-27T22:54:31.7727635Z 228 |         try await channel.pipeline.addHandler(sslHandler, position: .after(tlsFramer)).get()
2026-02-27T22:54:31.7728681Z 229 |         try await channel.pipeline.addHandler(tracker,    position: .after(sslHandler)).get()
2026-02-27T22:54:31.7751515Z     |                                                                            `- warning: conformance of 'NIOSSLClientHandler' to 'Sendable' is unavailable; this is an error in the Swift 6 language mode; this is an error in the Swift 6 language mode
2026-02-27T22:54:31.7753629Z 230 | 
2026-02-27T22:54:31.7754585Z 231 |         // Wait for TLS handshake to complete (tracker fulfils promise + deactivates framer)
2026-02-27T22:54:31.7756889Z 
2026-02-27T22:54:31.7758544Z /home/runner/work/sql-nio/sql-nio/.build/checkouts/swift-nio-ssl/Sources/NIOSSL/NIOSSLClientHandler.swift:294:1: note: conformance of 'NIOSSLClientHandler' to 'Sendable' has been explicitly marked unavailable here
2026-02-27T22:54:31.7761135Z 292 | #if compiler(<6.2)
2026-02-27T22:54:31.7761484Z 293 | @available(*, unavailable)
2026-02-27T22:54:31.7761911Z 294 | extension NIOSSLClientHandler: Sendable {}
2026-02-27T22:54:31.7762733Z     | `- note: conformance of 'NIOSSLClientHandler' to 'Sendable' has been explicitly marked unavailable here
2026-02-27T22:54:31.7763512Z 295 | #endif
2026-02-27T22:54:31.7763767Z 296 | 
2026-02-27T22:54:32.2538027Z /home/runner/work/sql-nio/sql-nio/Sources/MSSQLNio/MSSQLConnection.swift:121:23: warning: capture of 'bootstrap' with non-sendable type 'ClientBootstrap' in a `@Sendable` closure; this is an error in the Swift 6 language mode
2026-02-27T22:54:32.2544669Z 119 | 
2026-02-27T22:54:32.2549400Z 120 |         let channel = try await mssqlWithTimeout(configuration.connectTimeout) {
2026-02-27T22:54:32.2554847Z 121 |             try await bootstrap.connect(host: configuration.host,
2026-02-27T22:54:32.2562376Z     |                       `- warning: capture of 'bootstrap' with non-sendable type 'ClientBootstrap' in a `@Sendable` closure; this is an error in the Swift 6 language mode
2026-02-27T22:54:32.2566386Z 122 |                                         port: configuration.port).get()
2026-02-27T22:54:32.2568777Z 123 |         }
2026-02-27T22:54:32.2570762Z 
2026-02-27T22:54:32.2573259Z /home/runner/work/sql-nio/sql-nio/.build/checkouts/swift-nio/Sources/NIOPosix/Bootstrap.swift:810:20: note: class 'ClientBootstrap' does not conform to the 'Sendable' protocol
2026-02-27T22:54:32.2576323Z  808 | ///
2026-02-27T22:54:32.2613117Z  809 | /// The connected `SocketChannel` will operate on `ByteBuffer` as inbound and on `IOData` as outbound messages.
2026-02-27T22:54:32.2614269Z  810 | public final class ClientBootstrap: NIOClientTCPBootstrapProtocol {
2026-02-27T22:54:32.2615192Z      |                    `- note: class 'ClientBootstrap' does not conform to the 'Sendable' protocol
2026-02-27T22:54:32.2615939Z  811 |     private let group: EventLoopGroup
2026-02-27T22:54:32.2616636Z  812 |     private var protocolHandlers: Optional<@Sendable () -> [ChannelHandler]>
2026-02-27T22:54:32.2617177Z 
2026-02-27T22:54:32.2618393Z /home/runner/work/sql-nio/sql-nio/Sources/MSSQLNio/MSSQLConnection.swift:148:13: warning: conformance of 'ByteToMessageHandler<Decoder>' to 'Sendable' is unavailable; this is an error in the Swift 6 language mode
2026-02-27T22:54:32.2620187Z 146 |         try await channel.pipeline.addHandlers([
2026-02-27T22:54:32.2620677Z 147 |             tlsFramer,
2026-02-27T22:54:32.2621124Z 148 |             ByteToMessageHandler(TDSFramingHandler()),
2026-02-27T22:54:32.2622236Z     |             `- warning: conformance of 'ByteToMessageHandler<Decoder>' to 'Sendable' is unavailable; this is an error in the Swift 6 language mode
2026-02-27T22:54:32.2623242Z 149 |             b,
2026-02-27T22:54:32.2623537Z 150 |         ]).get()
2026-02-27T22:54:32.2623734Z 
2026-02-27T22:54:32.2624875Z /home/runner/work/sql-nio/sql-nio/.build/checkouts/swift-nio/Sources/NIOCore/Codec.swift:507:1: note: conformance of 'ByteToMessageHandler<Decoder>' to 'Sendable' has been explicitly marked unavailable here
2026-02-27T22:54:32.2626311Z 505 | 
2026-02-27T22:54:32.2626593Z 506 | @available(*, unavailable)
2026-02-27T22:54:32.2627044Z 507 | extension ByteToMessageHandler: Sendable {}
2026-02-27T22:54:32.2627969Z     | `- note: conformance of 'ByteToMessageHandler<Decoder>' to 'Sendable' has been explicitly marked unavailable here
2026-02-27T22:54:32.2628820Z 508 | 
2026-02-27T22:54:32.2629140Z 509 | // MARK: ByteToMessageHandler: Test Helpers
2026-02-27T22:54:32.2629901Z 
2026-02-27T22:54:32.2631028Z /home/runner/work/sql-nio/sql-nio/Sources/MSSQLNio/MSSQLConnection.swift:228:47: warning: conformance of 'NIOSSLClientHandler' to 'Sendable' is unavailable; this is an error in the Swift 6 language mode
2026-02-27T22:54:32.2632698Z 226 |         // Because the channel is already active, NIOSSLClientHandler's handlerAdded()
2026-02-27T22:54:32.2633458Z 227 |         // triggers the TLS handshake automatically.
2026-02-27T22:54:32.2634257Z 228 |         try await channel.pipeline.addHandler(sslHandler, position: .after(tlsFramer)).get()
2026-02-27T22:54:32.2635614Z     |                                               `- warning: conformance of 'NIOSSLClientHandler' to 'Sendable' is unavailable; this is an error in the Swift 6 language mode
2026-02-27T22:54:32.2636977Z 229 |         try await channel.pipeline.addHandler(tracker,    position: .after(sslHandler)).get()
2026-02-27T22:54:32.2637728Z 230 | 
2026-02-27T22:54:32.2637875Z 
2026-02-27T22:54:32.2639104Z /home/runner/work/sql-nio/sql-nio/.build/checkouts/swift-nio-ssl/Sources/NIOSSL/NIOSSLClientHandler.swift:294:1: note: conformance of 'NIOSSLClientHandler' to 'Sendable' has been explicitly marked unavailable here
2026-02-27T22:54:32.2693870Z 292 | #if compiler(<6.2)
2026-02-27T22:54:32.2698511Z 293 | @available(*, unavailable)
2026-02-27T22:54:32.2707173Z 294 | extension NIOSSLClientHandler: Sendable {}
2026-02-27T22:54:32.2720877Z     | `- note: conformance of 'NIOSSLClientHandler' to 'Sendable' has been explicitly marked unavailable here
2026-02-27T22:54:32.2721987Z 295 | #endif
2026-02-27T22:54:32.2722264Z 296 | 
2026-02-27T22:54:32.2722420Z 
2026-02-27T22:54:32.2723832Z /home/runner/work/sql-nio/sql-nio/Sources/MSSQLNio/MSSQLConnection.swift:229:76: warning: conformance of 'NIOSSLClientHandler' to 'Sendable' is unavailable; this is an error in the Swift 6 language mode; this is an error in the Swift 6 language mode
2026-02-27T22:54:32.2725589Z 227 |         // triggers the TLS handshake automatically.
2026-02-27T22:54:32.2726450Z 228 |         try await channel.pipeline.addHandler(sslHandler, position: .after(tlsFramer)).get()
2026-02-27T22:54:32.2727547Z 229 |         try await channel.pipeline.addHandler(tracker,    position: .after(sslHandler)).get()
2026-02-27T22:54:32.2729271Z     |                                                                            `- warning: conformance of 'NIOSSLClientHandler' to 'Sendable' is unavailable; this is an error in the Swift 6 language mode; this is an error in the Swift 6 language mode
2026-02-27T22:54:32.2730873Z 230 | 
2026-02-27T22:54:32.2731416Z 231 |         // Wait for TLS handshake to complete (tracker fulfils promise + deactivates framer)
2026-02-27T22:54:32.2732044Z 
2026-02-27T22:54:32.2733292Z /home/runner/work/sql-nio/sql-nio/.build/checkouts/swift-nio-ssl/Sources/NIOSSL/NIOSSLClientHandler.swift:294:1: note: conformance of 'NIOSSLClientHandler' to 'Sendable' has been explicitly marked unavailable here
2026-02-27T22:54:32.2734859Z 292 | #if compiler(<6.2)
2026-02-27T22:54:32.2735245Z 293 | @available(*, unavailable)
2026-02-27T22:54:32.2735706Z 294 | extension NIOSSLClientHandler: Sendable {}
2026-02-27T22:54:32.2736576Z     | `- note: conformance of 'NIOSSLClientHandler' to 'Sendable' has been explicitly marked unavailable here
2026-02-27T22:54:32.2737410Z 295 | #endif
2026-02-27T22:54:32.2737668Z 296 | 
2026-02-27T22:54:32.7727334Z [1236/1253] Wrapping AST for MSSQLNio for debugging
2026-02-27T22:54:32.7760227Z [1238/1263] Emitting module MSSQLNioTests
2026-02-27T22:54:32.7760775Z [1239/1265] Compiling MSSQLNioTests TestDatabase.swift
2026-02-27T22:54:32.7761382Z [1240/1265] Compiling MSSQLNioTests TestValueHelpers.swift
2026-02-27T22:54:33.7700920Z [1241/1265] Compiling PostgresNioTests PostgresIntegrationTests.swift
2026-02-27T22:54:33.7703017Z /home/runner/work/sql-nio/sql-nio/Tests/PostgresNioTests/PostgresIntegrationTests.swift:1458:42: warning: mutation of captured var 'notices' in concurrently-executing code; this is an error in the Swift 6 language mode
2026-02-27T22:54:33.7705420Z 1456 |             try await PGTestDatabase.withConnection { conn in
2026-02-27T22:54:33.7706195Z 1457 |                 var notices: [String] = []
2026-02-27T22:54:33.7706905Z 1458 |                 conn.onNotice = { msg in notices.append(msg) }
2026-02-27T22:54:33.7708261Z      |                                          `- warning: mutation of captured var 'notices' in concurrently-executing code; this is an error in the Swift 6 language mode
2026-02-27T22:54:33.7709498Z 1459 | 
2026-02-27T22:54:33.7710197Z 1460 |                 // PostgreSQL RAISE NOTICE generates a notice message
2026-02-27T22:54:33.7773818Z [1242/1265] Emitting module PostgresNioTests
2026-02-27T22:54:33.9883333Z [1243/1266] Wrapping AST for PostgresNioTests for debugging
2026-02-27T22:54:34.0279991Z [1245/1266] Compiling MSSQLNioTests MSSQLNewFeatureTests.swift
2026-02-27T22:54:34.0285230Z /home/runner/work/sql-nio/sql-nio/Tests/MSSQLNioTests/MSSQLNioTests.swift:9:13: warning: variable 'allocator' was never mutated; consider changing to 'let' constant
2026-02-27T22:54:34.0287943Z  7 | 
2026-02-27T22:54:34.0293046Z  8 |     func testHeaderRoundtrip() throws {
2026-02-27T22:54:34.0295149Z  9 |         var allocator = ByteBufferAllocator()
2026-02-27T22:54:34.0302256Z    |             `- warning: variable 'allocator' was never mutated; consider changing to 'let' constant
2026-02-27T22:54:34.0304911Z 10 |         var buf = allocator.buffer(capacity: 8)
2026-02-27T22:54:34.0307461Z 11 | 
2026-02-27T22:54:34.0335922Z [1246/1266] Compiling MSSQLNioTests MSSQLNioTests.swift
2026-02-27T22:54:34.0345237Z /home/runner/work/sql-nio/sql-nio/Tests/MSSQLNioTests/MSSQLNioTests.swift:9:13: warning: variable 'allocator' was never mutated; consider changing to 'let' constant
2026-02-27T22:54:34.0346420Z  7 | 
2026-02-27T22:54:34.0346720Z  8 |     func testHeaderRoundtrip() throws {
2026-02-27T22:54:34.0347189Z  9 |         var allocator = ByteBufferAllocator()
2026-02-27T22:54:34.0347938Z    |             `- warning: variable 'allocator' was never mutated; consider changing to 'let' constant
2026-02-27T22:54:34.0348726Z 10 |         var buf = allocator.buffer(capacity: 8)
2026-02-27T22:54:34.0349150Z 11 | 
2026-02-27T22:54:34.0360350Z [1247/1266] Compiling MSSQLNioTests MSSQLQueryTests.swift
2026-02-27T22:54:34.0366214Z /home/runner/work/sql-nio/sql-nio/Tests/MSSQLNioTests/MSSQLNioTests.swift:9:13: warning: variable 'allocator' was never mutated; consider changing to 'let' constant
2026-02-27T22:54:34.0367392Z  7 | 
2026-02-27T22:54:34.0367685Z  8 |     func testHeaderRoundtrip() throws {
2026-02-27T22:54:34.0368165Z  9 |         var allocator = ByteBufferAllocator()
2026-02-27T22:54:34.0368906Z    |             `- warning: variable 'allocator' was never mutated; consider changing to 'let' constant
2026-02-27T22:54:34.0369867Z 10 |         var buf = allocator.buffer(capacity: 8)
2026-02-27T22:54:34.0370303Z 11 | 
2026-02-27T22:54:34.7163141Z [1248/1266] Compiling MSSQLNioTests MSSQLStoredProcTests.swift
2026-02-27T22:54:34.7164307Z [1249/1266] Compiling MSSQLNioTests NTLMTests.swift
2026-02-27T22:54:34.7165162Z [1250/1266] Compiling MSSQLNioTests SQLClientCompatTests.swift
2026-02-27T22:54:34.7165885Z [1251/1266] Compiling MSSQLNioTests MSSQLAdvancedFeatureTests.swift
2026-02-27T22:54:34.7166585Z [1252/1266] Compiling MSSQLNioTests MSSQLDataTypeTests.swift
2026-02-27T22:54:34.7167205Z [1253/1266] Compiling MSSQLNioTests MSSQLErrorTests.swift
2026-02-27T22:54:34.7885373Z [1255/1267] Compiling MySQLNioTests MySQLNioTests.swift
2026-02-27T22:54:34.7886081Z [1256/1267] Compiling MySQLNioTests MySQLIntegrationTests.swift
2026-02-27T22:54:34.7886645Z [1257/1267] Emitting module MySQLNioTests
2026-02-27T22:54:34.8502949Z [1257/1268] Wrapping AST for MSSQLNioTests for debugging
2026-02-27T22:54:34.9065543Z [1259/1268] /home/runner/work/sql-nio/sql-nio/.build/x86_64-unknown-linux-gnu/debug/sql-nioPackageDiscoveredTests.derived/all-discovered-tests.swift
2026-02-27T22:54:34.9067734Z [1260/1268] Write sources
2026-02-27T22:54:34.9565787Z [1261/1268] Wrapping AST for MySQLNioTests for debugging
2026-02-27T22:54:36.1094244Z [1263/1274] Compiling sql_nioPackageDiscoveredTests PostgresNioTests.swift
2026-02-27T22:54:36.1095511Z [1264/1274] Compiling sql_nioPackageDiscoveredTests SQLNioCoreTests.swift
2026-02-27T22:54:36.1096340Z [1265/1274] Compiling sql_nioPackageDiscoveredTests MSSQLNioTests.swift
2026-02-27T22:54:36.1097145Z [1266/1274] Compiling sql_nioPackageDiscoveredTests MySQLNioTests.swift
2026-02-27T22:54:36.1097821Z [1267/1274] Emitting module sql_nioPackageDiscoveredTests
2026-02-27T22:54:36.1098474Z [1268/1274] Compiling sql_nioPackageDiscoveredTests SQLiteNioTests.swift
2026-02-27T22:54:36.2385105Z [1269/1275] Compiling sql_nioPackageDiscoveredTests all-discovered-tests.swift
2026-02-27T22:54:36.3081839Z [1270/1276] /home/runner/work/sql-nio/sql-nio/.build/x86_64-unknown-linux-gnu/debug/sql-nioPackageTests.derived/runner.swift
2026-02-27T22:54:36.3083257Z [1271/1276] Write sources
2026-02-27T22:54:36.3648431Z [1272/1276] Wrapping AST for sql-nioPackageDiscoveredTests for debugging
2026-02-27T22:54:37.6297653Z [1274/1278] Emitting module sql_nioPackageTests
2026-02-27T22:54:37.6298251Z [1275/1278] Compiling sql_nioPackageTests runner.swift
2026-02-27T22:54:37.8097248Z [1276/1279] Wrapping AST for sql-nioPackageTests for debugging
2026-02-27T22:54:37.8109369Z [1277/1279] Write Objects.LinkFileList
2026-02-27T22:54:38.8356528Z [1278/1279] Linking sql-nioPackageTests.xctest
2026-02-27T22:54:38.8421823Z Build complete! (177.83s)
2026-02-27T22:54:40.2275004Z Test Suite 'Selected tests' started at 2026-02-27 22:54:38.908
2026-02-27T22:54:40.2275889Z Test Suite 'PGAdvancedQueryTests' started at 2026-02-27 22:54:38.909
2026-02-27T22:54:40.2277113Z Test Case 'PGAdvancedQueryTests.testBetweenClause' started at 2026-02-27 22:54:38.909
2026-02-27T22:54:40.2279574Z /home/runner/work/sql-nio/sql-nio/Tests/PostgresNioTests/PostgresIntegrationTests.swift:1145: error: PGAdvancedQueryTests.testBetweenClause : failed - Unexpected error: Server error 0: relation "employees" does not exist
2026-02-27T22:54:40.2281977Z Test Case 'PGAdvancedQueryTests.testBetweenClause' failed (0.108 seconds)
2026-02-27T22:54:40.2283072Z Test Case 'PGAdvancedQueryTests.testCTEQuery' started at 2026-02-27 22:54:39.018
2026-02-27T22:54:40.2285226Z /home/runner/work/sql-nio/sql-nio/Tests/PostgresNioTests/PostgresIntegrationTests.swift:1060: error: PGAdvancedQueryTests.testCTEQuery : failed - Unexpected error: Server error 0: relation "employees" does not exist
2026-02-27T22:54:40.2287312Z Test Case 'PGAdvancedQueryTests.testCTEQuery' failed (0.095 seconds)
2026-02-27T22:54:40.2288375Z Test Case 'PGAdvancedQueryTests.testCaseExpression' started at 2026-02-27 22:54:39.112
2026-02-27T22:54:40.2290463Z /home/runner/work/sql-nio/sql-nio/Tests/PostgresNioTests/PostgresIntegrationTests.swift:1092: error: PGAdvancedQueryTests.testCaseExpression : failed - Unexpected error: Server error 0: relation "employees" does not exist
2026-02-27T22:54:40.2292236Z Test Case 'PGAdvancedQueryTests.testCaseExpression' failed (0.095 seconds)
2026-02-27T22:54:40.2293340Z Test Case 'PGAdvancedQueryTests.testInClause' started at 2026-02-27 22:54:39.207
2026-02-27T22:54:40.2295149Z /home/runner/work/sql-nio/sql-nio/Tests/PostgresNioTests/PostgresIntegrationTests.swift:1132: error: PGAdvancedQueryTests.testInClause : failed - Unexpected error: Server error 0: relation "departments" does not exist
2026-02-27T22:54:40.2296899Z Test Case 'PGAdvancedQueryTests.testInClause' failed (0.097 seconds)
2026-02-27T22:54:40.2297758Z Test Case 'PGAdvancedQueryTests.testLikePattern' started at 2026-02-27 22:54:39.304
2026-02-27T22:54:40.2299604Z /home/runner/work/sql-nio/sql-nio/Tests/PostgresNioTests/PostgresIntegrationTests.swift:1120: error: PGAdvancedQueryTests.testLikePattern : failed - Unexpected error: Server error 0: relation "employees" does not exist
2026-02-27T22:54:40.2301646Z Test Case 'PGAdvancedQueryTests.testLikePattern' failed (0.094 seconds)
2026-02-27T22:54:40.2302572Z Test Case 'PGAdvancedQueryTests.testStringConcatenation' started at 2026-02-27 22:54:39.398
2026-02-27T22:54:40.2303911Z Test Case 'PGAdvancedQueryTests.testStringConcatenation' passed (0.098 seconds)
2026-02-27T22:54:40.2304912Z Test Case 'PGAdvancedQueryTests.testSubquery' started at 2026-02-27 22:54:39.496
2026-02-27T22:54:40.2306804Z /home/runner/work/sql-nio/sql-nio/Tests/PostgresNioTests/PostgresIntegrationTests.swift:1044: error: PGAdvancedQueryTests.testSubquery : failed - Unexpected error: Server error 0: relation "employees" does not exist
2026-02-27T22:54:40.2308536Z Test Case 'PGAdvancedQueryTests.testSubquery' failed (0.094 seconds)
2026-02-27T22:54:40.2309373Z Test Case 'PGAdvancedQueryTests.testWindowFunction' started at 2026-02-27 22:54:39.590
2026-02-27T22:54:40.2311328Z /home/runner/work/sql-nio/sql-nio/Tests/PostgresNioTests/PostgresIntegrationTests.swift:1075: error: PGAdvancedQueryTests.testWindowFunction : failed - Unexpected error: Server error 0: relation "employees" does not exist
2026-02-27T22:54:40.2312373Z Test Case 'PGAdvancedQueryTests.testWindowFunction' failed (0.095 seconds)
2026-02-27T22:54:40.2312849Z Test Suite 'PGAdvancedQueryTests' failed at 2026-02-27 22:54:39.685
2026-02-27T22:54:40.2313280Z 	 Executed 8 tests, with 7 failures (0 unexpected) in 0.775 (0.775) seconds
2026-02-27T22:54:40.2313682Z Test Suite 'PGBackupTests' started at 2026-02-27 22:54:39.685
2026-02-27T22:54:40.2314410Z Test Case 'PGBackupTests.testDumpAndRestoreRoundTrip' started at 2026-02-27 22:54:39.685
2026-02-27T22:54:40.2314956Z Test Case 'PGBackupTests.testDumpAndRestoreRoundTrip' passed (0.125 seconds)
2026-02-27T22:54:40.2315456Z Test Case 'PGBackupTests.testDumpHandlesNulls' started at 2026-02-27 22:54:39.810
2026-02-27T22:54:40.2315922Z Test Case 'PGBackupTests.testDumpHandlesNulls' passed (0.107 seconds)
2026-02-27T22:54:40.2316366Z Test Case 'PGBackupTests.testDumpToFile' started at 2026-02-27 22:54:39.917
2026-02-27T22:54:40.2316790Z Test Case 'PGBackupTests.testDumpToFile' passed (0.109 seconds)
2026-02-27T22:54:40.2317206Z Test Case 'PGBackupTests.testLogicalDump' started at 2026-02-27 22:54:40.026
2026-02-27T22:54:40.2317635Z Test Case 'PGBackupTests.testLogicalDump' passed (0.107 seconds)
2026-02-27T22:54:40.2318002Z Test Suite 'PGBackupTests' passed at 2026-02-27 22:54:40.133
2026-02-27T22:54:40.2318376Z 	 Executed 4 tests, with 0 failures (0 unexpected) in 0.448 (0.448) seconds
2026-02-27T22:54:40.2318774Z Test Suite 'PGBasicQueryTests' started at 2026-02-27 22:54:40.133
2026-02-27T22:54:40.2319232Z Test Case 'PGBasicQueryTests.testSelectBoolFalse' started at 2026-02-27 22:54:40.133
2026-02-27T22:54:40.2319977Z Test Case 'PGBasicQueryTests.testSelectBoolFalse' passed (0.094 seconds)
2026-02-27T22:54:42.0038135Z Test Case 'PGBasicQueryTests.testSelectBoolTrue' started at 2026-02-27 22:54:40.227
2026-02-27T22:54:42.0041644Z Test Case 'PGBasicQueryTests.testSelectBoolTrue' passed (0.095 seconds)
2026-02-27T22:54:42.0042789Z Test Case 'PGBasicQueryTests.testSelectCurrentTimestamp' started at 2026-02-27 22:54:40.322
2026-02-27T22:54:42.0043921Z Test Case 'PGBasicQueryTests.testSelectCurrentTimestamp' passed (0.096 seconds)
2026-02-27T22:54:42.0044879Z Test Case 'PGBasicQueryTests.testSelectEmptyResult' started at 2026-02-27 22:54:40.418
2026-02-27T22:54:42.0045834Z Test Case 'PGBasicQueryTests.testSelectEmptyResult' passed (0.094 seconds)
2026-02-27T22:54:42.0046755Z Test Case 'PGBasicQueryTests.testSelectFloat' started at 2026-02-27 22:54:40.513
2026-02-27T22:54:42.0047679Z Test Case 'PGBasicQueryTests.testSelectFloat' passed (0.096 seconds)
2026-02-27T22:54:42.0048619Z Test Case 'PGBasicQueryTests.testSelectMultipleColumns' started at 2026-02-27 22:54:40.608
2026-02-27T22:54:42.0049571Z Test Case 'PGBasicQueryTests.testSelectMultipleColumns' passed (0.095 seconds)
2026-02-27T22:54:42.0050637Z Test Case 'PGBasicQueryTests.testSelectMultipleRows' started at 2026-02-27 22:54:40.704
2026-02-27T22:54:42.0051512Z Test Case 'PGBasicQueryTests.testSelectMultipleRows' passed (0.095 seconds)
2026-02-27T22:54:42.0052392Z Test Case 'PGBasicQueryTests.testSelectNull' started at 2026-02-27 22:54:40.799
2026-02-27T22:54:42.0053828Z Test Case 'PGBasicQueryTests.testSelectNull' passed (0.093 seconds)
2026-02-27T22:54:42.0054764Z Test Case 'PGBasicQueryTests.testSelectScalarInt' started at 2026-02-27 22:54:40.892
2026-02-27T22:54:42.0055747Z Test Case 'PGBasicQueryTests.testSelectScalarInt' passed (0.093 seconds)
2026-02-27T22:54:42.0056605Z Test Case 'PGBasicQueryTests.testSelectScalarString' started at 2026-02-27 22:54:40.985
2026-02-27T22:54:42.0057288Z Test Case 'PGBasicQueryTests.testSelectScalarString' passed (0.093 seconds)
2026-02-27T22:54:42.0058105Z Test Suite 'PGBasicQueryTests' passed at 2026-02-27 22:54:41.078
2026-02-27T22:54:42.0058846Z 	 Executed 10 tests, with 0 failures (0 unexpected) in 0.945 (0.945) seconds
2026-02-27T22:54:42.0059611Z Test Suite 'PGBulkInsertTests' started at 2026-02-27 22:54:41.078
2026-02-27T22:54:42.0060691Z Test Case 'PGBulkInsertTests.testBulkInsertDicts' started at 2026-02-27 22:54:41.078
2026-02-27T22:54:42.0062027Z /home/runner/work/sql-nio/sql-nio/Tests/PostgresNioTests/PostgresIntegrationTests.swift:1419: error: PGBulkInsertTests.testBulkInsertDicts : failed - Unexpected error: Server error 0: relation "departments" does not exist
2026-02-27T22:54:42.0063419Z Test Case 'PGBulkInsertTests.testBulkInsertDicts' failed (0.095 seconds)
2026-02-27T22:54:42.0064043Z Test Case 'PGBulkInsertTests.testBulkInsertEmpty' started at 2026-02-27 22:54:41.173
2026-02-27T22:54:42.0064857Z Test Case 'PGBulkInsertTests.testBulkInsertEmpty' passed (0.093 seconds)
2026-02-27T22:54:42.0065388Z Test Case 'PGBulkInsertTests.testBulkInsertRows' started at 2026-02-27 22:54:41.266
2026-02-27T22:54:42.0066422Z /home/runner/work/sql-nio/sql-nio/Tests/PostgresNioTests/PostgresIntegrationTests.swift:1396: error: PGBulkInsertTests.testBulkInsertRows : failed - Unexpected error: Server error 0: relation "departments" does not exist
2026-02-27T22:54:42.0067523Z Test Case 'PGBulkInsertTests.testBulkInsertRows' failed (0.101 seconds)
2026-02-27T22:54:42.0067942Z Test Suite 'PGBulkInsertTests' failed at 2026-02-27 22:54:41.367
2026-02-27T22:54:42.0068510Z 	 Executed 3 tests, with 2 failures (0 unexpected) in 0.289 (0.289) seconds
2026-02-27T22:54:42.0069244Z Test Suite 'PGConcurrencyTests' started at 2026-02-27 22:54:41.367
2026-02-27T22:54:42.0070313Z Test Case 'PGConcurrencyTests.testConcurrentConnections' started at 2026-02-27 22:54:41.367
2026-02-27T22:54:42.0071097Z Test Case 'PGConcurrencyTests.testConcurrentConnections' passed (0.26 seconds)
2026-02-27T22:54:42.0071986Z Test Case 'PGConcurrencyTests.testSequentialQueriesOnSameConnection' started at 2026-02-27 22:54:41.627
2026-02-27T22:54:42.0073002Z Test Case 'PGConcurrencyTests.testSequentialQueriesOnSameConnection' passed (0.099 seconds)
2026-02-27T22:54:42.0073620Z Test Suite 'PGConcurrencyTests' passed at 2026-02-27 22:54:41.726
2026-02-27T22:54:42.0074031Z 	 Executed 2 tests, with 0 failures (0 unexpected) in 0.359 (0.359) seconds
2026-02-27T22:54:42.0074429Z Test Suite 'PGConnectionTests' started at 2026-02-27 22:54:41.726
2026-02-27T22:54:42.0074874Z Test Case 'PGConnectionTests.testBasicConnect' started at 2026-02-27 22:54:41.726
2026-02-27T22:54:42.0075352Z Test Case 'PGConnectionTests.testBasicConnect' passed (0.093 seconds)
2026-02-27T22:54:42.0075887Z Test Case 'PGConnectionTests.testConnectWithWrongPasswordFails' started at 2026-02-27 22:54:41.819
2026-02-27T22:54:42.0076510Z Test Case 'PGConnectionTests.testConnectWithWrongPasswordFails' passed (0.091 seconds)
2026-02-27T22:54:42.0077089Z Test Case 'PGConnectionTests.testConnectionClosedThrows' started at 2026-02-27 22:54:41.910
2026-02-27T22:54:42.0077638Z Test Case 'PGConnectionTests.testConnectionClosedThrows' passed (0.093 seconds)
2026-02-27T22:54:42.0078079Z Test Suite 'PGConnectionTests' passed at 2026-02-27 22:54:42.003
2026-02-27T22:54:42.0078468Z 	 Executed 3 tests, with 0 failures (0 unexpected) in 0.277 (0.277) seconds
2026-02-27T22:54:42.0078846Z Test Suite 'PGDMLTests' started at 2026-02-27 22:54:42.003
2026-02-27T22:54:43.0498796Z Test Case 'PGDMLTests.testDelete' started at 2026-02-27 22:54:42.003
2026-02-27T22:54:43.0502070Z /home/runner/work/sql-nio/sql-nio/Tests/PostgresNioTests/PostgresIntegrationTests.swift:668: error: PGDMLTests.testDelete : failed - Unexpected error: Server error 0: relation "departments" does not exist
2026-02-27T22:54:43.0503286Z Test Case 'PGDMLTests.testDelete' failed (0.094 seconds)
2026-02-27T22:54:43.0504009Z Test Case 'PGDMLTests.testInsertAndSelect' started at 2026-02-27 22:54:42.098
2026-02-27T22:54:43.0505769Z /home/runner/work/sql-nio/sql-nio/Tests/PostgresNioTests/PostgresIntegrationTests.swift:602: error: PGDMLTests.testInsertAndSelect : failed - Unexpected error: Server error 0: relation "departments" does not exist
2026-02-27T22:54:43.0507189Z Test Case 'PGDMLTests.testInsertAndSelect' failed (0.093 seconds)
2026-02-27T22:54:43.0507818Z Test Case 'PGDMLTests.testInsertReturning' started at 2026-02-27 22:54:42.191
2026-02-27T22:54:43.0508781Z /home/runner/work/sql-nio/sql-nio/Tests/PostgresNioTests/PostgresIntegrationTests.swift:703: error: PGDMLTests.testInsertReturning : failed - Unexpected error: Server error 0: relation "departments" does not exist
2026-02-27T22:54:43.0509962Z Test Case 'PGDMLTests.testInsertReturning' failed (0.095 seconds)
2026-02-27T22:54:43.0510429Z Test Case 'PGDMLTests.testInsertWithParameters' started at 2026-02-27 22:54:42.286
2026-02-27T22:54:43.0512038Z /home/runner/work/sql-nio/sql-nio/Tests/PostgresNioTests/PostgresIntegrationTests.swift:623: error: PGDMLTests.testInsertWithParameters : failed - Unexpected error: Server error 0: relation "departments" does not exist
2026-02-27T22:54:43.0513809Z Test Case 'PGDMLTests.testInsertWithParameters' failed (0.093 seconds)
2026-02-27T22:54:43.0514684Z Test Case 'PGDMLTests.testMultipleRowsAffected' started at 2026-02-27 22:54:42.379
2026-02-27T22:54:43.0516503Z /home/runner/work/sql-nio/sql-nio/Tests/PostgresNioTests/PostgresIntegrationTests.swift:686: error: PGDMLTests.testMultipleRowsAffected : failed - Unexpected error: Server error 0: relation "departments" does not exist
2026-02-27T22:54:43.0518578Z Test Case 'PGDMLTests.testMultipleRowsAffected' failed (0.094 seconds)
2026-02-27T22:54:43.0519277Z Test Case 'PGDMLTests.testUpdate' started at 2026-02-27 22:54:42.473
2026-02-27T22:54:43.0520479Z /home/runner/work/sql-nio/sql-nio/Tests/PostgresNioTests/PostgresIntegrationTests.swift:643: error: PGDMLTests.testUpdate : failed - Unexpected error: Server error 0: relation "departments" does not exist
2026-02-27T22:54:43.0521489Z Test Case 'PGDMLTests.testUpdate' failed (0.096 seconds)
2026-02-27T22:54:43.0522064Z Test Suite 'PGDMLTests' failed at 2026-02-27 22:54:42.568
2026-02-27T22:54:43.0522450Z 	 Executed 6 tests, with 6 failures (0 unexpected) in 0.565 (0.565) seconds
2026-02-27T22:54:43.0522969Z Test Suite 'PGDataTypeTests' started at 2026-02-27 22:54:42.568
2026-02-27T22:54:43.0523391Z Test Case 'PGDataTypeTests.testBigintType' started at 2026-02-27 22:54:42.568
2026-02-27T22:54:43.0524361Z /home/runner/work/sql-nio/sql-nio/Tests/PostgresNioTests/PostgresIntegrationTests.swift:327: error: PGDataTypeTests.testBigintType : failed - Unexpected error: Server error 0: relation "type_samples" does not exist
2026-02-27T22:54:43.0525302Z Test Case 'PGDataTypeTests.testBigintType' failed (0.107 seconds)
2026-02-27T22:54:43.0525754Z Test Case 'PGDataTypeTests.testBoolType' started at 2026-02-27 22:54:42.675
2026-02-27T22:54:43.0526718Z /home/runner/work/sql-nio/sql-nio/Tests/PostgresNioTests/PostgresIntegrationTests.swift:295: error: PGDataTypeTests.testBoolType : failed - Unexpected error: Server error 0: relation "type_samples" does not exist
2026-02-27T22:54:43.0527631Z Test Case 'PGDataTypeTests.testBoolType' failed (0.094 seconds)
2026-02-27T22:54:43.0528041Z Test Case 'PGDataTypeTests.testDateType' started at 2026-02-27 22:54:42.769
2026-02-27T22:54:43.0528974Z /home/runner/work/sql-nio/sql-nio/Tests/PostgresNioTests/PostgresIntegrationTests.swift:392: error: PGDataTypeTests.testDateType : failed - Unexpected error: Server error 0: relation "type_samples" does not exist
2026-02-27T22:54:43.0530308Z Test Case 'PGDataTypeTests.testDateType' failed (0.094 seconds)
2026-02-27T22:54:43.0530731Z Test Case 'PGDataTypeTests.testFloat4Type' started at 2026-02-27 22:54:42.863
2026-02-27T22:54:43.0532080Z /home/runner/work/sql-nio/sql-nio/Tests/PostgresNioTests/PostgresIntegrationTests.swift:337: error: PGDataTypeTests.testFloat4Type : failed - Unexpected error: Server error 0: relation "type_samples" does not exist
2026-02-27T22:54:43.0533306Z Test Case 'PGDataTypeTests.testFloat4Type' failed (0.093 seconds)
2026-02-27T22:54:43.0533749Z Test Case 'PGDataTypeTests.testFloat8Type' started at 2026-02-27 22:54:42.956
2026-02-27T22:54:43.0534710Z /home/runner/work/sql-nio/sql-nio/Tests/PostgresNioTests/PostgresIntegrationTests.swift:348: error: PGDataTypeTests.testFloat8Type : failed - Unexpected error: Server error 0: relation "type_samples" does not exist
2026-02-27T22:54:43.0535654Z Test Case 'PGDataTypeTests.testFloat8Type' failed (0.093 seconds)
2026-02-27T22:54:43.9887457Z Test Case 'PGDataTypeTests.testIntType' started at 2026-02-27 22:54:43.050
2026-02-27T22:54:43.9890165Z /home/runner/work/sql-nio/sql-nio/Tests/PostgresNioTests/PostgresIntegrationTests.swift:317: error: PGDataTypeTests.testIntType : failed - Unexpected error: Server error 0: relation "type_samples" does not exist
2026-02-27T22:54:43.9892616Z Test Case 'PGDataTypeTests.testIntType' failed (0.095 seconds)
2026-02-27T22:54:43.9894435Z Test Case 'PGDataTypeTests.testNullableColumn' started at 2026-02-27 22:54:43.145
2026-02-27T22:54:43.9898347Z /home/runner/work/sql-nio/sql-nio/Tests/PostgresNioTests/PostgresIntegrationTests.swift:434: error: PGDataTypeTests.testNullableColumn : failed - Unexpected error: Server error 0: relation "type_samples" does not exist
2026-02-27T22:54:43.9901532Z Test Case 'PGDataTypeTests.testNullableColumn' failed (0.096 seconds)
2026-02-27T22:54:43.9902409Z Test Case 'PGDataTypeTests.testNumericType' started at 2026-02-27 22:54:43.241
2026-02-27T22:54:43.9904103Z /home/runner/work/sql-nio/sql-nio/Tests/PostgresNioTests/PostgresIntegrationTests.swift:359: error: PGDataTypeTests.testNumericType : failed - Unexpected error: Server error 0: relation "type_samples" does not exist
2026-02-27T22:54:43.9905104Z Test Case 'PGDataTypeTests.testNumericType' failed (0.092 seconds)
2026-02-27T22:54:43.9905589Z Test Case 'PGDataTypeTests.testSmallintType' started at 2026-02-27 22:54:43.334
2026-02-27T22:54:43.9906614Z /home/runner/work/sql-nio/sql-nio/Tests/PostgresNioTests/PostgresIntegrationTests.swift:305: error: PGDataTypeTests.testSmallintType : failed - Unexpected error: Server error 0: relation "type_samples" does not exist
2026-02-27T22:54:43.9907575Z Test Case 'PGDataTypeTests.testSmallintType' failed (0.093 seconds)
2026-02-27T22:54:43.9908040Z Test Case 'PGDataTypeTests.testTextType' started at 2026-02-27 22:54:43.427
2026-02-27T22:54:43.9909012Z /home/runner/work/sql-nio/sql-nio/Tests/PostgresNioTests/PostgresIntegrationTests.swift:372: error: PGDataTypeTests.testTextType : failed - Unexpected error: Server error 0: relation "type_samples" does not exist
2026-02-27T22:54:43.9910588Z Test Case 'PGDataTypeTests.testTextType' failed (0.094 seconds)
2026-02-27T22:54:43.9911418Z Test Case 'PGDataTypeTests.testTimestampType' started at 2026-02-27 22:54:43.521
2026-02-27T22:54:43.9913307Z /home/runner/work/sql-nio/sql-nio/Tests/PostgresNioTests/PostgresIntegrationTests.swift:409: error: PGDataTypeTests.testTimestampType : failed - Unexpected error: Server error 0: relation "type_samples" does not exist
2026-02-27T22:54:43.9915089Z Test Case 'PGDataTypeTests.testTimestampType' failed (0.093 seconds)
2026-02-27T22:54:43.9915934Z Test Case 'PGDataTypeTests.testUUIDType' started at 2026-02-27 22:54:43.614
2026-02-27T22:54:43.9917077Z /home/runner/work/sql-nio/sql-nio/Tests/PostgresNioTests/PostgresIntegrationTests.swift:422: error: PGDataTypeTests.testUUIDType : failed - Unexpected error: Server error 0: relation "type_samples" does not exist
2026-02-27T22:54:43.9918242Z Test Case 'PGDataTypeTests.testUUIDType' failed (0.093 seconds)
2026-02-27T22:54:43.9918680Z Test Case 'PGDataTypeTests.testVarcharType' started at 2026-02-27 22:54:43.707
2026-02-27T22:54:43.9919865Z /home/runner/work/sql-nio/sql-nio/Tests/PostgresNioTests/PostgresIntegrationTests.swift:382: error: PGDataTypeTests.testVarcharType : failed - Unexpected error: Server error 0: relation "type_samples" does not exist
2026-02-27T22:54:43.9920817Z Test Case 'PGDataTypeTests.testVarcharType' failed (0.094 seconds)
2026-02-27T22:54:43.9921210Z Test Suite 'PGDataTypeTests' failed at 2026-02-27 22:54:43.801
2026-02-27T22:54:43.9921601Z 	 Executed 13 tests, with 13 failures (0 unexpected) in 1.232 (1.232) seconds
2026-02-27T22:54:43.9922013Z Test Suite 'PGDecodableTests' started at 2026-02-27 22:54:43.801
2026-02-27T22:54:43.9922471Z Test Case 'PGDecodableTests.testDecodeMultipleRows' started at 2026-02-27 22:54:43.801
2026-02-27T22:54:43.9923513Z /home/runner/work/sql-nio/sql-nio/Tests/PostgresNioTests/PostgresIntegrationTests.swift:983: error: PGDecodableTests.testDecodeMultipleRows : failed - Unexpected error: Server error 0: relation "departments" does not exist
2026-02-27T22:54:43.9924524Z Test Case 'PGDecodableTests.testDecodeMultipleRows' failed (0.093 seconds)
2026-02-27T22:54:43.9925012Z Test Case 'PGDecodableTests.testDecodeStruct' started at 2026-02-27 22:54:43.894
2026-02-27T22:54:43.9926162Z /home/runner/work/sql-nio/sql-nio/Tests/PostgresNioTests/PostgresIntegrationTests.swift:970: error: PGDecodableTests.testDecodeStruct : failed - Unexpected error: Server error 0: relation "departments" does not exist
2026-02-27T22:54:43.9927122Z Test Case 'PGDecodableTests.testDecodeStruct' failed (0.094 seconds)
2026-02-27T22:54:43.9927517Z Test Suite 'PGDecodableTests' failed at 2026-02-27 22:54:43.988
2026-02-27T22:54:43.9927912Z 	 Executed 2 tests, with 2 failures (0 unexpected) in 0.187 (0.187) seconds
2026-02-27T22:54:43.9928297Z Test Suite 'PGErrorTests' started at 2026-02-27 22:54:43.988
2026-02-27T22:54:45.6756883Z Test Case 'PGErrorTests.testConnectionRecoveryAfterError' started at 2026-02-27 22:54:43.988
2026-02-27T22:54:45.6758441Z Test Case 'PGErrorTests.testConnectionRecoveryAfterError' passed (0.095 seconds)
2026-02-27T22:54:45.6759952Z Test Case 'PGErrorTests.testDivisionByZeroThrows' started at 2026-02-27 22:54:44.083
2026-02-27T22:54:45.6761047Z Test Case 'PGErrorTests.testDivisionByZeroThrows' passed (0.094 seconds)
2026-02-27T22:54:45.6762174Z Test Case 'PGErrorTests.testForeignKeyViolation' started at 2026-02-27 22:54:44.177
2026-02-27T22:54:45.6763304Z Test Case 'PGErrorTests.testForeignKeyViolation' passed (0.094 seconds)
2026-02-27T22:54:45.6764354Z Test Case 'PGErrorTests.testInvalidSQLThrows' started at 2026-02-27 22:54:44.270
2026-02-27T22:54:45.6765380Z Test Case 'PGErrorTests.testInvalidSQLThrows' passed (0.093 seconds)
2026-02-27T22:54:45.6766429Z Test Case 'PGErrorTests.testTableNotFoundThrows' started at 2026-02-27 22:54:44.363
2026-02-27T22:54:45.6767476Z Test Case 'PGErrorTests.testTableNotFoundThrows' passed (0.093 seconds)
2026-02-27T22:54:45.6768673Z Test Case 'PGErrorTests.testUniqueConstraintViolation' started at 2026-02-27 22:54:44.456
2026-02-27T22:54:45.6769995Z Test Case 'PGErrorTests.testUniqueConstraintViolation' passed (0.093 seconds)
2026-02-27T22:54:45.6770832Z Test Suite 'PGErrorTests' passed at 2026-02-27 22:54:44.550
2026-02-27T22:54:45.6771563Z 	 Executed 6 tests, with 0 failures (0 unexpected) in 0.562 (0.562) seconds
2026-02-27T22:54:45.6772300Z Test Suite 'PGFunctionTests' started at 2026-02-27 22:54:44.550
2026-02-27T22:54:45.6773111Z Test Case 'PGFunctionTests.testBuiltinMathFunctions' started at 2026-02-27 22:54:44.550
2026-02-27T22:54:45.6774032Z Test Case 'PGFunctionTests.testBuiltinMathFunctions' passed (0.095 seconds)
2026-02-27T22:54:45.6775001Z Test Case 'PGFunctionTests.testBuiltinStringFunctions' started at 2026-02-27 22:54:44.644
2026-02-27T22:54:45.6775981Z Test Case 'PGFunctionTests.testBuiltinStringFunctions' passed (0.094 seconds)
2026-02-27T22:54:45.6777246Z Test Case 'PGFunctionTests.testCountFunction' started at 2026-02-27 22:54:44.739
2026-02-27T22:54:45.6779130Z /home/runner/work/sql-nio/sql-nio/Tests/PostgresNioTests/PostgresIntegrationTests.swift:904: error: PGFunctionTests.testCountFunction : failed - Unexpected error: Server error 0: function get_employee_count(integer) does not exist
2026-02-27T22:54:45.6781099Z Test Case 'PGFunctionTests.testCountFunction' failed (0.093 seconds)
2026-02-27T22:54:45.6782055Z Test Case 'PGFunctionTests.testFunctionWithTableColumn' started at 2026-02-27 22:54:44.832
2026-02-27T22:54:45.6784178Z /home/runner/work/sql-nio/sql-nio/Tests/PostgresNioTests/PostgresIntegrationTests.swift:891: error: PGFunctionTests.testFunctionWithTableColumn : failed - Unexpected error: Server error 0: function get_department_budget(integer) does not exist
2026-02-27T22:54:45.6786335Z Test Case 'PGFunctionTests.testFunctionWithTableColumn' failed (0.093 seconds)
2026-02-27T22:54:45.6799352Z Test Case 'PGFunctionTests.testScalarFunction' started at 2026-02-27 22:54:44.925
2026-02-27T22:54:45.6800887Z /home/runner/work/sql-nio/sql-nio/Tests/PostgresNioTests/PostgresIntegrationTests.swift:881: error: PGFunctionTests.testScalarFunction : failed - Unexpected error: Server error 0: function add_numbers(integer, integer) does not exist
2026-02-27T22:54:45.6801959Z Test Case 'PGFunctionTests.testScalarFunction' failed (0.094 seconds)
2026-02-27T22:54:45.6802583Z Test Suite 'PGFunctionTests' failed at 2026-02-27 22:54:45.018
2026-02-27T22:54:45.6803013Z 	 Executed 5 tests, with 3 failures (0 unexpected) in 0.469 (0.469) seconds
2026-02-27T22:54:45.6803430Z Test Suite 'PGNoticeTests' started at 2026-02-27 22:54:45.018
2026-02-27T22:54:45.6803881Z Test Case 'PGNoticeTests.testNoNoticeWithoutCallback' started at 2026-02-27 22:54:45.018
2026-02-27T22:54:45.6804419Z Test Case 'PGNoticeTests.testNoNoticeWithoutCallback' passed (0.094 seconds)
2026-02-27T22:54:45.6804911Z Test Case 'PGNoticeTests.testNoticeCallback' started at 2026-02-27 22:54:45.112
2026-02-27T22:54:45.6805365Z Test Case 'PGNoticeTests.testNoticeCallback' passed (0.094 seconds)
2026-02-27T22:54:45.6805748Z Test Suite 'PGNoticeTests' passed at 2026-02-27 22:54:45.206
2026-02-27T22:54:45.6806120Z 	 Executed 2 tests, with 0 failures (0 unexpected) in 0.187 (0.187) seconds
2026-02-27T22:54:45.6806537Z Test Suite 'PGParameterizedTests' started at 2026-02-27 22:54:45.206
2026-02-27T22:54:45.6807010Z Test Case 'PGParameterizedTests.testBoolParameter' started at 2026-02-27 22:54:45.206
2026-02-27T22:54:45.6807516Z Test Case 'PGParameterizedTests.testBoolParameter' passed (0.094 seconds)
2026-02-27T22:54:45.6808015Z Test Case 'PGParameterizedTests.testFloatParameter' started at 2026-02-27 22:54:45.300
2026-02-27T22:54:45.6808518Z Test Case 'PGParameterizedTests.testFloatParameter' passed (0.094 seconds)
2026-02-27T22:54:45.6809012Z Test Case 'PGParameterizedTests.testIntParameter' started at 2026-02-27 22:54:45.394
2026-02-27T22:54:45.6809499Z Test Case 'PGParameterizedTests.testIntParameter' passed (0.094 seconds)
2026-02-27T22:54:45.6810186Z Test Case 'PGParameterizedTests.testNullParameter' started at 2026-02-27 22:54:45.488
2026-02-27T22:54:45.6810684Z Test Case 'PGParameterizedTests.testNullParameter' passed (0.094 seconds)
2026-02-27T22:54:45.6811210Z Test Case 'PGParameterizedTests.testSpecialCharInString' started at 2026-02-27 22:54:45.582
2026-02-27T22:54:46.9769529Z Test Case 'PGParameterizedTests.testSpecialCharInString' passed (0.094 seconds)
2026-02-27T22:54:46.9770832Z Test Case 'PGParameterizedTests.testStringParameter' started at 2026-02-27 22:54:45.676
2026-02-27T22:54:46.9771978Z Test Case 'PGParameterizedTests.testStringParameter' passed (0.095 seconds)
2026-02-27T22:54:46.9772947Z Test Suite 'PGParameterizedTests' passed at 2026-02-27 22:54:45.770
2026-02-27T22:54:46.9773796Z 	 Executed 6 tests, with 0 failures (0 unexpected) in 0.564 (0.564) seconds
2026-02-27T22:54:46.9774649Z Test Suite 'PGPoolTests' started at 2026-02-27 22:54:45.770
2026-02-27T22:54:46.9775524Z Test Case 'PGPoolTests.testAcquireRelease' started at 2026-02-27 22:54:45.770
2026-02-27T22:54:46.9777999Z Test Case 'PGPoolTests.testAcquireRelease' passed (0.094 seconds)
2026-02-27T22:54:46.9779025Z Test Case 'PGPoolTests.testConcurrentPoolConnections' started at 2026-02-27 22:54:45.864
2026-02-27T22:54:46.9780356Z Test Case 'PGPoolTests.testConcurrentPoolConnections' passed (0.175 seconds)
2026-02-27T22:54:46.9781346Z Test Case 'PGPoolTests.testPoolClosed' started at 2026-02-27 22:54:46.039
2026-02-27T22:54:46.9782221Z Test Case 'PGPoolTests.testPoolClosed' passed (0.001 seconds)
2026-02-27T22:54:46.9783069Z Test Case 'PGPoolTests.testPoolReusesConnections' started at 2026-02-27 22:54:46.040
2026-02-27T22:54:46.9783952Z Test Case 'PGPoolTests.testPoolReusesConnections' passed (0.096 seconds)
2026-02-27T22:54:46.9784765Z Test Case 'PGPoolTests.testWithConnection' started at 2026-02-27 22:54:46.136
2026-02-27T22:54:46.9785538Z Test Case 'PGPoolTests.testWithConnection' passed (0.093 seconds)
2026-02-27T22:54:46.9786207Z Test Suite 'PGPoolTests' passed at 2026-02-27 22:54:46.229
2026-02-27T22:54:46.9786863Z 	 Executed 5 tests, with 0 failures (0 unexpected) in 0.459 (0.459) seconds
2026-02-27T22:54:46.9787590Z Test Suite 'PGQueryMultiTests' started at 2026-02-27 22:54:46.229
2026-02-27T22:54:46.9788442Z Test Case 'PGQueryMultiTests.testQueryMultiFromTables' started at 2026-02-27 22:54:46.229
2026-02-27T22:54:46.9790858Z /home/runner/work/sql-nio/sql-nio/Tests/PostgresNioTests/PostgresIntegrationTests.swift:1251: error: PGQueryMultiTests.testQueryMultiFromTables : failed - Unexpected error: Server error 0: relation "departments" does not exist
2026-02-27T22:54:46.9792783Z Test Case 'PGQueryMultiTests.testQueryMultiFromTables' failed (0.093 seconds)
2026-02-27T22:54:46.9793907Z Test Case 'PGQueryMultiTests.testQueryMultiMixedStatements' started at 2026-02-27 22:54:46.322
2026-02-27T22:54:46.9795923Z /home/runner/work/sql-nio/sql-nio/Tests/PostgresNioTests/PostgresIntegrationTests.swift:1265: error: PGQueryMultiTests.testQueryMultiMixedStatements : failed - Unexpected error: Server error 0: relation "departments" does not exist
2026-02-27T22:54:46.9797880Z Test Case 'PGQueryMultiTests.testQueryMultiMixedStatements' failed (0.093 seconds)
2026-02-27T22:54:46.9798881Z Test Case 'PGQueryMultiTests.testQueryMultiSingle' started at 2026-02-27 22:54:46.416
2026-02-27T22:54:46.9799606Z Test Case 'PGQueryMultiTests.testQueryMultiSingle' passed (0.093 seconds)
2026-02-27T22:54:46.9800462Z Test Case 'PGQueryMultiTests.testQueryMultiTwoResultSets' started at 2026-02-27 22:54:46.509
2026-02-27T22:54:46.9801169Z Test Case 'PGQueryMultiTests.testQueryMultiTwoResultSets' passed (0.094 seconds)
2026-02-27T22:54:46.9801630Z Test Suite 'PGQueryMultiTests' failed at 2026-02-27 22:54:46.603
2026-02-27T22:54:46.9802036Z 	 Executed 4 tests, with 2 failures (0 unexpected) in 0.374 (0.374) seconds
2026-02-27T22:54:46.9802447Z Test Suite 'PGTableQueryTests' started at 2026-02-27 22:54:46.603
2026-02-27T22:54:46.9802910Z Test Case 'PGTableQueryTests.testComplexJoinQuery' started at 2026-02-27 22:54:46.603
2026-02-27T22:54:46.9803940Z /home/runner/work/sql-nio/sql-nio/Tests/PostgresNioTests/PostgresIntegrationTests.swift:574: error: PGTableQueryTests.testComplexJoinQuery : failed - Unexpected error: Server error 0: relation "orders" does not exist
2026-02-27T22:54:46.9804917Z Test Case 'PGTableQueryTests.testComplexJoinQuery' failed (0.094 seconds)
2026-02-27T22:54:46.9805450Z Test Case 'PGTableQueryTests.testSelectActiveProducts' started at 2026-02-27 22:54:46.697
2026-02-27T22:54:46.9806541Z /home/runner/work/sql-nio/sql-nio/Tests/PostgresNioTests/PostgresIntegrationTests.swift:560: error: PGTableQueryTests.testSelectActiveProducts : failed - Unexpected error: Server error 0: relation "products" does not exist
2026-02-27T22:54:46.9807552Z Test Case 'PGTableQueryTests.testSelectActiveProducts' failed (0.093 seconds)
2026-02-27T22:54:46.9808084Z Test Case 'PGTableQueryTests.testSelectAllDepartments' started at 2026-02-27 22:54:46.790
2026-02-27T22:54:46.9809145Z /home/runner/work/sql-nio/sql-nio/Tests/PostgresNioTests/PostgresIntegrationTests.swift:458: error: PGTableQueryTests.testSelectAllDepartments : failed - Unexpected error: Server error 0: relation "departments" does not exist
2026-02-27T22:54:46.9810565Z Test Case 'PGTableQueryTests.testSelectAllDepartments' failed (0.094 seconds)
2026-02-27T22:54:46.9811092Z Test Case 'PGTableQueryTests.testSelectWithAggregate' started at 2026-02-27 22:54:46.883
2026-02-27T22:54:47.9234335Z /home/runner/work/sql-nio/sql-nio/Tests/PostgresNioTests/PostgresIntegrationTests.swift:502: error: PGTableQueryTests.testSelectWithAggregate : failed - Unexpected error: Server error 0: relation "employees" does not exist
2026-02-27T22:54:47.9236274Z Test Case 'PGTableQueryTests.testSelectWithAggregate' failed (0.093 seconds)
2026-02-27T22:54:47.9237229Z Test Case 'PGTableQueryTests.testSelectWithGroupBy' started at 2026-02-27 22:54:46.976
2026-02-27T22:54:47.9241702Z /home/runner/work/sql-nio/sql-nio/Tests/PostgresNioTests/PostgresIntegrationTests.swift:512: error: PGTableQueryTests.testSelectWithGroupBy : failed - Unexpected error: Server error 0: relation "employees" does not exist
2026-02-27T22:54:47.9243975Z Test Case 'PGTableQueryTests.testSelectWithGroupBy' failed (0.094 seconds)
2026-02-27T22:54:47.9245067Z Test Case 'PGTableQueryTests.testSelectWithJoin' started at 2026-02-27 22:54:47.070
2026-02-27T22:54:47.9247629Z /home/runner/work/sql-nio/sql-nio/Tests/PostgresNioTests/PostgresIntegrationTests.swift:483: error: PGTableQueryTests.testSelectWithJoin : failed - Unexpected error: Server error 0: relation "employees" does not exist
2026-02-27T22:54:47.9250054Z Test Case 'PGTableQueryTests.testSelectWithJoin' failed (0.093 seconds)
2026-02-27T22:54:47.9250944Z Test Case 'PGTableQueryTests.testSelectWithLimit' started at 2026-02-27 22:54:47.164
2026-02-27T22:54:47.9252765Z /home/runner/work/sql-nio/sql-nio/Tests/PostgresNioTests/PostgresIntegrationTests.swift:539: error: PGTableQueryTests.testSelectWithLimit : failed - Unexpected error: Server error 0: relation "products" does not exist
2026-02-27T22:54:47.9254567Z Test Case 'PGTableQueryTests.testSelectWithLimit' failed (0.093 seconds)
2026-02-27T22:54:47.9255536Z Test Case 'PGTableQueryTests.testSelectWithOrderByDesc' started at 2026-02-27 22:54:47.257
2026-02-27T22:54:47.9257529Z /home/runner/work/sql-nio/sql-nio/Tests/PostgresNioTests/PostgresIntegrationTests.swift:528: error: PGTableQueryTests.testSelectWithOrderByDesc : failed - Unexpected error: Server error 0: relation "employees" does not exist
2026-02-27T22:54:47.9259391Z Test Case 'PGTableQueryTests.testSelectWithOrderByDesc' failed (0.094 seconds)
2026-02-27T22:54:47.9260691Z Test Case 'PGTableQueryTests.testSelectWithParameterFilter' started at 2026-02-27 22:54:47.351
2026-02-27T22:54:47.9262796Z /home/runner/work/sql-nio/sql-nio/Tests/PostgresNioTests/PostgresIntegrationTests.swift:549: error: PGTableQueryTests.testSelectWithParameterFilter : failed - Unexpected error: Server error 0: relation "employees" does not exist
2026-02-27T22:54:47.9264780Z Test Case 'PGTableQueryTests.testSelectWithParameterFilter' failed (0.093 seconds)
2026-02-27T22:54:47.9265731Z Test Case 'PGTableQueryTests.testSelectWithWhere' started at 2026-02-27 22:54:47.444
2026-02-27T22:54:47.9267423Z /home/runner/work/sql-nio/sql-nio/Tests/PostgresNioTests/PostgresIntegrationTests.swift:472: error: PGTableQueryTests.testSelectWithWhere : failed - Unexpected error: Server error 0: relation "employees" does not exist
2026-02-27T22:54:47.9268552Z Test Case 'PGTableQueryTests.testSelectWithWhere' failed (0.094 seconds)
2026-02-27T22:54:47.9268974Z Test Suite 'PGTableQueryTests' failed at 2026-02-27 22:54:47.538
2026-02-27T22:54:47.9269379Z 	 Executed 10 tests, with 10 failures (0 unexpected) in 0.934 (0.934) seconds
2026-02-27T22:54:47.9270016Z Test Suite 'PGTransactionAPITests' started at 2026-02-27 22:54:47.538
2026-02-27T22:54:47.9270488Z Test Case 'PGTransactionAPITests.testBeginCommit' started at 2026-02-27 22:54:47.538
2026-02-27T22:54:47.9271516Z /home/runner/work/sql-nio/sql-nio/Tests/PostgresNioTests/PostgresIntegrationTests.swift:1165: error: PGTransactionAPITests.testBeginCommit : failed - Unexpected error: Server error 0: relation "departments" does not exist
2026-02-27T22:54:47.9272702Z Test Case 'PGTransactionAPITests.testBeginCommit' failed (0.097 seconds)
2026-02-27T22:54:47.9273198Z Test Case 'PGTransactionAPITests.testBeginRollback' started at 2026-02-27 22:54:47.634
2026-02-27T22:54:47.9274232Z /home/runner/work/sql-nio/sql-nio/Tests/PostgresNioTests/PostgresIntegrationTests.swift:1182: error: PGTransactionAPITests.testBeginRollback : failed - Unexpected error: Server error 0: relation "departments" does not exist
2026-02-27T22:54:47.9275231Z Test Case 'PGTransactionAPITests.testBeginRollback' failed (0.099 seconds)
2026-02-27T22:54:47.9275778Z Test Case 'PGTransactionAPITests.testWithTransactionCommit' started at 2026-02-27 22:54:47.734
2026-02-27T22:54:47.9276883Z /home/runner/work/sql-nio/sql-nio/Tests/PostgresNioTests/PostgresIntegrationTests.swift:1197: error: PGTransactionAPITests.testWithTransactionCommit : failed - Unexpected error: Server error 0: relation "departments" does not exist
2026-02-27T22:54:47.9277964Z Test Case 'PGTransactionAPITests.testWithTransactionCommit' failed (0.094 seconds)
2026-02-27T22:54:47.9278587Z Test Case 'PGTransactionAPITests.testWithTransactionRollbackOnError' started at 2026-02-27 22:54:47.828
2026-02-27T22:54:48.3165252Z /home/runner/work/sql-nio/sql-nio/Tests/PostgresNioTests/PostgresIntegrationTests.swift:1213: error: PGTransactionAPITests.testWithTransactionRollbackOnError : failed - Unexpected error: Server error 0: relation "departments" does not exist
2026-02-27T22:54:48.3166537Z Test Case 'PGTransactionAPITests.testWithTransactionRollbackOnError' failed (0.095 seconds)
2026-02-27T22:54:48.3167094Z Test Suite 'PGTransactionAPITests' failed at 2026-02-27 22:54:47.923
2026-02-27T22:54:48.3167532Z 	 Executed 4 tests, with 4 failures (0 unexpected) in 0.385 (0.385) seconds
2026-02-27T22:54:48.3167953Z Test Suite 'PGTransactionTests' started at 2026-02-27 22:54:47.923
2026-02-27T22:54:48.3168449Z Test Case 'PGTransactionTests.testCommitTransaction' started at 2026-02-27 22:54:47.923
2026-02-27T22:54:48.3169548Z /home/runner/work/sql-nio/sql-nio/Tests/PostgresNioTests/PostgresIntegrationTests.swift:728: error: PGTransactionTests.testCommitTransaction : failed - Unexpected error: Server error 0: relation "departments" does not exist
2026-02-27T22:54:48.3170965Z Test Case 'PGTransactionTests.testCommitTransaction' failed (0.094 seconds)
2026-02-27T22:54:48.3171521Z Test Case 'PGTransactionTests.testRollbackTransaction' started at 2026-02-27 22:54:48.018
2026-02-27T22:54:48.3172621Z /home/runner/work/sql-nio/sql-nio/Tests/PostgresNioTests/PostgresIntegrationTests.swift:746: error: PGTransactionTests.testRollbackTransaction : failed - Unexpected error: Server error 0: relation "departments" does not exist
2026-02-27T22:54:48.3173663Z Test Case 'PGTransactionTests.testRollbackTransaction' failed (0.094 seconds)
2026-02-27T22:54:48.3174219Z Test Case 'PGTransactionTests.testTransactionIsolation' started at 2026-02-27 22:54:48.111
2026-02-27T22:54:48.3175294Z /home/runner/work/sql-nio/sql-nio/Tests/PostgresNioTests/PostgresIntegrationTests.swift:761: error: PGTransactionTests.testTransactionIsolation : failed - Unexpected error: Server error 0: relation "departments" does not exist
2026-02-27T22:54:48.3176351Z Test Case 'PGTransactionTests.testTransactionIsolation' failed (0.186 seconds)
2026-02-27T22:54:48.3176805Z Test Suite 'PGTransactionTests' failed at 2026-02-27 22:54:48.297
2026-02-27T22:54:48.3177211Z 	 Executed 3 tests, with 3 failures (0 unexpected) in 0.374 (0.374) seconds
2026-02-27T22:54:48.3177629Z Test Suite 'PostgresDecoderTests' started at 2026-02-27 22:54:48.297
2026-02-27T22:54:48.3178133Z Test Case 'PostgresDecoderTests.testDecodeCommandComplete' started at 2026-02-27 22:54:48.297
2026-02-27T22:54:48.3178701Z Test Case 'PostgresDecoderTests.testDecodeCommandComplete' passed (0.0 seconds)
2026-02-27T22:54:48.3179419Z Test Case 'PostgresDecoderTests.testDecodeErrorResponse' started at 2026-02-27 22:54:48.297
2026-02-27T22:54:48.3180372Z Test Case 'PostgresDecoderTests.testDecodeErrorResponse' passed (0.0 seconds)
2026-02-27T22:54:48.3181274Z Test Case 'PostgresDecoderTests.testMD5PasswordHashing' started at 2026-02-27 22:54:48.298
2026-02-27T22:54:48.3182190Z Test Case 'PostgresDecoderTests.testMD5PasswordHashing' passed (0.001 seconds)
2026-02-27T22:54:48.3183005Z Test Suite 'PostgresDecoderTests' passed at 2026-02-27 22:54:48.298
2026-02-27T22:54:48.3183710Z 	 Executed 3 tests, with 0 failures (0 unexpected) in 0.001 (0.001) seconds
2026-02-27T22:54:48.3184429Z Test Suite 'PostgresFramingTests' started at 2026-02-27 22:54:48.298
2026-02-27T22:54:48.3185289Z Test Case 'PostgresFramingTests.testQueryMessageFormat' started at 2026-02-27 22:54:48.298
2026-02-27T22:54:48.3186265Z Test Case 'PostgresFramingTests.testQueryMessageFormat' passed (0.0 seconds)
2026-02-27T22:54:48.3187175Z Test Case 'PostgresFramingTests.testSSLRequestFormat' started at 2026-02-27 22:54:48.299
2026-02-27T22:54:48.3188038Z Test Case 'PostgresFramingTests.testSSLRequestFormat' passed (0.0 seconds)
2026-02-27T22:54:48.3189011Z Test Case 'PostgresFramingTests.testStartupMessageFormat' started at 2026-02-27 22:54:48.299
2026-02-27T22:54:48.3190181Z Test Case 'PostgresFramingTests.testStartupMessageFormat' passed (0.0 seconds)
2026-02-27T22:54:48.3191182Z Test Suite 'PostgresFramingTests' passed at 2026-02-27 22:54:48.299
2026-02-27T22:54:48.3191916Z 	 Executed 3 tests, with 0 failures (0 unexpected) in 0.0 (0.0) seconds
2026-02-27T22:54:48.3192312Z Test Suite 'Selected tests' failed at 2026-02-27 22:54:48.299
2026-02-27T22:54:48.3192696Z 	 Executed 102 tests, with 52 failures (0 unexpected) in 9.387 (9.387) seconds
2026-02-27T22:54:48.3193251Z ◇ Test run started.
2026-02-27T22:54:48.3193549Z ↳ Testing Library Version: 6.0.3 (18c42c19cac3faf)
2026-02-27T22:54:48.3193905Z ✔ Test run with 0 tests passed after 0.001 seconds.
2026-02-27T22:54:48.3213913Z ##[error]Process completed with exit code 1.
2026-02-27T22:54:48.3300462Z Post job cleanup.
2026-02-27T22:54:48.4237260Z [command]/usr/bin/git version
2026-02-27T22:54:48.4273287Z git version 2.53.0
2026-02-27T22:54:48.4315897Z Temporarily overriding HOME='/home/runner/work/_temp/515504ba-7804-45be-99c0-7f768cc4dbd2' before making global git config changes
2026-02-27T22:54:48.4316937Z Adding repository directory to the temporary git global config as a safe directory
2026-02-27T22:54:48.4330048Z [command]/usr/bin/git config --global --add safe.directory /home/runner/work/sql-nio/sql-nio
2026-02-27T22:54:48.4363744Z [command]/usr/bin/git config --local --name-only --get-regexp core\.sshCommand
2026-02-27T22:54:48.4396010Z [command]/usr/bin/git submodule foreach --recursive sh -c "git config --local --name-only --get-regexp 'core\.sshCommand' && git config --local --unset-all 'core.sshCommand' || :"
2026-02-27T22:54:48.4633340Z [command]/usr/bin/git config --local --name-only --get-regexp http\.https\:\/\/github\.com\/\.extraheader
2026-02-27T22:54:48.4654288Z http.https://github.com/.extraheader
2026-02-27T22:54:48.4666731Z [command]/usr/bin/git config --local --unset-all http.https://github.com/.extraheader
2026-02-27T22:54:48.4697425Z [command]/usr/bin/git submodule foreach --recursive sh -c "git config --local --name-only --get-regexp 'http\.https\:\/\/github\.com\/\.extraheader' && git config --local --unset-all 'http.https://github.com/.extraheader' || :"
2026-02-27T22:54:48.4940380Z [command]/usr/bin/git config --local --name-only --get-regexp ^includeIf\.gitdir:
2026-02-27T22:54:48.4972536Z [command]/usr/bin/git submodule foreach --recursive git config --local --show-origin --name-only --get-regexp remote.origin.url
2026-02-27T22:54:48.5302018Z Print service container logs: 3ea11586f50447e09aa6fbda871dd85d_postgres16alpine_9b1b0b
2026-02-27T22:54:48.5306431Z ##[command]/usr/bin/docker logs --details 6b30809aa9af5050e7a8d7b3b71c16e72c9a6074a3c221416a54b1abcae60d92
2026-02-27T22:54:48.5435703Z  The files belonging to this database system will be owned by user "postgres".
2026-02-27T22:54:48.5437777Z  This user must also own the server process.
2026-02-27T22:54:48.5439114Z  
2026-02-27T22:54:48.5440936Z  The database cluster will be initialized with locale "en_US.utf8".
2026-02-27T22:54:48.5442961Z  The default database encoding has accordingly been set to "UTF8".
2026-02-27T22:54:48.5443987Z  The default text search configuration will be set to "english".
2026-02-27T22:54:48.5444805Z  
2026-02-27T22:54:48.5445349Z  Data page checksums are disabled.
2026-02-27T22:54:48.5445746Z  
2026-02-27T22:54:48.5446624Z  fixing permissions on existing directory /var/lib/postgresql/data ... ok
2026-02-27T22:54:48.5447909Z  creating subdirectories ... ok
2026-02-27T22:54:48.5448713Z  selecting dynamic shared memory implementation ... posix
2026-02-27T22:54:48.5449288Z  selecting default max_connections ... 100
2026-02-27T22:54:48.5450396Z  selecting default shared_buffers ... 128MB
2026-02-27T22:54:48.5450857Z  selecting default time zone ... UTC
2026-02-27T22:54:48.5451303Z  creating configuration files ... ok
2026-02-27T22:54:48.5451903Z  running bootstrap script ... ok
2026-02-27T22:54:48.5452667Z  performing post-bootstrap initialization ... ok
2026-02-27T22:54:48.5453507Z  syncing data to disk ... ok
2026-02-27T22:54:48.5453850Z  
2026-02-27T22:54:48.5455388Z  
2026-02-27T22:54:48.5455775Z  Success. You can now start the database server using:
2026-02-27T22:54:48.5456258Z  
2026-02-27T22:54:48.5456547Z      pg_ctl -D /var/lib/postgresql/data -l logfile start
2026-02-27T22:54:48.5456824Z  
2026-02-27T22:54:48.5457373Z  waiting for server to start....2026-02-27 22:51:01.041 UTC [41] LOG:  starting PostgreSQL 16.13 on x86_64-pc-linux-musl, compiled by gcc (Alpine 15.2.0) 15.2.0, 64-bit
2026-02-27T22:54:48.5458176Z  2026-02-27 22:51:01.042 UTC [41] LOG:  listening on Unix socket "/var/run/postgresql/.s.PGSQL.5432"
2026-02-27T22:54:48.5458718Z  2026-02-27 22:51:01.045 UTC [44] LOG:  database system was shut down at 2026-02-27 22:51:00 UTC
2026-02-27T22:54:48.5459198Z  2026-02-27 22:51:01.049 UTC [41] LOG:  database system is ready to accept connections
2026-02-27T22:54:48.5459538Z   done
2026-02-27T22:54:48.5459905Z  server started
2026-02-27T22:54:48.5460132Z  CREATE DATABASE
2026-02-27T22:54:48.5460288Z  
2026-02-27T22:54:48.5460425Z  
2026-02-27T22:54:48.5460701Z  /usr/local/bin/docker-entrypoint.sh: ignoring /docker-entrypoint-initdb.d/*
2026-02-27T22:54:48.5461065Z  
2026-02-27T22:54:48.5461386Z  waiting for server to shut down...2026-02-27 22:51:01.193 UTC [41] LOG:  received fast shutdown request
2026-02-27T22:54:48.5461878Z  .2026-02-27 22:51:01.193 UTC [41] LOG:  aborting any active transactions
2026-02-27T22:54:48.5462424Z  2026-02-27 22:51:01.197 UTC [41] LOG:  background worker "logical replication launcher" (PID 47) exited with exit code 1
2026-02-27T22:54:48.5462960Z  2026-02-27 22:51:01.198 UTC [42] LOG:  shutting down
2026-02-27T22:54:48.5463307Z  2026-02-27 22:51:01.198 UTC [42] LOG:  checkpoint starting: shutdown immediate
2026-02-27T22:54:48.5464387Z  2026-02-27 22:51:01.218 UTC [42] LOG:  checkpoint complete: wrote 926 buffers (5.7%); 0 WAL file(s) added, 0 removed, 0 recycled; write=0.014 s, sync=0.005 s, total=0.021 s; sync files=301, longest=0.003 s, average=0.001 s; distance=4272 kB, estimate=4272 kB; lsn=0/191E938, redo lsn=0/191E938
2026-02-27T22:54:48.5465412Z  2026-02-27 22:51:01.225 UTC [41] LOG:  database system is shut down
2026-02-27T22:54:48.5465703Z   done
2026-02-27T22:54:48.5465852Z  server stopped
2026-02-27T22:54:48.5466008Z  
2026-02-27T22:54:48.5466243Z  PostgreSQL init process complete; ready for start up.
2026-02-27T22:54:48.5466509Z  
2026-02-27T22:54:48.5468017Z  sh: locale: not found
2026-02-27T22:54:48.5468852Z  2026-02-27 22:51:00.465 UTC [35] WARNING:  no usable system locales were found
2026-02-27T22:54:48.5469506Z  initdb: warning: enabling "trust" authentication for local connections
2026-02-27T22:54:48.5470413Z  initdb: hint: You can change this by editing pg_hba.conf or using the option -A, or --auth-local and --auth-host, the next time you run initdb.
2026-02-27T22:54:48.5471422Z  2026-02-27 22:51:01.314 UTC [1] LOG:  starting PostgreSQL 16.13 on x86_64-pc-linux-musl, compiled by gcc (Alpine 15.2.0) 15.2.0, 64-bit
2026-02-27T22:54:48.5472039Z  2026-02-27 22:51:01.314 UTC [1] LOG:  listening on IPv4 address "0.0.0.0", port 5432
2026-02-27T22:54:48.5472484Z  2026-02-27 22:51:01.314 UTC [1] LOG:  listening on IPv6 address "::", port 5432
2026-02-27T22:54:48.5472962Z  2026-02-27 22:51:01.315 UTC [1] LOG:  listening on Unix socket "/var/run/postgresql/.s.PGSQL.5432"
2026-02-27T22:54:48.5473486Z  2026-02-27 22:51:01.318 UTC [57] LOG:  database system was shut down at 2026-02-27 22:51:01 UTC
2026-02-27T22:54:48.5473967Z  2026-02-27 22:51:01.323 UTC [1] LOG:  database system is ready to accept connections
2026-02-27T22:54:48.5474382Z  2026-02-27 22:51:05.039 UTC [67] FATAL:  database "pguser" does not exist
2026-02-27T22:54:48.5474764Z  2026-02-27 22:51:10.080 UTC [74] FATAL:  database "pguser" does not exist
2026-02-27T22:54:48.5475139Z  2026-02-27 22:51:15.122 UTC [82] FATAL:  database "pguser" does not exist
2026-02-27T22:54:48.5475519Z  2026-02-27 22:51:20.164 UTC [89] FATAL:  database "pguser" does not exist
2026-02-27T22:54:48.5475888Z  2026-02-27 22:51:25.208 UTC [96] FATAL:  database "pguser" does not exist
2026-02-27T22:54:48.5476260Z  2026-02-27 22:51:30.249 UTC [103] FATAL:  database "pguser" does not exist
2026-02-27T22:54:48.5476640Z  2026-02-27 22:51:35.291 UTC [111] FATAL:  database "pguser" does not exist
2026-02-27T22:54:48.5477050Z  2026-02-27 22:51:40.332 UTC [118] FATAL:  database "pguser" does not exist
2026-02-27T22:54:48.5477451Z  2026-02-27 22:51:45.381 UTC [125] FATAL:  database "pguser" does not exist
2026-02-27T22:54:48.5477834Z  2026-02-27 22:51:50.426 UTC [132] FATAL:  database "pguser" does not exist
2026-02-27T22:54:48.5478214Z  2026-02-27 22:51:55.468 UTC [139] FATAL:  database "pguser" does not exist
2026-02-27T22:54:48.5478589Z  2026-02-27 22:52:00.511 UTC [146] FATAL:  database "pguser" does not exist
2026-02-27T22:54:48.5478970Z  2026-02-27 22:52:05.554 UTC [154] FATAL:  database "pguser" does not exist
2026-02-27T22:54:48.5479371Z  2026-02-27 22:52:10.619 UTC [161] FATAL:  database "pguser" does not exist
2026-02-27T22:54:48.5479942Z  2026-02-27 22:52:15.689 UTC [168] FATAL:  database "pguser" does not exist
2026-02-27T22:54:48.5480327Z  2026-02-27 22:52:20.752 UTC [175] FATAL:  database "pguser" does not exist
2026-02-27T22:54:48.5480704Z  2026-02-27 22:52:25.815 UTC [182] FATAL:  database "pguser" does not exist
2026-02-27T22:54:48.5481082Z  2026-02-27 22:52:30.874 UTC [189] FATAL:  database "pguser" does not exist
2026-02-27T22:54:48.5481465Z  2026-02-27 22:52:35.935 UTC [197] FATAL:  database "pguser" does not exist
2026-02-27T22:54:48.5481838Z  2026-02-27 22:52:41.032 UTC [204] FATAL:  database "pguser" does not exist
2026-02-27T22:54:48.5482216Z  2026-02-27 22:52:46.102 UTC [211] FATAL:  database "pguser" does not exist
2026-02-27T22:54:48.5482593Z  2026-02-27 22:52:51.163 UTC [218] FATAL:  database "pguser" does not exist
2026-02-27T22:54:48.5482971Z  2026-02-27 22:52:56.238 UTC [225] FATAL:  database "pguser" does not exist
2026-02-27T22:54:48.5483453Z  2026-02-27 22:53:01.312 UTC [232] FATAL:  database "pguser" does not exist
2026-02-27T22:54:48.5484037Z  2026-02-27 22:53:06.384 UTC [240] FATAL:  database "pguser" does not exist
2026-02-27T22:54:48.5484412Z  2026-02-27 22:53:11.449 UTC [247] FATAL:  database "pguser" does not exist
2026-02-27T22:54:48.5484788Z  2026-02-27 22:53:16.543 UTC [254] FATAL:  database "pguser" does not exist
2026-02-27T22:54:48.5485158Z  2026-02-27 22:53:21.610 UTC [261] FATAL:  database "pguser" does not exist
2026-02-27T22:54:48.5485691Z  2026-02-27 22:53:26.671 UTC [268] FATAL:  database "pguser" does not exist
2026-02-27T22:54:48.5486076Z  2026-02-27 22:53:31.741 UTC [276] FATAL:  database "pguser" does not exist
2026-02-27T22:54:48.5486447Z  2026-02-27 22:53:36.805 UTC [283] FATAL:  database "pguser" does not exist
2026-02-27T22:54:48.5486923Z  2026-02-27 22:53:41.881 UTC [290] FATAL:  database "pguser" does not exist
2026-02-27T22:54:48.5487302Z  2026-02-27 22:53:46.941 UTC [297] FATAL:  database "pguser" does not exist
2026-02-27T22:54:48.5487673Z  2026-02-27 22:53:52.009 UTC [304] FATAL:  database "pguser" does not exist
2026-02-27T22:54:48.5488048Z  2026-02-27 22:53:57.076 UTC [311] FATAL:  database "pguser" does not exist
2026-02-27T22:54:48.5488425Z  2026-02-27 22:54:02.135 UTC [319] FATAL:  database "pguser" does not exist
2026-02-27T22:54:48.5488795Z  2026-02-27 22:54:07.195 UTC [327] FATAL:  database "pguser" does not exist
2026-02-27T22:54:48.5489171Z  2026-02-27 22:54:12.238 UTC [334] FATAL:  database "pguser" does not exist
2026-02-27T22:54:48.5489551Z  2026-02-27 22:54:17.326 UTC [341] FATAL:  database "pguser" does not exist
2026-02-27T22:54:48.5490174Z  2026-02-27 22:54:22.396 UTC [348] FATAL:  database "pguser" does not exist
2026-02-27T22:54:48.5490551Z  2026-02-27 22:54:27.457 UTC [354] FATAL:  database "pguser" does not exist
2026-02-27T22:54:48.5490928Z  2026-02-27 22:54:32.516 UTC [362] FATAL:  database "pguser" does not exist
2026-02-27T22:54:48.5491304Z  2026-02-27 22:54:37.558 UTC [369] FATAL:  database "pguser" does not exist
2026-02-27T22:54:48.5491747Z  2026-02-27 22:54:39.016 UTC [370] ERROR:  relation "employees" does not exist at character 22
2026-02-27T22:54:48.5492198Z  2026-02-27 22:54:39.016 UTC [370] STATEMENT:      SELECT name FROM employees
2026-02-27T22:54:48.5492538Z  	    WHERE salary BETWEEN 70000 AND 100000
2026-02-27T22:54:48.5492767Z  	    ORDER BY salary
2026-02-27T22:54:48.5493076Z  2026-02-27 22:54:39.111 UTC [371] ERROR:  relation "employees" does not exist at character 60
2026-02-27T22:54:48.5493524Z  2026-02-27 22:54:39.111 UTC [371] STATEMENT:      WITH top_earners AS (
2026-02-27T22:54:48.5493893Z  	        SELECT name, salary FROM employees WHERE salary > 80000
2026-02-27T22:54:48.5494172Z  	    )
2026-02-27T22:54:48.5494345Z  	    SELECT COUNT(*) AS cnt FROM top_earners
2026-02-27T22:54:48.5494720Z  2026-02-27 22:54:39.206 UTC [372] ERROR:  relation "employees" does not exist at character 171
2026-02-27T22:54:48.5495161Z  2026-02-27 22:54:39.206 UTC [372] STATEMENT:      SELECT name,
2026-02-27T22:54:48.5495467Z  	           CASE WHEN salary >= 100000 THEN 'Senior'
2026-02-27T22:54:48.5495898Z  	                WHEN salary >= 70000  THEN 'Mid'
2026-02-27T22:54:48.5496266Z  	                ELSE 'Junior' END AS level
2026-02-27T22:54:48.5496492Z  	    FROM employees
2026-02-27T22:54:48.5496682Z  	    ORDER BY salary DESC
2026-02-27T22:54:48.5496869Z  	    LIMIT 1
2026-02-27T22:54:48.5497171Z  2026-02-27 22:54:39.303 UTC [373] ERROR:  relation "departments" does not exist at character 22
2026-02-27T22:54:48.5497654Z  2026-02-27 22:54:39.303 UTC [373] STATEMENT:      SELECT name FROM departments
2026-02-27T22:54:48.5497989Z  	    WHERE id IN (1, 2, 3)
2026-02-27T22:54:48.5498177Z  	    ORDER BY id
2026-02-27T22:54:48.5498478Z  2026-02-27 22:54:39.397 UTC [374] ERROR:  relation "employees" does not exist at character 33
2026-02-27T22:54:48.5499063Z  2026-02-27 22:54:39.397 UTC [374] STATEMENT:      SELECT COUNT(*) AS cnt FROM employees WHERE email LIKE '%@example.com'
2026-02-27T22:54:48.5499884Z  2026-02-27 22:54:39.589 UTC [376] ERROR:  relation "employees" does not exist at character 22
2026-02-27T22:54:48.5500356Z  2026-02-27 22:54:39.589 UTC [376] STATEMENT:      SELECT name FROM employees
2026-02-27T22:54:48.5500720Z  	    WHERE salary > (SELECT AVG(salary) FROM employees)
2026-02-27T22:54:48.5500985Z  	    ORDER BY name
2026-02-27T22:54:48.5501285Z  2026-02-27 22:54:39.684 UTC [377] ERROR:  relation "employees" does not exist at character 89
2026-02-27T22:54:48.5501858Z  2026-02-27 22:54:39.684 UTC [377] STATEMENT:      SELECT name, salary,
2026-02-27T22:54:48.5502202Z  	           RANK() OVER (ORDER BY salary DESC) AS rank
2026-02-27T22:54:48.5502455Z  	    FROM employees
2026-02-27T22:54:48.5502620Z  	    ORDER BY rank
2026-02-27T22:54:48.5502779Z  	    LIMIT 3
2026-02-27T22:54:48.5503073Z  2026-02-27 22:54:41.172 UTC [392] ERROR:  relation "departments" does not exist at character 13
2026-02-27T22:54:48.5505288Z  2026-02-27 22:54:41.172 UTC [392] STATEMENT:  INSERT INTO "departments" ("name", "budget", "active") VALUES ('Dict Dept 1', 500.0, FALSE), ('Dict Dept 2', 500.0, FALSE), ('Dict Dept 3', 500.0, FALSE), ('Dict Dept 4', 500.0, FALSE), ('Dict Dept 5', 500.0, FALSE), ('Dict Dept 6', 500.0, FALSE), ('Dict Dept 7', 500.0, FALSE), ('Dict Dept 8', 500.0, FALSE), ('Dict Dept 9', 500.0, FALSE), ('Dict Dept 10', 500.0, FALSE), ('Dict Dept 11', 500.0, FALSE), ('Dict Dept 12', 500.0, FALSE), ('Dict Dept 13', 500.0, FALSE), ('Dict Dept 14', 500.0, FALSE), ('Dict Dept 15', 500.0, FALSE), ('Dict Dept 16', 500.0, FALSE), ('Dict Dept 17', 500.0, FALSE), ('Dict Dept 18', 500.0, FALSE), ('Dict Dept 19', 500.0, FALSE), ('Dict Dept 20', 500.0, FALSE)
2026-02-27T22:54:48.5507696Z  2026-02-27 22:54:41.366 UTC [394] ERROR:  relation "departments" does not exist at character 13
2026-02-27T22:54:48.5512602Z  2026-02-27 22:54:41.366 UTC [394] STATEMENT:  INSERT INTO "departments" ("name", "budget", "active") VALUES ('Bulk Dept 1', 1000.0, TRUE), ('Bulk Dept 2', 2000.0, TRUE), ('Bulk Dept 3', 3000.0, TRUE), ('Bulk Dept 4', 4000.0, TRUE), ('Bulk Dept 5', 5000.0, TRUE), ('Bulk Dept 6', 6000.0, TRUE), ('Bulk Dept 7', 7000.0, TRUE), ('Bulk Dept 8', 8000.0, TRUE), ('Bulk Dept 9', 9000.0, TRUE), ('Bulk Dept 10', 10000.0, TRUE), ('Bulk Dept 11', 11000.0, TRUE), ('Bulk Dept 12', 12000.0, TRUE), ('Bulk Dept 13', 13000.0, TRUE), ('Bulk Dept 14', 14000.0, TRUE), ('Bulk Dept 15', 15000.0, TRUE), ('Bulk Dept 16', 16000.0, TRUE), ('Bulk Dept 17', 17000.0, TRUE), ('Bulk Dept 18', 18000.0, TRUE), ('Bulk Dept 19', 19000.0, TRUE), ('Bulk Dept 20', 20000.0, TRUE), ('Bulk Dept 21', 21000.0, TRUE), ('Bulk Dept 22', 22000.0, TRUE), ('Bulk Dept 23', 23000.0, TRUE), ('Bulk Dept 24', 24000.0, TRUE), ('Bulk Dept 25', 25000.0, TRUE), ('Bulk Dept 26', 26000.0, TRUE), ('Bulk Dept 27', 27000.0, TRUE), ('Bulk Dept 28', 28000.0, TRUE), ('Bulk Dept 29', 29000.0, TRUE), ('Bulk Dept 30', 30000.0, TRUE), ('Bulk Dept 31', 31000.0, TRUE), ('Bulk Dept 32', 32000.0, TRUE), ('Bulk Dept 33', 33000.0, TRUE), ('Bulk Dept 34', 34000.0, TRUE), ('Bulk Dept 35', 35000.0, TRUE), ('Bulk Dept 36', 36000.0, TRUE), ('Bulk Dept 37', 37000.0, TRUE), ('Bulk Dept 38', 38000.0, TRUE), ('Bulk Dept 39', 39000.0, TRUE), ('Bulk Dept 40', 40000.0, TRUE), ('Bulk Dept 41', 41000.0, TRUE), ('Bulk Dept 42', 42000.0, TRUE), ('Bulk Dept 43', 43000.0, TRUE), ('Bulk Dept 44', 44000.0, TRUE), ('Bulk Dept 45', 45000.0, TRUE), ('Bulk Dept 46', 46000.0, TRUE), ('Bulk Dept 47', 47000.0, TRUE), ('Bulk Dept 48', 48000.0, TRUE), ('Bulk Dept 49', 49000.0, TRUE), ('Bulk Dept 50', 50000.0, TRUE)
2026-02-27T22:54:48.5517328Z  2026-02-27 22:54:41.909 UTC [402] FATAL:  password authentication failed for user "pguser"
2026-02-27T22:54:48.5518033Z  2026-02-27 22:54:41.909 UTC [402] DETAIL:  Connection matched file "/var/lib/postgresql/data/pg_hba.conf" line 128: "host all all all scram-sha-256"
2026-02-27T22:54:48.5518732Z  2026-02-27 22:54:42.097 UTC [404] ERROR:  relation "departments" does not exist at character 13
2026-02-27T22:54:48.5519301Z  2026-02-27 22:54:42.097 UTC [404] STATEMENT:  INSERT INTO departments (name, budget) VALUES ('Delete Me', 0.00)
2026-02-27T22:54:48.5519974Z  2026-02-27 22:54:42.190 UTC [405] ERROR:  relation "departments" does not exist at character 17
2026-02-27T22:54:48.5520486Z  2026-02-27 22:54:42.190 UTC [405] STATEMENT:      INSERT INTO departments (name, budget, active)
2026-02-27T22:54:48.5520874Z  	    VALUES ('Test Dept', 50000.00, TRUE)
2026-02-27T22:54:48.5521243Z  2026-02-27 22:54:42.285 UTC [406] ERROR:  relation "departments" does not exist at character 17
2026-02-27T22:54:48.5521866Z  2026-02-27 22:54:42.285 UTC [406] STATEMENT:      INSERT INTO departments (name, budget)
2026-02-27T22:54:48.5522233Z  	    VALUES ('RETURNING Test', 9999.99)
2026-02-27T22:54:48.5522465Z  	    RETURNING id, name
2026-02-27T22:54:48.5522789Z  2026-02-27 22:54:42.378 UTC [407] ERROR:  relation "departments" does not exist at character 13
2026-02-27T22:54:48.5523474Z  2026-02-27 22:54:42.378 UTC [407] STATEMENT:  INSERT INTO departments (name, budget) VALUES ('Param Dept', 75000.0)
2026-02-27T22:54:48.5524056Z  2026-02-27 22:54:42.472 UTC [408] ERROR:  relation "departments" does not exist at character 13
2026-02-27T22:54:48.5524616Z  2026-02-27 22:54:42.472 UTC [408] STATEMENT:  INSERT INTO departments (name, budget) VALUES ('Bulk 1', 1000.0)
2026-02-27T22:54:48.5525172Z  2026-02-27 22:54:42.567 UTC [409] ERROR:  relation "departments" does not exist at character 13
2026-02-27T22:54:48.5525759Z  2026-02-27 22:54:42.567 UTC [409] STATEMENT:  INSERT INTO departments (name, budget) VALUES ('Update Test', 1000.00)
2026-02-27T22:54:48.5526282Z  2026-02-27 22:54:42.606 UTC [417] FATAL:  database "pguser" does not exist
2026-02-27T22:54:48.5526741Z  2026-02-27 22:54:42.674 UTC [410] ERROR:  relation "type_samples" does not exist at character 22
2026-02-27T22:54:48.5527252Z  2026-02-27 22:54:42.674 UTC [410] STATEMENT:  SELECT col_int8 FROM type_samples WHERE id = 1
2026-02-27T22:54:48.5527759Z  2026-02-27 22:54:42.768 UTC [418] ERROR:  relation "type_samples" does not exist at character 22
2026-02-27T22:54:48.5528262Z  2026-02-27 22:54:42.768 UTC [418] STATEMENT:  SELECT col_bool FROM type_samples WHERE id = 1
2026-02-27T22:54:48.5528763Z  2026-02-27 22:54:42.862 UTC [419] ERROR:  relation "type_samples" does not exist at character 22
2026-02-27T22:54:48.5529256Z  2026-02-27 22:54:42.862 UTC [419] STATEMENT:  SELECT col_date FROM type_samples WHERE id = 1
2026-02-27T22:54:48.5529875Z  2026-02-27 22:54:42.955 UTC [420] ERROR:  relation "type_samples" does not exist at character 24
2026-02-27T22:54:48.5530391Z  2026-02-27 22:54:42.955 UTC [420] STATEMENT:  SELECT col_float4 FROM type_samples WHERE id = 1
2026-02-27T22:54:48.5530899Z  2026-02-27 22:54:43.049 UTC [421] ERROR:  relation "type_samples" does not exist at character 24
2026-02-27T22:54:48.5531406Z  2026-02-27 22:54:43.049 UTC [421] STATEMENT:  SELECT col_float8 FROM type_samples WHERE id = 1
2026-02-27T22:54:48.5531918Z  2026-02-27 22:54:43.144 UTC [422] ERROR:  relation "type_samples" does not exist at character 22
2026-02-27T22:54:48.5532415Z  2026-02-27 22:54:43.144 UTC [422] STATEMENT:  SELECT col_int4 FROM type_samples WHERE id = 1
2026-02-27T22:54:48.5532916Z  2026-02-27 22:54:43.240 UTC [423] ERROR:  relation "type_samples" does not exist at character 13
2026-02-27T22:54:48.5533453Z  2026-02-27 22:54:43.240 UTC [423] STATEMENT:  INSERT INTO type_samples (col_text) VALUES ('null-test')
2026-02-27T22:54:48.5533995Z  2026-02-27 22:54:43.333 UTC [424] ERROR:  relation "type_samples" does not exist at character 25
2026-02-27T22:54:48.5534512Z  2026-02-27 22:54:43.333 UTC [424] STATEMENT:  SELECT col_numeric FROM type_samples WHERE id = 1
2026-02-27T22:54:48.5535013Z  2026-02-27 22:54:43.426 UTC [425] ERROR:  relation "type_samples" does not exist at character 22
2026-02-27T22:54:48.5535517Z  2026-02-27 22:54:43.426 UTC [425] STATEMENT:  SELECT col_int2 FROM type_samples WHERE id = 1
2026-02-27T22:54:48.5536025Z  2026-02-27 22:54:43.520 UTC [426] ERROR:  relation "type_samples" does not exist at character 22
2026-02-27T22:54:48.5536521Z  2026-02-27 22:54:43.520 UTC [426] STATEMENT:  SELECT col_text FROM type_samples WHERE id = 1
2026-02-27T22:54:48.5537025Z  2026-02-27 22:54:43.613 UTC [427] ERROR:  relation "type_samples" does not exist at character 20
2026-02-27T22:54:48.5537524Z  2026-02-27 22:54:43.613 UTC [427] STATEMENT:  SELECT col_ts FROM type_samples WHERE id = 1
2026-02-27T22:54:48.5538023Z  2026-02-27 22:54:43.706 UTC [428] ERROR:  relation "type_samples" does not exist at character 22
2026-02-27T22:54:48.5538650Z  2026-02-27 22:54:43.706 UTC [428] STATEMENT:  SELECT col_uuid FROM type_samples WHERE id = 1
2026-02-27T22:54:48.5539155Z  2026-02-27 22:54:43.800 UTC [429] ERROR:  relation "type_samples" does not exist at character 25
2026-02-27T22:54:48.5539776Z  2026-02-27 22:54:43.800 UTC [429] STATEMENT:  SELECT col_varchar FROM type_samples WHERE id = 1
2026-02-27T22:54:48.5540425Z  2026-02-27 22:54:43.893 UTC [430] ERROR:  relation "departments" does not exist at character 30
2026-02-27T22:54:48.5540961Z  2026-02-27 22:54:43.893 UTC [430] STATEMENT:  SELECT id, name, active FROM departments ORDER BY id
2026-02-27T22:54:48.5541478Z  2026-02-27 22:54:43.987 UTC [431] ERROR:  relation "departments" does not exist at character 30
2026-02-27T22:54:48.5542004Z  2026-02-27 22:54:43.987 UTC [431] STATEMENT:  SELECT id, name, active FROM departments WHERE id = 1
2026-02-27T22:54:48.5542541Z  2026-02-27 22:54:44.081 UTC [432] ERROR:  relation "does_not_exist" does not exist at character 15
2026-02-27T22:54:48.5543011Z  2026-02-27 22:54:44.081 UTC [432] STATEMENT:  SELECT * FROM does_not_exist
2026-02-27T22:54:48.5543377Z  2026-02-27 22:54:44.176 UTC [433] ERROR:  division by zero
2026-02-27T22:54:48.5543716Z  2026-02-27 22:54:44.176 UTC [433] STATEMENT:  SELECT 1/0 AS oops
2026-02-27T22:54:48.5544127Z  2026-02-27 22:54:44.269 UTC [434] ERROR:  relation "employees" does not exist at character 13
2026-02-27T22:54:48.5544801Z  2026-02-27 22:54:44.269 UTC [434] STATEMENT:  INSERT INTO employees (department_id, name, email) VALUES (9999, 'NoParent', 'noparent@test.com')
2026-02-27T22:54:48.5545454Z  2026-02-27 22:54:44.362 UTC [435] ERROR:  syntax error at or near "THIS" at character 1
2026-02-27T22:54:48.5545869Z  2026-02-27 22:54:44.362 UTC [435] STATEMENT:  THIS IS NOT VALID SQL
2026-02-27T22:54:48.5546336Z  2026-02-27 22:54:44.455 UTC [436] ERROR:  relation "nonexistent_table_xyz" does not exist at character 15
2026-02-27T22:54:48.5546848Z  2026-02-27 22:54:44.455 UTC [436] STATEMENT:  SELECT * FROM nonexistent_table_xyz
2026-02-27T22:54:48.5547307Z  2026-02-27 22:54:44.549 UTC [437] ERROR:  relation "employees" does not exist at character 13
2026-02-27T22:54:48.5547953Z  2026-02-27 22:54:44.549 UTC [437] STATEMENT:  INSERT INTO employees (department_id, name, email) VALUES (1, 'Dup', 'alice@example.com')
2026-02-27T22:54:48.5548643Z  2026-02-27 22:54:44.831 UTC [440] ERROR:  function get_employee_count(integer) does not exist at character 8
2026-02-27T22:54:48.5549344Z  2026-02-27 22:54:44.831 UTC [440] HINT:  No function matches the given name and argument types. You might need to add explicit type casts.
2026-02-27T22:54:48.5550095Z  2026-02-27 22:54:44.831 UTC [440] STATEMENT:  SELECT get_employee_count(1) AS cnt
2026-02-27T22:54:48.5550625Z  2026-02-27 22:54:44.924 UTC [441] ERROR:  function get_department_budget(integer) does not exist at character 8
2026-02-27T22:54:48.5551330Z  2026-02-27 22:54:44.924 UTC [441] HINT:  No function matches the given name and argument types. You might need to add explicit type casts.
2026-02-27T22:54:48.5551958Z  2026-02-27 22:54:44.924 UTC [441] STATEMENT:  SELECT get_department_budget(1) AS budget
2026-02-27T22:54:48.5552497Z  2026-02-27 22:54:45.017 UTC [442] ERROR:  function add_numbers(integer, integer) does not exist at character 8
2026-02-27T22:54:48.5553189Z  2026-02-27 22:54:45.017 UTC [442] HINT:  No function matches the given name and argument types. You might need to add explicit type casts.
2026-02-27T22:54:48.5553801Z  2026-02-27 22:54:45.017 UTC [442] STATEMENT:  SELECT add_numbers(15, 27) AS result
2026-02-27T22:54:48.5554272Z  2026-02-27 22:54:46.321 UTC [458] ERROR:  relation "departments" does not exist at character 29
2026-02-27T22:54:48.5554872Z  2026-02-27 22:54:46.321 UTC [458] STATEMENT:  SELECT COUNT(*) AS cnt FROM departments; SELECT COUNT(*) AS cnt FROM employees
2026-02-27T22:54:48.5555473Z  2026-02-27 22:54:46.415 UTC [459] ERROR:  relation "departments" does not exist at character 22
2026-02-27T22:54:48.5555968Z  2026-02-27 22:54:46.415 UTC [459] STATEMENT:      SELECT name FROM departments WHERE id = 1;
2026-02-27T22:54:48.5556603Z  	    SELECT name FROM employees WHERE department_id = 1 ORDER BY name;
2026-02-27T22:54:48.5557050Z  2026-02-27 22:54:46.696 UTC [462] ERROR:  relation "orders" does not exist at character 114
2026-02-27T22:54:48.5557543Z  2026-02-27 22:54:46.696 UTC [462] STATEMENT:      SELECT o.id AS order_id, e.name AS employee, 
2026-02-27T22:54:48.5558048Z  	           COUNT(oi.id) AS item_count, o.total_amount
2026-02-27T22:54:48.5558302Z  	    FROM orders o
2026-02-27T22:54:48.5558499Z  	    JOIN employees e ON o.employee_id = e.id
2026-02-27T22:54:48.5558766Z  	    JOIN order_items oi ON o.id = oi.order_id
2026-02-27T22:54:48.5559021Z  	    GROUP BY o.id, e.name, o.total_amount
2026-02-27T22:54:48.5559252Z  	    ORDER BY o.id
2026-02-27T22:54:48.5559559Z  2026-02-27 22:54:46.789 UTC [463] ERROR:  relation "products" does not exist at character 18
2026-02-27T22:54:48.5560197Z  2026-02-27 22:54:46.789 UTC [463] STATEMENT:  SELECT name FROM products WHERE active = TRUE ORDER BY id
2026-02-27T22:54:48.5560741Z  2026-02-27 22:54:46.882 UTC [464] ERROR:  relation "departments" does not exist at character 30
2026-02-27T22:54:48.5561259Z  2026-02-27 22:54:46.882 UTC [464] STATEMENT:  SELECT id, name, active FROM departments ORDER BY id
2026-02-27T22:54:48.5561768Z  2026-02-27 22:54:46.975 UTC [465] ERROR:  relation "employees" does not exist at character 29
2026-02-27T22:54:48.5562238Z  2026-02-27 22:54:46.975 UTC [465] STATEMENT:  SELECT COUNT(*) AS cnt FROM employees
2026-02-27T22:54:48.5562702Z  2026-02-27 22:54:47.069 UTC [466] ERROR:  relation "employees" does not exist at character 52
2026-02-27T22:54:48.5563167Z  2026-02-27 22:54:47.069 UTC [466] STATEMENT:      SELECT department_id, COUNT(*) AS cnt
2026-02-27T22:54:48.5563507Z  	    FROM employees
2026-02-27T22:54:48.5563692Z  	    GROUP BY department_id
2026-02-27T22:54:48.5563893Z  	    ORDER BY department_id
2026-02-27T22:54:48.5564221Z  2026-02-27 22:54:47.163 UTC [467] ERROR:  relation "employees" does not exist at character 61
2026-02-27T22:54:48.5564727Z  2026-02-27 22:54:47.163 UTC [467] STATEMENT:      SELECT e.name AS emp_name, d.name AS dept_name
2026-02-27T22:54:48.5565108Z  	    FROM employees e
2026-02-27T22:54:48.5565319Z  	    JOIN departments d ON e.department_id = d.id
2026-02-27T22:54:48.5565581Z  	    WHERE e.is_manager = TRUE
2026-02-27T22:54:48.5565789Z  	    ORDER BY e.name
2026-02-27T22:54:48.5566128Z  2026-02-27 22:54:47.256 UTC [468] ERROR:  relation "products" does not exist at character 16
2026-02-27T22:54:48.5566612Z  2026-02-27 22:54:47.256 UTC [468] STATEMENT:  SELECT id FROM products ORDER BY id LIMIT 3
2026-02-27T22:54:48.5567091Z  2026-02-27 22:54:47.350 UTC [469] ERROR:  relation "employees" does not exist at character 26
2026-02-27T22:54:48.5567639Z  2026-02-27 22:54:47.350 UTC [469] STATEMENT:  SELECT name, salary FROM employees ORDER BY salary DESC LIMIT 3
2026-02-27T22:54:48.5568183Z  2026-02-27 22:54:47.443 UTC [470] ERROR:  relation "employees" does not exist at character 18
2026-02-27T22:54:48.5568730Z  2026-02-27 22:54:47.443 UTC [470] STATEMENT:  SELECT name FROM employees WHERE department_id = 1 ORDER BY name
2026-02-27T22:54:48.5569279Z  2026-02-27 22:54:47.537 UTC [471] ERROR:  relation "employees" does not exist at character 18
2026-02-27T22:54:48.5569922Z  2026-02-27 22:54:47.537 UTC [471] STATEMENT:  SELECT name FROM employees WHERE department_id = 1 ORDER BY name
2026-02-27T22:54:48.5570477Z  2026-02-27 22:54:47.633 UTC [472] ERROR:  relation "departments" does not exist at character 13
2026-02-27T22:54:48.5571052Z  2026-02-27 22:54:47.633 UTC [472] STATEMENT:  INSERT INTO departments (name, budget) VALUES ('TX API Commit', 1.00)
2026-02-27T22:54:48.5571575Z  2026-02-27 22:54:47.648 UTC [480] FATAL:  database "pguser" does not exist
2026-02-27T22:54:48.5572021Z  2026-02-27 22:54:47.733 UTC [479] ERROR:  relation "departments" does not exist at character 13
2026-02-27T22:54:48.5572606Z  2026-02-27 22:54:47.733 UTC [479] STATEMENT:  INSERT INTO departments (name, budget) VALUES ('TX API Rollback', 1.00)
2026-02-27T22:54:48.5573304Z  2026-02-27 22:54:47.826 UTC [481] ERROR:  relation "departments" does not exist at character 13
2026-02-27T22:54:48.5573875Z  2026-02-27 22:54:47.826 UTC [481] STATEMENT:  INSERT INTO departments (name, budget) VALUES ('withTX Commit', 2.00)
2026-02-27T22:54:48.5574544Z  2026-02-27 22:54:47.921 UTC [482] ERROR:  relation "departments" does not exist at character 13
2026-02-27T22:54:48.5575109Z  2026-02-27 22:54:47.921 UTC [482] STATEMENT:  INSERT INTO departments (name, budget) VALUES ('withTX Fail', 3.00)
2026-02-27T22:54:48.5575669Z  2026-02-27 22:54:47.922 UTC [482] ERROR:  relation "departments" does not exist at character 18
2026-02-27T22:54:48.5576198Z  2026-02-27 22:54:47.922 UTC [482] STATEMENT:  SELECT name FROM departments WHERE name = 'withTX Fail'
2026-02-27T22:54:48.5576730Z  2026-02-27 22:54:48.017 UTC [483] ERROR:  relation "departments" does not exist at character 13
2026-02-27T22:54:48.5577289Z  2026-02-27 22:54:48.017 UTC [483] STATEMENT:  INSERT INTO departments (name, budget) VALUES ('TXN Commit', 0.00)
2026-02-27T22:54:48.5577846Z  2026-02-27 22:54:48.110 UTC [484] ERROR:  relation "departments" does not exist at character 13
2026-02-27T22:54:48.5578409Z  2026-02-27 22:54:48.110 UTC [484] STATEMENT:  INSERT INTO departments (name, budget) VALUES ('TXN Rollback', 0.00)
2026-02-27T22:54:48.5578981Z  2026-02-27 22:54:48.296 UTC [485] ERROR:  relation "departments" does not exist at character 13
2026-02-27T22:54:48.5579556Z  2026-02-27 22:54:48.296 UTC [485] STATEMENT:  INSERT INTO departments (name, budget) VALUES ('Isolation Test', 0.00)
2026-02-27T22:54:48.5584803Z Stop and remove container: 3ea11586f50447e09aa6fbda871dd85d_postgres16alpine_9b1b0b
2026-02-27T22:54:48.5589939Z ##[command]/usr/bin/docker rm --force 6b30809aa9af5050e7a8d7b3b71c16e72c9a6074a3c221416a54b1abcae60d92
2026-02-27T22:54:48.7394656Z 6b30809aa9af5050e7a8d7b3b71c16e72c9a6074a3c221416a54b1abcae60d92
2026-02-27T22:54:48.7424715Z Remove container network: github_network_1bf477f81720461a9b538755878292ad
2026-02-27T22:54:48.7431568Z ##[command]/usr/bin/docker network rm github_network_1bf477f81720461a9b538755878292ad
2026-02-27T22:54:48.8724904Z github_network_1bf477f81720461a9b538755878292ad
2026-02-27T22:54:48.8782495Z Cleaning up orphan processes
