2026-02-27T22:51:55.0695554Z ##[group]Run swift test --filter MySQLNioTests
2026-02-27T22:51:55.0695931Z [36;1mswift test --filter MySQLNioTests[0m
2026-02-27T22:51:55.0747913Z shell: /usr/bin/bash -e {0}
2026-02-27T22:51:55.0748153Z env:
2026-02-27T22:51:55.0748320Z   MYSQL_TEST_HOST: 127.0.0.1
2026-02-27T22:51:55.0748556Z   MYSQL_TEST_DB: MySQLNioTestDb
2026-02-27T22:51:55.0748780Z   MYSQL_TEST_USER: mysqluser
2026-02-27T22:51:55.0749002Z   MYSQL_TEST_PASS: mysqlPass123
2026-02-27T22:51:55.0749239Z ##[endgroup]
2026-02-27T22:51:58.1054905Z Fetching https://github.com/apple/swift-system.git
2026-02-27T22:51:58.1055694Z Fetching https://github.com/apple/swift-nio.git
2026-02-27T22:51:58.1056495Z Fetching https://github.com/apple/swift-nio-ssl.git
2026-02-27T22:51:58.1057123Z [1/5583] Fetching swift-system
2026-02-27T22:51:58.1057638Z [671/20925] Fetching swift-system, swift-nio-ssl
2026-02-27T22:51:58.3974763Z [8499/103470] Fetching swift-system, swift-nio-ssl, swift-nio
2026-02-27T22:51:59.4083909Z Fetched https://github.com/apple/swift-nio-ssl.git from cache (2.12s)
2026-02-27T22:51:59.4107108Z Fetching https://github.com/swiftlang/swift-docc-symbolkit
2026-02-27T22:51:59.5362606Z [41903/88128] Fetching swift-system, swift-nio
2026-02-27T22:52:00.1640136Z [67493/91792] Fetching swift-system, swift-nio, swift-docc-symbolkit
2026-02-27T22:52:00.3918240Z Fetched https://github.com/swiftlang/swift-docc-symbolkit from cache (0.98s)
2026-02-27T22:52:00.3941399Z Fetching https://github.com/apple/swift-log.git
2026-02-27T22:52:00.3978982Z [71798/88128] Fetching swift-system, swift-nio
2026-02-27T22:52:01.0185549Z [88129/94218] Fetching swift-system, swift-nio, swift-log
2026-02-27T22:52:01.4777382Z Fetched https://github.com/apple/swift-log.git from cache (1.08s)
2026-02-27T22:52:01.4833150Z Fetching https://github.com/apple/swift-crypto.git
2026-02-27T22:52:02.1785346Z [1/17238] Fetching swift-crypto
2026-02-27T22:52:02.6895078Z Fetched https://github.com/apple/swift-system.git from cache (5.40s)
2026-02-27T22:52:02.6924616Z Fetching https://github.com/apple/swift-collections.git
2026-02-27T22:52:02.7743304Z Fetched https://github.com/apple/swift-nio.git from cache (5.49s)
2026-02-27T22:52:02.7766974Z Fetching https://github.com/apple/swift-atomics.git
2026-02-27T22:52:03.3143049Z [17239/19058] Fetching swift-crypto, swift-atomics
2026-02-27T22:52:03.3278940Z [17312/39224] Fetching swift-crypto, swift-atomics, swift-collections
2026-02-27T22:52:03.5502501Z Fetched https://github.com/apple/swift-crypto.git from cache (2.07s)
2026-02-27T22:52:03.5518202Z [2926/21986] Fetching swift-atomics, swift-collections
2026-02-27T22:52:03.5524351Z Fetching https://github.com/apple/swift-asn1.git
2026-02-27T22:52:03.7035925Z Fetched https://github.com/apple/swift-atomics.git from cache (0.93s)
2026-02-27T22:52:03.7058694Z Fetching https://github.com/apple/swift-docc-plugin.git
2026-02-27T22:52:03.7801302Z [2017/20166] Fetching swift-collections
2026-02-27T22:52:04.1006525Z [20167/21926] Fetching swift-collections, swift-asn1
2026-02-27T22:52:04.2541984Z [20942/24097] Fetching swift-collections, swift-asn1, swift-docc-plugin
2026-02-27T22:52:04.3295724Z Fetched https://github.com/apple/swift-collections.git from cache (1.64s)
2026-02-27T22:52:04.3607252Z [1838/3931] Fetching swift-asn1, swift-docc-plugin
2026-02-27T22:52:04.4051571Z Fetched https://github.com/apple/swift-asn1.git from cache (0.85s)
2026-02-27T22:52:04.5498786Z [239/2171] Fetching swift-docc-plugin
2026-02-27T22:52:04.7258015Z Fetched https://github.com/apple/swift-docc-plugin.git from cache (1.02s)
2026-02-27T22:52:04.7260228Z Computing version for https://github.com/apple/swift-docc-plugin.git
2026-02-27T22:52:06.8576542Z Computed https://github.com/apple/swift-docc-plugin.git at 1.4.6 (2.13s)
2026-02-27T22:52:06.8583323Z Computing version for https://github.com/apple/swift-crypto.git
2026-02-27T22:52:08.1917633Z Computed https://github.com/apple/swift-crypto.git at 3.15.1 (1.33s)
2026-02-27T22:52:08.1924293Z Computing version for https://github.com/apple/swift-log.git
2026-02-27T22:52:08.5742732Z Computed https://github.com/apple/swift-log.git at 1.10.1 (0.38s)
2026-02-27T22:52:08.5747019Z Computing version for https://github.com/apple/swift-nio-ssl.git
2026-02-27T22:52:08.9704648Z Computed https://github.com/apple/swift-nio-ssl.git at 2.36.0 (0.40s)
2026-02-27T22:52:08.9708624Z Computing version for https://github.com/apple/swift-nio.git
2026-02-27T22:52:09.6045514Z Computed https://github.com/apple/swift-nio.git at 2.95.0 (0.63s)
2026-02-27T22:52:09.6053201Z Computing version for https://github.com/swiftlang/swift-docc-symbolkit
2026-02-27T22:52:10.0168007Z Computed https://github.com/swiftlang/swift-docc-symbolkit at 1.0.0 (0.41s)
2026-02-27T22:52:10.0173411Z Computing version for https://github.com/apple/swift-asn1.git
2026-02-27T22:52:11.4362672Z Computed https://github.com/apple/swift-asn1.git at 1.5.1 (1.42s)
2026-02-27T22:52:11.4370683Z Computing version for https://github.com/apple/swift-system.git
2026-02-27T22:52:11.8396069Z Computed https://github.com/apple/swift-system.git at 1.6.4 (0.40s)
2026-02-27T22:52:11.8398827Z Computing version for https://github.com/apple/swift-collections.git
2026-02-27T22:52:12.3611974Z Computed https://github.com/apple/swift-collections.git at 1.3.0 (0.52s)
2026-02-27T22:52:12.3614633Z Computing version for https://github.com/apple/swift-atomics.git
2026-02-27T22:52:12.7215067Z Computed https://github.com/apple/swift-atomics.git at 1.3.0 (0.36s)
2026-02-27T22:52:12.8038168Z Creating working copy for https://github.com/apple/swift-crypto.git
2026-02-27T22:52:13.0524634Z Working copy of https://github.com/apple/swift-crypto.git resolved at 3.15.1
2026-02-27T22:52:13.0624133Z Creating working copy for https://github.com/apple/swift-nio.git
2026-02-27T22:52:13.2105623Z Working copy of https://github.com/apple/swift-nio.git resolved at 2.95.0
2026-02-27T22:52:13.2199419Z Creating working copy for https://github.com/apple/swift-nio-ssl.git
2026-02-27T22:52:13.3764291Z Working copy of https://github.com/apple/swift-nio-ssl.git resolved at 2.36.0
2026-02-27T22:52:13.3895549Z Creating working copy for https://github.com/swiftlang/swift-docc-symbolkit
2026-02-27T22:52:13.4417497Z Working copy of https://github.com/swiftlang/swift-docc-symbolkit resolved at 1.0.0
2026-02-27T22:52:13.4507768Z Creating working copy for https://github.com/apple/swift-docc-plugin.git
2026-02-27T22:52:13.4976755Z Working copy of https://github.com/apple/swift-docc-plugin.git resolved at 1.4.6
2026-02-27T22:52:13.5067565Z Creating working copy for https://github.com/apple/swift-asn1.git
2026-02-27T22:52:13.5537966Z Working copy of https://github.com/apple/swift-asn1.git resolved at 1.5.1
2026-02-27T22:52:13.5626809Z Creating working copy for https://github.com/apple/swift-log.git
2026-02-27T22:52:13.5938038Z Working copy of https://github.com/apple/swift-log.git resolved at 1.10.1
2026-02-27T22:52:13.6025517Z Creating working copy for https://github.com/apple/swift-system.git
2026-02-27T22:52:13.6339371Z Working copy of https://github.com/apple/swift-system.git resolved at 1.6.4
2026-02-27T22:52:13.6427875Z Creating working copy for https://github.com/apple/swift-atomics.git
2026-02-27T22:52:13.6878438Z Working copy of https://github.com/apple/swift-atomics.git resolved at 1.3.0
2026-02-27T22:52:13.6969753Z Creating working copy for https://github.com/apple/swift-collections.git
2026-02-27T22:52:13.8469314Z Working copy of https://github.com/apple/swift-collections.git resolved at 1.3.0
2026-02-27T22:52:24.2927332Z [1/1] Compiling plugin Swift-DocC
2026-02-27T22:52:28.2725072Z [2/2] Compiling plugin Swift-DocC Preview
2026-02-27T22:52:28.2725647Z Building for debugging...
2026-02-27T22:52:28.3188024Z [2/839] Write sources
2026-02-27T22:52:28.3358311Z [26/839] Compiling CNIOWindows shim.c
2026-02-27T22:52:28.3364435Z [27/839] Compiling CNIOWindows WSAStartup.c
2026-02-27T22:52:28.3483289Z [28/839] Compiling _AtomicsShims.c
2026-02-27T22:52:28.3504712Z [29/839] Compiling CNIOWASI CNIOWASI.c
2026-02-27T22:52:28.3624813Z [30/839] Compiling CNIOPosix event_loop_id.c
2026-02-27T22:52:28.3642388Z [31/839] Compiling CNIOOpenBSD shim.c
2026-02-27T22:52:28.3780337Z [32/839] Compiling CNIODarwin shim.c
2026-02-27T22:52:28.3801708Z [33/839] Compiling CNIOLinux liburing_shims.c
2026-02-27T22:52:28.4245878Z [34/839] Compiling fiat_p256_adx_sqr.S
2026-02-27T22:52:28.4723825Z [35/839] Compiling fiat_p256_adx_mul.S
2026-02-27T22:52:28.5167962Z [36/839] Compiling fiat_curve25519_adx_square.S
2026-02-27T22:52:28.5626531Z [37/839] Compiling fiat_curve25519_adx_mul.S
2026-02-27T22:52:28.5862965Z [38/839] Compiling CNIOLinux shim.c
2026-02-27T22:52:28.6038668Z [39/839] Write swift-version-B948D857FCC5015.txt
2026-02-27T22:52:28.6982767Z [40/839] Compiling CNIOBoringSSLShims shims.c
2026-02-27T22:52:31.1829589Z [41/843] Compiling tls_record.cc
2026-02-27T22:52:31.3528642Z [42/843] Compiling tls_method.cc
2026-02-27T22:52:31.4272187Z [43/843] Compiling tls13_server.cc
2026-02-27T22:52:32.9697518Z [45/863] Emitting module InternalCollectionsUtilities
2026-02-27T22:52:33.3365665Z [46/867] Compiling InternalCollectionsUtilities UnsafeBufferPointer+Extras.swift
2026-02-27T22:52:33.3372530Z [47/867] Compiling InternalCollectionsUtilities UnsafeMutableBufferPointer+Extras.swift
2026-02-27T22:52:33.3377919Z [48/867] Compiling InternalCollectionsUtilities UnsafeMutableRawBufferPointer+Extras.swift
2026-02-27T22:52:33.3383393Z [49/867] Compiling InternalCollectionsUtilities UnsafeRawBufferPointer+Extras.swift
2026-02-27T22:52:33.3906536Z [50/867] Compiling InternalCollectionsUtilities Debugging.swift
2026-02-27T22:52:33.3913748Z [51/867] Compiling InternalCollectionsUtilities Descriptions.swift
2026-02-27T22:52:33.3915659Z [52/867] Compiling InternalCollectionsUtilities LifetimeOverride.swift
2026-02-27T22:52:33.3916698Z [53/867] Compiling InternalCollectionsUtilities RandomAccessCollection+Offsets.swift
2026-02-27T22:52:33.4734649Z [54/867] Emitting module Logging
2026-02-27T22:52:33.5261263Z [55/868] Emitting module _NIOBase64
2026-02-27T22:52:33.5262268Z [56/868] Compiling _NIOBase64 Base64.swift
2026-02-27T22:52:33.5880514Z [57/869] Compiling InternalCollectionsUtilities FixedWidthInteger+roundUpToPowerOfTwo.swift
2026-02-27T22:52:33.5882673Z [58/869] Compiling InternalCollectionsUtilities Integer rank.swift
2026-02-27T22:52:33.5883917Z [59/869] Compiling InternalCollectionsUtilities UInt+first and last set bit.swift
2026-02-27T22:52:33.5885167Z [60/869] Compiling InternalCollectionsUtilities UInt+reversed.swift
2026-02-27T22:52:33.5886241Z [61/869] Compiling InternalCollectionsUtilities _UnsafeBitSet+Index.swift
2026-02-27T22:52:33.5904196Z [62/869] Compiling InternalCollectionsUtilities _UnsafeBitSet+_Word.swift
2026-02-27T22:52:33.5922741Z [63/869] Compiling InternalCollectionsUtilities _UnsafeBitSet.swift
2026-02-27T22:52:33.5923956Z [64/869] Compiling InternalCollectionsUtilities _SortedCollection.swift
2026-02-27T22:52:33.5925071Z [65/869] Compiling InternalCollectionsUtilities _UniqueCollection.swift
2026-02-27T22:52:33.7984515Z [67/870] Wrapping AST for _NIOBase64 for debugging
2026-02-27T22:52:33.8694783Z [69/870] Compiling _NIODataStructures PriorityQueue.swift
2026-02-27T22:52:33.8720007Z [70/870] Compiling _NIODataStructures _TinyArray.swift
2026-02-27T22:52:34.2483294Z [71/883] Compiling Logging MetadataProvider.swift
2026-02-27T22:52:34.3987023Z [72/883] Emitting module _NIODataStructures
2026-02-27T22:52:34.4066722Z [73/883] Compiling _NIODataStructures Heap.swift
2026-02-27T22:52:34.7985869Z [74/884] Wrapping AST for InternalCollectionsUtilities for debugging
2026-02-27T22:52:34.9885865Z [75/884] Wrapping AST for _NIODataStructures for debugging
2026-02-27T22:52:35.0023867Z [77/884] Compiling Logging Logging.swift
2026-02-27T22:52:35.0046219Z [78/884] Compiling Logging Locks.swift
2026-02-27T22:52:35.0050609Z [79/884] Compiling Logging LogHandler.swift
2026-02-27T22:52:35.2796049Z [80/885] Wrapping AST for Logging for debugging
2026-02-27T22:52:35.3501658Z [82/885] Compiling DequeModule Deque+Codable.swift
2026-02-27T22:52:35.3521966Z [83/885] Compiling DequeModule Deque+Collection.swift
2026-02-27T22:52:35.3527582Z [84/885] Compiling DequeModule Deque+CustomReflectable.swift
2026-02-27T22:52:35.3533786Z [85/885] Compiling DequeModule Deque+Descriptions.swift
2026-02-27T22:52:35.6332052Z [86/889] Compiling DequeModule Deque+Equatable.swift
2026-02-27T22:52:35.6333013Z [87/889] Compiling DequeModule Deque+ExpressibleByArrayLiteral.swift
2026-02-27T22:52:35.6333759Z [88/889] Compiling DequeModule Deque+Extras.swift
2026-02-27T22:52:35.6334356Z [89/889] Compiling DequeModule Deque+Hashable.swift
2026-02-27T22:52:35.6340545Z [90/889] Compiling DequeModule Deque+Testing.swift
2026-02-27T22:52:35.6343948Z [91/889] Compiling DequeModule Deque._Storage.swift
2026-02-27T22:52:35.6344693Z [92/889] Compiling DequeModule Deque._UnsafeHandle.swift
2026-02-27T22:52:35.6345264Z [93/889] Compiling DequeModule Deque.swift
2026-02-27T22:52:35.9800377Z [93/889] Compiling tls13_enc.cc
2026-02-27T22:52:36.1000548Z [95/889] Emitting module DequeModule
2026-02-27T22:52:36.1525120Z [96/889] Compiling DequeModule _DequeBuffer.swift
2026-02-27T22:52:36.1533058Z [97/889] Compiling DequeModule _DequeBufferHeader.swift
2026-02-27T22:52:36.1539688Z [98/889] Compiling DequeModule _DequeSlot.swift
2026-02-27T22:52:36.1547977Z [99/889] Compiling DequeModule _UnsafeWrappedBuffer.swift
2026-02-27T22:52:37.0822012Z [100/890] Compiling tls13_client.cc
2026-02-27T22:52:37.1814319Z [101/890] Wrapping AST for DequeModule for debugging
2026-02-27T22:52:37.1923439Z [102/890] Compiling tls13_both.cc
2026-02-27T22:52:37.6473182Z [103/890] Compiling t1_enc.cc
2026-02-27T22:52:38.3014332Z [104/890] Compiling ssl_x509.cc
2026-02-27T22:52:38.7878426Z [105/890] Compiling ssl_versions.cc
2026-02-27T22:52:38.7884368Z [106/890] Compiling ssl_transcript.cc
2026-02-27T22:52:39.2547829Z [107/890] Compiling ssl_stat.cc
2026-02-27T22:52:40.1993886Z [108/890] Compiling ssl_session.cc
2026-02-27T22:52:40.5025381Z [109/890] Compiling ssl_privkey.cc
2026-02-27T22:52:41.0893063Z [110/890] Compiling ssl_lib.cc
2026-02-27T22:52:41.1312580Z [111/890] Compiling ssl_key_share.cc
2026-02-27T22:52:41.9561036Z [112/890] Compiling ssl_file.cc
2026-02-27T22:52:42.4146585Z [113/890] Compiling ssl_credential.cc
2026-02-27T22:52:43.2209759Z [114/890] Compiling ssl_cert.cc
2026-02-27T22:52:43.3040247Z [115/890] Compiling ssl_cipher.cc
2026-02-27T22:52:43.8542818Z [116/890] Compiling ssl_buffer.cc
2026-02-27T22:52:44.5601155Z [117/890] Compiling ssl_aead_ctx.cc
2026-02-27T22:52:44.8719806Z [118/890] Compiling ssl_asn1.cc
2026-02-27T22:52:45.4384064Z [119/890] Compiling s3_pkt.cc
2026-02-27T22:52:46.2034956Z [120/890] Compiling s3_both.cc
2026-02-27T22:52:46.2493449Z [121/890] Compiling s3_lib.cc
2026-02-27T22:52:46.9200326Z [122/890] Compiling handshake_server.cc
2026-02-27T22:52:47.9854896Z [123/890] Compiling handshake_client.cc
2026-02-27T22:52:48.3852142Z [124/890] Compiling handshake.cc
2026-02-27T22:52:48.4889625Z [125/890] Compiling handoff.cc
2026-02-27T22:52:49.0798890Z [126/890] Compiling extensions.cc
2026-02-27T22:52:50.2799107Z [127/890] Compiling encrypted_client_hello.cc
2026-02-27T22:52:50.3708395Z [128/890] Compiling dtls_record.cc
2026-02-27T22:52:50.3714140Z [129/890] Compiling dtls_method.cc
2026-02-27T22:52:50.8423082Z [130/890] Compiling d1_srtp.cc
2026-02-27T22:52:51.8328335Z [131/890] Compiling bio_ssl.cc
2026-02-27T22:52:51.8885101Z [132/890] Compiling md5-x86_64-linux.S
2026-02-27T22:52:51.8958045Z [133/890] Compiling d1_pkt.cc
2026-02-27T22:52:51.9415034Z [134/890] Compiling md5-x86_64-apple.S
2026-02-27T22:52:51.9586780Z [135/890] Compiling md5-586-linux.S
2026-02-27T22:52:52.0125802Z [136/890] Compiling md5-586-apple.S
2026-02-27T22:52:52.0623521Z [137/890] Compiling d1_lib.cc
2026-02-27T22:52:52.1074527Z [138/890] Compiling chacha20_poly1305_x86_64-linux.S
2026-02-27T22:52:52.1125034Z [139/890] Compiling chacha20_poly1305_x86_64-apple.S
2026-02-27T22:52:52.1536231Z [140/890] Compiling chacha20_poly1305_armv8-win.S
2026-02-27T22:52:52.1574223Z [141/890] Compiling chacha20_poly1305_armv8-linux.S
2026-02-27T22:52:52.2005256Z [142/890] Compiling chacha20_poly1305_armv8-apple.S
2026-02-27T22:52:52.2115240Z [143/890] Compiling chacha-x86_64-linux.S
2026-02-27T22:52:52.2485847Z [144/890] Compiling chacha-x86_64-apple.S
2026-02-27T22:52:52.2499471Z [145/890] Compiling d1_both.cc
2026-02-27T22:52:52.2579579Z [146/890] Compiling chacha-x86-linux.S
2026-02-27T22:52:52.2966371Z [147/890] Compiling chacha-x86-apple.S
2026-02-27T22:52:52.2966992Z [148/890] Compiling chacha-armv8-win.S
2026-02-27T22:52:52.3026187Z [149/890] Compiling chacha-armv8-linux.S
2026-02-27T22:52:52.3217283Z [150/890] Compiling err_data.cc
2026-02-27T22:52:52.3386864Z [151/890] Compiling chacha-armv8-apple.S
2026-02-27T22:52:52.3425122Z [152/890] Compiling chacha-armv4-linux.S
2026-02-27T22:52:52.3635023Z [153/890] Compiling aes128gcmsiv-x86_64-linux.S
2026-02-27T22:52:52.3674365Z [154/890] Compiling aes128gcmsiv-x86_64-apple.S
2026-02-27T22:52:52.3870013Z [155/890] Compiling x86_64-mont5-apple.S
2026-02-27T22:52:52.4022847Z [156/890] Compiling x86_64-mont5-linux.S
2026-02-27T22:52:52.4104666Z [157/890] Compiling x86_64-mont-apple.S
2026-02-27T22:52:52.4144088Z [158/890] Compiling x86_64-mont-linux.S
2026-02-27T22:52:52.4296022Z [159/890] Compiling x86-mont-linux.S
2026-02-27T22:52:52.4464975Z [160/890] Compiling x86-mont-apple.S
2026-02-27T22:52:52.4574639Z [161/890] Compiling vpaes-x86_64-apple.S
2026-02-27T22:52:52.4583751Z [162/890] Compiling vpaes-x86_64-linux.S
2026-02-27T22:52:52.4745530Z [163/890] Compiling vpaes-x86-linux.S
2026-02-27T22:52:52.4904844Z [164/890] Compiling vpaes-x86-apple.S
2026-02-27T22:52:52.5014681Z [165/890] Compiling vpaes-armv8-win.S
2026-02-27T22:52:52.5033806Z [166/890] Compiling vpaes-armv8-linux.S
2026-02-27T22:52:52.5235255Z [167/890] Compiling vpaes-armv8-apple.S
2026-02-27T22:52:52.5356626Z [168/890] Compiling vpaes-armv7-linux.S
2026-02-27T22:52:52.5464343Z [169/890] Compiling sha512-x86_64-apple.S
2026-02-27T22:52:52.5594465Z [170/890] Compiling sha512-x86_64-linux.S
2026-02-27T22:52:52.5684635Z [171/890] Compiling sha512-armv8-win.S
2026-02-27T22:52:52.5814718Z [172/890] Compiling sha512-armv8-linux.S
2026-02-27T22:52:52.5904120Z [173/890] Compiling sha512-armv8-apple.S
2026-02-27T22:52:52.6034798Z [174/890] Compiling sha512-armv4-linux.S
2026-02-27T22:52:52.6136113Z [175/890] Compiling sha512-586-linux.S
2026-02-27T22:52:52.6266308Z [176/890] Compiling sha512-586-apple.S
2026-02-27T22:52:52.6484616Z [177/890] Compiling sha256-x86_64-apple.S
2026-02-27T22:52:52.6534270Z [178/890] Compiling sha256-x86_64-linux.S
2026-02-27T22:52:52.6592855Z [179/890] Compiling sha256-armv8-win.S
2026-02-27T22:52:52.6714878Z [180/890] Compiling sha256-armv8-linux.S
2026-02-27T22:52:52.6936268Z [181/890] Compiling sha256-armv8-apple.S
2026-02-27T22:52:52.6974318Z [182/890] Compiling sha256-armv4-linux.S
2026-02-27T22:52:52.7054526Z [183/890] Compiling sha256-586-linux.S
2026-02-27T22:52:52.7164484Z [184/890] Compiling sha256-586-apple.S
2026-02-27T22:52:52.7426411Z [185/890] Compiling sha1-x86_64-apple.S
2026-02-27T22:52:52.7500159Z [186/890] Compiling sha1-armv8-win.S
2026-02-27T22:52:52.7634106Z [187/890] Compiling sha1-armv8-linux.S
2026-02-27T22:52:52.7664037Z [188/890] Compiling sha1-x86_64-linux.S
2026-02-27T22:52:52.7865172Z [189/890] Compiling sha1-armv8-apple.S
2026-02-27T22:52:52.7944476Z [190/890] Compiling sha1-armv4-large-linux.S
2026-02-27T22:52:52.8065222Z [191/890] Compiling sha1-586-linux.S
2026-02-27T22:52:52.8114198Z [192/890] Compiling sha1-586-apple.S
2026-02-27T22:52:52.8404830Z [193/890] Compiling rsaz-avx2-apple.S
2026-02-27T22:52:52.8414739Z [194/890] Compiling rsaz-avx2-linux.S
2026-02-27T22:52:52.8515534Z [195/890] Compiling rdrand-x86_64-linux.S
2026-02-27T22:52:52.8565175Z [196/890] Compiling rdrand-x86_64-apple.S
2026-02-27T22:52:52.8836111Z [197/890] Compiling p256_beeu-x86_64-asm-apple.S
2026-02-27T22:52:52.8836961Z [197/890] Compiling p256_beeu-x86_64-asm-linux.S
2026-02-27T22:52:52.8955690Z [199/890] Compiling p256_beeu-armv8-asm-win.S
2026-02-27T22:52:52.9005911Z [200/890] Compiling p256_beeu-armv8-asm-linux.S
2026-02-27T22:52:52.9247501Z [201/890] Compiling p256_beeu-armv8-asm-apple.S
2026-02-27T22:52:52.9411993Z [202/890] Compiling p256-x86_64-asm-apple.S
2026-02-27T22:52:52.9453791Z [203/890] Compiling p256-armv8-asm-win.S
2026-02-27T22:52:52.9494063Z [204/890] Compiling p256-x86_64-asm-linux.S
2026-02-27T22:52:52.9676342Z [205/890] Compiling p256-armv8-asm-linux.S
2026-02-27T22:52:52.9844607Z [206/890] Compiling p256-armv8-asm-apple.S
2026-02-27T22:52:52.9903876Z [207/890] Compiling ghashv8-armv8-win.S
2026-02-27T22:52:52.9922445Z [208/890] Compiling ghashv8-armv8-linux.S
2026-02-27T22:52:53.0116563Z [209/890] Compiling ghashv8-armv8-apple.S
2026-02-27T22:52:53.0305374Z [210/890] Compiling ghashv8-armv7-linux.S
2026-02-27T22:52:53.0354012Z [211/890] Compiling ghash-x86_64-apple.S
2026-02-27T22:52:53.0374293Z [212/890] Compiling ghash-x86_64-linux.S
2026-02-27T22:52:53.0535146Z [213/890] Compiling ghash-x86-linux.S
2026-02-27T22:52:53.0785051Z [214/890] Compiling ghash-ssse3-x86_64-apple.S
2026-02-27T22:52:53.0785839Z [214/890] Compiling ghash-x86-apple.S
2026-02-27T22:52:53.0786351Z [215/890] Compiling ghash-ssse3-x86_64-linux.S
2026-02-27T22:52:53.0981990Z [217/890] Compiling ghash-ssse3-x86-linux.S
2026-02-27T22:52:53.1242286Z [218/890] Compiling ghash-ssse3-x86-apple.S
2026-02-27T22:52:53.1244702Z [219/890] Compiling ghash-neon-armv8-linux.S
2026-02-27T22:52:53.1248094Z [220/890] Compiling ghash-neon-armv8-win.S
2026-02-27T22:52:53.1425907Z [221/890] Compiling ghash-neon-armv8-apple.S
2026-02-27T22:52:53.1692096Z [222/890] Compiling co-586-apple.S
2026-02-27T22:52:53.1693329Z [223/890] Compiling ghash-armv4-linux.S
2026-02-27T22:52:53.1703273Z [224/890] Compiling co-586-linux.S
2026-02-27T22:52:53.1884904Z [225/890] Compiling bsaes-armv7-linux.S
2026-02-27T22:52:53.2104775Z [226/890] Compiling bn-armv8-win.S
2026-02-27T22:52:53.2134191Z [227/890] Compiling bn-armv8-apple.S
2026-02-27T22:52:53.2137662Z [227/890] Compiling bn-armv8-linux.S
2026-02-27T22:52:53.2335614Z [229/890] Compiling bn-586-linux.S
2026-02-27T22:52:53.2581901Z [230/890] Compiling armv8-mont-win.S
2026-02-27T22:52:53.2582470Z [231/890] Compiling bn-586-apple.S
2026-02-27T22:52:53.2582945Z [231/890] Compiling armv8-mont-linux.S
2026-02-27T22:52:53.2776121Z [233/890] Compiling armv8-mont-apple.S
2026-02-27T22:52:53.3008353Z [234/890] Compiling aesv8-gcm-armv8-win.S
2026-02-27T22:52:53.3011142Z [235/890] Compiling armv4-mont-linux.S
2026-02-27T22:52:53.3015045Z [236/890] Compiling aesv8-gcm-armv8-linux.S
2026-02-27T22:52:53.3205085Z [237/890] Compiling aesv8-gcm-armv8-apple.S
2026-02-27T22:52:53.3446463Z [238/890] Compiling aesv8-armv8-win.S
2026-02-27T22:52:53.3456829Z [239/890] Compiling aesv8-armv8-linux.S
2026-02-27T22:52:53.3457566Z [239/890] Compiling aesv8-armv8-apple.S
2026-02-27T22:52:53.3653787Z [241/890] Compiling aesv8-armv7-linux.S
2026-02-27T22:52:53.3895152Z [242/890] Compiling aesni-x86_64-apple.S
2026-02-27T22:52:53.3913881Z [243/890] Compiling aesni-x86-linux.S
2026-02-27T22:52:53.3994243Z [244/890] Compiling aesni-x86_64-linux.S
2026-02-27T22:52:53.4114564Z [245/890] Compiling aesni-x86-apple.S
2026-02-27T22:52:53.4354895Z [246/890] Compiling aesni-gcm-x86_64-apple.S
2026-02-27T22:52:53.4396347Z [247/890] Compiling aesni-gcm-x86_64-linux.S
2026-02-27T22:52:53.4506707Z [248/890] Compiling aes-gcm-avx2-x86_64-linux.S
2026-02-27T22:52:53.4562750Z [249/890] Compiling aes-gcm-avx2-x86_64-apple.S
2026-02-27T22:52:53.4854815Z [250/890] Compiling aes-gcm-avx10-x86_64-apple.S
2026-02-27T22:52:53.4866736Z [251/890] Compiling aes-gcm-avx10-x86_64-linux.S
2026-02-27T22:52:54.3879563Z [252/890] Compiling x_x509a.cc
2026-02-27T22:52:54.3928159Z [253/890] Compiling x_val.cc
2026-02-27T22:52:54.4242759Z [254/890] Compiling x_x509.cc
2026-02-27T22:52:54.4243333Z [255/890] Compiling x_spki.cc
2026-02-27T22:52:55.2568650Z [256/890] Compiling x_sig.cc
2026-02-27T22:52:55.2949157Z [257/890] Compiling x_req.cc
2026-02-27T22:52:55.3791196Z [258/890] Compiling x_pubkey.cc
2026-02-27T22:52:55.3907516Z [259/890] Compiling x_name.cc
2026-02-27T22:52:56.1529250Z [260/890] Compiling x_exten.cc
2026-02-27T22:52:56.2538890Z [261/890] Compiling x_crl.cc
2026-02-27T22:52:56.3128775Z [262/890] Compiling x_attrib.cc
2026-02-27T22:52:56.4018916Z [263/890] Compiling x_all.cc
2026-02-27T22:52:56.9976073Z [264/890] Compiling x_algor.cc
2026-02-27T22:52:57.1548934Z [265/890] Compiling x509spki.cc
2026-02-27T22:52:57.2529487Z [266/890] Compiling x509rset.cc
2026-02-27T22:52:57.3629141Z [267/890] Compiling x509name.cc
2026-02-27T22:52:57.9449529Z [268/890] Compiling x509cset.cc
2026-02-27T22:52:58.1102318Z [269/890] Compiling x509_vpm.cc
2026-02-27T22:52:58.2718825Z [270/890] Compiling x509_vfy.cc
2026-02-27T22:52:58.3049679Z [271/890] Compiling x509_v3.cc
2026-02-27T22:52:58.8068740Z [272/890] Compiling x509_txt.cc
2026-02-27T22:52:59.0381971Z [273/890] Compiling x509_trs.cc
2026-02-27T22:52:59.2108612Z [274/890] Compiling x509_set.cc
2026-02-27T22:52:59.2508568Z [275/890] Compiling x509_req.cc
2026-02-27T22:52:59.7309918Z [276/890] Compiling x509_obj.cc
2026-02-27T22:52:59.9988394Z [277/890] Compiling x509_lu.cc
2026-02-27T22:53:00.1308420Z [278/890] Compiling x509_ext.cc
2026-02-27T22:53:00.1327333Z [279/890] Compiling x509_def.cc
2026-02-27T22:53:00.5959166Z [280/890] Compiling x509_d2.cc
2026-02-27T22:53:00.9438463Z [281/890] Compiling x509_cmp.cc
2026-02-27T22:53:00.9869275Z [282/890] Compiling x509.cc
2026-02-27T22:53:01.0592297Z [283/890] Compiling x509_att.cc
2026-02-27T22:53:01.6062204Z [284/890] Compiling v3_utl.cc
2026-02-27T22:53:01.8692329Z [285/890] Compiling v3_skey.cc
2026-02-27T22:53:01.9338107Z [286/890] Compiling v3_prn.cc
2026-02-27T22:53:01.9408026Z [287/890] Compiling v3_purp.cc
2026-02-27T22:53:02.5569352Z [288/890] Compiling v3_pmaps.cc
2026-02-27T22:53:02.7778830Z [289/890] Compiling v3_pcons.cc
2026-02-27T22:53:02.8678300Z [290/890] Compiling v3_ocsp.cc
2026-02-27T22:53:02.8978979Z [291/890] Compiling v3_ncons.cc
2026-02-27T22:53:03.4999847Z [292/890] Compiling v3_lib.cc
2026-02-27T22:53:03.6218728Z [293/890] Compiling v3_int.cc
2026-02-27T22:53:03.7978111Z [294/890] Compiling v3_ia5.cc
2026-02-27T22:53:03.8077840Z [295/890] Compiling v3_info.cc
2026-02-27T22:53:04.4331583Z [296/890] Compiling v3_genn.cc
2026-02-27T22:53:04.5479128Z [297/890] Compiling v3_extku.cc
2026-02-27T22:53:04.7332326Z [298/890] Compiling v3_enum.cc
2026-02-27T22:53:04.7848723Z [299/890] Compiling v3_crld.cc
2026-02-27T22:53:05.3868489Z [300/890] Compiling v3_cpols.cc
2026-02-27T22:53:05.4938932Z [301/890] Compiling v3_conf.cc
2026-02-27T22:53:05.6599028Z [302/890] Compiling v3_bitst.cc
2026-02-27T22:53:05.7259696Z [303/890] Compiling v3_bcons.cc
2026-02-27T22:53:06.3399065Z [304/890] Compiling v3_alt.cc
2026-02-27T22:53:06.4167216Z [305/890] Compiling v3_akeya.cc
2026-02-27T22:53:06.5858934Z [306/890] Compiling v3_akey.cc
2026-02-27T22:53:06.6543142Z [307/890] Compiling t_x509a.cc
2026-02-27T22:53:07.2896142Z [308/890] Compiling t_x509.cc
2026-02-27T22:53:07.3712878Z [309/890] Compiling t_req.cc
2026-02-27T22:53:07.4912498Z [310/890] Compiling t_crl.cc
2026-02-27T22:53:07.6050630Z [311/890] Compiling rsa_pss.cc
2026-02-27T22:53:08.0555171Z [312/890] Compiling i2d_pr.cc
2026-02-27T22:53:08.2138533Z [313/890] Compiling name_print.cc
2026-02-27T22:53:08.2806064Z [314/890] Compiling policy.cc
2026-02-27T22:53:08.5497040Z [315/890] Compiling by_file.cc
2026-02-27T22:53:09.0219383Z [316/890] Compiling by_dir.cc
2026-02-27T22:53:09.1858820Z [317/890] Compiling asn1_gen.cc
2026-02-27T22:53:09.2175411Z [318/890] Compiling algorithm.cc
2026-02-27T22:53:09.4798011Z [319/890] Compiling a_verify.cc
2026-02-27T22:53:09.9168305Z [320/890] Compiling voprf.cc
2026-02-27T22:53:09.9424001Z [321/890] Compiling a_sign.cc
2026-02-27T22:53:10.0158107Z [322/890] Compiling a_digest.cc
2026-02-27T22:53:10.1748940Z [323/890] Compiling trust_token.cc
2026-02-27T22:53:10.3687865Z [324/890] Compiling thread_win.cc
2026-02-27T22:53:10.4499324Z [325/890] Compiling thread_pthread.cc
2026-02-27T22:53:10.6038441Z [326/890] Compiling thread_none.cc
2026-02-27T22:53:10.6166469Z [327/890] Compiling pmbtoken.cc
2026-02-27T22:53:10.7310613Z [328/890] Compiling thread.cc
2026-02-27T22:53:10.9238272Z [329/890] Compiling stack.cc
2026-02-27T22:53:11.0917628Z [330/890] Compiling slhdsa.cc
2026-02-27T22:53:11.1669715Z [331/890] Compiling siphash.cc
2026-02-27T22:53:11.2928066Z [332/890] Compiling spake2plus.cc
2026-02-27T22:53:11.3036095Z [333/890] Compiling sha512.cc
2026-02-27T22:53:11.4629611Z [334/890] Compiling sha256.cc
2026-02-27T22:53:11.5400001Z [335/890] Compiling sha1.cc
2026-02-27T22:53:11.7007740Z [336/890] Compiling rsa_extra.cc
2026-02-27T22:53:11.7277596Z [337/890] Compiling rsa_print.cc
2026-02-27T22:53:12.0117559Z [338/890] Compiling rsa_crypt.cc
2026-02-27T22:53:12.0967432Z [339/890] Compiling rc4.cc
2026-02-27T22:53:12.1266961Z [340/890] Compiling refcount.cc
2026-02-27T22:53:12.1327379Z [341/890] Compiling rsa_asn1.cc
2026-02-27T22:53:12.4449285Z [342/890] Compiling windows.cc
2026-02-27T22:53:12.4953307Z [343/890] Compiling trusty.cc
2026-02-27T22:53:12.5169263Z [344/890] Compiling rand.cc
2026-02-27T22:53:12.6021545Z [345/890] Compiling urandom.cc
2026-02-27T22:53:12.8488862Z [346/890] Compiling ios.cc
2026-02-27T22:53:12.8709159Z [347/890] Compiling passive.cc
2026-02-27T22:53:12.8937571Z [348/890] Compiling getentropy.cc
2026-02-27T22:53:13.0558177Z [349/890] Compiling forkunsafe.cc
2026-02-27T22:53:13.2337007Z [350/890] Compiling deterministic.cc
2026-02-27T22:53:13.2746242Z [351/890] Compiling poly1305_arm_asm.S
2026-02-27T22:53:13.2987801Z [352/890] Compiling fork_detect.cc
2026-02-27T22:53:13.4608292Z [353/890] Compiling pool.cc
2026-02-27T22:53:13.6327516Z [354/890] Compiling poly1305_vec.cc
2026-02-27T22:53:13.6878535Z [355/890] Compiling poly1305_arm.cc
2026-02-27T22:53:13.7168040Z [356/890] Compiling poly1305.cc
2026-02-27T22:53:14.4849145Z [357/890] Compiling pkcs8_x509.cc
2026-02-27T22:53:14.5409065Z [358/890] Compiling pkcs8.cc
2026-02-27T22:53:14.5849200Z [359/890] Compiling p5_pbev2.cc
2026-02-27T22:53:14.6690436Z [360/890] Compiling pkcs7_x509.cc
2026-02-27T22:53:15.0007987Z [361/890] Compiling pkcs7.cc
2026-02-27T22:53:15.4058863Z [362/890] Compiling pem_xaux.cc
2026-02-27T22:53:15.4509311Z [363/890] Compiling pem_x509.cc
2026-02-27T22:53:15.5218423Z [364/890] Compiling pem_pkey.cc
2026-02-27T22:53:15.8694864Z [365/890] Compiling pem_pk8.cc
2026-02-27T22:53:16.2638701Z [366/890] Compiling pem_oth.cc
2026-02-27T22:53:16.3989045Z [367/890] Compiling pem_info.cc
2026-02-27T22:53:16.4231500Z [368/890] Compiling pem_lib.cc
2026-02-27T22:53:16.7860373Z [369/890] Compiling obj_xref.cc
2026-02-27T22:53:16.7939020Z [370/890] Compiling pem_all.cc
2026-02-27T22:53:16.8027011Z [371/890] Compiling mlkem.cc
2026-02-27T22:53:17.1298032Z [372/890] Compiling obj.cc
2026-02-27T22:53:17.1396035Z [373/890] Compiling mldsa.cc
2026-02-27T22:53:17.2397177Z [374/890] Compiling md5.cc
2026-02-27T22:53:17.2598515Z [375/890] Compiling mem.cc
2026-02-27T22:53:17.5897769Z [376/890] Compiling lhash.cc
2026-02-27T22:53:17.6217347Z [377/890] Compiling md4.cc
2026-02-27T22:53:17.6905347Z [378/890] Compiling poly_rq_mul.S
2026-02-27T22:53:17.7154685Z [379/890] Compiling fips_shared_support.cc
2026-02-27T22:53:17.8397434Z [380/890] Compiling kyber.cc
2026-02-27T22:53:17.9639480Z [381/890] Compiling hrss.cc
2026-02-27T22:53:18.2746061Z [382/890] Compiling hpke.cc
2026-02-27T22:53:18.2773929Z [383/890] Compiling ex_data.cc
2026-02-27T22:53:18.4124985Z [384/890] Compiling sign.cc
2026-02-27T22:53:18.7827977Z [385/890] Compiling scrypt.cc
2026-02-27T22:53:18.8778106Z [386/890] Compiling print.cc
2026-02-27T22:53:18.9027757Z [387/890] Compiling pbkdf.cc
2026-02-27T22:53:19.3198575Z [388/890] Compiling p_x25519.cc
2026-02-27T22:53:19.3588140Z [389/890] Compiling p_x25519_asn1.cc
2026-02-27T22:53:19.5130476Z [390/890] Compiling p_rsa_asn1.cc
2026-02-27T22:53:19.9658894Z [391/890] Compiling p_rsa.cc
2026-02-27T22:53:19.9989560Z [392/890] Compiling p_hkdf.cc
2026-02-27T22:53:20.1118717Z [393/890] Compiling p_ed25519_asn1.cc
2026-02-27T22:53:20.4228031Z [394/890] Compiling p_ed25519.cc
2026-02-27T22:53:20.5857595Z [395/890] Compiling p_ec_asn1.cc
2026-02-27T22:53:20.6739182Z [396/890] Compiling p_ec.cc
2026-02-27T22:53:21.1038014Z [397/890] Compiling p_dh_asn1.cc
2026-02-27T22:53:21.1487622Z [398/890] Compiling p_dsa_asn1.cc
2026-02-27T22:53:21.1542587Z [399/890] Compiling p_dh.cc
2026-02-27T22:53:21.5472321Z [400/890] Compiling bcm.cc
2026-02-27T22:53:21.5677643Z [401/890] Compiling evp_ctx.cc
2026-02-27T22:53:21.6857983Z [402/890] Compiling evp.cc
2026-02-27T22:53:21.8919034Z [403/890] Compiling evp_asn1.cc
2026-02-27T22:53:22.0447443Z [404/890] Compiling err.cc
2026-02-27T22:53:22.0617586Z [405/890] Compiling engine.cc
2026-02-27T22:53:22.2800449Z [406/890] Compiling ecdsa_asn1.cc
2026-02-27T22:53:22.3837983Z [407/890] Compiling ecdh.cc
2026-02-27T22:53:22.5677238Z [408/890] Compiling ec_derive.cc
2026-02-27T22:53:22.5752724Z [409/890] Compiling hash_to_curve.cc
2026-02-27T22:53:22.9230294Z [410/890] Compiling ec_asn1.cc
2026-02-27T22:53:23.0218312Z [411/890] Compiling dsa_asn1.cc
2026-02-27T22:53:23.1248121Z [412/890] Compiling dsa.cc
2026-02-27T22:53:23.1938859Z [413/890] Compiling digest_extra.cc
2026-02-27T22:53:23.4188323Z [414/890] Compiling params.cc
2026-02-27T22:53:23.5788152Z [415/890] Compiling dh_asn1.cc
2026-02-27T22:53:23.6534261Z [416/890] Compiling des.cc
2026-02-27T22:53:23.6945343Z [417/890] Compiling x25519-asm-arm.S
2026-02-27T22:53:23.7468423Z [418/890] Compiling spake25519.cc
2026-02-27T22:53:24.1409522Z [419/890] Compiling crypto.cc
2026-02-27T22:53:24.1968496Z [420/890] Compiling cpu_intel.cc
2026-02-27T22:53:24.3207813Z [421/890] Compiling curve25519.cc
2026-02-27T22:53:24.5668096Z [422/890] Compiling cpu_arm_linux.cc
2026-02-27T22:53:24.5768971Z [423/890] Compiling curve25519_64_adx.cc
2026-02-27T22:53:24.6248230Z [424/890] Compiling cpu_arm_freebsd.cc
2026-02-27T22:53:24.7368058Z [425/890] Compiling cpu_aarch64_win.cc
2026-02-27T22:53:24.9407844Z [426/890] Compiling cpu_aarch64_openbsd.cc
2026-02-27T22:53:24.9887588Z [427/890] Compiling cpu_aarch64_sysreg.cc
2026-02-27T22:53:25.0487842Z [428/890] Compiling cpu_aarch64_linux.cc
2026-02-27T22:53:25.1607637Z [429/890] Compiling cpu_aarch64_fuchsia.cc
2026-02-27T22:53:25.3518378Z [430/890] Compiling cpu_aarch64_apple.cc
2026-02-27T22:53:25.5387453Z [431/890] Compiling conf.cc
2026-02-27T22:53:25.5431776Z [432/890] Compiling tls_cbc.cc
2026-02-27T22:53:25.6097786Z [433/890] Compiling get_cipher.cc
2026-02-27T22:53:25.8437639Z [434/890] Compiling e_tls.cc
2026-02-27T22:53:25.9878767Z [435/890] Compiling e_rc4.cc
2026-02-27T22:53:26.0107694Z [436/890] Compiling e_rc2.cc
2026-02-27T22:53:26.0570567Z [437/890] Compiling e_null.cc
2026-02-27T22:53:26.3077995Z [438/890] Compiling e_des.cc
2026-02-27T22:53:26.4529656Z [439/890] Compiling e_chacha20poly1305.cc
2026-02-27T22:53:26.4997843Z [440/890] Compiling e_aesgcmsiv.cc
2026-02-27T22:53:26.5228693Z [441/890] Compiling e_aesctrhmac.cc
2026-02-27T22:53:26.6687548Z [442/890] Compiling derive_key.cc
2026-02-27T22:53:26.8887667Z [443/890] Compiling chacha.cc
2026-02-27T22:53:26.9587868Z [444/890] Compiling unicode.cc
2026-02-27T22:53:27.1848053Z [445/890] Compiling cbs.cc
2026-02-27T22:53:27.2497947Z [446/890] Compiling cbb.cc
2026-02-27T22:53:27.3562908Z [447/890] Compiling ber.cc
2026-02-27T22:53:27.4858297Z [448/890] Compiling asn1_compat.cc
2026-02-27T22:53:27.6370351Z [449/890] Compiling buf.cc
2026-02-27T22:53:27.8287382Z [450/890] Compiling bn_asn1.cc
2026-02-27T22:53:27.9098661Z [451/890] Compiling convert.cc
2026-02-27T22:53:27.9337792Z [452/890] Compiling blake2.cc
2026-02-27T22:53:28.1351158Z [453/890] Compiling socket_helper.cc
2026-02-27T22:53:28.2609113Z [454/890] Compiling socket.cc
2026-02-27T22:53:28.3308718Z [455/890] Compiling printf.cc
2026-02-27T22:53:28.4293911Z [456/890] Compiling pair.cc
2026-02-27T22:53:28.6138032Z [457/890] Compiling hexdump.cc
2026-02-27T22:53:28.7548998Z [458/890] Compiling file.cc
2026-02-27T22:53:28.8118250Z [459/890] Compiling fd.cc
2026-02-27T22:53:28.8397719Z [460/890] Compiling errno.cc
2026-02-27T22:53:29.1167694Z [461/890] Compiling connect.cc
2026-02-27T22:53:29.2377855Z [462/890] Compiling bio_mem.cc
2026-02-27T22:53:29.3068676Z [463/890] Compiling base64.cc
2026-02-27T22:53:29.3628214Z [464/890] Compiling bio.cc
2026-02-27T22:53:29.7269423Z [465/890] Compiling tasn_typ.cc
2026-02-27T22:53:29.7600232Z [466/890] Compiling tasn_utl.cc
2026-02-27T22:53:29.8198191Z [467/890] Compiling tasn_fre.cc
2026-02-27T22:53:29.9118344Z [468/890] Compiling tasn_new.cc
2026-02-27T22:53:30.2638417Z [469/890] Compiling tasn_enc.cc
2026-02-27T22:53:30.3027982Z [470/890] Compiling posix_time.cc
2026-02-27T22:53:30.3609925Z [471/890] Compiling f_string.cc
2026-02-27T22:53:30.4179520Z [472/890] Compiling tasn_dec.cc
2026-02-27T22:53:30.6997625Z [473/890] Compiling f_int.cc
2026-02-27T22:53:30.7507808Z [474/890] Compiling asn_pack.cc
2026-02-27T22:53:30.7957861Z [475/890] Compiling asn1_par.cc
2026-02-27T22:53:31.0309618Z [476/890] Compiling asn1_lib.cc
2026-02-27T22:53:31.2458429Z [477/890] Compiling a_utctm.cc
2026-02-27T22:53:31.3178564Z [478/890] Compiling a_type.cc
2026-02-27T22:53:31.3712562Z [479/890] Compiling a_time.cc
2026-02-27T22:53:31.7327700Z [480/890] Compiling a_strnid.cc
2026-02-27T22:53:31.7487331Z [481/890] Compiling a_octet.cc
2026-02-27T22:53:31.8778747Z [482/890] Compiling a_strex.cc
2026-02-27T22:53:31.9902989Z [483/890] Compiling a_object.cc
2026-02-27T22:53:32.2928252Z [484/890] Compiling a_mbstr.cc
2026-02-27T22:53:32.3267277Z [485/890] Compiling a_i2d_fp.cc
2026-02-27T22:53:32.3810049Z [486/890] Compiling a_int.cc
2026-02-27T22:53:32.5528201Z [487/890] Compiling a_gentm.cc
2026-02-27T22:53:32.7258137Z [488/890] Compiling a_dup.cc
2026-02-27T22:53:32.7859805Z [489/890] Compiling a_d2i_fp.cc
2026-02-27T22:53:32.9259139Z [490/890] Compiling a_bool.cc
2026-02-27T22:53:33.0276734Z [491/890] Compiling a_bitstr.cc
2026-02-27T22:53:33.0745449Z [492/890] Compiling fiat_p256_adx_sqr.S
2026-02-27T22:53:33.1222284Z [493/890] Compiling fiat_p256_adx_mul.S
2026-02-27T22:53:33.1674946Z [494/890] Compiling fiat_curve25519_adx_square.S
2026-02-27T22:53:33.2144940Z [495/890] Compiling fiat_curve25519_adx_mul.S
2026-02-27T22:53:33.2397056Z [496/890] Compiling CCryptoBoringSSLShims shims.c
2026-02-27T22:53:33.2641705Z [497/890] Compiling md5-x86_64-linux.S
2026-02-27T22:53:33.2865025Z [498/890] Compiling md5-x86_64-apple.S
2026-02-27T22:53:33.3042903Z [499/890] Compiling md5-586-linux.S
2026-02-27T22:53:33.3325512Z [500/890] Compiling md5-586-apple.S
2026-02-27T22:53:33.4255016Z [501/890] Compiling chacha20_poly1305_x86_64-linux.S
2026-02-27T22:53:33.4735748Z [502/890] Compiling chacha20_poly1305_x86_64-apple.S
2026-02-27T22:53:33.5195828Z [503/890] Compiling chacha20_poly1305_armv8-win.S
2026-02-27T22:53:33.5665227Z [504/890] Compiling chacha20_poly1305_armv8-linux.S
2026-02-27T22:53:33.6046954Z [505/890] Compiling err_data.cc
2026-02-27T22:53:33.6134947Z [506/890] Compiling chacha20_poly1305_armv8-apple.S
2026-02-27T22:53:33.6565465Z [507/890] Compiling chacha-x86_64-linux.S
2026-02-27T22:53:33.6604242Z [508/890] Compiling chacha-x86_64-apple.S
2026-02-27T22:53:33.7005017Z [509/890] Compiling chacha-x86-linux.S
2026-02-27T22:53:33.7044380Z [510/890] Compiling chacha-x86-apple.S
2026-02-27T22:53:33.7445016Z [511/890] Compiling chacha-armv8-win.S
2026-02-27T22:53:33.7505991Z [512/890] Compiling chacha-armv8-linux.S
2026-02-27T22:53:33.7895311Z [513/890] Compiling chacha-armv8-apple.S
2026-02-27T22:53:33.7966983Z [514/890] Compiling chacha-armv4-linux.S
2026-02-27T22:53:33.8405081Z [515/890] Compiling aes128gcmsiv-x86_64-apple.S
2026-02-27T22:53:33.8465167Z [516/890] Compiling aes128gcmsiv-x86_64-linux.S
2026-02-27T22:53:33.8905823Z [517/890] Compiling x86_64-mont5-apple.S
2026-02-27T22:53:33.9006436Z [518/890] Compiling x86_64-mont5-linux.S
2026-02-27T22:53:33.9434782Z [519/890] Compiling x86_64-mont-linux.S
2026-02-27T22:53:33.9439743Z [520/890] Compiling x86_64-mont-apple.S
2026-02-27T22:53:33.9825222Z [521/890] Compiling x86-mont-linux.S
2026-02-27T22:53:33.9875514Z [522/890] Compiling x86-mont-apple.S
2026-02-27T22:53:34.0305767Z [523/890] Compiling vpaes-x86_64-apple.S
2026-02-27T22:53:34.0312911Z [524/890] Compiling vpaes-x86_64-linux.S
2026-02-27T22:53:34.0725460Z [525/890] Compiling vpaes-x86-linux.S
2026-02-27T22:53:34.0734069Z [526/890] Compiling vpaes-x86-apple.S
2026-02-27T22:53:34.1153480Z [527/890] Compiling vpaes-armv8-win.S
2026-02-27T22:53:34.1184594Z [528/890] Compiling vpaes-armv8-linux.S
2026-02-27T22:53:34.1595810Z [529/890] Compiling vpaes-armv8-apple.S
2026-02-27T22:53:34.1606556Z [530/890] Compiling vpaes-armv7-linux.S
2026-02-27T22:53:34.2045235Z [531/890] Compiling sha512-x86_64-apple.S
2026-02-27T22:53:34.2155505Z [532/890] Compiling sha512-x86_64-linux.S
2026-02-27T22:53:34.2485522Z [533/890] Compiling sha512-armv8-win.S
2026-02-27T22:53:34.2597369Z [534/890] Compiling sha512-armv8-linux.S
2026-02-27T22:53:34.2922086Z [535/890] Compiling sha512-armv8-apple.S
2026-02-27T22:53:34.3036225Z [536/890] Compiling sha512-armv4-linux.S
2026-02-27T22:53:34.3345561Z [537/890] Compiling sha512-586-linux.S
2026-02-27T22:53:34.3475292Z [538/890] Compiling sha512-586-apple.S
2026-02-27T22:53:34.3925023Z [539/890] Compiling sha256-x86_64-apple.S
2026-02-27T22:53:34.3954292Z [540/890] Compiling sha256-x86_64-linux.S
2026-02-27T22:53:34.4356016Z [541/890] Compiling sha256-armv8-win.S
2026-02-27T22:53:34.4374166Z [542/890] Compiling sha256-armv8-linux.S
2026-02-27T22:53:34.4785263Z [543/890] Compiling sha256-armv4-linux.S
2026-02-27T22:53:34.4804753Z [544/890] Compiling sha256-armv8-apple.S
2026-02-27T22:53:34.5225163Z [545/890] Compiling sha256-586-linux.S
2026-02-27T22:53:34.5254468Z [546/890] Compiling sha256-586-apple.S
2026-02-27T22:53:34.5645954Z [547/890] Compiling c-nioatomics.c
2026-02-27T22:53:34.5725174Z [548/890] Compiling sha1-x86_64-apple.S
2026-02-27T22:53:34.5925357Z [549/890] Compiling sha1-x86_64-linux.S
2026-02-27T22:53:34.6095373Z [550/890] Compiling sha1-armv8-win.S
2026-02-27T22:53:34.6187691Z [551/890] Compiling sha1-armv8-linux.S
2026-02-27T22:53:34.6350641Z [552/890] Compiling sha1-armv8-apple.S
2026-02-27T22:53:34.6555211Z [553/890] Compiling sha1-armv4-large-linux.S
2026-02-27T22:53:34.6630725Z [554/890] Compiling sha1-586-linux.S
2026-02-27T22:53:34.6785157Z [555/890] Compiling sha1-586-apple.S
2026-02-27T22:53:34.7085335Z [556/890] Compiling rsaz-avx2-apple.S
2026-02-27T22:53:34.7086391Z [556/890] Compiling rsaz-avx2-linux.S
2026-02-27T22:53:34.7225584Z [558/890] Compiling rdrand-x86_64-linux.S
2026-02-27T22:53:34.7517758Z [559/890] Compiling p256_beeu-x86_64-asm-linux.S
2026-02-27T22:53:34.7523675Z [559/890] Compiling rdrand-x86_64-apple.S
2026-02-27T22:53:34.7662736Z [561/890] Compiling p256_beeu-x86_64-asm-apple.S
2026-02-27T22:53:34.7938164Z [562/890] Compiling p256_beeu-armv8-asm-linux.S
2026-02-27T22:53:34.7941556Z [562/890] Compiling p256_beeu-armv8-asm-win.S
2026-02-27T22:53:34.8096243Z [564/890] Compiling p256_beeu-armv8-asm-apple.S
2026-02-27T22:53:34.8375280Z [565/890] Compiling p256-x86_64-asm-apple.S
2026-02-27T22:53:34.8536153Z [566/890] Compiling p256-armv8-asm-win.S
2026-02-27T22:53:34.8574164Z [567/890] Compiling p256-x86_64-asm-linux.S
2026-02-27T22:53:34.8824567Z [568/890] Compiling p256-armv8-asm-linux.S
2026-02-27T22:53:34.8973639Z [569/890] Compiling p256-armv8-asm-apple.S
2026-02-27T22:53:34.9035039Z [570/890] Compiling ghashv8-armv8-win.S
2026-02-27T22:53:34.9259344Z [571/890] Compiling ghashv8-armv8-linux.S
2026-02-27T22:53:34.9415410Z [572/890] Compiling ghashv8-armv8-apple.S
2026-02-27T22:53:34.9453982Z [573/890] Compiling ghashv8-armv7-linux.S
2026-02-27T22:53:34.9745181Z [574/890] Compiling ghash-x86_64-linux.S
2026-02-27T22:53:34.9882836Z [575/890] Compiling ghash-x86_64-apple.S
2026-02-27T22:53:34.9904535Z [576/890] Compiling ghash-x86-linux.S
2026-02-27T22:53:35.0015975Z [577/890] Compiling c-atomics.c
2026-02-27T22:53:35.0174806Z [578/890] Compiling ghash-x86-apple.S
2026-02-27T22:53:35.0334486Z [579/890] Compiling ghash-ssse3-x86_64-linux.S
2026-02-27T22:53:35.0354204Z [580/890] Compiling ghash-ssse3-x86_64-apple.S
2026-02-27T22:53:35.0465158Z [581/890] Compiling ghash-ssse3-x86-linux.S
2026-02-27T22:53:35.0767924Z [582/890] Compiling ghash-ssse3-x86-apple.S
2026-02-27T22:53:35.0787085Z [583/890] Compiling ghash-neon-armv8-win.S
2026-02-27T22:53:35.0924954Z [584/890] Compiling ghash-neon-armv8-linux.S
2026-02-27T22:53:35.1183383Z [585/890] Compiling ghash-armv4-linux.S
2026-02-27T22:53:35.1188555Z [585/890] Compiling ghash-neon-armv8-apple.S
2026-02-27T22:53:35.1365246Z [587/890] Compiling co-586-linux.S
2026-02-27T22:53:35.1598103Z [588/890] Compiling co-586-apple.S
2026-02-27T22:53:35.1609977Z [589/890] Compiling bsaes-armv7-linux.S
2026-02-27T22:53:35.1804993Z [590/890] Compiling bn-armv8-win.S
2026-02-27T22:53:35.2034783Z [591/890] Compiling bn-armv8-apple.S
2026-02-27T22:53:35.2043480Z [592/890] Compiling bn-armv8-linux.S
2026-02-27T22:53:35.2264924Z [593/890] Compiling bn-586-linux.S
2026-02-27T22:53:35.2464882Z [594/890] Compiling bn-586-apple.S
2026-02-27T22:53:35.2483904Z [595/890] Compiling armv8-mont-win.S
2026-02-27T22:53:35.2693126Z [596/890] Compiling armv8-mont-linux.S
2026-02-27T22:53:35.3091900Z [597/896] Compiling armv8-mont-apple.S
2026-02-27T22:53:35.3215619Z [598/896] Compiling armv4-mont-linux.S
2026-02-27T22:53:35.3582797Z [599/896] Compiling aesv8-gcm-armv8-win.S
2026-02-27T22:53:35.3957472Z [600/896] Compiling aesv8-gcm-armv8-linux.S
2026-02-27T22:53:35.4114186Z [601/896] Compiling aesv8-gcm-armv8-apple.S
2026-02-27T22:53:35.4404870Z [602/896] Compiling aesv8-armv8-win.S
2026-02-27T22:53:35.4682288Z [603/896] Compiling aesv8-armv8-apple.S
2026-02-27T22:53:35.4694984Z [604/896] Compiling aesv8-armv8-linux.S
2026-02-27T22:53:35.5091905Z [605/896] Compiling aesv8-armv7-linux.S
2026-02-27T22:53:35.5466347Z [606/896] Compiling aesni-x86_64-linux.S
2026-02-27T22:53:35.5584092Z [607/896] Compiling aesni-x86_64-apple.S
2026-02-27T22:53:35.5996778Z [608/896] Compiling aesni-x86-linux.S
2026-02-27T22:53:35.6174113Z [609/896] Compiling aesni-gcm-x86_64-linux.S
2026-02-27T22:53:35.6481487Z [610/896] Compiling aesni-x86-apple.S
2026-02-27T22:53:35.6946632Z [611/896] Compiling aesni-gcm-x86_64-apple.S
2026-02-27T22:53:35.6963629Z [612/896] Compiling aes-gcm-avx512-x86_64-linux.S
2026-02-27T22:53:35.7433202Z [613/896] Compiling aes-gcm-avx512-x86_64-apple.S
2026-02-27T22:53:35.7582919Z [615/896] Compiling NIOConcurrencyHelpers NIOLockedValueBox.swift
2026-02-27T22:53:35.7587418Z [616/896] Compiling NIOConcurrencyHelpers NIOThreadPoolWorkAvailable.swift
2026-02-27T22:53:35.7662237Z [616/897] Compiling aes-gcm-avx2-x86_64-apple.S
2026-02-27T22:53:35.8216707Z [617/897] Compiling aes-gcm-avx2-x86_64-linux.S
2026-02-27T22:53:36.2106092Z [619/897] Emitting module NIOConcurrencyHelpers
2026-02-27T22:53:36.3337835Z [620/897] Compiling NIOConcurrencyHelpers lock.swift
2026-02-27T22:53:36.4542915Z [621/897] Compiling NIOConcurrencyHelpers NIOAtomic.swift
2026-02-27T22:53:36.4549562Z [622/897] Compiling NIOConcurrencyHelpers NIOLock.swift
2026-02-27T22:53:36.4697191Z [622/897] Compiling xwing.cc
2026-02-27T22:53:36.4788020Z [624/897] Compiling NIOConcurrencyHelpers atomics.swift
2026-02-27T22:53:36.9089021Z [625/898] Compiling x_x509a.cc
2026-02-27T22:53:37.0029631Z [626/898] Wrapping AST for NIOConcurrencyHelpers for debugging
2026-02-27T22:53:37.1694317Z [627/898] Compiling x_x509.cc
2026-02-27T22:53:37.3572143Z [628/898] Compiling x_spki.cc
2026-02-27T22:53:37.4488668Z [629/898] Compiling x_sig.cc
2026-02-27T22:53:37.9548865Z [630/898] Compiling x_req.cc
2026-02-27T22:53:38.2381561Z [631/898] Compiling x_pubkey.cc
2026-02-27T22:53:38.3228853Z [632/898] Compiling x_name.cc
2026-02-27T22:53:38.4049103Z [633/898] Compiling x_exten.cc
2026-02-27T22:53:38.8929302Z [634/898] Compiling x_crl.cc
2026-02-27T22:53:39.1741688Z [635/898] Compiling x_attrib.cc
2026-02-27T22:53:39.3331062Z [636/898] Compiling x_all.cc
2026-02-27T22:53:39.4519045Z [637/898] Compiling x_algor.cc
2026-02-27T22:53:39.7408286Z [638/898] Compiling x509spki.cc
2026-02-27T22:53:40.1118823Z [639/898] Compiling x509rset.cc
2026-02-27T22:53:40.2878955Z [640/898] Compiling x509name.cc
2026-02-27T22:53:40.3939361Z [641/898] Compiling x509cset.cc
2026-02-27T22:53:40.7028698Z [642/898] Compiling x509_vpm.cc
2026-02-27T22:53:41.1368396Z [643/898] Compiling x509_vfy.cc
2026-02-27T22:53:41.2198933Z [644/898] Compiling x509_v3.cc
2026-02-27T22:53:41.2577986Z [645/898] Compiling x509_txt.cc
2026-02-27T22:53:41.6388899Z [646/898] Compiling x509_trs.cc
2026-02-27T22:53:42.0550069Z [647/898] Compiling x509_set.cc
2026-02-27T22:53:42.1734499Z [648/898] Compiling x509_req.cc
2026-02-27T22:53:42.1761502Z [649/898] Compiling x509_obj.cc
2026-02-27T22:53:42.6018888Z [650/898] Compiling x509_lu.cc
2026-02-27T22:53:42.9989031Z [651/898] Compiling x509_ext.cc
2026-02-27T22:53:43.0271464Z [652/898] Compiling x509_def.cc
2026-02-27T22:53:43.0685584Z [653/898] Compiling x509_d2.cc
2026-02-27T22:53:43.5728989Z [654/898] Compiling x509_cmp.cc
2026-02-27T22:53:43.8819094Z [655/898] Compiling x509.cc
2026-02-27T22:53:43.9479231Z [656/898] Compiling x509_att.cc
2026-02-27T22:53:44.0669182Z [657/898] Compiling v3_utl.cc
2026-02-27T22:53:44.5148435Z [658/898] Compiling v3_skey.cc
2026-02-27T22:53:44.8229653Z [659/898] Compiling v3_prn.cc
2026-02-27T22:53:44.8495158Z [660/898] Compiling v3_purp.cc
2026-02-27T22:53:45.0071628Z [661/898] Compiling v3_pmaps.cc
2026-02-27T22:53:45.4599916Z [662/898] Compiling v3_pcons.cc
2026-02-27T22:53:45.7374172Z [663/898] Compiling v3_ocsp.cc
2026-02-27T22:53:45.7949839Z [664/898] Compiling v3_ncons.cc
2026-02-27T22:53:45.9759675Z [665/898] Compiling v3_lib.cc
2026-02-27T22:53:46.3969195Z [666/898] Compiling v3_int.cc
2026-02-27T22:53:46.6938226Z [667/898] Compiling v3_ia5.cc
2026-02-27T22:53:46.7819459Z [668/898] Compiling v3_info.cc
2026-02-27T22:53:46.9281719Z [669/898] Compiling v3_genn.cc
2026-02-27T22:53:47.3488825Z [670/898] Compiling v3_extku.cc
2026-02-27T22:53:47.6189649Z [671/898] Compiling v3_enum.cc
2026-02-27T22:53:47.7788650Z [672/898] Compiling v3_crld.cc
2026-02-27T22:53:47.9099214Z [673/898] Compiling v3_cpols.cc
2026-02-27T22:53:48.4469503Z [674/898] Compiling v3_conf.cc
2026-02-27T22:53:48.5361216Z [675/898] Compiling v3_bitst.cc
2026-02-27T22:53:48.7413194Z [676/898] Compiling v3_bcons.cc
2026-02-27T22:53:48.8559771Z [677/898] Compiling v3_alt.cc
2026-02-27T22:53:49.3939343Z [678/898] Compiling v3_akeya.cc
2026-02-27T22:53:49.4592139Z [679/898] Compiling v3_akey.cc
2026-02-27T22:53:49.6722937Z [680/898] Compiling t_x509a.cc
2026-02-27T22:53:49.8069066Z [681/898] Compiling t_x509.cc
2026-02-27T22:53:50.3360022Z [682/898] Compiling t_crl.cc
2026-02-27T22:53:50.3363263Z [682/898] Compiling t_req.cc
2026-02-27T22:53:50.6529315Z [684/898] Compiling rsa_pss.cc
2026-02-27T22:53:50.8199472Z [685/898] Compiling policy.cc
2026-02-27T22:53:50.8877985Z [686/898] Compiling i2d_pr.cc
2026-02-27T22:53:51.2062020Z [687/898] Compiling name_print.cc
2026-02-27T22:53:51.6039171Z [688/898] Compiling by_file.cc
2026-02-27T22:53:51.7989548Z [689/898] Compiling by_dir.cc
2026-02-27T22:53:51.8727558Z [690/898] Compiling asn1_gen.cc
2026-02-27T22:53:52.1428911Z [691/898] Compiling algorithm.cc
2026-02-27T22:53:52.5739208Z [692/898] Compiling a_verify.cc
2026-02-27T22:53:52.7182591Z [693/898] Compiling a_digest.cc
2026-02-27T22:53:52.8168888Z [694/898] Compiling a_sign.cc
2026-02-27T22:53:52.8382878Z [695/898] Compiling voprf.cc
2026-02-27T22:53:53.2755035Z [696/898] Compiling thread_win.cc
2026-02-27T22:53:53.2842875Z [697/898] Compiling thread_pthread.cc
2026-02-27T22:53:53.4448899Z [698/898] Compiling pmbtoken.cc
2026-02-27T22:53:53.4679313Z [699/898] Compiling trust_token.cc
2026-02-27T22:53:53.6420020Z [700/898] Compiling thread.cc
2026-02-27T22:53:53.6998353Z [701/898] Compiling thread_none.cc
2026-02-27T22:53:53.9180557Z [702/898] Compiling stack.cc
2026-02-27T22:53:54.1332857Z [703/898] Compiling slhdsa.cc
2026-02-27T22:53:54.1342305Z [704/898] Compiling siphash.cc
2026-02-27T22:53:54.1518625Z [705/898] Compiling spake2plus.cc
2026-02-27T22:53:54.3007686Z [706/898] Compiling sha512.cc
2026-02-27T22:53:54.5097777Z [707/898] Compiling sha256.cc
2026-02-27T22:53:54.5110067Z [708/898] Compiling sha1.cc
2026-02-27T22:53:54.5920598Z [709/898] Compiling rsa_print.cc
2026-02-27T22:53:54.6807804Z [710/898] Compiling rsa_extra.cc
2026-02-27T22:53:55.0437612Z [711/898] Compiling refcount.cc
2026-02-27T22:53:55.0517252Z [712/898] Compiling rc4.cc
2026-02-27T22:53:55.0777668Z [713/898] Compiling rsa_crypt.cc
2026-02-27T22:53:55.4537570Z [714/898] Compiling trusty.cc
2026-02-27T22:53:55.4738959Z [715/898] Compiling windows.cc
2026-02-27T22:53:55.4741357Z [715/898] Compiling rsa_asn1.cc
2026-02-27T22:53:55.5158360Z [717/898] Compiling urandom.cc
2026-02-27T22:53:55.8438841Z [718/898] Compiling ios.cc
2026-02-27T22:53:55.8739309Z [719/898] Compiling rand.cc
2026-02-27T22:53:55.8988715Z [720/898] Compiling getentropy.cc
2026-02-27T22:53:55.9078536Z [721/898] Compiling passive.cc
2026-02-27T22:53:56.2597569Z [722/898] Compiling deterministic.cc
2026-02-27T22:53:56.3038104Z [723/898] Compiling forkunsafe.cc
2026-02-27T22:53:56.3295089Z [724/898] Compiling fork_detect.cc
2026-02-27T22:53:56.3465227Z [725/898] Compiling poly1305_arm_asm.S
2026-02-27T22:53:56.4789027Z [726/898] Compiling pool.cc
2026-02-27T22:53:56.7622622Z [727/898] Compiling poly1305_arm.cc
2026-02-27T22:53:56.7847844Z [728/898] Compiling poly1305.cc
2026-02-27T22:53:56.8608405Z [729/898] Compiling poly1305_vec.cc
2026-02-27T22:53:57.5149705Z [730/898] Compiling pkcs8_x509.cc
2026-02-27T22:53:57.7238501Z [731/898] Compiling pkcs8.cc
2026-02-27T22:53:57.7266804Z [732/898] Compiling p5_pbev2.cc
2026-02-27T22:53:57.8658047Z [733/898] Compiling pkcs7_x509.cc
2026-02-27T22:53:58.1001828Z [734/898] Compiling pkcs7.cc
2026-02-27T22:53:58.6038162Z [735/898] Compiling pem_x509.cc
2026-02-27T22:53:58.6359058Z [736/898] Compiling pem_xaux.cc
2026-02-27T22:53:58.7782549Z [737/898] Compiling pem_pkey.cc
2026-02-27T22:53:58.9929116Z [738/898] Compiling pem_pk8.cc
2026-02-27T22:53:59.4499205Z [739/898] Compiling pem_oth.cc
2026-02-27T22:53:59.6209591Z [740/898] Compiling pem_lib.cc
2026-02-27T22:53:59.6741387Z [741/898] Compiling pem_info.cc
2026-02-27T22:53:59.9531433Z [742/898] Compiling pem_all.cc
2026-02-27T22:53:59.9712005Z [743/898] Compiling obj_xref.cc
2026-02-27T22:54:00.0568218Z [744/898] Compiling mlkem.cc
2026-02-27T22:54:00.3447605Z [745/898] Compiling mldsa.cc
2026-02-27T22:54:00.4588004Z [746/898] Compiling mem.cc
2026-02-27T22:54:00.5529941Z [747/898] Compiling obj.cc
2026-02-27T22:54:00.5998373Z [748/898] Compiling md5.cc
2026-02-27T22:54:00.8859495Z [749/898] Compiling md4.cc
2026-02-27T22:54:00.8997244Z [750/898] Compiling lhash.cc
2026-02-27T22:54:00.9957574Z [751/898] Compiling poly_rq_mul.S
2026-02-27T22:54:01.1538380Z [752/898] Compiling kyber.cc
2026-02-27T22:54:01.1797334Z [753/898] Compiling fips_shared_support.cc
2026-02-27T22:54:01.4307721Z [754/898] Compiling fuzzer_mode.cc
2026-02-27T22:54:01.4953491Z [755/898] Compiling hrss.cc
2026-02-27T22:54:01.5768900Z [756/898] Compiling hpke.cc
2026-02-27T22:54:01.8768250Z [757/898] Compiling ex_data.cc
2026-02-27T22:54:02.0978702Z [758/898] Compiling scrypt.cc
2026-02-27T22:54:02.1388799Z [759/898] Compiling sign.cc
2026-02-27T22:54:02.4837534Z [760/898] Compiling print.cc
2026-02-27T22:54:02.5958217Z [761/898] Compiling pbkdf.cc
2026-02-27T22:54:02.7528724Z [762/898] Compiling p_x25519_asn1.cc
2026-02-27T22:54:03.1109300Z [763/898] Compiling p_x25519.cc
2026-02-27T22:54:03.2669124Z [764/898] Compiling p_rsa_asn1.cc
2026-02-27T22:54:03.5499080Z [765/898] Compiling p_rsa.cc
2026-02-27T22:54:03.7199423Z [766/898] Compiling p_hkdf.cc
2026-02-27T22:54:03.9213989Z [767/898] Compiling p_ed25519_asn1.cc
2026-02-27T22:54:04.1448663Z [768/898] Compiling p_ed25519.cc
2026-02-27T22:54:04.3938996Z [769/898] Compiling p_ec_asn1.cc
2026-02-27T22:54:04.5308800Z [770/898] Compiling p_ec.cc
2026-02-27T22:54:04.8679173Z [771/898] Compiling p_dsa_asn1.cc
2026-02-27T22:54:05.0210089Z [772/898] Compiling p_dh_asn1.cc
2026-02-27T22:54:05.0948477Z [773/898] Compiling p_dh.cc
2026-02-27T22:54:05.5518823Z [774/898] Compiling evp_ctx.cc
2026-02-27T22:54:05.6519927Z [775/898] Compiling evp.cc
2026-02-27T22:54:05.9069294Z [776/898] Compiling evp_asn1.cc
2026-02-27T22:54:06.0499642Z [777/898] Compiling err.cc
2026-02-27T22:54:06.0957659Z [778/898] Compiling engine.cc
2026-02-27T22:54:06.3937817Z [779/898] Compiling ecdsa_p1363.cc
2026-02-27T22:54:06.5417667Z [780/898] Compiling ecdh.cc
2026-02-27T22:54:06.7695480Z [781/898] Compiling ecdsa_asn1.cc
2026-02-27T22:54:07.0003654Z [782/898] Compiling hash_to_curve.cc
2026-02-27T22:54:07.1202940Z [783/898] Compiling ec_derive.cc
2026-02-27T22:54:07.6056112Z [784/898] Compiling ec_asn1.cc
2026-02-27T22:54:07.6428015Z [785/898] Compiling dsa_asn1.cc
2026-02-27T22:54:07.7624079Z [786/898] Compiling dsa.cc
2026-02-27T22:54:08.2178579Z [787/898] Compiling params.cc
2026-02-27T22:54:08.2651625Z [788/898] Compiling digest_extra.cc
2026-02-27T22:54:08.4725656Z [789/898] Compiling dh_asn1.cc
2026-02-27T22:54:08.6917488Z [790/898] Compiling des.cc
2026-02-27T22:54:09.0389712Z [791/898] Compiling spake25519.cc
2026-02-27T22:54:09.0825547Z [792/898] Compiling x25519-asm-arm.S
2026-02-27T22:54:09.3507567Z [793/898] Compiling curve25519.cc
2026-02-27T22:54:09.5718265Z [794/898] Compiling crypto.cc
2026-02-27T22:54:09.6380325Z [795/898] Compiling curve25519_64_adx.cc
2026-02-27T22:54:09.7507888Z [796/898] Compiling cpu_intel.cc
2026-02-27T22:54:09.9938134Z [797/898] Compiling cpu_arm_linux.cc
2026-02-27T22:54:10.0744267Z [798/898] Compiling cpu_arm_freebsd.cc
2026-02-27T22:54:10.1408366Z [799/898] Compiling cpu_aarch64_win.cc
2026-02-27T22:54:10.4327598Z [800/898] Compiling cpu_aarch64_sysreg.cc
2026-02-27T22:54:10.4457326Z [801/898] Compiling cpu_aarch64_openbsd.cc
2026-02-27T22:54:10.5287141Z [802/898] Compiling cpu_aarch64_linux.cc
2026-02-27T22:54:10.8647149Z [803/898] Compiling cpu_aarch64_fuchsia.cc
2026-02-27T22:54:10.8797714Z [804/898] Compiling cpu_aarch64_apple.cc
2026-02-27T22:54:11.0047571Z [805/898] Compiling conf.cc
2026-02-27T22:54:11.3668140Z [806/898] Compiling tls_cbc.cc
2026-02-27T22:54:11.4037634Z [807/898] Compiling get_cipher.cc
2026-02-27T22:54:11.7649093Z [808/898] Compiling cms.cc
2026-02-27T22:54:11.8177605Z [809/898] Compiling e_rc4.cc
2026-02-27T22:54:11.8718133Z [810/898] Compiling e_tls.cc
2026-02-27T22:54:12.2257737Z [811/898] Compiling e_null.cc
2026-02-27T22:54:12.2357930Z [812/898] Compiling e_rc2.cc
2026-02-27T22:54:12.3438626Z [813/898] Compiling e_des.cc
2026-02-27T22:54:12.6610264Z [814/898] Compiling e_chacha20poly1305.cc
2026-02-27T22:54:12.7278412Z [815/898] Compiling e_aesgcmsiv.cc
2026-02-27T22:54:12.8219996Z [816/898] Compiling e_aeseax.cc
2026-02-27T22:54:13.1547072Z [817/898] Compiling derive_key.cc
2026-02-27T22:54:13.1650708Z [818/898] Compiling e_aesctrhmac.cc
2026-02-27T22:54:13.2647673Z [819/898] Compiling chacha.cc
2026-02-27T22:54:13.7018144Z [820/898] Compiling unicode.cc
2026-02-27T22:54:13.8237910Z [821/898] Compiling cbs.cc
2026-02-27T22:54:13.8317801Z [822/898] Compiling cbb.cc
2026-02-27T22:54:14.2438553Z [823/898] Compiling ber.cc
2026-02-27T22:54:14.2838403Z [824/898] Compiling buf.cc
2026-02-27T22:54:14.3753131Z [825/898] Compiling asn1_compat.cc
2026-02-27T22:54:14.6317724Z [826/898] Compiling sqrt.cc
2026-02-27T22:54:14.8028030Z [827/898] Compiling exponentiation.cc
2026-02-27T22:54:14.8187588Z [828/898] Compiling div.cc
2026-02-27T22:54:15.2777648Z [829/898] Compiling convert.cc
2026-02-27T22:54:15.2788469Z [830/898] Compiling bn_asn1.cc
2026-02-27T22:54:15.3573306Z [831/898] Compiling bcm.cc
2026-02-27T22:54:15.4037701Z [832/898] Compiling blake2.cc
2026-02-27T22:54:15.6899684Z [833/898] Compiling printf.cc
2026-02-27T22:54:15.7877698Z [834/898] Compiling pair.cc
2026-02-27T22:54:15.8357910Z [835/898] Compiling hexdump.cc
2026-02-27T22:54:15.8998028Z [836/898] Compiling file.cc
2026-02-27T22:54:16.1808645Z [837/898] Compiling fd.cc
2026-02-27T22:54:16.2448378Z [838/898] Compiling errno.cc
2026-02-27T22:54:16.3088490Z [839/898] Compiling bio_mem.cc
2026-02-27T22:54:16.4568655Z [840/898] Compiling bio.cc
2026-02-27T22:54:16.6377882Z [841/898] Compiling base64.cc
2026-02-27T22:54:16.7977290Z [842/898] Compiling tasn_typ.cc
2026-02-27T22:54:16.8975314Z [843/898] Compiling tasn_utl.cc
2026-02-27T22:54:17.0825899Z [844/898] Compiling tasn_new.cc
2026-02-27T22:54:17.0957720Z [845/898] Compiling tasn_fre.cc
2026-02-27T22:54:17.3407801Z [846/898] Compiling tasn_enc.cc
2026-02-27T22:54:17.5477589Z [847/898] Compiling f_string.cc
2026-02-27T22:54:17.5505076Z [848/898] Compiling posix_time.cc
2026-02-27T22:54:17.5898258Z [849/898] Compiling tasn_dec.cc
2026-02-27T22:54:17.7838078Z [850/898] Compiling f_int.cc
2026-02-27T22:54:17.9878875Z [851/898] Compiling asn_pack.cc
2026-02-27T22:54:17.9879883Z [851/898] Compiling asn1_par.cc
2026-02-27T22:54:18.2239012Z [853/898] Compiling asn1_lib.cc
2026-02-27T22:54:18.3518781Z [854/898] Compiling a_utctm.cc
2026-02-27T22:54:18.5852211Z [855/898] Compiling a_time.cc
2026-02-27T22:54:18.6470323Z [856/898] Compiling a_type.cc
2026-02-27T22:54:18.9668457Z [857/898] Compiling a_strex.cc
2026-02-27T22:54:19.0256726Z [858/898] Compiling a_octet.cc
2026-02-27T22:54:19.0327496Z [859/898] Compiling a_strnid.cc
2026-02-27T22:54:19.3174893Z [860/898] Compiling a_object.cc
2026-02-27T22:54:19.4678218Z [861/898] Compiling a_i2d_fp.cc
2026-02-27T22:54:19.5108282Z [862/898] Compiling a_mbstr.cc
2026-02-27T22:54:19.6558768Z [863/898] Compiling a_int.cc
2026-02-27T22:54:19.8737929Z [864/898] Compiling a_gentm.cc
2026-02-27T22:54:19.9067686Z [865/898] Compiling a_dup.cc
2026-02-27T22:54:19.9527924Z [866/898] Compiling a_d2i_fp.cc
2026-02-27T22:54:19.9539212Z [867/898] Write sources
2026-02-27T22:54:20.2168101Z [868/898] Compiling a_bool.cc
2026-02-27T22:54:20.2676958Z [869/914] Compiling aes.cc
2026-02-27T22:54:20.3935744Z [870/914] Compiling a_bitstr.cc
2026-02-27T22:54:21.9194429Z [872/921] Compiling Atomics Primitives.native.swift
2026-02-27T22:54:21.9195137Z [873/921] Compiling Atomics AtomicInteger.swift
2026-02-27T22:54:21.9195966Z [874/921] Compiling Atomics AtomicOptionalWrappable.swift
2026-02-27T22:54:21.9197300Z [875/921] Compiling Atomics AtomicReference.swift
2026-02-27T22:54:21.9197823Z [876/921] Compiling Atomics AtomicStorage.swift
2026-02-27T22:54:21.9198436Z [877/921] Compiling CryptoBoringWrapper BoringSSLAEAD.swift
2026-02-27T22:54:21.9199203Z [878/921] Compiling CryptoBoringWrapper CryptoKitErrors_boring.swift
2026-02-27T22:54:21.9200079Z [879/921] Compiling CryptoBoringWrapper EllipticCurve.swift
2026-02-27T22:54:21.9201258Z [880/921] Compiling CryptoBoringWrapper EllipticCurvePoint.swift
2026-02-27T22:54:21.9202229Z [881/921] Compiling CryptoBoringWrapper ArbitraryPrecisionInteger.swift
2026-02-27T22:54:22.0620500Z [882/925] Compiling CryptoBoringWrapper FiniteFieldArithmeticContext.swift
2026-02-27T22:54:22.0628257Z [883/925] Compiling Atomics RawRepresentable.swift
2026-02-27T22:54:22.0629678Z [884/925] Compiling Atomics AtomicBool.swift
2026-02-27T22:54:22.0632458Z [885/925] Compiling Atomics IntegerConformances.swift
2026-02-27T22:54:22.0634518Z [886/925] Compiling Atomics PointerConformances.swift
2026-02-27T22:54:22.2123895Z [887/925] Emitting module Atomics
2026-02-27T22:54:22.2650178Z [888/925] Compiling Atomics UnsafeAtomic.swift
2026-02-27T22:54:22.2652779Z [889/925] Compiling Atomics UnsafeAtomicLazyReference.swift
2026-02-27T22:54:22.2653814Z [890/925] Compiling Atomics IntegerOperations.swift
2026-02-27T22:54:22.2654412Z [891/925] Compiling Atomics Unmanaged extensions.swift
2026-02-27T22:54:22.4186726Z [892/926] Wrapping AST for Atomics for debugging
2026-02-27T22:54:25.3587662Z [894/981] Compiling NIOCore FileHandle.swift
2026-02-27T22:54:25.3590327Z [895/981] Compiling NIOCore FileRegion.swift
2026-02-27T22:54:25.5737057Z [896/982] Compiling NIOCore EventLoopFuture+Deprecated.swift
2026-02-27T22:54:25.5745647Z [897/982] Compiling NIOCore EventLoopFuture+WithEventLoop.swift
2026-02-27T22:54:25.5753744Z [898/982] Emitting module CryptoBoringWrapper
2026-02-27T22:54:25.5782661Z [899/982] Compiling NIOCore EventLoopFuture.swift
2026-02-27T22:54:25.5789082Z [900/982] Compiling NIOCore FileDescriptor.swift
2026-02-27T22:54:25.6584061Z [901/982] Compiling CryptoBoringWrapper RandomBytes.swift
2026-02-27T22:54:25.9424334Z [902/983] Wrapping AST for CryptoBoringWrapper for debugging
2026-02-27T22:54:29.1345194Z [904/1044] Emitting module Crypto
2026-02-27T22:54:29.2013522Z [905/1064] Compiling Crypto AES-GCM.swift
2026-02-27T22:54:29.2018931Z [906/1064] Compiling Crypto AES-GCM_boring.swift
2026-02-27T22:54:29.2020213Z [907/1064] Compiling Crypto ChaChaPoly_boring.swift
2026-02-27T22:54:29.2025577Z [908/1064] Compiling Crypto ChaChaPoly.swift
2026-02-27T22:54:29.2026639Z [909/1064] Compiling Crypto Cipher.swift
2026-02-27T22:54:29.2027520Z [910/1064] Compiling Crypto Nonces.swift
2026-02-27T22:54:29.2029994Z [911/1064] Compiling Crypto ASN1.swift
2026-02-27T22:54:29.2030677Z [912/1064] Compiling Crypto ASN1Any.swift
2026-02-27T22:54:29.2031891Z [913/1064] Compiling Crypto ASN1BitString.swift
2026-02-27T22:54:29.2032832Z [914/1064] Compiling Crypto ASN1Boolean.swift
2026-02-27T22:54:29.2034274Z [915/1064] Compiling Crypto ASN1Identifier.swift
2026-02-27T22:54:29.2035046Z [916/1064] Compiling Crypto ASN1Integer.swift
2026-02-27T22:54:29.2035781Z [917/1064] Compiling Crypto ASN1Null.swift
2026-02-27T22:54:29.2037807Z [918/1064] Compiling Crypto ASN1OctetString.swift
2026-02-27T22:54:29.2039642Z [919/1064] Compiling Crypto ASN1Strings.swift
2026-02-27T22:54:29.2040415Z [920/1064] Compiling Crypto ArraySliceBigint.swift
2026-02-27T22:54:29.2111537Z [921/1064] Compiling Crypto GeneralizedTime.swift
2026-02-27T22:54:29.2112504Z [922/1064] Compiling Crypto ObjectIdentifier.swift
2026-02-27T22:54:30.9534301Z [923/1081] Compiling Crypto PKCS8PrivateKey.swift
2026-02-27T22:54:30.9549424Z [924/1081] Compiling Crypto SEC1PrivateKey.swift
2026-02-27T22:54:30.9550080Z [925/1081] Compiling Crypto SubjectPublicKeyInfo.swift
2026-02-27T22:54:30.9550680Z [926/1081] Compiling Crypto CryptoError_boring.swift
2026-02-27T22:54:30.9551385Z [927/1081] Compiling Crypto CryptoKitErrors.swift
2026-02-27T22:54:30.9551902Z [928/1081] Compiling Crypto Digest_boring.swift
2026-02-27T22:54:30.9552356Z [929/1081] Compiling Crypto Digest.swift
2026-02-27T22:54:30.9552799Z [930/1081] Compiling Crypto Digests.swift
2026-02-27T22:54:30.9553255Z [931/1081] Compiling Crypto HashFunctions.swift
2026-02-27T22:54:30.9553756Z [932/1081] Compiling Crypto HashFunctions_SHA2.swift
2026-02-27T22:54:30.9554232Z [933/1081] Compiling Crypto HPKE-AEAD.swift
2026-02-27T22:54:30.9554717Z [934/1081] Compiling Crypto HPKE-Ciphersuite.swift
2026-02-27T22:54:30.9555174Z [935/1081] Compiling Crypto HPKE-KDF.swift
2026-02-27T22:54:30.9555648Z [936/1081] Compiling Crypto HPKE-KexKeyDerivation.swift
2026-02-27T22:54:30.9556153Z [937/1081] Compiling Crypto HPKE-LabeledExtract.swift
2026-02-27T22:54:30.9556659Z [938/1081] Compiling Crypto HPKE-Utils.swift
2026-02-27T22:54:30.9557100Z [939/1081] Compiling Crypto DHKEM.swift
2026-02-27T22:54:30.9557616Z [940/1081] Compiling Crypto HPKE-KEM-Curve25519.swift
2026-02-27T22:54:30.9558157Z [941/1081] Compiling Crypto HPKE-NIST-EC-KEMs.swift
2026-02-27T22:54:30.9558653Z [942/1081] Compiling Crypto HPKE-KEM.swift
2026-02-27T22:54:32.4571245Z [943/1081] Compiling Crypto HPKE-Errors.swift
2026-02-27T22:54:32.4577048Z [944/1081] Compiling Crypto HPKE.swift
2026-02-27T22:54:32.4578560Z [945/1081] Compiling Crypto HPKE-Context.swift
2026-02-27T22:54:32.4579277Z [946/1081] Compiling Crypto HPKE-KeySchedule.swift
2026-02-27T22:54:32.4579975Z [947/1081] Compiling Crypto HPKE-Modes.swift
2026-02-27T22:54:32.4580593Z [948/1081] Compiling Crypto Insecure.swift
2026-02-27T22:54:32.4581565Z [949/1081] Compiling Crypto Insecure_HashFunctions.swift
2026-02-27T22:54:32.4582355Z [950/1081] Compiling Crypto KEM.swift
2026-02-27T22:54:32.4582953Z [951/1081] Compiling Crypto ECDH_boring.swift
2026-02-27T22:54:32.4583551Z [952/1081] Compiling Crypto DH.swift
2026-02-27T22:54:32.4584108Z [953/1081] Compiling Crypto ECDH.swift
2026-02-27T22:54:32.4584777Z [954/1081] Compiling Crypto HKDF.swift
2026-02-27T22:54:32.4585337Z [955/1081] Compiling Crypto AESWrap.swift
2026-02-27T22:54:32.4585944Z [956/1081] Compiling Crypto AESWrap_boring.swift
2026-02-27T22:54:32.4586646Z [957/1081] Compiling NIOCore NIOCoreSendableMetatype.swift
2026-02-27T22:54:32.4587442Z [958/1081] Compiling NIOCore NIODecodedAsyncSequence.swift
2026-02-27T22:54:32.4588184Z [959/1081] Compiling NIOCore NIOLoopBound.swift
2026-02-27T22:54:32.4588946Z [960/1081] Compiling NIOCore NIOPooledRecvBufferAllocator.swift
2026-02-27T22:54:32.4590152Z [961/1081] Compiling NIOCore NIOScheduledCallback.swift
2026-02-27T22:54:32.4591372Z [962/1081] Compiling NIOCore NIOSendable.swift
2026-02-27T22:54:33.7249719Z [981/1081] Compiling Crypto ECDSASignature.swift
2026-02-27T22:54:33.7255813Z [982/1081] Compiling Crypto PEMDocument.swift
2026-02-27T22:54:34.2963071Z [989/1081] Compiling NIOCore NIOSplitLinesMessageDecoder.swift
2026-02-27T22:54:34.2967998Z [990/1081] Compiling NIOCore NIOTransportAccessibleChannelCore.swift
2026-02-27T22:54:34.2969059Z [991/1081] Compiling NIOCore RecvByteBufferAllocator.swift
2026-02-27T22:54:34.2970073Z [992/1081] Compiling NIOCore SingleStepByteToMessageDecoder.swift
2026-02-27T22:54:34.2971162Z [993/1081] Compiling NIOCore SocketAddresses.swift
2026-02-27T22:54:34.2971907Z [994/1081] Compiling NIOCore SocketOptionProvider.swift
2026-02-27T22:54:34.2972799Z [995/1081] Compiling NIOCore SystemCallHelpers.swift
2026-02-27T22:54:34.2973616Z [996/1081] Compiling NIOCore TimeAmount+Duration.swift
2026-02-27T22:54:34.2974497Z [997/1081] Compiling NIOCore TypeAssistedChannelHandler.swift
2026-02-27T22:54:34.2975464Z [998/1081] Compiling NIOCore UniversalBootstrapSupport.swift
2026-02-27T22:54:34.2976309Z [999/1081] Compiling NIOCore Utilities.swift
2026-02-27T22:54:34.3440429Z [1011/1081] Compiling Crypto Signature.swift
2026-02-27T22:54:34.3447036Z [1012/1081] Compiling Crypto CryptoKitErrors_boring.swift
2026-02-27T22:54:34.3453196Z [1013/1081] Compiling Crypto RNG_boring.swift
2026-02-27T22:54:34.3458912Z [1014/1081] Compiling Crypto SafeCompare_boring.swift
2026-02-27T22:54:34.3464850Z [1015/1081] Compiling Crypto Zeroization_boring.swift
2026-02-27T22:54:34.3470605Z [1016/1081] Compiling Crypto PrettyBytes.swift
2026-02-27T22:54:34.3503359Z [1017/1081] Compiling Crypto SafeCompare.swift
2026-02-27T22:54:34.3504247Z [1018/1081] Compiling Crypto SecureBytes.swift
2026-02-27T22:54:34.3505065Z [1019/1081] Compiling Crypto Zeroization.swift
2026-02-27T22:54:34.5841314Z [1039/1082] Emitting module NIOCore
2026-02-27T22:54:34.6715935Z [1039/1082] Wrapping AST for Crypto for debugging
2026-02-27T22:54:36.3464824Z [1059/1083] Wrapping AST for NIOCore for debugging
2026-02-27T22:54:37.5888932Z [1061/1140] Compiling NIOPosix BaseSocketChannel.swift
2026-02-27T22:54:37.5971929Z [1062/1140] Compiling NIOPosix BaseStreamSocketChannel.swift
2026-02-27T22:54:37.5972988Z [1063/1140] Compiling NIOPosix Bootstrap.swift
2026-02-27T22:54:37.6267354Z [1064/1142] Emitting module SQLNioCore
2026-02-27T22:54:38.1154342Z [1065/1142] Emitting module NIOEmbedded
2026-02-27T22:54:38.5808498Z [1066/1142] Compiling NIOEmbedded AsyncTestingEventLoop.swift
2026-02-27T22:54:39.7022490Z [1067/1142] Compiling NIOEmbedded AsyncTestingChannel.swift
2026-02-27T22:54:39.7051672Z [1068/1142] Compiling NIOEmbedded Embedded.swift
2026-02-27T22:54:39.9065418Z [1069/1143] Compiling SQLNioCore SQLRowDecoder.swift
2026-02-27T22:54:39.9073560Z [1070/1143] Compiling SQLNioCore SQLValue.swift
2026-02-27T22:54:40.0482988Z [1072/1143] Compiling NIOPosix BaseSocket.swift
2026-02-27T22:54:40.0485259Z [1073/1143] Compiling NIOPosix BaseSocketChannel+AccessibleTransport.swift
2026-02-27T22:54:40.0487542Z [1074/1143] Compiling NIOPosix BaseSocketChannel+SocketOptionProvider.swift
2026-02-27T22:54:40.0489725Z [1075/1143] Compiling NIOPosix BSDSocketAPICommon.swift
2026-02-27T22:54:40.0491907Z [1076/1143] Compiling NIOPosix BSDSocketAPIPosix.swift
2026-02-27T22:54:40.0493895Z [1077/1143] Compiling NIOPosix BSDSocketAPIWindows.swift
2026-02-27T22:54:40.1654291Z [1077/1144] Wrapping AST for NIOEmbedded for debugging
2026-02-27T22:54:40.4533891Z [1079/1144] Wrapping AST for SQLNioCore for debugging
2026-02-27T22:54:40.5445853Z [1081/1144] Emitting module NIOPosix
2026-02-27T22:54:40.7971578Z [1082/1159] Emitting module SQLNioCoreTests
2026-02-27T22:54:41.1582666Z [1083/1159] Compiling SQLNioCoreTests SQLNioCoreTests.swift
2026-02-27T22:54:41.5204766Z [1084/1160] Wrapping AST for SQLNioCoreTests for debugging
2026-02-27T22:54:43.2919088Z [1097/1160] Compiling NIOPosix Errors+Any.swift
2026-02-27T22:54:43.2919846Z [1098/1160] Compiling NIOPosix FileDescriptor.swift
2026-02-27T22:54:43.2920593Z [1099/1160] Compiling NIOPosix GetaddrinfoResolver.swift
2026-02-27T22:54:43.3154128Z [1100/1160] Compiling NIOPosix HappyEyeballs.swift
2026-02-27T22:54:43.3161901Z [1101/1160] Compiling NIOPosix IO.swift
2026-02-27T22:54:43.3177438Z [1102/1160] Compiling NIOPosix IntegerBitPacking.swift
2026-02-27T22:54:43.3179506Z [1103/1160] Compiling NIOPosix IntegerTypes.swift
2026-02-27T22:54:43.3180061Z [1104/1160] Compiling NIOPosix Linux.swift
2026-02-27T22:54:43.3180581Z [1105/1160] Compiling NIOPosix LinuxCPUSet.swift
2026-02-27T22:54:43.3181320Z [1106/1160] Compiling NIOPosix LinuxUring.swift
2026-02-27T22:54:43.3181970Z [1107/1160] Compiling NIOPosix MultiThreadedEventLoopGroup.swift
2026-02-27T22:54:43.3182753Z [1108/1160] Compiling NIOPosix NIOPosixSendableMetatype.swift
2026-02-27T22:54:43.3183400Z [1109/1160] Compiling NIOPosix NIOThreadPool.swift
2026-02-27T22:54:43.3184008Z [1110/1160] Compiling NIOPosix NonBlockingFileIO.swift
2026-02-27T22:54:43.3184689Z [1111/1160] Compiling NIOPosix PendingDatagramWritesManager.swift
2026-02-27T22:54:43.3185420Z [1112/1160] Compiling NIOPosix PendingWritesManager.swift
2026-02-27T22:54:43.3186022Z [1113/1160] Compiling NIOPosix PipeChannel.swift
2026-02-27T22:54:43.3186550Z [1114/1160] Compiling NIOPosix PipePair.swift
2026-02-27T22:54:43.3187043Z [1115/1160] Compiling NIOPosix Pool.swift
2026-02-27T22:54:43.3187705Z [1116/1160] Compiling NIOPosix PosixSingletons+ConcurrencyTakeOver.swift
2026-02-27T22:54:43.3188451Z [1117/1160] Compiling NIOPosix PosixSingletons.swift
2026-02-27T22:54:43.3189063Z [1118/1160] Compiling NIOPosix RawSocketBootstrap.swift
2026-02-27T22:54:43.3189641Z [1119/1160] Compiling NIOPosix Resolver.swift
2026-02-27T22:54:43.3190176Z [1120/1160] Compiling NIOPosix Selectable.swift
2026-02-27T22:54:43.3190730Z [1121/1160] Compiling NIOPosix SelectableChannel.swift
2026-02-27T22:54:43.3192314Z [1122/1160] Compiling NIOPosix SelectableEventLoop.swift
2026-02-27T22:54:43.3192910Z [1123/1160] Compiling NIOPosix SelectorEpoll.swift
2026-02-27T22:54:43.3193486Z [1124/1160] Compiling NIOPosix SelectorGeneric.swift
2026-02-27T22:54:43.3194051Z [1125/1160] Compiling NIOPosix SelectorKqueue.swift
2026-02-27T22:54:43.3194618Z [1126/1160] Compiling NIOPosix SelectorUring.swift
2026-02-27T22:54:43.3195169Z [1127/1160] Compiling NIOPosix SelectorWSAPoll.swift
2026-02-27T22:54:43.3803575Z [1128/1160] Compiling NIOPosix ServerSocket.swift
2026-02-27T22:54:43.3804241Z [1129/1160] Compiling NIOPosix Socket.swift
2026-02-27T22:54:43.3804739Z [1130/1160] Compiling NIOPosix SocketChannel.swift
2026-02-27T22:54:43.3805289Z [1131/1160] Compiling NIOPosix SocketProtocols.swift
2026-02-27T22:54:43.3805925Z [1132/1160] Compiling NIOPosix StructuredConcurrencyHelpers.swift
2026-02-27T22:54:43.3806949Z [1133/1160] Compiling NIOPosix System.swift
2026-02-27T22:54:43.3807378Z [1134/1160] Compiling NIOPosix Thread.swift
2026-02-27T22:54:43.3807865Z [1135/1160] Compiling NIOPosix ThreadPosix.swift
2026-02-27T22:54:43.3808390Z [1136/1160] Compiling NIOPosix ThreadWindows.swift
2026-02-27T22:54:43.3808924Z [1137/1160] Compiling NIOPosix Utilities.swift
2026-02-27T22:54:43.3809428Z [1138/1160] Compiling NIOPosix VsockAddress.swift
2026-02-27T22:54:43.3809971Z [1139/1160] Compiling NIOPosix VsockChannelEvents.swift
2026-02-27T22:54:43.3810503Z [1140/1160] Compiling NIOPosix Windows.swift
2026-02-27T22:54:43.5649696Z [1141/1161] Wrapping AST for NIOPosix for debugging
2026-02-27T22:54:43.8479031Z [1143/1167] Compiling NIO Exports.swift
2026-02-27T22:54:43.8479632Z [1144/1167] Emitting module NIO
2026-02-27T22:54:44.1354525Z [1146/1168] Compiling SQLiteNio SQLiteConnectionPool.swift
2026-02-27T22:54:44.1844371Z [1146/1168] Wrapping AST for NIO for debugging
2026-02-27T22:54:44.6564539Z [1148/1173] Compiling SQLiteNio SQLiteBackup.swift
2026-02-27T22:54:44.6565930Z [1149/1173] Compiling SQLiteNio SQLiteConnection.swift
2026-02-27T22:54:44.6567863Z [1150/1173] Emitting module SQLiteNio
2026-02-27T22:54:44.6689381Z [1151/1174] Compiling NIOTLS ApplicationProtocolNegotiationHandler.swift
2026-02-27T22:54:44.6690968Z [1152/1174] Compiling NIOTLS NIOTypedApplicationProtocolNegotiationHandler.swift
2026-02-27T22:54:44.6700544Z [1153/1174] Emitting module NIOTLS
2026-02-27T22:54:44.7862149Z [1155/1175] Compiling NIOTLS ProtocolNegotiationHandlerStateMachine.swift
2026-02-27T22:54:44.7863124Z [1156/1175] Compiling NIOTLS SNIHandler.swift
2026-02-27T22:54:44.8037933Z [1157/1175] Compiling NIOTLS TLSEvents.swift
2026-02-27T22:54:44.8582116Z [1157/1176] Wrapping AST for SQLiteNio for debugging
2026-02-27T22:54:44.9756102Z [1159/1178] Wrapping AST for NIOTLS for debugging
2026-02-27T22:54:46.4811879Z [1161/1203] Emitting module NIOSSL
2026-02-27T22:54:47.8254831Z [1162/1211] Compiling NIOSSL SSLContext.swift
2026-02-27T22:54:47.8262190Z [1163/1211] Compiling NIOSSL SSLErrors.swift
2026-02-27T22:54:47.8268828Z [1164/1211] Compiling NIOSSL SSLInit.swift
2026-02-27T22:54:47.8275896Z [1165/1211] Compiling NIOSSL SSLPKCS12Bundle.swift
2026-02-27T22:54:47.8286579Z [1166/1211] Compiling NIOSSL SSLPrivateKey.swift
2026-02-27T22:54:47.8298890Z [1167/1211] Compiling NIOSSL SSLPublicKey.swift
2026-02-27T22:54:47.8304196Z [1168/1211] Compiling NIOSSL SecurityFrameworkCertificateVerification.swift
2026-02-27T22:54:47.8306653Z [1169/1211] Compiling NIOSSL String+unsafeUninitializedCapacity.swift
2026-02-27T22:54:47.8334799Z [1170/1211] Compiling NIOSSL AndroidCABundle.swift
2026-02-27T22:54:47.8335710Z [1171/1211] Compiling NIOSSL ByteBufferBIO.swift
2026-02-27T22:54:47.8336528Z [1172/1211] Compiling NIOSSL CustomPrivateKey.swift
2026-02-27T22:54:47.8337357Z [1173/1211] Compiling NIOSSL IdentityVerification.swift
2026-02-27T22:54:47.8338213Z [1174/1211] Compiling NIOSSL LinuxCABundle.swift
2026-02-27T22:54:47.8339066Z [1175/1211] Compiling NIOSSL NIOSSLClientHandler.swift
2026-02-27T22:54:47.8339976Z [1176/1211] Compiling NIOSSL NIOSSLHandler+Configuration.swift
2026-02-27T22:54:47.8341094Z [1177/1211] Compiling NIOSSL NIOSSLHandler.swift
2026-02-27T22:54:47.9961919Z [1178/1211] Compiling SQLiteNioTests SQLiteNioTests.swift
2026-02-27T22:54:47.9967086Z [1179/1211] Emitting module SQLiteNioTests
2026-02-27T22:54:48.2051661Z [1181/1212] Compiling NIOSSL NIOSSLServerHandler.swift
2026-02-27T22:54:48.2056780Z [1182/1212] Compiling NIOSSL ObjectIdentifier.swift
2026-02-27T22:54:48.2061747Z [1183/1212] Compiling NIOSSL PosixPort.swift
2026-02-27T22:54:48.2066394Z [1184/1212] Compiling NIOSSL SSLCallbacks.swift
2026-02-27T22:54:48.2071150Z [1185/1212] Compiling NIOSSL SSLCertificate.swift
2026-02-27T22:54:48.2074151Z [1186/1212] Compiling NIOSSL SSLCertificateExtensions.swift
2026-02-27T22:54:48.2074810Z [1187/1212] Compiling NIOSSL SSLCertificateName.swift
2026-02-27T22:54:48.2076933Z [1188/1212] Compiling NIOSSL SSLConnection.swift
2026-02-27T22:54:48.2427178Z [1188/1212] Wrapping AST for SQLiteNioTests for debugging
2026-02-27T22:54:48.6678194Z [1190/1212] Compiling NIOSSL SubjectAlternativeName.swift
2026-02-27T22:54:48.6679047Z [1191/1212] Compiling NIOSSL NIOSSLSecureBytes.swift
2026-02-27T22:54:48.6679691Z [1192/1212] Compiling NIOSSL RNG.swift
2026-02-27T22:54:48.6680236Z [1193/1212] Compiling NIOSSL SafeCompare.swift
2026-02-27T22:54:48.6680967Z [1194/1212] Compiling NIOSSL Zeroization.swift
2026-02-27T22:54:48.6681622Z [1195/1212] Compiling NIOSSL TLSConfiguration.swift
2026-02-27T22:54:48.6682348Z [1196/1212] Compiling NIOSSL UniversalBootstrapSupport.swift
2026-02-27T22:54:48.6683123Z [1197/1212] Compiling NIOSSL UnsafeKeyAndChainTarget.swift
2026-02-27T22:54:48.8505987Z [1198/1213] Wrapping AST for NIOSSL for debugging
2026-02-27T22:54:49.9103903Z [1200/1239] Emitting module MSSQLNio
2026-02-27T22:54:50.3574110Z [1201/1242] Emitting module MySQLNio
2026-02-27T22:54:50.5738282Z [1202/1243] Compiling MySQLNio MySQLDecoder.swift
2026-02-27T22:54:51.3712260Z [1203/1243] Compiling MSSQLNio TDSLogin7.swift
2026-02-27T22:54:51.3714189Z /home/runner/work/sql-nio/sql-nio/Sources/MSSQLNio/TDS/TDSPacket.swift:74:17: warning: immutable value 'win' was never used; consider replacing with '_' or removing it
2026-02-27T22:54:51.3716444Z 72 |             let spid:    UInt16 = buffer.readInteger(endianness: .big),
2026-02-27T22:54:51.3717417Z 73 |             let pid:     UInt8  = buffer.readInteger(),
2026-02-27T22:54:51.3718247Z 74 |             let win:     UInt8  = buffer.readInteger()
2026-02-27T22:54:51.3719393Z    |                 `- warning: immutable value 'win' was never used; consider replacing with '_' or removing it
2026-02-27T22:54:51.3720560Z 75 |         else { throw TDSError.incomplete }
2026-02-27T22:54:51.3721634Z 76 | 
2026-02-27T22:54:51.3795958Z [1204/1243] Compiling MSSQLNio TDSMessages.swift
2026-02-27T22:54:51.3822326Z /home/runner/work/sql-nio/sql-nio/Sources/MSSQLNio/TDS/TDSPacket.swift:74:17: warning: immutable value 'win' was never used; consider replacing with '_' or removing it
2026-02-27T22:54:51.3824212Z 72 |             let spid:    UInt16 = buffer.readInteger(endianness: .big),
2026-02-27T22:54:51.3825067Z 73 |             let pid:     UInt8  = buffer.readInteger(),
2026-02-27T22:54:51.3825819Z 74 |             let win:     UInt8  = buffer.readInteger()
2026-02-27T22:54:51.3826883Z    |                 `- warning: immutable value 'win' was never used; consider replacing with '_' or removing it
2026-02-27T22:54:51.3827905Z 75 |         else { throw TDSError.incomplete }
2026-02-27T22:54:51.3828551Z 76 | 
2026-02-27T22:54:51.3962088Z [1205/1243] Compiling MSSQLNio TDSPacket.swift
2026-02-27T22:54:51.3963496Z /home/runner/work/sql-nio/sql-nio/Sources/MSSQLNio/TDS/TDSPacket.swift:74:17: warning: immutable value 'win' was never used; consider replacing with '_' or removing it
2026-02-27T22:54:51.3964840Z 72 |             let spid:    UInt16 = buffer.readInteger(endianness: .big),
2026-02-27T22:54:51.3965554Z 73 |             let pid:     UInt8  = buffer.readInteger(),
2026-02-27T22:54:51.3966072Z 74 |             let win:     UInt8  = buffer.readInteger()
2026-02-27T22:54:51.3966822Z    |                 `- warning: immutable value 'win' was never used; consider replacing with '_' or removing it
2026-02-27T22:54:51.3967565Z 75 |         else { throw TDSError.incomplete }
2026-02-27T22:54:51.3967998Z 76 | 
2026-02-27T22:54:51.4028799Z [1206/1243] Compiling MSSQLNio TDSPreLogin.swift
2026-02-27T22:54:51.4053285Z /home/runner/work/sql-nio/sql-nio/Sources/MSSQLNio/TDS/TDSPacket.swift:74:17: warning: immutable value 'win' was never used; consider replacing with '_' or removing it
2026-02-27T22:54:51.4054709Z 72 |             let spid:    UInt16 = buffer.readInteger(endianness: .big),
2026-02-27T22:54:51.4055354Z 73 |             let pid:     UInt8  = buffer.readInteger(),
2026-02-27T22:54:51.4055918Z 74 |             let win:     UInt8  = buffer.readInteger()
2026-02-27T22:54:51.4056758Z    |                 `- warning: immutable value 'win' was never used; consider replacing with '_' or removing it
2026-02-27T22:54:51.4058082Z 75 |         else { throw TDSError.incomplete }
2026-02-27T22:54:51.4058530Z 76 | 
2026-02-27T22:54:51.5604225Z [1207/1243] Compiling MSSQLNio TDSRPCProcRequest.swift
2026-02-27T22:54:51.5612212Z [1208/1243] Compiling MSSQLNio TDSRPCRequest.swift
2026-02-27T22:54:51.5652492Z [1209/1243] Compiling MSSQLNio TDSTLSFramer.swift
2026-02-27T22:54:52.1144338Z [1210/1243] Compiling PostgresNio PostgresConnectionPool.swift
2026-02-27T22:54:52.1146926Z [1211/1243] Compiling PostgresNio PostgresDecoder.swift
2026-02-27T22:54:52.1192420Z [1212/1243] Compiling PostgresNio SCRAMSHA256.swift
2026-02-27T22:54:52.1212156Z [1213/1243] Compiling PostgresNio PostgresBackup.swift
2026-02-27T22:54:52.1213002Z [1214/1243] Emitting module PostgresNio
2026-02-27T22:54:52.1213632Z [1215/1243] Compiling PostgresNio PostgresBulkInsert.swift
2026-02-27T22:54:52.1215438Z /home/runner/work/sql-nio/sql-nio/Sources/PostgresNio/PostgresConnection.swift:121:13: warning: conformance of 'ByteToMessageHandler<Decoder>' to 'Sendable' is unavailable; this is an error in the Swift 6 language mode
2026-02-27T22:54:52.1217490Z 119 |         bridge = b
2026-02-27T22:54:52.1217898Z 120 |         try await channel.pipeline.addHandlers([
2026-02-27T22:54:52.1218475Z 121 |             ByteToMessageHandler(PGFramingHandler()),
2026-02-27T22:54:52.1219596Z     |             `- warning: conformance of 'ByteToMessageHandler<Decoder>' to 'Sendable' is unavailable; this is an error in the Swift 6 language mode
2026-02-27T22:54:52.1220639Z 122 |             b,
2026-02-27T22:54:52.1221182Z 123 |         ]).get()
2026-02-27T22:54:52.1221377Z 
2026-02-27T22:54:52.1222604Z /home/runner/work/sql-nio/sql-nio/.build/checkouts/swift-nio/Sources/NIOCore/Codec.swift:507:1: note: conformance of 'ByteToMessageHandler<Decoder>' to 'Sendable' has been explicitly marked unavailable here
2026-02-27T22:54:52.1224104Z 505 | 
2026-02-27T22:54:52.1224369Z 506 | @available(*, unavailable)
2026-02-27T22:54:52.1224820Z 507 | extension ByteToMessageHandler: Sendable {}
2026-02-27T22:54:52.1225753Z     | `- note: conformance of 'ByteToMessageHandler<Decoder>' to 'Sendable' has been explicitly marked unavailable here
2026-02-27T22:54:52.1226646Z 508 | 
2026-02-27T22:54:52.1226953Z 509 | // MARK: ByteToMessageHandler: Test Helpers
2026-02-27T22:54:52.1227296Z 
2026-02-27T22:54:52.1228553Z /home/runner/work/sql-nio/sql-nio/Sources/PostgresNio/PostgresConnection.swift:140:47: warning: conformance of 'NIOSSLClientHandler' to 'Sendable' is unavailable; this is an error in the Swift 6 language mode
2026-02-27T22:54:52.1230285Z 138 |         let sslHandler = try NIOSSLClientHandler(context: sslContext,
2026-02-27T22:54:52.1231146Z 139 |                                                   serverHostname: config.host)
2026-02-27T22:54:52.1231945Z 140 |         try await channel.pipeline.addHandler(sslHandler, position: .first).get()
2026-02-27T22:54:52.1233298Z     |                                               `- warning: conformance of 'NIOSSLClientHandler' to 'Sendable' is unavailable; this is an error in the Swift 6 language mode
2026-02-27T22:54:52.1234372Z 141 |     }
2026-02-27T22:54:52.1234616Z 142 | 
2026-02-27T22:54:52.1234755Z 
2026-02-27T22:54:52.1236098Z /home/runner/work/sql-nio/sql-nio/.build/checkouts/swift-nio-ssl/Sources/NIOSSL/NIOSSLClientHandler.swift:294:1: note: conformance of 'NIOSSLClientHandler' to 'Sendable' has been explicitly marked unavailable here
2026-02-27T22:54:52.1237706Z 292 | #if compiler(<6.2)
2026-02-27T22:54:52.1238053Z 293 | @available(*, unavailable)
2026-02-27T22:54:52.1238478Z 294 | extension NIOSSLClientHandler: Sendable {}
2026-02-27T22:54:52.1239350Z     | `- note: conformance of 'NIOSSLClientHandler' to 'Sendable' has been explicitly marked unavailable here
2026-02-27T22:54:52.1240161Z 295 | #endif
2026-02-27T22:54:52.1240412Z 296 | 
2026-02-27T22:54:52.2171460Z [1216/1243] Compiling PostgresNio PostgresConnection.swift
2026-02-27T22:54:52.2173807Z /home/runner/work/sql-nio/sql-nio/Sources/PostgresNio/PostgresConnection.swift:121:13: warning: conformance of 'ByteToMessageHandler<Decoder>' to 'Sendable' is unavailable; this is an error in the Swift 6 language mode
2026-02-27T22:54:52.2175452Z 119 |         bridge = b
2026-02-27T22:54:52.2175862Z 120 |         try await channel.pipeline.addHandlers([
2026-02-27T22:54:52.2176449Z 121 |             ByteToMessageHandler(PGFramingHandler()),
2026-02-27T22:54:52.2177586Z     |             `- warning: conformance of 'ByteToMessageHandler<Decoder>' to 'Sendable' is unavailable; this is an error in the Swift 6 language mode
2026-02-27T22:54:52.2178632Z 122 |             b,
2026-02-27T22:54:52.2178919Z 123 |         ]).get()
2026-02-27T22:54:52.2179108Z 
2026-02-27T22:54:52.2180327Z /home/runner/work/sql-nio/sql-nio/.build/checkouts/swift-nio/Sources/NIOCore/Codec.swift:507:1: note: conformance of 'ByteToMessageHandler<Decoder>' to 'Sendable' has been explicitly marked unavailable here
2026-02-27T22:54:52.2181922Z 505 | 
2026-02-27T22:54:52.2182207Z 506 | @available(*, unavailable)
2026-02-27T22:54:52.2182644Z 507 | extension ByteToMessageHandler: Sendable {}
2026-02-27T22:54:52.2183800Z     | `- note: conformance of 'ByteToMessageHandler<Decoder>' to 'Sendable' has been explicitly marked unavailable here
2026-02-27T22:54:52.2184670Z 508 | 
2026-02-27T22:54:52.2184980Z 509 | // MARK: ByteToMessageHandler: Test Helpers
2026-02-27T22:54:52.2185321Z 
2026-02-27T22:54:52.2186554Z /home/runner/work/sql-nio/sql-nio/Sources/PostgresNio/PostgresConnection.swift:140:47: warning: conformance of 'NIOSSLClientHandler' to 'Sendable' is unavailable; this is an error in the Swift 6 language mode
2026-02-27T22:54:52.2188284Z 138 |         let sslHandler = try NIOSSLClientHandler(context: sslContext,
2026-02-27T22:54:52.2188981Z 139 |                                                   serverHostname: config.host)
2026-02-27T22:54:52.2189765Z 140 |         try await channel.pipeline.addHandler(sslHandler, position: .first).get()
2026-02-27T22:54:52.2191325Z     |                                               `- warning: conformance of 'NIOSSLClientHandler' to 'Sendable' is unavailable; this is an error in the Swift 6 language mode
2026-02-27T22:54:52.2192420Z 141 |     }
2026-02-27T22:54:52.2192672Z 142 | 
2026-02-27T22:54:52.2192811Z 
2026-02-27T22:54:52.2194123Z /home/runner/work/sql-nio/sql-nio/.build/checkouts/swift-nio-ssl/Sources/NIOSSL/NIOSSLClientHandler.swift:294:1: note: conformance of 'NIOSSLClientHandler' to 'Sendable' has been explicitly marked unavailable here
2026-02-27T22:54:52.2195697Z 292 | #if compiler(<6.2)
2026-02-27T22:54:52.2196044Z 293 | @available(*, unavailable)
2026-02-27T22:54:52.2196475Z 294 | extension NIOSSLClientHandler: Sendable {}
2026-02-27T22:54:52.2197400Z     | `- note: conformance of 'NIOSSLClientHandler' to 'Sendable' has been explicitly marked unavailable here
2026-02-27T22:54:52.2198246Z 295 | #endif
2026-02-27T22:54:52.2198494Z 296 | 
2026-02-27T22:54:52.2743164Z /home/runner/work/sql-nio/sql-nio/Sources/MySQLNio/MySQLConnection.swift:101:13: warning: conformance of 'ByteToMessageHandler<Decoder>' to 'Sendable' is unavailable; this is an error in the Swift 6 language mode
2026-02-27T22:54:52.2744947Z  99 |         bridge = b
2026-02-27T22:54:52.2745377Z 100 |         try await channel.pipeline.addHandlers([
2026-02-27T22:54:52.2745981Z 101 |             ByteToMessageHandler(MySQLFramingHandler()),
2026-02-27T22:54:52.2747148Z     |             `- warning: conformance of 'ByteToMessageHandler<Decoder>' to 'Sendable' is unavailable; this is an error in the Swift 6 language mode
2026-02-27T22:54:52.2748204Z 102 |             b,
2026-02-27T22:54:52.2748491Z 103 |         ]).get()
2026-02-27T22:54:52.2748690Z 
2026-02-27T22:54:52.2749919Z /home/runner/work/sql-nio/sql-nio/.build/checkouts/swift-nio/Sources/NIOCore/Codec.swift:507:1: note: conformance of 'ByteToMessageHandler<Decoder>' to 'Sendable' has been explicitly marked unavailable here
2026-02-27T22:54:52.2751589Z 505 | 
2026-02-27T22:54:52.2752238Z 506 | @available(*, unavailable)
2026-02-27T22:54:52.2752683Z 507 | extension ByteToMessageHandler: Sendable {}
2026-02-27T22:54:52.2753628Z     | `- note: conformance of 'ByteToMessageHandler<Decoder>' to 'Sendable' has been explicitly marked unavailable here
2026-02-27T22:54:52.2754522Z 508 | 
2026-02-27T22:54:52.2754825Z 509 | // MARK: ByteToMessageHandler: Test Helpers
2026-02-27T22:54:52.2755174Z 
2026-02-27T22:54:52.2756377Z /home/runner/work/sql-nio/sql-nio/Sources/MySQLNio/MySQLConnection.swift:157:47: warning: conformance of 'NIOSSLClientHandler' to 'Sendable' is unavailable; this is an error in the Swift 6 language mode
2026-02-27T22:54:52.2758095Z 155 |         let sni = config.host.first?.isNumber == false ? config.host : nil
2026-02-27T22:54:52.2759029Z 156 |         let sslHandler = try NIOSSLClientHandler(context: sslContext, serverHostname: sni)
2026-02-27T22:54:52.2760034Z 157 |         try await channel.pipeline.addHandler(sslHandler, position: .first).get()
2026-02-27T22:54:52.2761568Z     |                                               `- warning: conformance of 'NIOSSLClientHandler' to 'Sendable' is unavailable; this is an error in the Swift 6 language mode
2026-02-27T22:54:52.2762828Z 158 |     }
2026-02-27T22:54:52.2763071Z 159 | 
2026-02-27T22:54:52.2763216Z 
2026-02-27T22:54:52.2764522Z /home/runner/work/sql-nio/sql-nio/.build/checkouts/swift-nio-ssl/Sources/NIOSSL/NIOSSLClientHandler.swift:294:1: note: conformance of 'NIOSSLClientHandler' to 'Sendable' has been explicitly marked unavailable here
2026-02-27T22:54:52.2766130Z 292 | #if compiler(<6.2)
2026-02-27T22:54:52.2766470Z 293 | @available(*, unavailable)
2026-02-27T22:54:52.2766904Z 294 | extension NIOSSLClientHandler: Sendable {}
2026-02-27T22:54:52.2768060Z     | `- note: conformance of 'NIOSSLClientHandler' to 'Sendable' has been explicitly marked unavailable here
2026-02-27T22:54:52.2769014Z 295 | #endif
2026-02-27T22:54:52.2769303Z 296 | 
2026-02-27T22:54:52.3340218Z /home/runner/work/sql-nio/sql-nio/Sources/MySQLNio/MySQLConnection.swift:101:13: warning: conformance of 'ByteToMessageHandler<Decoder>' to 'Sendable' is unavailable; this is an error in the Swift 6 language mode
2026-02-27T22:54:52.3347807Z  99 |         bridge = b
2026-02-27T22:54:52.3350577Z 100 |         try await channel.pipeline.addHandlers([
2026-02-27T22:54:52.3353916Z 101 |             ByteToMessageHandler(MySQLFramingHandler()),
2026-02-27T22:54:52.3357368Z     |             `- warning: conformance of 'ByteToMessageHandler<Decoder>' to 'Sendable' is unavailable; this is an error in the Swift 6 language mode
2026-02-27T22:54:52.3360942Z 102 |             b,
2026-02-27T22:54:52.3363280Z 103 |         ]).get()
2026-02-27T22:54:52.3365557Z 
2026-02-27T22:54:52.3367360Z /home/runner/work/sql-nio/sql-nio/.build/checkouts/swift-nio/Sources/NIOCore/Codec.swift:507:1: note: conformance of 'ByteToMessageHandler<Decoder>' to 'Sendable' has been explicitly marked unavailable here
2026-02-27T22:54:52.3371188Z 505 | 
2026-02-27T22:54:52.3372433Z 506 | @available(*, unavailable)
2026-02-27T22:54:52.3373476Z 507 | extension ByteToMessageHandler: Sendable {}
2026-02-27T22:54:52.3374560Z     | `- note: conformance of 'ByteToMessageHandler<Decoder>' to 'Sendable' has been explicitly marked unavailable here
2026-02-27T22:54:52.3375545Z 508 | 
2026-02-27T22:54:52.3375910Z 509 | // MARK: ByteToMessageHandler: Test Helpers
2026-02-27T22:54:52.3378297Z 
2026-02-27T22:54:52.3379572Z /home/runner/work/sql-nio/sql-nio/Sources/MySQLNio/MySQLConnection.swift:157:47: warning: conformance of 'NIOSSLClientHandler' to 'Sendable' is unavailable; this is an error in the Swift 6 language mode
2026-02-27T22:54:52.3381618Z 155 |         let sni = config.host.first?.isNumber == false ? config.host : nil
2026-02-27T22:54:52.3382637Z 156 |         let sslHandler = try NIOSSLClientHandler(context: sslContext, serverHostname: sni)
2026-02-27T22:54:52.3383744Z 157 |         try await channel.pipeline.addHandler(sslHandler, position: .first).get()
2026-02-27T22:54:52.3385214Z     |                                               `- warning: conformance of 'NIOSSLClientHandler' to 'Sendable' is unavailable; this is an error in the Swift 6 language mode
2026-02-27T22:54:52.3386724Z 158 |     }
2026-02-27T22:54:52.3387004Z 159 | 
2026-02-27T22:54:52.3387165Z 
2026-02-27T22:54:52.3388394Z /home/runner/work/sql-nio/sql-nio/.build/checkouts/swift-nio-ssl/Sources/NIOSSL/NIOSSLClientHandler.swift:294:1: note: conformance of 'NIOSSLClientHandler' to 'Sendable' has been explicitly marked unavailable here
2026-02-27T22:54:52.3389982Z 292 | #if compiler(<6.2)
2026-02-27T22:54:52.3390345Z 293 | @available(*, unavailable)
2026-02-27T22:54:52.3390993Z 294 | extension NIOSSLClientHandler: Sendable {}
2026-02-27T22:54:52.3391858Z     | `- note: conformance of 'NIOSSLClientHandler' to 'Sendable' has been explicitly marked unavailable here
2026-02-27T22:54:52.3392703Z 295 | #endif
2026-02-27T22:54:52.3392963Z 296 | 
2026-02-27T22:54:52.3969959Z [1221/1244] Compiling MySQLNio MySQLMessages.swift
2026-02-27T22:54:52.5574400Z [1226/1245] Wrapping AST for MySQLNio for debugging
2026-02-27T22:54:52.6684996Z [1228/1248] Compiling PostgresNio PostgresMessages.swift
2026-02-27T22:54:52.9216107Z [1229/1249] Wrapping AST for PostgresNio for debugging
2026-02-27T22:54:53.0684498Z [1231/1249] Compiling MySQLNioTests MySQLNioTests.swift
2026-02-27T22:54:55.4405083Z /home/runner/work/sql-nio/sql-nio/Sources/MSSQLNio/MSSQLConnection.swift:121:23: warning: capture of 'bootstrap' with non-sendable type 'ClientBootstrap' in a `@Sendable` closure; this is an error in the Swift 6 language mode
2026-02-27T22:54:55.4421698Z 119 | 
2026-02-27T22:54:55.4422533Z 120 |         let channel = try await mssqlWithTimeout(configuration.connectTimeout) {
2026-02-27T22:54:55.4423615Z 121 |             try await bootstrap.connect(host: configuration.host,
2026-02-27T22:54:55.4426125Z     |                       `- warning: capture of 'bootstrap' with non-sendable type 'ClientBootstrap' in a `@Sendable` closure; this is an error in the Swift 6 language mode
2026-02-27T22:54:55.4427560Z 122 |                                         port: configuration.port).get()
2026-02-27T22:54:55.4428117Z 123 |         }
2026-02-27T22:54:55.4428331Z 
2026-02-27T22:54:55.4429395Z /home/runner/work/sql-nio/sql-nio/.build/checkouts/swift-nio/Sources/NIOPosix/Bootstrap.swift:810:20: note: class 'ClientBootstrap' does not conform to the 'Sendable' protocol
2026-02-27T22:54:55.4431027Z  808 | ///
2026-02-27T22:54:55.4431817Z  809 | /// The connected `SocketChannel` will operate on `ByteBuffer` as inbound and on `IOData` as outbound messages.
2026-02-27T22:54:55.4433039Z  810 | public final class ClientBootstrap: NIOClientTCPBootstrapProtocol {
2026-02-27T22:54:55.4434007Z      |                    `- note: class 'ClientBootstrap' does not conform to the 'Sendable' protocol
2026-02-27T22:54:55.4434797Z  811 |     private let group: EventLoopGroup
2026-02-27T22:54:55.4435572Z  812 |     private var protocolHandlers: Optional<@Sendable () -> [ChannelHandler]>
2026-02-27T22:54:55.4436184Z 
2026-02-27T22:54:55.4437491Z /home/runner/work/sql-nio/sql-nio/Sources/MSSQLNio/MSSQLConnection.swift:148:13: warning: conformance of 'ByteToMessageHandler<Decoder>' to 'Sendable' is unavailable; this is an error in the Swift 6 language mode
2026-02-27T22:54:55.4439289Z 146 |         try await channel.pipeline.addHandlers([
2026-02-27T22:54:55.4439828Z 147 |             tlsFramer,
2026-02-27T22:54:55.4440317Z 148 |             ByteToMessageHandler(TDSFramingHandler()),
2026-02-27T22:54:55.4441766Z     |             `- warning: conformance of 'ByteToMessageHandler<Decoder>' to 'Sendable' is unavailable; this is an error in the Swift 6 language mode
2026-02-27T22:54:55.4442900Z 149 |             b,
2026-02-27T22:54:55.4443232Z 150 |         ]).get()
2026-02-27T22:54:55.4443444Z 
2026-02-27T22:54:55.4444698Z /home/runner/work/sql-nio/sql-nio/.build/checkouts/swift-nio/Sources/NIOCore/Codec.swift:507:1: note: conformance of 'ByteToMessageHandler<Decoder>' to 'Sendable' has been explicitly marked unavailable here
2026-02-27T22:54:55.4446734Z 505 | 
2026-02-27T22:54:55.4447043Z 506 | @available(*, unavailable)
2026-02-27T22:54:55.4447527Z 507 | extension ByteToMessageHandler: Sendable {}
2026-02-27T22:54:55.4448554Z     | `- note: conformance of 'ByteToMessageHandler<Decoder>' to 'Sendable' has been explicitly marked unavailable here
2026-02-27T22:54:55.4449505Z 508 | 
2026-02-27T22:54:55.4449871Z 509 | // MARK: ByteToMessageHandler: Test Helpers
2026-02-27T22:54:55.4450255Z 
2026-02-27T22:54:55.4451715Z /home/runner/work/sql-nio/sql-nio/Sources/MSSQLNio/MSSQLConnection.swift:228:47: warning: conformance of 'NIOSSLClientHandler' to 'Sendable' is unavailable; this is an error in the Swift 6 language mode
2026-02-27T22:54:55.4453580Z 226 |         // Because the channel is already active, NIOSSLClientHandler's handlerAdded()
2026-02-27T22:54:55.4454464Z 227 |         // triggers the TLS handshake automatically.
2026-02-27T22:54:55.4455343Z 228 |         try await channel.pipeline.addHandler(sslHandler, position: .after(tlsFramer)).get()
2026-02-27T22:54:55.4456840Z     |                                               `- warning: conformance of 'NIOSSLClientHandler' to 'Sendable' is unavailable; this is an error in the Swift 6 language mode
2026-02-27T22:54:55.4458712Z 229 |         try await channel.pipeline.addHandler(tracker,    position: .after(sslHandler)).get()
2026-02-27T22:54:55.4459541Z 230 | 
2026-02-27T22:54:55.4459705Z 
2026-02-27T22:54:55.4501388Z /home/runner/work/sql-nio/sql-nio/.build/checkouts/swift-nio-ssl/Sources/NIOSSL/NIOSSLClientHandler.swift:294:1: note: conformance of 'NIOSSLClientHandler' to 'Sendable' has been explicitly marked unavailable here
2026-02-27T22:54:55.4503137Z 292 | #if compiler(<6.2)
2026-02-27T22:54:55.4503530Z 293 | @available(*, unavailable)
2026-02-27T22:54:55.4504001Z 294 | extension NIOSSLClientHandler: Sendable {}
2026-02-27T22:54:55.4504936Z     | `- note: conformance of 'NIOSSLClientHandler' to 'Sendable' has been explicitly marked unavailable here
2026-02-27T22:54:55.4505827Z 295 | #endif
2026-02-27T22:54:55.4506129Z 296 | 
2026-02-27T22:54:55.4506293Z 
2026-02-27T22:54:55.4507844Z /home/runner/work/sql-nio/sql-nio/Sources/MSSQLNio/MSSQLConnection.swift:229:76: warning: conformance of 'NIOSSLClientHandler' to 'Sendable' is unavailable; this is an error in the Swift 6 language mode; this is an error in the Swift 6 language mode
2026-02-27T22:54:55.4509833Z 227 |         // triggers the TLS handshake automatically.
2026-02-27T22:54:55.4510719Z 228 |         try await channel.pipeline.addHandler(sslHandler, position: .after(tlsFramer)).get()
2026-02-27T22:54:55.4512141Z 229 |         try await channel.pipeline.addHandler(tracker,    position: .after(sslHandler)).get()
2026-02-27T22:54:55.4514076Z     |                                                                            `- warning: conformance of 'NIOSSLClientHandler' to 'Sendable' is unavailable; this is an error in the Swift 6 language mode; this is an error in the Swift 6 language mode
2026-02-27T22:54:55.4515621Z 230 | 
2026-02-27T22:54:55.4516248Z 231 |         // Wait for TLS handshake to complete (tracker fulfils promise + deactivates framer)
2026-02-27T22:54:55.4516908Z 
2026-02-27T22:54:55.4518269Z /home/runner/work/sql-nio/sql-nio/.build/checkouts/swift-nio-ssl/Sources/NIOSSL/NIOSSLClientHandler.swift:294:1: note: conformance of 'NIOSSLClientHandler' to 'Sendable' has been explicitly marked unavailable here
2026-02-27T22:54:55.4519998Z 292 | #if compiler(<6.2)
2026-02-27T22:54:55.4520376Z 293 | @available(*, unavailable)
2026-02-27T22:54:55.4521075Z 294 | extension NIOSSLClientHandler: Sendable {}
2026-02-27T22:54:55.4551400Z     | `- note: conformance of 'NIOSSLClientHandler' to 'Sendable' has been explicitly marked unavailable here
2026-02-27T22:54:55.4552338Z 295 | #endif
2026-02-27T22:54:55.4552621Z 296 | 
2026-02-27T22:54:55.7435227Z /home/runner/work/sql-nio/sql-nio/Sources/MSSQLNio/MSSQLConnection.swift:121:23: warning: capture of 'bootstrap' with non-sendable type 'ClientBootstrap' in a `@Sendable` closure; this is an error in the Swift 6 language mode
2026-02-27T22:54:55.7438036Z 119 | 
2026-02-27T22:54:55.7438892Z 120 |         let channel = try await mssqlWithTimeout(configuration.connectTimeout) {
2026-02-27T22:54:55.7440398Z 121 |             try await bootstrap.connect(host: configuration.host,
2026-02-27T22:54:55.7441994Z     |                       `- warning: capture of 'bootstrap' with non-sendable type 'ClientBootstrap' in a `@Sendable` closure; this is an error in the Swift 6 language mode
2026-02-27T22:54:55.7443323Z 122 |                                         port: configuration.port).get()
2026-02-27T22:54:55.7443865Z 123 |         }
2026-02-27T22:54:55.7444416Z 
2026-02-27T22:54:55.7445499Z /home/runner/work/sql-nio/sql-nio/.build/checkouts/swift-nio/Sources/NIOPosix/Bootstrap.swift:810:20: note: class 'ClientBootstrap' does not conform to the 'Sendable' protocol
2026-02-27T22:54:55.7446881Z  808 | ///
2026-02-27T22:54:55.7447660Z  809 | /// The connected `SocketChannel` will operate on `ByteBuffer` as inbound and on `IOData` as outbound messages.
2026-02-27T22:54:55.7448855Z  810 | public final class ClientBootstrap: NIOClientTCPBootstrapProtocol {
2026-02-27T22:54:55.7450210Z      |                    `- note: class 'ClientBootstrap' does not conform to the 'Sendable' protocol
2026-02-27T22:54:55.7451252Z  811 |     private let group: EventLoopGroup
2026-02-27T22:54:55.7452058Z  812 |     private var protocolHandlers: Optional<@Sendable () -> [ChannelHandler]>
2026-02-27T22:54:55.7452653Z 
2026-02-27T22:54:55.7453967Z /home/runner/work/sql-nio/sql-nio/Sources/MSSQLNio/MSSQLConnection.swift:148:13: warning: conformance of 'ByteToMessageHandler<Decoder>' to 'Sendable' is unavailable; this is an error in the Swift 6 language mode
2026-02-27T22:54:55.7455795Z 146 |         try await channel.pipeline.addHandlers([
2026-02-27T22:54:55.7456320Z 147 |             tlsFramer,
2026-02-27T22:54:55.7456788Z 148 |             ByteToMessageHandler(TDSFramingHandler()),
2026-02-27T22:54:55.7457997Z     |             `- warning: conformance of 'ByteToMessageHandler<Decoder>' to 'Sendable' is unavailable; this is an error in the Swift 6 language mode
2026-02-27T22:54:55.7459139Z 149 |             b,
2026-02-27T22:54:55.7459464Z 150 |         ]).get()
2026-02-27T22:54:55.7459671Z 
2026-02-27T22:54:55.7461141Z /home/runner/work/sql-nio/sql-nio/.build/checkouts/swift-nio/Sources/NIOCore/Codec.swift:507:1: note: conformance of 'ByteToMessageHandler<Decoder>' to 'Sendable' has been explicitly marked unavailable here
2026-02-27T22:54:55.7462707Z 505 | 
2026-02-27T22:54:55.7463010Z 506 | @available(*, unavailable)
2026-02-27T22:54:55.7463481Z 507 | extension ByteToMessageHandler: Sendable {}
2026-02-27T22:54:55.7464450Z     | `- note: conformance of 'ByteToMessageHandler<Decoder>' to 'Sendable' has been explicitly marked unavailable here
2026-02-27T22:54:55.7465379Z 508 | 
2026-02-27T22:54:55.7465743Z 509 | // MARK: ByteToMessageHandler: Test Helpers
2026-02-27T22:54:55.7466124Z 
2026-02-27T22:54:55.7467365Z /home/runner/work/sql-nio/sql-nio/Sources/MSSQLNio/MSSQLConnection.swift:228:47: warning: conformance of 'NIOSSLClientHandler' to 'Sendable' is unavailable; this is an error in the Swift 6 language mode
2026-02-27T22:54:55.7469267Z 226 |         // Because the channel is already active, NIOSSLClientHandler's handlerAdded()
2026-02-27T22:54:55.7470079Z 227 |         // triggers the TLS handshake automatically.
2026-02-27T22:54:55.7471167Z 228 |         try await channel.pipeline.addHandler(sslHandler, position: .after(tlsFramer)).get()
2026-02-27T22:54:55.7472653Z     |                                               `- warning: conformance of 'NIOSSLClientHandler' to 'Sendable' is unavailable; this is an error in the Swift 6 language mode
2026-02-27T22:54:55.7474135Z 229 |         try await channel.pipeline.addHandler(tracker,    position: .after(sslHandler)).get()
2026-02-27T22:54:55.7474934Z 230 | 
2026-02-27T22:54:55.7475101Z 
2026-02-27T22:54:55.7476462Z /home/runner/work/sql-nio/sql-nio/.build/checkouts/swift-nio-ssl/Sources/NIOSSL/NIOSSLClientHandler.swift:294:1: note: conformance of 'NIOSSLClientHandler' to 'Sendable' has been explicitly marked unavailable here
2026-02-27T22:54:55.7478477Z 292 | #if compiler(<6.2)
2026-02-27T22:54:55.7478891Z 293 | @available(*, unavailable)
2026-02-27T22:54:55.7479362Z 294 | extension NIOSSLClientHandler: Sendable {}
2026-02-27T22:54:55.7480282Z     | `- note: conformance of 'NIOSSLClientHandler' to 'Sendable' has been explicitly marked unavailable here
2026-02-27T22:54:55.7481399Z 295 | #endif
2026-02-27T22:54:55.7481679Z 296 | 
2026-02-27T22:54:55.7481838Z 
2026-02-27T22:54:55.7483378Z /home/runner/work/sql-nio/sql-nio/Sources/MSSQLNio/MSSQLConnection.swift:229:76: warning: conformance of 'NIOSSLClientHandler' to 'Sendable' is unavailable; this is an error in the Swift 6 language mode; this is an error in the Swift 6 language mode
2026-02-27T22:54:55.7485338Z 227 |         // triggers the TLS handshake automatically.
2026-02-27T22:54:55.7486215Z 228 |         try await channel.pipeline.addHandler(sslHandler, position: .after(tlsFramer)).get()
2026-02-27T22:54:55.7487414Z 229 |         try await channel.pipeline.addHandler(tracker,    position: .after(sslHandler)).get()
2026-02-27T22:54:55.7489515Z     |                                                                            `- warning: conformance of 'NIOSSLClientHandler' to 'Sendable' is unavailable; this is an error in the Swift 6 language mode; this is an error in the Swift 6 language mode
2026-02-27T22:54:55.7491232Z 230 | 
2026-02-27T22:54:55.7491825Z 231 |         // Wait for TLS handshake to complete (tracker fulfils promise + deactivates framer)
2026-02-27T22:54:55.7492471Z 
2026-02-27T22:54:55.7493823Z /home/runner/work/sql-nio/sql-nio/.build/checkouts/swift-nio-ssl/Sources/NIOSSL/NIOSSLClientHandler.swift:294:1: note: conformance of 'NIOSSLClientHandler' to 'Sendable' has been explicitly marked unavailable here
2026-02-27T22:54:55.7495541Z 292 | #if compiler(<6.2)
2026-02-27T22:54:55.7495936Z 293 | @available(*, unavailable)
2026-02-27T22:54:55.7496416Z 294 | extension NIOSSLClientHandler: Sendable {}
2026-02-27T22:54:55.7497332Z     | `- note: conformance of 'NIOSSLClientHandler' to 'Sendable' has been explicitly marked unavailable here
2026-02-27T22:54:55.7498202Z 295 | #endif
2026-02-27T22:54:55.7498485Z 296 | 
2026-02-27T22:54:56.2497508Z [1234/1252] Compiling MSSQLNio MSSQLBulkInsert.swift
2026-02-27T22:54:56.2546873Z /home/runner/work/sql-nio/sql-nio/Sources/MSSQLNio/MSSQLConnection.swift:121:23: warning: capture of 'bootstrap' with non-sendable type 'ClientBootstrap' in a `@Sendable` closure; this is an error in the Swift 6 language mode
2026-02-27T22:54:56.2548684Z 119 | 
2026-02-27T22:54:56.2549243Z 120 |         let channel = try await mssqlWithTimeout(configuration.connectTimeout) {
2026-02-27T22:54:56.2550103Z 121 |             try await bootstrap.connect(host: configuration.host,
2026-02-27T22:54:56.2551677Z     |                       `- warning: capture of 'bootstrap' with non-sendable type 'ClientBootstrap' in a `@Sendable` closure; this is an error in the Swift 6 language mode
2026-02-27T22:54:56.2553053Z 122 |                                         port: configuration.port).get()
2026-02-27T22:54:56.2553727Z 123 |         }
2026-02-27T22:54:56.2553917Z 
2026-02-27T22:54:56.2554997Z /home/runner/work/sql-nio/sql-nio/.build/checkouts/swift-nio/Sources/NIOPosix/Bootstrap.swift:810:20: note: class 'ClientBootstrap' does not conform to the 'Sendable' protocol
2026-02-27T22:54:56.2556395Z  808 | ///
2026-02-27T22:54:56.2557176Z  809 | /// The connected `SocketChannel` will operate on `ByteBuffer` as inbound and on `IOData` as outbound messages.
2026-02-27T22:54:56.2558348Z  810 | public final class ClientBootstrap: NIOClientTCPBootstrapProtocol {
2026-02-27T22:54:56.2559334Z      |                    `- note: class 'ClientBootstrap' does not conform to the 'Sendable' protocol
2026-02-27T22:54:56.2560152Z  811 |     private let group: EventLoopGroup
2026-02-27T22:54:56.2561195Z  812 |     private var protocolHandlers: Optional<@Sendable () -> [ChannelHandler]>
2026-02-27T22:54:56.2562320Z 
2026-02-27T22:54:56.2563629Z /home/runner/work/sql-nio/sql-nio/Sources/MSSQLNio/MSSQLConnection.swift:148:13: warning: conformance of 'ByteToMessageHandler<Decoder>' to 'Sendable' is unavailable; this is an error in the Swift 6 language mode
2026-02-27T22:54:56.2565399Z 146 |         try await channel.pipeline.addHandlers([
2026-02-27T22:54:56.2565944Z 147 |             tlsFramer,
2026-02-27T22:54:56.2566431Z 148 |             ByteToMessageHandler(TDSFramingHandler()),
2026-02-27T22:54:56.2567636Z     |             `- warning: conformance of 'ByteToMessageHandler<Decoder>' to 'Sendable' is unavailable; this is an error in the Swift 6 language mode
2026-02-27T22:54:56.2568734Z 149 |             b,
2026-02-27T22:54:56.2569043Z 150 |         ]).get()
2026-02-27T22:54:56.2569257Z 
2026-02-27T22:54:56.2570510Z /home/runner/work/sql-nio/sql-nio/.build/checkouts/swift-nio/Sources/NIOCore/Codec.swift:507:1: note: conformance of 'ByteToMessageHandler<Decoder>' to 'Sendable' has been explicitly marked unavailable here
2026-02-27T22:54:56.2599949Z 505 | 
2026-02-27T22:54:56.2600275Z 506 | @available(*, unavailable)
2026-02-27T22:54:56.2601301Z 507 | extension ByteToMessageHandler: Sendable {}
2026-02-27T22:54:56.2602294Z     | `- note: conformance of 'ByteToMessageHandler<Decoder>' to 'Sendable' has been explicitly marked unavailable here
2026-02-27T22:54:56.2603203Z 508 | 
2026-02-27T22:54:56.2603534Z 509 | // MARK: ByteToMessageHandler: Test Helpers
2026-02-27T22:54:56.2603914Z 
2026-02-27T22:54:56.2605111Z /home/runner/work/sql-nio/sql-nio/Sources/MSSQLNio/MSSQLConnection.swift:228:47: warning: conformance of 'NIOSSLClientHandler' to 'Sendable' is unavailable; this is an error in the Swift 6 language mode
2026-02-27T22:54:56.2606956Z 226 |         // Because the channel is already active, NIOSSLClientHandler's handlerAdded()
2026-02-27T22:54:56.2607779Z 227 |         // triggers the TLS handshake automatically.
2026-02-27T22:54:56.2608659Z 228 |         try await channel.pipeline.addHandler(sslHandler, position: .after(tlsFramer)).get()
2026-02-27T22:54:56.2610181Z     |                                               `- warning: conformance of 'NIOSSLClientHandler' to 'Sendable' is unavailable; this is an error in the Swift 6 language mode
2026-02-27T22:54:56.2611911Z 229 |         try await channel.pipeline.addHandler(tracker,    position: .after(sslHandler)).get()
2026-02-27T22:54:56.2612732Z 230 | 
2026-02-27T22:54:56.2612887Z 
2026-02-27T22:54:56.2614204Z /home/runner/work/sql-nio/sql-nio/.build/checkouts/swift-nio-ssl/Sources/NIOSSL/NIOSSLClientHandler.swift:294:1: note: conformance of 'NIOSSLClientHandler' to 'Sendable' has been explicitly marked unavailable here
2026-02-27T22:54:56.2615872Z 292 | #if compiler(<6.2)
2026-02-27T22:54:56.2616261Z 293 | @available(*, unavailable)
2026-02-27T22:54:56.2616736Z 294 | extension NIOSSLClientHandler: Sendable {}
2026-02-27T22:54:56.2617657Z     | `- note: conformance of 'NIOSSLClientHandler' to 'Sendable' has been explicitly marked unavailable here
2026-02-27T22:54:56.2618550Z 295 | #endif
2026-02-27T22:54:56.2618834Z 296 | 
2026-02-27T22:54:56.2618992Z 
2026-02-27T22:54:56.2620491Z /home/runner/work/sql-nio/sql-nio/Sources/MSSQLNio/MSSQLConnection.swift:229:76: warning: conformance of 'NIOSSLClientHandler' to 'Sendable' is unavailable; this is an error in the Swift 6 language mode; this is an error in the Swift 6 language mode
2026-02-27T22:54:56.2646309Z 227 |         // triggers the TLS handshake automatically.
2026-02-27T22:54:56.2647222Z 228 |         try await channel.pipeline.addHandler(sslHandler, position: .after(tlsFramer)).get()
2026-02-27T22:54:56.2648257Z 229 |         try await channel.pipeline.addHandler(tracker,    position: .after(sslHandler)).get()
2026-02-27T22:54:56.2649931Z     |                                                                            `- warning: conformance of 'NIOSSLClientHandler' to 'Sendable' is unavailable; this is an error in the Swift 6 language mode; this is an error in the Swift 6 language mode
2026-02-27T22:54:56.2652000Z 230 | 
2026-02-27T22:54:56.2652620Z 231 |         // Wait for TLS handshake to complete (tracker fulfils promise + deactivates framer)
2026-02-27T22:54:56.2653285Z 
2026-02-27T22:54:56.2654709Z /home/runner/work/sql-nio/sql-nio/.build/checkouts/swift-nio-ssl/Sources/NIOSSL/NIOSSLClientHandler.swift:294:1: note: conformance of 'NIOSSLClientHandler' to 'Sendable' has been explicitly marked unavailable here
2026-02-27T22:54:56.2656399Z 292 | #if compiler(<6.2)
2026-02-27T22:54:56.2656805Z 293 | @available(*, unavailable)
2026-02-27T22:54:56.2657290Z 294 | extension NIOSSLClientHandler: Sendable {}
2026-02-27T22:54:56.2658247Z     | `- note: conformance of 'NIOSSLClientHandler' to 'Sendable' has been explicitly marked unavailable here
2026-02-27T22:54:56.2659134Z 295 | #endif
2026-02-27T22:54:56.2659429Z 296 | 
2026-02-27T22:54:56.8601252Z [1235/1252] Compiling MSSQLNio MSSQLConnection.swift
2026-02-27T22:54:56.8663754Z /home/runner/work/sql-nio/sql-nio/Sources/MSSQLNio/MSSQLConnection.swift:121:23: warning: capture of 'bootstrap' with non-sendable type 'ClientBootstrap' in a `@Sendable` closure; this is an error in the Swift 6 language mode
2026-02-27T22:54:56.8665901Z 119 | 
2026-02-27T22:54:56.8666491Z 120 |         let channel = try await mssqlWithTimeout(configuration.connectTimeout) {
2026-02-27T22:54:56.8667343Z 121 |             try await bootstrap.connect(host: configuration.host,
2026-02-27T22:54:56.8668699Z     |                       `- warning: capture of 'bootstrap' with non-sendable type 'ClientBootstrap' in a `@Sendable` closure; this is an error in the Swift 6 language mode
2026-02-27T22:54:56.8670037Z 122 |                                         port: configuration.port).get()
2026-02-27T22:54:56.8670585Z 123 |         }
2026-02-27T22:54:56.8670997Z 
2026-02-27T22:54:56.8671893Z /home/runner/work/sql-nio/sql-nio/.build/checkouts/swift-nio/Sources/NIOPosix/Bootstrap.swift:810:20: note: class 'ClientBootstrap' does not conform to the 'Sendable' protocol
2026-02-27T22:54:56.8673057Z  808 | ///
2026-02-27T22:54:56.8673712Z  809 | /// The connected `SocketChannel` will operate on `ByteBuffer` as inbound and on `IOData` as outbound messages.
2026-02-27T22:54:56.8674688Z  810 | public final class ClientBootstrap: NIOClientTCPBootstrapProtocol {
2026-02-27T22:54:56.8675443Z      |                    `- note: class 'ClientBootstrap' does not conform to the 'Sendable' protocol
2026-02-27T22:54:56.8676069Z  811 |     private let group: EventLoopGroup
2026-02-27T22:54:56.8676640Z  812 |     private var protocolHandlers: Optional<@Sendable () -> [ChannelHandler]>
2026-02-27T22:54:56.8677103Z 
2026-02-27T22:54:56.8678171Z /home/runner/work/sql-nio/sql-nio/Sources/MSSQLNio/MSSQLConnection.swift:148:13: warning: conformance of 'ByteToMessageHandler<Decoder>' to 'Sendable' is unavailable; this is an error in the Swift 6 language mode
2026-02-27T22:54:56.8679600Z 146 |         try await channel.pipeline.addHandlers([
2026-02-27T22:54:56.8680025Z 147 |             tlsFramer,
2026-02-27T22:54:56.8680414Z 148 |             ByteToMessageHandler(TDSFramingHandler()),
2026-02-27T22:54:56.8681565Z     |             `- warning: conformance of 'ByteToMessageHandler<Decoder>' to 'Sendable' is unavailable; this is an error in the Swift 6 language mode
2026-02-27T22:54:56.8682494Z 149 |             b,
2026-02-27T22:54:56.8682791Z 150 |         ]).get()
2026-02-27T22:54:56.8682985Z 
2026-02-27T22:54:56.8684164Z /home/runner/work/sql-nio/sql-nio/.build/checkouts/swift-nio/Sources/NIOCore/Codec.swift:507:1: note: conformance of 'ByteToMessageHandler<Decoder>' to 'Sendable' has been explicitly marked unavailable here
2026-02-27T22:54:56.8685627Z 505 | 
2026-02-27T22:54:56.8685889Z 506 | @available(*, unavailable)
2026-02-27T22:54:56.8686334Z 507 | extension ByteToMessageHandler: Sendable {}
2026-02-27T22:54:56.8687252Z     | `- note: conformance of 'ByteToMessageHandler<Decoder>' to 'Sendable' has been explicitly marked unavailable here
2026-02-27T22:54:56.8688113Z 508 | 
2026-02-27T22:54:56.8688770Z 509 | // MARK: ByteToMessageHandler: Test Helpers
2026-02-27T22:54:56.8689169Z 
2026-02-27T22:54:56.8690397Z /home/runner/work/sql-nio/sql-nio/Sources/MSSQLNio/MSSQLConnection.swift:228:47: warning: conformance of 'NIOSSLClientHandler' to 'Sendable' is unavailable; this is an error in the Swift 6 language mode
2026-02-27T22:54:56.8713939Z 226 |         // Because the channel is already active, NIOSSLClientHandler's handlerAdded()
2026-02-27T22:54:56.8714788Z 227 |         // triggers the TLS handshake automatically.
2026-02-27T22:54:56.8715653Z 228 |         try await channel.pipeline.addHandler(sslHandler, position: .after(tlsFramer)).get()
2026-02-27T22:54:56.8717146Z     |                                               `- warning: conformance of 'NIOSSLClientHandler' to 'Sendable' is unavailable; this is an error in the Swift 6 language mode
2026-02-27T22:54:56.8718681Z 229 |         try await channel.pipeline.addHandler(tracker,    position: .after(sslHandler)).get()
2026-02-27T22:54:56.8719554Z 230 | 
2026-02-27T22:54:56.8719725Z 
2026-02-27T22:54:56.8721333Z /home/runner/work/sql-nio/sql-nio/.build/checkouts/swift-nio-ssl/Sources/NIOSSL/NIOSSLClientHandler.swift:294:1: note: conformance of 'NIOSSLClientHandler' to 'Sendable' has been explicitly marked unavailable here
2026-02-27T22:54:56.8723328Z 292 | #if compiler(<6.2)
2026-02-27T22:54:56.8723727Z 293 | @available(*, unavailable)
2026-02-27T22:54:56.8724199Z 294 | extension NIOSSLClientHandler: Sendable {}
2026-02-27T22:54:56.8725162Z     | `- note: conformance of 'NIOSSLClientHandler' to 'Sendable' has been explicitly marked unavailable here
2026-02-27T22:54:56.8726044Z 295 | #endif
2026-02-27T22:54:56.8726332Z 296 | 
2026-02-27T22:54:56.8726490Z 
2026-02-27T22:54:56.8728122Z /home/runner/work/sql-nio/sql-nio/Sources/MSSQLNio/MSSQLConnection.swift:229:76: warning: conformance of 'NIOSSLClientHandler' to 'Sendable' is unavailable; this is an error in the Swift 6 language mode; this is an error in the Swift 6 language mode
2026-02-27T22:54:56.8730136Z 227 |         // triggers the TLS handshake automatically.
2026-02-27T22:54:56.8731244Z 228 |         try await channel.pipeline.addHandler(sslHandler, position: .after(tlsFramer)).get()
2026-02-27T22:54:56.8732264Z 229 |         try await channel.pipeline.addHandler(tracker,    position: .after(sslHandler)).get()
2026-02-27T22:54:56.8759425Z     |                                                                            `- warning: conformance of 'NIOSSLClientHandler' to 'Sendable' is unavailable; this is an error in the Swift 6 language mode; this is an error in the Swift 6 language mode
2026-02-27T22:54:56.8761028Z 230 | 
2026-02-27T22:54:56.8761645Z 231 |         // Wait for TLS handshake to complete (tracker fulfils promise + deactivates framer)
2026-02-27T22:54:56.8762293Z 
2026-02-27T22:54:56.8763652Z /home/runner/work/sql-nio/sql-nio/.build/checkouts/swift-nio-ssl/Sources/NIOSSL/NIOSSLClientHandler.swift:294:1: note: conformance of 'NIOSSLClientHandler' to 'Sendable' has been explicitly marked unavailable here
2026-02-27T22:54:56.8765329Z 292 | #if compiler(<6.2)
2026-02-27T22:54:56.8765732Z 293 | @available(*, unavailable)
2026-02-27T22:54:56.8766209Z 294 | extension NIOSSLClientHandler: Sendable {}
2026-02-27T22:54:56.8767182Z     | `- note: conformance of 'NIOSSLClientHandler' to 'Sendable' has been explicitly marked unavailable here
2026-02-27T22:54:56.8768071Z 295 | #endif
2026-02-27T22:54:56.8768358Z 296 | 
2026-02-27T22:54:57.2871437Z [1236/1253] Wrapping AST for MSSQLNio for debugging
2026-02-27T22:54:57.2901047Z [1238/1263] Compiling MySQLNioTests MySQLIntegrationTests.swift
2026-02-27T22:54:57.2901758Z [1239/1263] Emitting module MySQLNioTests
2026-02-27T22:54:57.2928445Z [1240/1264] Emitting module PostgresNioTests
2026-02-27T22:54:57.2929084Z [1241/1264] Compiling PostgresNioTests PostgresNioTests.swift
2026-02-27T22:54:57.2929854Z [1242/1264] Compiling PostgresNioTests PostgresIntegrationTests.swift
2026-02-27T22:54:57.2932003Z /home/runner/work/sql-nio/sql-nio/Tests/PostgresNioTests/PostgresIntegrationTests.swift:1458:42: warning: mutation of captured var 'notices' in concurrently-executing code; this is an error in the Swift 6 language mode
2026-02-27T22:54:57.2934205Z 1456 |             try await PGTestDatabase.withConnection { conn in
2026-02-27T22:54:57.2934817Z 1457 |                 var notices: [String] = []
2026-02-27T22:54:57.2935385Z 1458 |                 conn.onNotice = { msg in notices.append(msg) }
2026-02-27T22:54:57.2936565Z      |                                          `- warning: mutation of captured var 'notices' in concurrently-executing code; this is an error in the Swift 6 language mode
2026-02-27T22:54:57.2937608Z 1459 | 
2026-02-27T22:54:57.2937969Z 1460 |                 // PostgreSQL RAISE NOTICE generates a notice message
2026-02-27T22:54:57.3676003Z [1244/1265] Wrapping AST for MySQLNioTests for debugging
2026-02-27T22:54:57.4324801Z [1245/1265] Wrapping AST for PostgresNioTests for debugging
2026-02-27T22:54:58.1149555Z [1247/1265] Emitting module MSSQLNioTests
2026-02-27T22:54:58.1181597Z [1248/1265] Compiling MSSQLNioTests MSSQLAdvancedFeatureTests.swift
2026-02-27T22:54:58.1182493Z [1249/1265] Compiling MSSQLNioTests MSSQLDataTypeTests.swift
2026-02-27T22:54:58.1188854Z [1250/1265] Compiling MSSQLNioTests MSSQLErrorTests.swift
2026-02-27T22:54:58.3733394Z [1251/1267] Compiling MSSQLNioTests TestDatabase.swift
2026-02-27T22:54:58.3734903Z [1252/1267] Compiling MSSQLNioTests TestValueHelpers.swift
2026-02-27T22:54:58.5897414Z [1253/1267] Compiling MSSQLNioTests MSSQLStoredProcTests.swift
2026-02-27T22:54:58.5898677Z [1254/1267] Compiling MSSQLNioTests NTLMTests.swift
2026-02-27T22:54:58.5899366Z [1255/1267] Compiling MSSQLNioTests SQLClientCompatTests.swift
2026-02-27T22:54:58.5900060Z [1256/1267] Compiling MSSQLNioTests MSSQLNewFeatureTests.swift
2026-02-27T22:54:58.5901617Z /home/runner/work/sql-nio/sql-nio/Tests/MSSQLNioTests/MSSQLNioTests.swift:9:13: warning: variable 'allocator' was never mutated; consider changing to 'let' constant
2026-02-27T22:54:58.5902866Z  7 | 
2026-02-27T22:54:58.5903165Z  8 |     func testHeaderRoundtrip() throws {
2026-02-27T22:54:58.5903650Z  9 |         var allocator = ByteBufferAllocator()
2026-02-27T22:54:58.5904430Z    |             `- warning: variable 'allocator' was never mutated; consider changing to 'let' constant
2026-02-27T22:54:58.5905237Z 10 |         var buf = allocator.buffer(capacity: 8)
2026-02-27T22:54:58.5905671Z 11 | 
2026-02-27T22:54:58.5916826Z [1257/1267] Compiling MSSQLNioTests MSSQLNioTests.swift
2026-02-27T22:54:58.5918263Z /home/runner/work/sql-nio/sql-nio/Tests/MSSQLNioTests/MSSQLNioTests.swift:9:13: warning: variable 'allocator' was never mutated; consider changing to 'let' constant
2026-02-27T22:54:58.5919518Z  7 | 
2026-02-27T22:54:58.5919819Z  8 |     func testHeaderRoundtrip() throws {
2026-02-27T22:54:58.5920306Z  9 |         var allocator = ByteBufferAllocator()
2026-02-27T22:54:58.5921242Z    |             `- warning: variable 'allocator' was never mutated; consider changing to 'let' constant
2026-02-27T22:54:58.5922064Z 10 |         var buf = allocator.buffer(capacity: 8)
2026-02-27T22:54:58.5922506Z 11 | 
2026-02-27T22:54:58.5936467Z [1258/1267] Compiling MSSQLNioTests MSSQLQueryTests.swift
2026-02-27T22:54:58.5937854Z /home/runner/work/sql-nio/sql-nio/Tests/MSSQLNioTests/MSSQLNioTests.swift:9:13: warning: variable 'allocator' was never mutated; consider changing to 'let' constant
2026-02-27T22:54:58.5939088Z  7 | 
2026-02-27T22:54:58.5939382Z  8 |     func testHeaderRoundtrip() throws {
2026-02-27T22:54:58.5939874Z  9 |         var allocator = ByteBufferAllocator()
2026-02-27T22:54:58.5940650Z    |             `- warning: variable 'allocator' was never mutated; consider changing to 'let' constant
2026-02-27T22:54:58.5941625Z 10 |         var buf = allocator.buffer(capacity: 8)
2026-02-27T22:54:58.5942067Z 11 | 
2026-02-27T22:54:58.6786714Z [1259/1268] /home/runner/work/sql-nio/sql-nio/.build/x86_64-unknown-linux-gnu/debug/sql-nioPackageDiscoveredTests.derived/all-discovered-tests.swift
2026-02-27T22:54:58.6789208Z [1260/1268] Write sources
2026-02-27T22:54:58.7472037Z [1261/1268] Wrapping AST for MSSQLNioTests for debugging
2026-02-27T22:54:59.9180207Z [1263/1274] Compiling sql_nioPackageDiscoveredTests PostgresNioTests.swift
2026-02-27T22:54:59.9183721Z [1264/1274] Compiling sql_nioPackageDiscoveredTests SQLNioCoreTests.swift
2026-02-27T22:54:59.9185283Z [1265/1274] Compiling sql_nioPackageDiscoveredTests SQLiteNioTests.swift
2026-02-27T22:54:59.9186240Z [1266/1274] Emitting module sql_nioPackageDiscoveredTests
2026-02-27T22:54:59.9187031Z [1267/1274] Compiling sql_nioPackageDiscoveredTests MSSQLNioTests.swift
2026-02-27T22:54:59.9187870Z [1268/1274] Compiling sql_nioPackageDiscoveredTests MySQLNioTests.swift
2026-02-27T22:55:00.0461820Z [1269/1275] Compiling sql_nioPackageDiscoveredTests all-discovered-tests.swift
2026-02-27T22:55:00.1216962Z [1270/1276] /home/runner/work/sql-nio/sql-nio/.build/x86_64-unknown-linux-gnu/debug/sql-nioPackageTests.derived/runner.swift
2026-02-27T22:55:00.1218400Z [1271/1276] Write sources
2026-02-27T22:55:00.1804657Z [1272/1276] Wrapping AST for sql-nioPackageDiscoveredTests for debugging
2026-02-27T22:55:01.4722702Z [1274/1278] Compiling sql_nioPackageTests runner.swift
2026-02-27T22:55:01.4723984Z [1275/1278] Emitting module sql_nioPackageTests
2026-02-27T22:55:01.6601237Z [1276/1279] Wrapping AST for sql-nioPackageTests for debugging
2026-02-27T22:55:01.6610954Z [1277/1279] Write Objects.LinkFileList
2026-02-27T22:55:02.7142628Z [1278/1279] Linking sql-nioPackageTests.xctest
2026-02-27T22:55:02.7204469Z Build complete! (185.44s)
2026-02-27T22:55:12.9579780Z Test Suite 'Selected tests' started at 2026-02-27 22:55:02.789
2026-02-27T22:55:12.9584023Z Test Suite 'MySQLAdvancedQueryTests' started at 2026-02-27 22:55:02.790
2026-02-27T22:55:12.9585089Z Test Case 'MySQLAdvancedQueryTests.testBetweenClause' started at 2026-02-27 22:55:02.790
2026-02-27T22:55:12.9587250Z /home/runner/work/sql-nio/sql-nio/Tests/MySQLNioTests/MySQLIntegrationTests.swift:1143: error: MySQLAdvancedQueryTests.testBetweenClause : failed - Unexpected error: Server error 1146: Table 'MySQLNioTestDb.employees' doesn't exist
2026-02-27T22:55:12.9589075Z Test Case 'MySQLAdvancedQueryTests.testBetweenClause' failed (0.015 seconds)
2026-02-27T22:55:12.9589726Z Test Case 'MySQLAdvancedQueryTests.testCTEQuery' started at 2026-02-27 22:55:02.805
2026-02-27T22:55:12.9591311Z /home/runner/work/sql-nio/sql-nio/Tests/MySQLNioTests/MySQLIntegrationTests.swift:1075: error: MySQLAdvancedQueryTests.testCTEQuery : failed - Unexpected error: Server error 1146: Table 'MySQLNioTestDb.employees' doesn't exist
2026-02-27T22:55:12.9593018Z Test Case 'MySQLAdvancedQueryTests.testCTEQuery' failed (0.009 seconds)
2026-02-27T22:55:12.9594063Z Test Case 'MySQLAdvancedQueryTests.testCaseExpression' started at 2026-02-27 22:55:02.814
2026-02-27T22:55:12.9596082Z /home/runner/work/sql-nio/sql-nio/Tests/MySQLNioTests/MySQLIntegrationTests.swift:1090: error: MySQLAdvancedQueryTests.testCaseExpression : failed - Unexpected error: Server error 1146: Table 'MySQLNioTestDb.employees' doesn't exist
2026-02-27T22:55:12.9597277Z Test Case 'MySQLAdvancedQueryTests.testCaseExpression' failed (0.009 seconds)
2026-02-27T22:55:12.9598026Z Test Case 'MySQLAdvancedQueryTests.testInClause' started at 2026-02-27 22:55:02.822
2026-02-27T22:55:12.9599679Z /home/runner/work/sql-nio/sql-nio/Tests/MySQLNioTests/MySQLIntegrationTests.swift:1130: error: MySQLAdvancedQueryTests.testInClause : failed - Unexpected error: Server error 1146: Table 'MySQLNioTestDb.departments' doesn't exist
2026-02-27T22:55:12.9601642Z Test Case 'MySQLAdvancedQueryTests.testInClause' failed (0.009 seconds)
2026-02-27T22:55:12.9602203Z Test Case 'MySQLAdvancedQueryTests.testLikePattern' started at 2026-02-27 22:55:02.831
2026-02-27T22:55:12.9603381Z /home/runner/work/sql-nio/sql-nio/Tests/MySQLNioTests/MySQLIntegrationTests.swift:1118: error: MySQLAdvancedQueryTests.testLikePattern : failed - Unexpected error: Server error 1146: Table 'MySQLNioTestDb.employees' doesn't exist
2026-02-27T22:55:12.9604814Z Test Case 'MySQLAdvancedQueryTests.testLikePattern' failed (0.008 seconds)
2026-02-27T22:55:12.9605777Z Test Case 'MySQLAdvancedQueryTests.testStringConcatenation' started at 2026-02-27 22:55:02.839
2026-02-27T22:55:12.9606764Z Test Case 'MySQLAdvancedQueryTests.testStringConcatenation' passed (0.008 seconds)
2026-02-27T22:55:12.9607380Z Test Case 'MySQLAdvancedQueryTests.testSubquery' started at 2026-02-27 22:55:02.847
2026-02-27T22:55:12.9608868Z /home/runner/work/sql-nio/sql-nio/Tests/MySQLNioTests/MySQLIntegrationTests.swift:1060: error: MySQLAdvancedQueryTests.testSubquery : failed - Unexpected error: Server error 1146: Table 'MySQLNioTestDb.employees' doesn't exist
2026-02-27T22:55:12.9611130Z Test Case 'MySQLAdvancedQueryTests.testSubquery' failed (0.009 seconds)
2026-02-27T22:55:12.9611942Z Test Suite 'MySQLAdvancedQueryTests' failed at 2026-02-27 22:55:02.856
2026-02-27T22:55:12.9612763Z 	 Executed 7 tests, with 6 failures (0 unexpected) in 0.066 (0.066) seconds
2026-02-27T22:55:12.9613537Z Test Suite 'MySQLBackupTests' started at 2026-02-27 22:55:02.856
2026-02-27T22:55:12.9614437Z Test Case 'MySQLBackupTests.testDumpAndRestoreRoundTrip' started at 2026-02-27 22:55:02.856
2026-02-27T22:55:12.9615822Z Test Case 'MySQLBackupTests.testDumpAndRestoreRoundTrip' passed (0.038 seconds)
2026-02-27T22:55:12.9616792Z Test Case 'MySQLBackupTests.testDumpHandlesNulls' started at 2026-02-27 22:55:02.894
2026-02-27T22:55:12.9618430Z /home/runner/work/sql-nio/sql-nio/Tests/MySQLNioTests/MySQLIntegrationTests.swift:1490: error: MySQLBackupTests.testDumpHandlesNulls : failed - Unexpected error: incomplete
2026-02-27T22:55:12.9619991Z Test Case 'MySQLBackupTests.testDumpHandlesNulls' failed (10.013 seconds)
2026-02-27T22:55:12.9621007Z Test Case 'MySQLBackupTests.testDumpToFile' started at 2026-02-27 22:55:12.907
2026-02-27T22:55:12.9621833Z Test Case 'MySQLBackupTests.testDumpToFile' passed (0.023 seconds)
2026-02-27T22:55:12.9622637Z Test Case 'MySQLBackupTests.testLogicalDump' started at 2026-02-27 22:55:12.930
2026-02-27T22:55:12.9623487Z Test Case 'MySQLBackupTests.testLogicalDump' passed (0.019 seconds)
2026-02-27T22:55:12.9624252Z Test Suite 'MySQLBackupTests' failed at 2026-02-27 22:55:12.949
2026-02-27T22:55:12.9624758Z 	 Executed 4 tests, with 1 failure (0 unexpected) in 10.093 (10.093) seconds
2026-02-27T22:55:12.9625380Z Test Suite 'MySQLBasicQueryTests' started at 2026-02-27 22:55:12.949
2026-02-27T22:55:12.9625896Z Test Case 'MySQLBasicQueryTests.testSelectBoolFalse' started at 2026-02-27 22:55:12.949
2026-02-27T22:55:12.9626462Z Test Case 'MySQLBasicQueryTests.testSelectBoolFalse' passed (0.008 seconds)
2026-02-27T22:55:23.2263270Z Test Case 'MySQLBasicQueryTests.testSelectBoolTrue' started at 2026-02-27 22:55:12.958
2026-02-27T22:55:23.2264304Z Test Case 'MySQLBasicQueryTests.testSelectBoolTrue' passed (0.009 seconds)
2026-02-27T22:55:23.2265101Z Test Case 'MySQLBasicQueryTests.testSelectCurrentTimestamp' started at 2026-02-27 22:55:12.967
2026-02-27T22:55:23.2266423Z Test Case 'MySQLBasicQueryTests.testSelectCurrentTimestamp' passed (0.01 seconds)
2026-02-27T22:55:23.2267335Z Test Case 'MySQLBasicQueryTests.testSelectEmptyResult' started at 2026-02-27 22:55:12.977
2026-02-27T22:55:23.2268108Z Test Case 'MySQLBasicQueryTests.testSelectEmptyResult' passed (0.008 seconds)
2026-02-27T22:55:23.2268829Z Test Case 'MySQLBasicQueryTests.testSelectFloat' started at 2026-02-27 22:55:12.985
2026-02-27T22:55:23.2269516Z Test Case 'MySQLBasicQueryTests.testSelectFloat' passed (0.008 seconds)
2026-02-27T22:55:23.2270264Z Test Case 'MySQLBasicQueryTests.testSelectMultipleColumns' started at 2026-02-27 22:55:12.993
2026-02-27T22:55:23.2271348Z Test Case 'MySQLBasicQueryTests.testSelectMultipleColumns' passed (0.008 seconds)
2026-02-27T22:55:23.2272257Z Test Case 'MySQLBasicQueryTests.testSelectMultipleRows' started at 2026-02-27 22:55:13.001
2026-02-27T22:55:23.2274137Z /home/runner/work/sql-nio/sql-nio/Tests/MySQLNioTests/MySQLIntegrationTests.swift:214: error: MySQLBasicQueryTests.testSelectMultipleRows : failed - Unexpected error: Server error 1146: Table 'MySQLNioTestDb.departments' doesn't exist
2026-02-27T22:55:23.2276286Z Test Case 'MySQLBasicQueryTests.testSelectMultipleRows' failed (0.008 seconds)
2026-02-27T22:55:23.2277379Z Test Case 'MySQLBasicQueryTests.testSelectNull' started at 2026-02-27 22:55:13.009
2026-02-27T22:55:23.2278388Z Test Case 'MySQLBasicQueryTests.testSelectNull' passed (0.008 seconds)
2026-02-27T22:55:23.2279002Z Test Case 'MySQLBasicQueryTests.testSelectScalarInt' started at 2026-02-27 22:55:13.018
2026-02-27T22:55:23.2279980Z Test Case 'MySQLBasicQueryTests.testSelectScalarInt' passed (0.108 seconds)
2026-02-27T22:55:23.2281229Z Test Case 'MySQLBasicQueryTests.testSelectScalarString' started at 2026-02-27 22:55:13.126
2026-02-27T22:55:23.2282258Z Test Case 'MySQLBasicQueryTests.testSelectScalarString' passed (0.009 seconds)
2026-02-27T22:55:23.2283166Z Test Suite 'MySQLBasicQueryTests' failed at 2026-02-27 22:55:13.135
2026-02-27T22:55:23.2283946Z 	 Executed 10 tests, with 1 failure (0 unexpected) in 0.185 (0.185) seconds
2026-02-27T22:55:23.2284751Z Test Suite 'MySQLBulkInsertTests' started at 2026-02-27 22:55:13.135
2026-02-27T22:55:23.2285666Z Test Case 'MySQLBulkInsertTests.testBulkInsertDicts' started at 2026-02-27 22:55:13.135
2026-02-27T22:55:23.2288005Z /home/runner/work/sql-nio/sql-nio/Tests/MySQLNioTests/MySQLIntegrationTests.swift:1416: error: MySQLBulkInsertTests.testBulkInsertDicts : failed - Unexpected error: Server error 1146: Table 'MySQLNioTestDb.departments' doesn't exist
2026-02-27T22:55:23.2290085Z Test Case 'MySQLBulkInsertTests.testBulkInsertDicts' failed (0.009 seconds)
2026-02-27T22:55:23.2291162Z Test Case 'MySQLBulkInsertTests.testBulkInsertEmpty' started at 2026-02-27 22:55:13.144
2026-02-27T22:55:23.2291745Z Test Case 'MySQLBulkInsertTests.testBulkInsertEmpty' passed (0.008 seconds)
2026-02-27T22:55:23.2292307Z Test Case 'MySQLBulkInsertTests.testBulkInsertRows' started at 2026-02-27 22:55:13.152
2026-02-27T22:55:23.2293896Z /home/runner/work/sql-nio/sql-nio/Tests/MySQLNioTests/MySQLIntegrationTests.swift:1394: error: MySQLBulkInsertTests.testBulkInsertRows : failed - Unexpected error: Server error 1146: Table 'MySQLNioTestDb.departments' doesn't exist
2026-02-27T22:55:23.2295893Z Test Case 'MySQLBulkInsertTests.testBulkInsertRows' failed (0.012 seconds)
2026-02-27T22:55:23.2296677Z Test Suite 'MySQLBulkInsertTests' failed at 2026-02-27 22:55:13.164
2026-02-27T22:55:23.2297408Z 	 Executed 3 tests, with 2 failures (0 unexpected) in 0.029 (0.029) seconds
2026-02-27T22:55:23.2298168Z Test Suite 'MySQLConcurrencyTests' started at 2026-02-27 22:55:13.164
2026-02-27T22:55:23.2299193Z Test Case 'MySQLConcurrencyTests.testConcurrentConnections' started at 2026-02-27 22:55:13.164
2026-02-27T22:55:23.2300282Z Test Case 'MySQLConcurrencyTests.testConcurrentConnections' passed (0.02 seconds)
2026-02-27T22:55:23.2301653Z Test Case 'MySQLConcurrencyTests.testSequentialQueriesOnSameConnection' started at 2026-02-27 22:55:13.184
2026-02-27T22:55:23.2302979Z Test Case 'MySQLConcurrencyTests.testSequentialQueriesOnSameConnection' passed (0.015 seconds)
2026-02-27T22:55:23.2303981Z Test Suite 'MySQLConcurrencyTests' passed at 2026-02-27 22:55:13.199
2026-02-27T22:55:23.2304732Z 	 Executed 2 tests, with 0 failures (0 unexpected) in 0.035 (0.035) seconds
2026-02-27T22:55:23.2305469Z Test Suite 'MySQLConnectionTests' started at 2026-02-27 22:55:13.199
2026-02-27T22:55:23.2306302Z Test Case 'MySQLConnectionTests.testBasicConnect' started at 2026-02-27 22:55:13.199
2026-02-27T22:55:23.2307213Z Test Case 'MySQLConnectionTests.testBasicConnect' passed (0.008 seconds)
2026-02-27T22:55:23.2308276Z Test Case 'MySQLConnectionTests.testConnectWithWrongPasswordFails' started at 2026-02-27 22:55:13.207
2026-02-27T22:55:23.2309512Z Test Case 'MySQLConnectionTests.testConnectWithWrongPasswordFails' passed (0.007 seconds)
2026-02-27T22:55:23.2310387Z Test Case 'MySQLConnectionTests.testConnectionClosedThrows' started at 2026-02-27 22:55:13.214
2026-02-27T22:55:23.3006660Z /home/runner/work/sql-nio/sql-nio/Tests/MySQLNioTests/MySQLIntegrationTests.swift:114: error: MySQLConnectionTests.testConnectionClosedThrows : failed - Unexpected error: incomplete
2026-02-27T22:55:23.3009914Z Test Case 'MySQLConnectionTests.testConnectionClosedThrows' failed (10.012 seconds)
2026-02-27T22:55:23.3011232Z Test Case 'MySQLConnectionTests.testIsOpenProperty' started at 2026-02-27 22:55:23.226
2026-02-27T22:55:23.3012027Z Test Case 'MySQLConnectionTests.testIsOpenProperty' passed (0.009 seconds)
2026-02-27T22:55:23.3012535Z Test Suite 'MySQLConnectionTests' failed at 2026-02-27 22:55:23.235
2026-02-27T22:55:23.3012987Z 	 Executed 4 tests, with 1 failure (0 unexpected) in 10.036 (10.036) seconds
2026-02-27T22:55:23.3013437Z Test Suite 'MySQLDMLTests' started at 2026-02-27 22:55:23.235
2026-02-27T22:55:23.3014026Z Test Case 'MySQLDMLTests.testDelete' started at 2026-02-27 22:55:23.235
2026-02-27T22:55:23.3016085Z /home/runner/work/sql-nio/sql-nio/Tests/MySQLNioTests/MySQLIntegrationTests.swift:698: error: MySQLDMLTests.testDelete : failed - Unexpected error: Server error 1146: Table 'MySQLNioTestDb.departments' doesn't exist
2026-02-27T22:55:23.3017713Z Test Case 'MySQLDMLTests.testDelete' failed (0.008 seconds)
2026-02-27T22:55:23.3018510Z Test Case 'MySQLDMLTests.testInsertAndSelect' started at 2026-02-27 22:55:23.243
2026-02-27T22:55:23.3020260Z /home/runner/work/sql-nio/sql-nio/Tests/MySQLNioTests/MySQLIntegrationTests.swift:635: error: MySQLDMLTests.testInsertAndSelect : failed - Unexpected error: Server error 1146: Table 'MySQLNioTestDb.departments' doesn't exist
2026-02-27T22:55:23.3022054Z Test Case 'MySQLDMLTests.testInsertAndSelect' failed (0.008 seconds)
2026-02-27T22:55:23.3022775Z Test Case 'MySQLDMLTests.testInsertWithParameters' started at 2026-02-27 22:55:23.251
2026-02-27T22:55:23.3024675Z /home/runner/work/sql-nio/sql-nio/Tests/MySQLNioTests/MySQLIntegrationTests.swift:655: error: MySQLDMLTests.testInsertWithParameters : failed - Unexpected error: Server error 1146: Table 'MySQLNioTestDb.departments' doesn't exist
2026-02-27T22:55:23.3026774Z Test Case 'MySQLDMLTests.testInsertWithParameters' failed (0.009 seconds)
2026-02-27T22:55:23.3027688Z Test Case 'MySQLDMLTests.testLastInsertID' started at 2026-02-27 22:55:23.260
2026-02-27T22:55:23.3029694Z /home/runner/work/sql-nio/sql-nio/Tests/MySQLNioTests/MySQLIntegrationTests.swift:732: error: MySQLDMLTests.testLastInsertID : failed - Unexpected error: Server error 1146: Table 'MySQLNioTestDb.departments' doesn't exist
2026-02-27T22:55:23.3031897Z Test Case 'MySQLDMLTests.testLastInsertID' failed (0.008 seconds)
2026-02-27T22:55:23.3032844Z Test Case 'MySQLDMLTests.testMultipleRowsAffected' started at 2026-02-27 22:55:23.268
2026-02-27T22:55:23.3035054Z /home/runner/work/sql-nio/sql-nio/Tests/MySQLNioTests/MySQLIntegrationTests.swift:716: error: MySQLDMLTests.testMultipleRowsAffected : failed - Unexpected error: Server error 1146: Table 'MySQLNioTestDb.departments' doesn't exist
2026-02-27T22:55:23.3036280Z Test Case 'MySQLDMLTests.testMultipleRowsAffected' failed (0.008 seconds)
2026-02-27T22:55:23.3036811Z Test Case 'MySQLDMLTests.testUpdate' started at 2026-02-27 22:55:23.276
2026-02-27T22:55:23.3037852Z /home/runner/work/sql-nio/sql-nio/Tests/MySQLNioTests/MySQLIntegrationTests.swift:675: error: MySQLDMLTests.testUpdate : failed - Unexpected error: Server error 1146: Table 'MySQLNioTestDb.departments' doesn't exist
2026-02-27T22:55:23.3038873Z Test Case 'MySQLDMLTests.testUpdate' failed (0.008 seconds)
2026-02-27T22:55:23.3039246Z Test Suite 'MySQLDMLTests' failed at 2026-02-27 22:55:23.284
2026-02-27T22:55:23.3039662Z 	 Executed 6 tests, with 6 failures (0 unexpected) in 0.049 (0.049) seconds
2026-02-27T22:55:23.3040114Z Test Suite 'MySQLDataTableTests' started at 2026-02-27 22:55:23.284
2026-02-27T22:55:23.3040594Z Test Case 'MySQLDataTableTests.testAsDataSet' started at 2026-02-27 22:55:23.284
2026-02-27T22:55:23.3042074Z /home/runner/work/sql-nio/sql-nio/Tests/MySQLNioTests/MySQLIntegrationTests.swift:1465: error: MySQLDataTableTests.testAsDataSet : failed - Unexpected error: Server error 1146: Table 'MySQLNioTestDb.departments' doesn't exist
2026-02-27T22:55:23.3043365Z Test Case 'MySQLDataTableTests.testAsDataSet' failed (0.008 seconds)
2026-02-27T22:55:23.3043885Z Test Case 'MySQLDataTableTests.testAsDataTable' started at 2026-02-27 22:55:23.292
2026-02-27T22:55:23.3045827Z /home/runner/work/sql-nio/sql-nio/Tests/MySQLNioTests/MySQLIntegrationTests.swift:1452: error: MySQLDataTableTests.testAsDataTable : failed - Unexpected error: Server error 1146: Table 'MySQLNioTestDb.departments' doesn't exist
2026-02-27T22:55:23.3047875Z Test Case 'MySQLDataTableTests.testAsDataTable' failed (0.008 seconds)
2026-02-27T22:55:23.3048734Z Test Suite 'MySQLDataTableTests' failed at 2026-02-27 22:55:23.300
2026-02-27T22:55:23.3049509Z 	 Executed 2 tests, with 2 failures (0 unexpected) in 0.016 (0.016) seconds
2026-02-27T22:55:23.3050314Z Test Suite 'MySQLDataTypeTests' started at 2026-02-27 22:55:23.300
2026-02-27T22:55:23.3897273Z Test Case 'MySQLDataTypeTests.testBigintType' started at 2026-02-27 22:55:23.300
2026-02-27T22:55:23.3899685Z /home/runner/work/sql-nio/sql-nio/Tests/MySQLNioTests/MySQLIntegrationTests.swift:379: error: MySQLDataTypeTests.testBigintType : failed - Unexpected error: Server error 1146: Table 'MySQLNioTestDb.type_samples' doesn't exist
2026-02-27T22:55:23.3901887Z Test Case 'MySQLDataTypeTests.testBigintType' failed (0.009 seconds)
2026-02-27T22:55:23.3902403Z Test Case 'MySQLDataTypeTests.testBoolType' started at 2026-02-27 22:55:23.309
2026-02-27T22:55:23.3903517Z /home/runner/work/sql-nio/sql-nio/Tests/MySQLNioTests/MySQLIntegrationTests.swift:336: error: MySQLDataTypeTests.testBoolType : failed - Unexpected error: Server error 1146: Table 'MySQLNioTestDb.type_samples' doesn't exist
2026-02-27T22:55:23.3904571Z Test Case 'MySQLDataTypeTests.testBoolType' failed (0.009 seconds)
2026-02-27T22:55:23.3905042Z Test Case 'MySQLDataTypeTests.testDateType' started at 2026-02-27 22:55:23.318
2026-02-27T22:55:23.3906272Z /home/runner/work/sql-nio/sql-nio/Tests/MySQLNioTests/MySQLIntegrationTests.swift:445: error: MySQLDataTypeTests.testDateType : failed - Unexpected error: Server error 1146: Table 'MySQLNioTestDb.type_samples' doesn't exist
2026-02-27T22:55:23.3907951Z Test Case 'MySQLDataTypeTests.testDateType' failed (0.008 seconds)
2026-02-27T22:55:23.3908881Z Test Case 'MySQLDataTypeTests.testDatetimeType' started at 2026-02-27 22:55:23.326
2026-02-27T22:55:23.3910529Z /home/runner/work/sql-nio/sql-nio/Tests/MySQLNioTests/MySQLIntegrationTests.swift:461: error: MySQLDataTypeTests.testDatetimeType : failed - Unexpected error: Server error 1146: Table 'MySQLNioTestDb.type_samples' doesn't exist
2026-02-27T22:55:23.3914351Z Test Case 'MySQLDataTypeTests.testDatetimeType' failed (0.008 seconds)
2026-02-27T22:55:23.3915238Z Test Case 'MySQLDataTypeTests.testDecimalType' started at 2026-02-27 22:55:23.334
2026-02-27T22:55:23.3917236Z /home/runner/work/sql-nio/sql-nio/Tests/MySQLNioTests/MySQLIntegrationTests.swift:413: error: MySQLDataTypeTests.testDecimalType : failed - Unexpected error: Server error 1146: Table 'MySQLNioTestDb.type_samples' doesn't exist
2026-02-27T22:55:23.3919150Z Test Case 'MySQLDataTypeTests.testDecimalType' failed (0.008 seconds)
2026-02-27T22:55:23.3920086Z Test Case 'MySQLDataTypeTests.testDoubleType' started at 2026-02-27 22:55:23.341
2026-02-27T22:55:23.3922381Z /home/runner/work/sql-nio/sql-nio/Tests/MySQLNioTests/MySQLIntegrationTests.swift:402: error: MySQLDataTypeTests.testDoubleType : failed - Unexpected error: Server error 1146: Table 'MySQLNioTestDb.type_samples' doesn't exist
2026-02-27T22:55:23.3923631Z Test Case 'MySQLDataTypeTests.testDoubleType' failed (0.008 seconds)
2026-02-27T22:55:23.3924151Z Test Case 'MySQLDataTypeTests.testFloatType' started at 2026-02-27 22:55:23.349
2026-02-27T22:55:23.3925442Z /home/runner/work/sql-nio/sql-nio/Tests/MySQLNioTests/MySQLIntegrationTests.swift:389: error: MySQLDataTypeTests.testFloatType : failed - Unexpected error: Server error 1146: Table 'MySQLNioTestDb.type_samples' doesn't exist
2026-02-27T22:55:23.3927007Z Test Case 'MySQLDataTypeTests.testFloatType' failed (0.008 seconds)
2026-02-27T22:55:23.3927496Z Test Case 'MySQLDataTypeTests.testIntType' started at 2026-02-27 22:55:23.357
2026-02-27T22:55:23.3928583Z /home/runner/work/sql-nio/sql-nio/Tests/MySQLNioTests/MySQLIntegrationTests.swift:369: error: MySQLDataTypeTests.testIntType : failed - Unexpected error: Server error 1146: Table 'MySQLNioTestDb.type_samples' doesn't exist
2026-02-27T22:55:23.3929624Z Test Case 'MySQLDataTypeTests.testIntType' failed (0.008 seconds)
2026-02-27T22:55:23.3930125Z Test Case 'MySQLDataTypeTests.testNullableColumn' started at 2026-02-27 22:55:23.366
2026-02-27T22:55:23.3931466Z /home/runner/work/sql-nio/sql-nio/Tests/MySQLNioTests/MySQLIntegrationTests.swift:473: error: MySQLDataTypeTests.testNullableColumn : failed - Unexpected error: Server error 1146: Table 'MySQLNioTestDb.type_samples' doesn't exist
2026-02-27T22:55:23.3932566Z Test Case 'MySQLDataTypeTests.testNullableColumn' failed (0.008 seconds)
2026-02-27T22:55:23.3933083Z Test Case 'MySQLDataTypeTests.testSmallintType' started at 2026-02-27 22:55:23.374
2026-02-27T22:55:23.3934197Z /home/runner/work/sql-nio/sql-nio/Tests/MySQLNioTests/MySQLIntegrationTests.swift:358: error: MySQLDataTypeTests.testSmallintType : failed - Unexpected error: Server error 1146: Table 'MySQLNioTestDb.type_samples' doesn't exist
2026-02-27T22:55:23.3935445Z Test Case 'MySQLDataTypeTests.testSmallintType' failed (0.008 seconds)
2026-02-27T22:55:23.3936070Z Test Case 'MySQLDataTypeTests.testTextType' started at 2026-02-27 22:55:23.382
2026-02-27T22:55:23.3937386Z /home/runner/work/sql-nio/sql-nio/Tests/MySQLNioTests/MySQLIntegrationTests.swift:435: error: MySQLDataTypeTests.testTextType : failed - Unexpected error: Server error 1146: Table 'MySQLNioTestDb.type_samples' doesn't exist
2026-02-27T22:55:23.3938428Z Test Case 'MySQLDataTypeTests.testTextType' failed (0.008 seconds)
2026-02-27T22:55:23.4639603Z Test Case 'MySQLDataTypeTests.testTinyintType' started at 2026-02-27 22:55:23.390
2026-02-27T22:55:23.4642113Z /home/runner/work/sql-nio/sql-nio/Tests/MySQLNioTests/MySQLIntegrationTests.swift:347: error: MySQLDataTypeTests.testTinyintType : failed - Unexpected error: Server error 1146: Table 'MySQLNioTestDb.type_samples' doesn't exist
2026-02-27T22:55:23.4643568Z Test Case 'MySQLDataTypeTests.testTinyintType' failed (0.008 seconds)
2026-02-27T22:55:23.4644106Z Test Case 'MySQLDataTypeTests.testVarcharType' started at 2026-02-27 22:55:23.398
2026-02-27T22:55:23.4645245Z /home/runner/work/sql-nio/sql-nio/Tests/MySQLNioTests/MySQLIntegrationTests.swift:425: error: MySQLDataTypeTests.testVarcharType : failed - Unexpected error: Server error 1146: Table 'MySQLNioTestDb.type_samples' doesn't exist
2026-02-27T22:55:23.4646326Z Test Case 'MySQLDataTypeTests.testVarcharType' failed (0.008 seconds)
2026-02-27T22:55:23.4646767Z Test Suite 'MySQLDataTypeTests' failed at 2026-02-27 22:55:23.406
2026-02-27T22:55:23.4647359Z 	 Executed 13 tests, with 13 failures (0 unexpected) in 0.106 (0.106) seconds
2026-02-27T22:55:23.4648196Z Test Suite 'MySQLDecodableTests' started at 2026-02-27 22:55:23.406
2026-02-27T22:55:23.4649175Z Test Case 'MySQLDecodableTests.testDecodeMultipleRows' started at 2026-02-27 22:55:23.406
2026-02-27T22:55:23.4651313Z /home/runner/work/sql-nio/sql-nio/Tests/MySQLNioTests/MySQLIntegrationTests.swift:1001: error: MySQLDecodableTests.testDecodeMultipleRows : failed - Unexpected error: Server error 1146: Table 'MySQLNioTestDb.departments' doesn't exist
2026-02-27T22:55:23.4652845Z Test Case 'MySQLDecodableTests.testDecodeMultipleRows' failed (0.008 seconds)
2026-02-27T22:55:23.4653407Z Test Case 'MySQLDecodableTests.testDecodeStruct' started at 2026-02-27 22:55:23.414
2026-02-27T22:55:23.4654575Z /home/runner/work/sql-nio/sql-nio/Tests/MySQLNioTests/MySQLIntegrationTests.swift:988: error: MySQLDecodableTests.testDecodeStruct : failed - Unexpected error: Server error 1146: Table 'MySQLNioTestDb.departments' doesn't exist
2026-02-27T22:55:23.4656213Z Test Case 'MySQLDecodableTests.testDecodeStruct' failed (0.008 seconds)
2026-02-27T22:55:23.4657036Z Test Suite 'MySQLDecodableTests' failed at 2026-02-27 22:55:23.422
2026-02-27T22:55:23.4657476Z 	 Executed 2 tests, with 2 failures (0 unexpected) in 0.016 (0.016) seconds
2026-02-27T22:55:23.4657924Z Test Suite 'MySQLDecoderTests' started at 2026-02-27 22:55:23.422
2026-02-27T22:55:23.4658410Z Test Case 'MySQLDecoderTests.testMySQLDecode' started at 2026-02-27 22:55:23.422
2026-02-27T22:55:23.4658928Z Test Case 'MySQLDecoderTests.testMySQLDecode' passed (0.0 seconds)
2026-02-27T22:55:23.4659453Z Test Case 'MySQLDecoderTests.testNativePasswordHash' started at 2026-02-27 22:55:23.423
2026-02-27T22:55:23.4660020Z Test Case 'MySQLDecoderTests.testNativePasswordHash' passed (0.0 seconds)
2026-02-27T22:55:23.4660473Z Test Suite 'MySQLDecoderTests' passed at 2026-02-27 22:55:23.423
2026-02-27T22:55:23.4661200Z 	 Executed 2 tests, with 0 failures (0 unexpected) in 0.001 (0.001) seconds
2026-02-27T22:55:23.4662007Z Test Suite 'MySQLErrorTests' started at 2026-02-27 22:55:23.423
2026-02-27T22:55:23.4663127Z Test Case 'MySQLErrorTests.testConnectionRecoveryAfterError' started at 2026-02-27 22:55:23.423
2026-02-27T22:55:23.4664767Z Test Case 'MySQLErrorTests.testConnectionRecoveryAfterError' passed (0.009 seconds)
2026-02-27T22:55:23.4674774Z Test Case 'MySQLErrorTests.testForeignKeyViolation' started at 2026-02-27 22:55:23.432
2026-02-27T22:55:23.4675469Z Test Case 'MySQLErrorTests.testForeignKeyViolation' passed (0.008 seconds)
2026-02-27T22:55:23.4676035Z Test Case 'MySQLErrorTests.testInvalidSQLThrows' started at 2026-02-27 22:55:23.439
2026-02-27T22:55:23.4676586Z Test Case 'MySQLErrorTests.testInvalidSQLThrows' passed (0.008 seconds)
2026-02-27T22:55:23.4677387Z Test Case 'MySQLErrorTests.testTableNotFoundThrows' started at 2026-02-27 22:55:23.447
2026-02-27T22:55:23.4678414Z Test Case 'MySQLErrorTests.testTableNotFoundThrows' passed (0.008 seconds)
2026-02-27T22:55:23.4679471Z Test Case 'MySQLErrorTests.testUniqueConstraintViolation' started at 2026-02-27 22:55:23.455
2026-02-27T22:55:23.4680633Z Test Case 'MySQLErrorTests.testUniqueConstraintViolation' passed (0.008 seconds)
2026-02-27T22:55:23.4681773Z Test Suite 'MySQLErrorTests' passed at 2026-02-27 22:55:23.463
2026-02-27T22:55:23.4682543Z 	 Executed 5 tests, with 0 failures (0 unexpected) in 0.04 (0.04) seconds
2026-02-27T22:55:23.4683323Z Test Suite 'MySQLFramingTests' started at 2026-02-27 22:55:23.463
2026-02-27T22:55:23.4684457Z Test Case 'MySQLFramingTests.testLengthEncodedInt' started at 2026-02-27 22:55:23.463
2026-02-27T22:55:23.4685483Z Test Case 'MySQLFramingTests.testLengthEncodedInt' passed (0.0 seconds)
2026-02-27T22:55:23.4686534Z Test Case 'MySQLFramingTests.testPacketBuildAndRead' started at 2026-02-27 22:55:23.463
2026-02-27T22:55:23.4687616Z Test Case 'MySQLFramingTests.testPacketBuildAndRead' passed (0.0 seconds)
2026-02-27T22:55:23.4688498Z Test Suite 'MySQLFramingTests' passed at 2026-02-27 22:55:23.464
2026-02-27T22:55:23.4689290Z 	 Executed 2 tests, with 0 failures (0 unexpected) in 0.0 (0.0) seconds
2026-02-27T22:55:23.4690105Z Test Suite 'MySQLParameterizedTests' started at 2026-02-27 22:55:23.464
2026-02-27T22:55:33.6036455Z Test Case 'MySQLParameterizedTests.testAtP1StyleParameter' started at 2026-02-27 22:55:23.464
2026-02-27T22:55:33.6037875Z Test Case 'MySQLParameterizedTests.testAtP1StyleParameter' passed (0.009 seconds)
2026-02-27T22:55:33.6039049Z Test Case 'MySQLParameterizedTests.testFloatParameter' started at 2026-02-27 22:55:23.473
2026-02-27T22:55:33.6040149Z Test Case 'MySQLParameterizedTests.testFloatParameter' passed (0.009 seconds)
2026-02-27T22:55:33.6041432Z Test Case 'MySQLParameterizedTests.testIntParameter' started at 2026-02-27 22:55:23.481
2026-02-27T22:55:33.6042520Z Test Case 'MySQLParameterizedTests.testIntParameter' passed (0.008 seconds)
2026-02-27T22:55:33.6043581Z Test Case 'MySQLParameterizedTests.testNullParameter' started at 2026-02-27 22:55:23.489
2026-02-27T22:55:33.6044635Z Test Case 'MySQLParameterizedTests.testNullParameter' passed (0.008 seconds)
2026-02-27T22:55:33.6046188Z Test Case 'MySQLParameterizedTests.testSpecialCharInString' started at 2026-02-27 22:55:23.498
2026-02-27T22:55:33.6047173Z Test Case 'MySQLParameterizedTests.testSpecialCharInString' passed (0.008 seconds)
2026-02-27T22:55:33.6047839Z Test Case 'MySQLParameterizedTests.testStringParameter' started at 2026-02-27 22:55:23.506
2026-02-27T22:55:33.6048465Z Test Case 'MySQLParameterizedTests.testStringParameter' passed (0.008 seconds)
2026-02-27T22:55:33.6049156Z Test Suite 'MySQLParameterizedTests' passed at 2026-02-27 22:55:23.514
2026-02-27T22:55:33.6049974Z 	 Executed 6 tests, with 0 failures (0 unexpected) in 0.05 (0.05) seconds
2026-02-27T22:55:33.6050956Z Test Suite 'MySQLPoolTests' started at 2026-02-27 22:55:23.514
2026-02-27T22:55:33.6051787Z Test Case 'MySQLPoolTests.testAcquireRelease' started at 2026-02-27 22:55:23.514
2026-02-27T22:55:33.6052653Z Test Case 'MySQLPoolTests.testAcquireRelease' passed (0.008 seconds)
2026-02-27T22:55:33.6053448Z Test Case 'MySQLPoolTests.testConcurrentPoolConnections' started at 2026-02-27 22:55:23.522
2026-02-27T22:55:33.6054731Z /home/runner/work/sql-nio/sql-nio/Tests/MySQLNioTests/MySQLIntegrationTests.swift:1331: error: MySQLPoolTests.testConcurrentPoolConnections : failed - Unexpected error: incomplete
2026-02-27T22:55:33.6056463Z Test Case 'MySQLPoolTests.testConcurrentPoolConnections' failed (10.012 seconds)
2026-02-27T22:55:33.6057494Z Test Case 'MySQLPoolTests.testPoolClosed' started at 2026-02-27 22:55:33.534
2026-02-27T22:55:33.6058141Z Test Case 'MySQLPoolTests.testPoolClosed' passed (0.001 seconds)
2026-02-27T22:55:33.6058648Z Test Case 'MySQLPoolTests.testPoolReusesConnections' started at 2026-02-27 22:55:33.535
2026-02-27T22:55:33.6059205Z Test Case 'MySQLPoolTests.testPoolReusesConnections' passed (0.011 seconds)
2026-02-27T22:55:33.6059721Z Test Case 'MySQLPoolTests.testWithConnection' started at 2026-02-27 22:55:33.546
2026-02-27T22:55:33.6060207Z Test Case 'MySQLPoolTests.testWithConnection' passed (0.009 seconds)
2026-02-27T22:55:33.6060631Z Test Suite 'MySQLPoolTests' failed at 2026-02-27 22:55:33.555
2026-02-27T22:55:33.6061327Z 	 Executed 5 tests, with 1 failure (0 unexpected) in 10.041 (10.041) seconds
2026-02-27T22:55:33.6061785Z Test Suite 'MySQLProcedureTests' started at 2026-02-27 22:55:33.555
2026-02-27T22:55:33.6062310Z Test Case 'MySQLProcedureTests.testBuiltinMathFunctions' started at 2026-02-27 22:55:33.555
2026-02-27T22:55:33.6063331Z Test Case 'MySQLProcedureTests.testBuiltinMathFunctions' passed (0.008 seconds)
2026-02-27T22:55:33.6064455Z Test Case 'MySQLProcedureTests.testBuiltinStringFunctions' started at 2026-02-27 22:55:33.564
2026-02-27T22:55:33.6065277Z Test Case 'MySQLProcedureTests.testBuiltinStringFunctions' passed (0.008 seconds)
2026-02-27T22:55:33.6065882Z Test Case 'MySQLProcedureTests.testCallDepartmentBudget' started at 2026-02-27 22:55:33.572
2026-02-27T22:55:33.6067431Z /home/runner/work/sql-nio/sql-nio/Tests/MySQLNioTests/MySQLIntegrationTests.swift:905: error: MySQLProcedureTests.testCallDepartmentBudget : failed - Unexpected error: Server error 1305: PROCEDURE MySQLNioTestDb.get_department_budget does not exist
2026-02-27T22:55:33.6069678Z Test Case 'MySQLProcedureTests.testCallDepartmentBudget' failed (0.014 seconds)
2026-02-27T22:55:33.6070953Z Test Case 'MySQLProcedureTests.testCallEmployeeCount' started at 2026-02-27 22:55:33.586
2026-02-27T22:55:33.6073133Z /home/runner/work/sql-nio/sql-nio/Tests/MySQLNioTests/MySQLIntegrationTests.swift:919: error: MySQLProcedureTests.testCallEmployeeCount : failed - Unexpected error: Server error 1305: PROCEDURE MySQLNioTestDb.get_employee_count does not exist
2026-02-27T22:55:33.6075164Z Test Case 'MySQLProcedureTests.testCallEmployeeCount' failed (0.009 seconds)
2026-02-27T22:55:33.6076209Z Test Case 'MySQLProcedureTests.testCallProcedureWithOutParam' started at 2026-02-27 22:55:33.595
2026-02-27T22:55:33.6078407Z /home/runner/work/sql-nio/sql-nio/Tests/MySQLNioTests/MySQLIntegrationTests.swift:892: error: MySQLProcedureTests.testCallProcedureWithOutParam : failed - Unexpected error: Server error 1305: PROCEDURE MySQLNioTestDb.add_numbers does not exist
2026-02-27T22:55:33.6081053Z Test Case 'MySQLProcedureTests.testCallProcedureWithOutParam' failed (0.008 seconds)
2026-02-27T22:55:33.6081930Z Test Suite 'MySQLProcedureTests' failed at 2026-02-27 22:55:33.603
2026-02-27T22:55:33.6082383Z 	 Executed 5 tests, with 3 failures (0 unexpected) in 0.048 (0.048) seconds
2026-02-27T22:55:33.6931536Z Test Suite 'MySQLQueryMultiTests' started at 2026-02-27 22:55:33.603
2026-02-27T22:55:33.6932700Z Test Case 'MySQLQueryMultiTests.testQueryMultiFromTables' started at 2026-02-27 22:55:33.603
2026-02-27T22:55:33.6935756Z /home/runner/work/sql-nio/sql-nio/Tests/MySQLNioTests/MySQLIntegrationTests.swift:1249: error: MySQLQueryMultiTests.testQueryMultiFromTables : failed - Unexpected error: Server error 1146: Table 'MySQLNioTestDb.departments' doesn't exist
2026-02-27T22:55:33.6937949Z Test Case 'MySQLQueryMultiTests.testQueryMultiFromTables' failed (0.009 seconds)
2026-02-27T22:55:33.6939165Z Test Case 'MySQLQueryMultiTests.testQueryMultiMixedStatements' started at 2026-02-27 22:55:33.612
2026-02-27T22:55:33.6941500Z /home/runner/work/sql-nio/sql-nio/Tests/MySQLNioTests/MySQLIntegrationTests.swift:1263: error: MySQLQueryMultiTests.testQueryMultiMixedStatements : failed - Unexpected error: Server error 1146: Table 'MySQLNioTestDb.departments' doesn't exist
2026-02-27T22:55:33.6943075Z Test Case 'MySQLQueryMultiTests.testQueryMultiMixedStatements' failed (0.008 seconds)
2026-02-27T22:55:33.6944160Z Test Case 'MySQLQueryMultiTests.testQueryMultiSingle' started at 2026-02-27 22:55:33.620
2026-02-27T22:55:33.6945079Z Test Case 'MySQLQueryMultiTests.testQueryMultiSingle' passed (0.008 seconds)
2026-02-27T22:55:33.6946244Z Test Case 'MySQLQueryMultiTests.testQueryMultiTwoResultSets' started at 2026-02-27 22:55:33.628
2026-02-27T22:55:33.6947064Z Test Case 'MySQLQueryMultiTests.testQueryMultiTwoResultSets' passed (0.009 seconds)
2026-02-27T22:55:33.6947701Z Test Suite 'MySQLQueryMultiTests' failed at 2026-02-27 22:55:33.637
2026-02-27T22:55:33.6948276Z 	 Executed 4 tests, with 2 failures (0 unexpected) in 0.034 (0.034) seconds
2026-02-27T22:55:33.6948727Z Test Suite 'MySQLTableQueryTests' started at 2026-02-27 22:55:33.637
2026-02-27T22:55:33.6949245Z Test Case 'MySQLTableQueryTests.testComplexJoinQuery' started at 2026-02-27 22:55:33.637
2026-02-27T22:55:33.6950423Z /home/runner/work/sql-nio/sql-nio/Tests/MySQLNioTests/MySQLIntegrationTests.swift:608: error: MySQLTableQueryTests.testComplexJoinQuery : failed - Unexpected error: Server error 1146: Table 'MySQLNioTestDb.orders' doesn't exist
2026-02-27T22:55:33.6952316Z Test Case 'MySQLTableQueryTests.testComplexJoinQuery' failed (0.008 seconds)
2026-02-27T22:55:33.6952928Z Test Case 'MySQLTableQueryTests.testSelectActiveProducts' started at 2026-02-27 22:55:33.645
2026-02-27T22:55:33.6954151Z /home/runner/work/sql-nio/sql-nio/Tests/MySQLNioTests/MySQLIntegrationTests.swift:595: error: MySQLTableQueryTests.testSelectActiveProducts : failed - Unexpected error: Server error 1146: Table 'MySQLNioTestDb.products' doesn't exist
2026-02-27T22:55:33.6955332Z Test Case 'MySQLTableQueryTests.testSelectActiveProducts' failed (0.008 seconds)
2026-02-27T22:55:33.6955945Z Test Case 'MySQLTableQueryTests.testSelectAllDepartments' started at 2026-02-27 22:55:33.653
2026-02-27T22:55:33.6957345Z /home/runner/work/sql-nio/sql-nio/Tests/MySQLNioTests/MySQLIntegrationTests.swift:495: error: MySQLTableQueryTests.testSelectAllDepartments : failed - Unexpected error: Server error 1146: Table 'MySQLNioTestDb.departments' doesn't exist
2026-02-27T22:55:33.6959623Z Test Case 'MySQLTableQueryTests.testSelectAllDepartments' failed (0.008 seconds)
2026-02-27T22:55:33.6960948Z Test Case 'MySQLTableQueryTests.testSelectWithAggregate' started at 2026-02-27 22:55:33.661
2026-02-27T22:55:33.6962971Z /home/runner/work/sql-nio/sql-nio/Tests/MySQLNioTests/MySQLIntegrationTests.swift:536: error: MySQLTableQueryTests.testSelectWithAggregate : failed - Unexpected error: Server error 1146: Table 'MySQLNioTestDb.employees' doesn't exist
2026-02-27T22:55:33.6964392Z Test Case 'MySQLTableQueryTests.testSelectWithAggregate' failed (0.008 seconds)
2026-02-27T22:55:33.6964992Z Test Case 'MySQLTableQueryTests.testSelectWithGroupBy' started at 2026-02-27 22:55:33.669
2026-02-27T22:55:33.6966209Z /home/runner/work/sql-nio/sql-nio/Tests/MySQLNioTests/MySQLIntegrationTests.swift:547: error: MySQLTableQueryTests.testSelectWithGroupBy : failed - Unexpected error: Server error 1146: Table 'MySQLNioTestDb.employees' doesn't exist
2026-02-27T22:55:33.6967371Z Test Case 'MySQLTableQueryTests.testSelectWithGroupBy' failed (0.008 seconds)
2026-02-27T22:55:33.6967944Z Test Case 'MySQLTableQueryTests.testSelectWithJoin' started at 2026-02-27 22:55:33.677
2026-02-27T22:55:33.6969103Z /home/runner/work/sql-nio/sql-nio/Tests/MySQLNioTests/MySQLIntegrationTests.swift:518: error: MySQLTableQueryTests.testSelectWithJoin : failed - Unexpected error: Server error 1146: Table 'MySQLNioTestDb.employees' doesn't exist
2026-02-27T22:55:33.6970210Z Test Case 'MySQLTableQueryTests.testSelectWithJoin' failed (0.008 seconds)
2026-02-27T22:55:33.6970969Z Test Case 'MySQLTableQueryTests.testSelectWithLimit' started at 2026-02-27 22:55:33.685
2026-02-27T22:55:33.7697977Z /home/runner/work/sql-nio/sql-nio/Tests/MySQLNioTests/MySQLIntegrationTests.swift:574: error: MySQLTableQueryTests.testSelectWithLimit : failed - Unexpected error: Server error 1146: Table 'MySQLNioTestDb.products' doesn't exist
2026-02-27T22:55:33.7699713Z Test Case 'MySQLTableQueryTests.testSelectWithLimit' failed (0.008 seconds)
2026-02-27T22:55:33.7700338Z Test Case 'MySQLTableQueryTests.testSelectWithOrderByDesc' started at 2026-02-27 22:55:33.693
2026-02-27T22:55:33.7703291Z /home/runner/work/sql-nio/sql-nio/Tests/MySQLNioTests/MySQLIntegrationTests.swift:563: error: MySQLTableQueryTests.testSelectWithOrderByDesc : failed - Unexpected error: Server error 1146: Table 'MySQLNioTestDb.employees' doesn't exist
2026-02-27T22:55:33.7705558Z Test Case 'MySQLTableQueryTests.testSelectWithOrderByDesc' failed (0.008 seconds)
2026-02-27T22:55:33.7707039Z Test Case 'MySQLTableQueryTests.testSelectWithParameterFilter' started at 2026-02-27 22:55:33.701
2026-02-27T22:55:33.7709452Z /home/runner/work/sql-nio/sql-nio/Tests/MySQLNioTests/MySQLIntegrationTests.swift:584: error: MySQLTableQueryTests.testSelectWithParameterFilter : failed - Unexpected error: Server error 1146: Table 'MySQLNioTestDb.employees' doesn't exist
2026-02-27T22:55:33.7711524Z Test Case 'MySQLTableQueryTests.testSelectWithParameterFilter' failed (0.008 seconds)
2026-02-27T22:55:33.7712699Z Test Case 'MySQLTableQueryTests.testSelectWithWhere' started at 2026-02-27 22:55:33.709
2026-02-27T22:55:33.7714214Z /home/runner/work/sql-nio/sql-nio/Tests/MySQLNioTests/MySQLIntegrationTests.swift:507: error: MySQLTableQueryTests.testSelectWithWhere : failed - Unexpected error: Server error 1146: Table 'MySQLNioTestDb.employees' doesn't exist
2026-02-27T22:55:33.7716317Z Test Case 'MySQLTableQueryTests.testSelectWithWhere' failed (0.008 seconds)
2026-02-27T22:55:33.7717198Z Test Suite 'MySQLTableQueryTests' failed at 2026-02-27 22:55:33.717
2026-02-27T22:55:33.7717970Z 	 Executed 10 tests, with 10 failures (0 unexpected) in 0.08 (0.08) seconds
2026-02-27T22:55:33.7718792Z Test Suite 'MySQLTransactionAPITests' started at 2026-02-27 22:55:33.717
2026-02-27T22:55:33.7719754Z Test Case 'MySQLTransactionAPITests.testBeginCommit' started at 2026-02-27 22:55:33.717
2026-02-27T22:55:33.7722301Z /home/runner/work/sql-nio/sql-nio/Tests/MySQLNioTests/MySQLIntegrationTests.swift:1163: error: MySQLTransactionAPITests.testBeginCommit : failed - Unexpected error: Server error 1146: Table 'MySQLNioTestDb.departments' doesn't exist
2026-02-27T22:55:33.7723673Z Test Case 'MySQLTransactionAPITests.testBeginCommit' failed (0.008 seconds)
2026-02-27T22:55:33.7724272Z Test Case 'MySQLTransactionAPITests.testBeginRollback' started at 2026-02-27 22:55:33.726
2026-02-27T22:55:33.7726269Z /home/runner/work/sql-nio/sql-nio/Tests/MySQLNioTests/MySQLIntegrationTests.swift:1180: error: MySQLTransactionAPITests.testBeginRollback : failed - Unexpected error: Server error 1146: Table 'MySQLNioTestDb.departments' doesn't exist
2026-02-27T22:55:33.7728915Z Test Case 'MySQLTransactionAPITests.testBeginRollback' failed (0.009 seconds)
2026-02-27T22:55:33.7730012Z Test Case 'MySQLTransactionAPITests.testWithTransactionCommit' started at 2026-02-27 22:55:33.734
2026-02-27T22:55:33.7732471Z /home/runner/work/sql-nio/sql-nio/Tests/MySQLNioTests/MySQLIntegrationTests.swift:1195: error: MySQLTransactionAPITests.testWithTransactionCommit : failed - Unexpected error: Server error 1146: Table 'MySQLNioTestDb.departments' doesn't exist
2026-02-27T22:55:33.7734610Z Test Case 'MySQLTransactionAPITests.testWithTransactionCommit' failed (0.009 seconds)
2026-02-27T22:55:33.7735851Z Test Case 'MySQLTransactionAPITests.testWithTransactionRollbackOnError' started at 2026-02-27 22:55:33.743
2026-02-27T22:55:33.7738244Z /home/runner/work/sql-nio/sql-nio/Tests/MySQLNioTests/MySQLIntegrationTests.swift:1211: error: MySQLTransactionAPITests.testWithTransactionRollbackOnError : failed - Unexpected error: Server error 1146: Table 'MySQLNioTestDb.departments' doesn't exist
2026-02-27T22:55:33.7740381Z Test Case 'MySQLTransactionAPITests.testWithTransactionRollbackOnError' failed (0.009 seconds)
2026-02-27T22:55:33.7741239Z Test Suite 'MySQLTransactionAPITests' failed at 2026-02-27 22:55:33.753
2026-02-27T22:55:33.7741718Z 	 Executed 4 tests, with 4 failures (0 unexpected) in 0.035 (0.035) seconds
2026-02-27T22:55:33.7742169Z Test Suite 'MySQLTransactionTests' started at 2026-02-27 22:55:33.753
2026-02-27T22:55:33.7742701Z Test Case 'MySQLTransactionTests.testCommitTransaction' started at 2026-02-27 22:55:33.753
2026-02-27T22:55:33.7743915Z /home/runner/work/sql-nio/sql-nio/Tests/MySQLNioTests/MySQLIntegrationTests.swift:755: error: MySQLTransactionTests.testCommitTransaction : failed - Unexpected error: Server error 1146: Table 'MySQLNioTestDb.departments' doesn't exist
2026-02-27T22:55:33.7745110Z Test Case 'MySQLTransactionTests.testCommitTransaction' failed (0.008 seconds)
2026-02-27T22:55:33.7745998Z Test Case 'MySQLTransactionTests.testRollbackTransaction' started at 2026-02-27 22:55:33.761
2026-02-27T22:55:33.8044421Z /home/runner/work/sql-nio/sql-nio/Tests/MySQLNioTests/MySQLIntegrationTests.swift:773: error: MySQLTransactionTests.testRollbackTransaction : failed - Unexpected error: Server error 1146: Table 'MySQLNioTestDb.departments' doesn't exist
2026-02-27T22:55:33.8045719Z Test Case 'MySQLTransactionTests.testRollbackTransaction' failed (0.008 seconds)
2026-02-27T22:55:33.8046367Z Test Case 'MySQLTransactionTests.testTransactionIsolation' started at 2026-02-27 22:55:33.769
2026-02-27T22:55:33.8047630Z /home/runner/work/sql-nio/sql-nio/Tests/MySQLNioTests/MySQLIntegrationTests.swift:788: error: MySQLTransactionTests.testTransactionIsolation : failed - Unexpected error: Server error 1146: Table 'MySQLNioTestDb.departments' doesn't exist
2026-02-27T22:55:33.8048852Z Test Case 'MySQLTransactionTests.testTransactionIsolation' failed (0.016 seconds)
2026-02-27T22:55:33.8049394Z Test Suite 'MySQLTransactionTests' failed at 2026-02-27 22:55:33.786
2026-02-27T22:55:33.8049860Z 	 Executed 3 tests, with 3 failures (0 unexpected) in 0.033 (0.033) seconds
2026-02-27T22:55:33.8050503Z Test Suite 'Selected tests' failed at 2026-02-27 22:55:33.786
2026-02-27T22:55:33.8051380Z 	 Executed 99 tests, with 57 failures (0 unexpected) in 30.993 (30.993) seconds
2026-02-27T22:55:33.8052103Z ◇ Test run started.
2026-02-27T22:55:33.8052398Z ↳ Testing Library Version: 6.0.3 (18c42c19cac3faf)
2026-02-27T22:55:33.8054637Z ✔ Test run with 0 tests passed after 0.001 seconds.
2026-02-27T22:55:33.8104450Z ##[error]Process completed with exit code 1.
